2024-02-28 00:00:41 error: uncaughtException: invalid token
JsonWebTokenError: invalid token
    at module.exports [as verify] (G:\Programming\projects\FullStack\MERN Blog\server\node_modules\jsonwebtoken\verify.js:82:17)
    at verifyToken (G:\Programming\projects\FullStack\MERN Blog\server\src\utils\token.js:21:14)
    at G:\Programming\projects\FullStack\MERN Blog\server\src\middlewarers\authMiddleware.js:10:21
    at Layer.handle [as handle_request] (G:\Programming\projects\FullStack\MERN Blog\server\node_modules\express\lib\router\layer.js:95:5)
    at trim_prefix (G:\Programming\projects\FullStack\MERN Blog\server\node_modules\express\lib\router\index.js:328:13)
    at G:\Programming\projects\FullStack\MERN Blog\server\node_modules\express\lib\router\index.js:286:9
    at Function.process_params (G:\Programming\projects\FullStack\MERN Blog\server\node_modules\express\lib\router\index.js:346:12)
    at next (G:\Programming\projects\FullStack\MERN Blog\server\node_modules\express\lib\router\index.js:280:10)
    at urlencodedParser (G:\Programming\projects\FullStack\MERN Blog\server\node_modules\body-parser\lib\types\urlencoded.js:100:7)
    at Layer.handle [as handle_request] (G:\Programming\projects\FullStack\MERN Blog\server\node_modules\express\lib\router\layer.js:95:5)
2024-02-28 00:02:51 error: uncaughtException: invalid token
JsonWebTokenError: invalid token
    at module.exports [as verify] (G:\Programming\projects\FullStack\MERN Blog\server\node_modules\jsonwebtoken\verify.js:82:17)
    at verifyToken (G:\Programming\projects\FullStack\MERN Blog\server\src\utils\token.js:21:14)
    at G:\Programming\projects\FullStack\MERN Blog\server\src\middlewarers\authMiddleware.js:10:21
    at Layer.handle [as handle_request] (G:\Programming\projects\FullStack\MERN Blog\server\node_modules\express\lib\router\layer.js:95:5)
    at trim_prefix (G:\Programming\projects\FullStack\MERN Blog\server\node_modules\express\lib\router\index.js:328:13)
    at G:\Programming\projects\FullStack\MERN Blog\server\node_modules\express\lib\router\index.js:286:9
    at Function.process_params (G:\Programming\projects\FullStack\MERN Blog\server\node_modules\express\lib\router\index.js:346:12)
    at next (G:\Programming\projects\FullStack\MERN Blog\server\node_modules\express\lib\router\index.js:280:10)
    at urlencodedParser (G:\Programming\projects\FullStack\MERN Blog\server\node_modules\body-parser\lib\types\urlencoded.js:100:7)
    at Layer.handle [as handle_request] (G:\Programming\projects\FullStack\MERN Blog\server\node_modules\express\lib\router\layer.js:95:5)
2024-02-28 00:04:04 error: Error: Authentication Failed,    at authenticationError (G:\Programming\projects\FullStack\MERN Blog\server\src\utils\error.js:9:17),    at exports.isAuthenticated (G:\Programming\projects\FullStack\MERN Blog\server\src\middlewarers\authMiddleware.js:36:17),    at process.processTicksAndRejections (node:internal/process/task_queues:95:5)
2024-02-28 00:05:03 error: Error: Authentication Failed,    at authenticationError (G:\Programming\projects\FullStack\MERN Blog\server\src\utils\error.js:9:17),    at exports.isAuthenticated (G:\Programming\projects\FullStack\MERN Blog\server\src\middlewarers\authMiddleware.js:37:17),    at process.processTicksAndRejections (node:internal/process/task_queues:95:5)
2024-02-28 00:06:26 error: Error: Bad Request,    at badRequest (G:\Programming\projects\FullStack\MERN Blog\server\src\utils\error.js:2:17),    at requestValidation (G:\Programming\projects\FullStack\MERN Blog\server\src\middlewarers\requestValidationMiddleware.js:9:17),    at Layer.handle [as handle_request] (G:\Programming\projects\FullStack\MERN Blog\server\node_modules\express\lib\router\layer.js:95:5),    at next (G:\Programming\projects\FullStack\MERN Blog\server\node_modules\express\lib\router\route.js:144:13),    at middleware (G:\Programming\projects\FullStack\MERN Blog\server\node_modules\express-validator\src\middlewares\check.js:16:13),    at process.processTicksAndRejections (node:internal/process/task_queues:95:5)
2024-02-28 00:06:50 error: Error: Bad Request,    at badRequest (G:\Programming\projects\FullStack\MERN Blog\server\src\utils\error.js:2:17),    at requestValidation (G:\Programming\projects\FullStack\MERN Blog\server\src\middlewarers\requestValidationMiddleware.js:9:17),    at Layer.handle [as handle_request] (G:\Programming\projects\FullStack\MERN Blog\server\node_modules\express\lib\router\layer.js:95:5),    at next (G:\Programming\projects\FullStack\MERN Blog\server\node_modules\express\lib\router\route.js:144:13),    at middleware (G:\Programming\projects\FullStack\MERN Blog\server\node_modules\express-validator\src\middlewares\check.js:16:13),    at process.processTicksAndRejections (node:internal/process/task_queues:95:5)
2024-02-28 00:09:24 error: Error: Bad Request,    at badRequest (G:\Programming\projects\FullStack\MERN Blog\server\src\utils\error.js:2:17),    at requestValidation (G:\Programming\projects\FullStack\MERN Blog\server\src\middlewarers\requestValidationMiddleware.js:9:17),    at Layer.handle [as handle_request] (G:\Programming\projects\FullStack\MERN Blog\server\node_modules\express\lib\router\layer.js:95:5),    at next (G:\Programming\projects\FullStack\MERN Blog\server\node_modules\express\lib\router\route.js:144:13),    at middleware (G:\Programming\projects\FullStack\MERN Blog\server\node_modules\express-validator\src\middlewares\check.js:16:13),    at process.processTicksAndRejections (node:internal/process/task_queues:95:5)
2024-02-28 00:12:45 error: Error: Bad Request,    at badRequest (G:\Programming\projects\FullStack\MERN Blog\server\src\utils\error.js:2:17),    at requestValidation (G:\Programming\projects\FullStack\MERN Blog\server\src\middlewarers\requestValidationMiddleware.js:9:17),    at Layer.handle [as handle_request] (G:\Programming\projects\FullStack\MERN Blog\server\node_modules\express\lib\router\layer.js:95:5),    at next (G:\Programming\projects\FullStack\MERN Blog\server\node_modules\express\lib\router\route.js:144:13),    at middleware (G:\Programming\projects\FullStack\MERN Blog\server\node_modules\express-validator\src\middlewares\check.js:16:13),    at process.processTicksAndRejections (node:internal/process/task_queues:95:5)
