2024-04-30 23:27:52 error: uncaughtException: bind EADDRINUSE null:5000
Error: bind EADDRINUSE null:5000
    at listenOnPrimaryHandle (node:net:1969:18)
    at shared (node:internal/cluster/child:157:3)
    at Worker.<anonymous> (node:internal/cluster/child:110:7)
    at process.onInternalMessage (node:internal/cluster/utils:49:5)
    at process.emit (node:events:530:35)
    at emit (node:internal/child_process:951:14)
    at process.processTicksAndRejections (node:internal/process/task_queues:83:21)
2024-04-30 23:27:52 error: uncaughtException: bind EADDRINUSE null:5000
Error: bind EADDRINUSE null:5000
    at listenOnPrimaryHandle (node:net:1969:18)
    at shared (node:internal/cluster/child:157:3)
    at Worker.<anonymous> (node:internal/cluster/child:110:7)
    at process.onInternalMessage (node:internal/cluster/utils:49:5)
    at process.emit (node:events:530:35)
    at emit (node:internal/child_process:951:14)
    at process.processTicksAndRejections (node:internal/process/task_queues:83:21)
2024-04-30 23:27:52 error: uncaughtException: bind EADDRINUSE null:5000
Error: bind EADDRINUSE null:5000
    at listenOnPrimaryHandle (node:net:1969:18)
    at shared (node:internal/cluster/child:157:3)
    at Worker.<anonymous> (node:internal/cluster/child:110:7)
    at process.onInternalMessage (node:internal/cluster/utils:49:5)
    at process.emit (node:events:530:35)
    at emit (node:internal/child_process:951:14)
    at process.processTicksAndRejections (node:internal/process/task_queues:83:21)
2024-04-30 23:27:52 error: uncaughtException: bind EADDRINUSE null:5000
Error: bind EADDRINUSE null:5000
    at listenOnPrimaryHandle (node:net:1969:18)
    at shared (node:internal/cluster/child:157:3)
    at Worker.<anonymous> (node:internal/cluster/child:110:7)
    at process.onInternalMessage (node:internal/cluster/utils:49:5)
    at process.emit (node:events:530:35)
    at emit (node:internal/child_process:951:14)
    at process.processTicksAndRejections (node:internal/process/task_queues:83:21)
2024-04-30 23:27:59 error: uncaughtException: bind EADDRINUSE null:5000
Error: bind EADDRINUSE null:5000
    at listenOnPrimaryHandle (node:net:1969:18)
    at shared (node:internal/cluster/child:157:3)
    at Worker.<anonymous> (node:internal/cluster/child:110:7)
    at process.onInternalMessage (node:internal/cluster/utils:49:5)
    at process.emit (node:events:530:35)
    at emit (node:internal/child_process:951:14)
    at process.processTicksAndRejections (node:internal/process/task_queues:83:21)
2024-04-30 23:28:00 error: uncaughtException: bind EADDRINUSE null:5000
Error: bind EADDRINUSE null:5000
    at listenOnPrimaryHandle (node:net:1969:18)
    at shared (node:internal/cluster/child:157:3)
    at Worker.<anonymous> (node:internal/cluster/child:110:7)
    at process.onInternalMessage (node:internal/cluster/utils:49:5)
    at process.emit (node:events:530:35)
    at emit (node:internal/child_process:951:14)
    at process.processTicksAndRejections (node:internal/process/task_queues:83:21)
2024-04-30 23:28:00 error: uncaughtException: bind EADDRINUSE null:5000
Error: bind EADDRINUSE null:5000
    at listenOnPrimaryHandle (node:net:1969:18)
    at shared (node:internal/cluster/child:157:3)
    at Worker.<anonymous> (node:internal/cluster/child:110:7)
    at process.onInternalMessage (node:internal/cluster/utils:49:5)
    at process.emit (node:events:530:35)
    at emit (node:internal/child_process:951:14)
    at process.processTicksAndRejections (node:internal/process/task_queues:83:21)
2024-04-30 23:28:00 error: uncaughtException: bind EADDRINUSE null:5000
Error: bind EADDRINUSE null:5000
    at listenOnPrimaryHandle (node:net:1969:18)
    at shared (node:internal/cluster/child:157:3)
    at Worker.<anonymous> (node:internal/cluster/child:110:7)
    at process.onInternalMessage (node:internal/cluster/utils:49:5)
    at process.emit (node:events:530:35)
    at emit (node:internal/child_process:951:14)
    at process.processTicksAndRejections (node:internal/process/task_queues:83:21)
2024-04-30 23:28:08 error: uncaughtException: bind EADDRINUSE null:5000
Error: bind EADDRINUSE null:5000
    at listenOnPrimaryHandle (node:net:1969:18)
    at shared (node:internal/cluster/child:157:3)
    at Worker.<anonymous> (node:internal/cluster/child:110:7)
    at process.onInternalMessage (node:internal/cluster/utils:49:5)
    at process.emit (node:events:530:35)
    at emit (node:internal/child_process:951:14)
    at process.processTicksAndRejections (node:internal/process/task_queues:83:21)
2024-04-30 23:28:08 error: uncaughtException: bind EADDRINUSE null:5000
Error: bind EADDRINUSE null:5000
    at listenOnPrimaryHandle (node:net:1969:18)
    at shared (node:internal/cluster/child:157:3)
    at Worker.<anonymous> (node:internal/cluster/child:110:7)
    at process.onInternalMessage (node:internal/cluster/utils:49:5)
    at process.emit (node:events:530:35)
    at emit (node:internal/child_process:951:14)
    at process.processTicksAndRejections (node:internal/process/task_queues:83:21)
2024-04-30 23:28:08 error: uncaughtException: bind EADDRINUSE null:5000
Error: bind EADDRINUSE null:5000
    at listenOnPrimaryHandle (node:net:1969:18)
    at shared (node:internal/cluster/child:157:3)
    at Worker.<anonymous> (node:internal/cluster/child:110:7)
    at process.onInternalMessage (node:internal/cluster/utils:49:5)
    at process.emit (node:events:530:35)
    at emit (node:internal/child_process:951:14)
    at process.processTicksAndRejections (node:internal/process/task_queues:83:21)
2024-04-30 23:28:08 error: uncaughtException: bind EADDRINUSE null:5000
Error: bind EADDRINUSE null:5000
    at listenOnPrimaryHandle (node:net:1969:18)
    at shared (node:internal/cluster/child:157:3)
    at Worker.<anonymous> (node:internal/cluster/child:110:7)
    at process.onInternalMessage (node:internal/cluster/utils:49:5)
    at process.emit (node:events:530:35)
    at emit (node:internal/child_process:951:14)
    at process.processTicksAndRejections (node:internal/process/task_queues:83:21)
2024-04-30 23:28:16 error: uncaughtException: bind EADDRINUSE null:5000
Error: bind EADDRINUSE null:5000
    at listenOnPrimaryHandle (node:net:1969:18)
    at shared (node:internal/cluster/child:157:3)
    at Worker.<anonymous> (node:internal/cluster/child:110:7)
    at process.onInternalMessage (node:internal/cluster/utils:49:5)
    at process.emit (node:events:530:35)
    at emit (node:internal/child_process:951:14)
    at process.processTicksAndRejections (node:internal/process/task_queues:83:21)
2024-04-30 23:28:17 error: uncaughtException: bind EADDRINUSE null:5000
Error: bind EADDRINUSE null:5000
    at listenOnPrimaryHandle (node:net:1969:18)
    at shared (node:internal/cluster/child:157:3)
    at Worker.<anonymous> (node:internal/cluster/child:110:7)
    at process.onInternalMessage (node:internal/cluster/utils:49:5)
    at process.emit (node:events:530:35)
    at emit (node:internal/child_process:951:14)
    at process.processTicksAndRejections (node:internal/process/task_queues:83:21)
2024-04-30 23:28:17 error: uncaughtException: bind EADDRINUSE null:5000
Error: bind EADDRINUSE null:5000
    at listenOnPrimaryHandle (node:net:1969:18)
    at shared (node:internal/cluster/child:157:3)
    at Worker.<anonymous> (node:internal/cluster/child:110:7)
    at process.onInternalMessage (node:internal/cluster/utils:49:5)
    at process.emit (node:events:530:35)
    at emit (node:internal/child_process:951:14)
    at process.processTicksAndRejections (node:internal/process/task_queues:83:21)
2024-04-30 23:28:17 error: uncaughtException: bind EADDRINUSE null:5000
Error: bind EADDRINUSE null:5000
    at listenOnPrimaryHandle (node:net:1969:18)
    at shared (node:internal/cluster/child:157:3)
    at Worker.<anonymous> (node:internal/cluster/child:110:7)
    at process.onInternalMessage (node:internal/cluster/utils:49:5)
    at process.emit (node:events:530:35)
    at emit (node:internal/child_process:951:14)
    at process.processTicksAndRejections (node:internal/process/task_queues:83:21)
2024-04-30 23:28:25 error: uncaughtException: bind EADDRINUSE null:5000
Error: bind EADDRINUSE null:5000
    at listenOnPrimaryHandle (node:net:1969:18)
    at shared (node:internal/cluster/child:157:3)
    at Worker.<anonymous> (node:internal/cluster/child:110:7)
    at process.onInternalMessage (node:internal/cluster/utils:49:5)
    at process.emit (node:events:530:35)
    at emit (node:internal/child_process:951:14)
    at process.processTicksAndRejections (node:internal/process/task_queues:83:21)
2024-04-30 23:28:25 error: uncaughtException: bind EADDRINUSE null:5000
Error: bind EADDRINUSE null:5000
    at listenOnPrimaryHandle (node:net:1969:18)
    at shared (node:internal/cluster/child:157:3)
    at Worker.<anonymous> (node:internal/cluster/child:110:7)
    at process.onInternalMessage (node:internal/cluster/utils:49:5)
    at process.emit (node:events:530:35)
    at emit (node:internal/child_process:951:14)
    at process.processTicksAndRejections (node:internal/process/task_queues:83:21)
2024-04-30 23:28:25 error: uncaughtException: bind EADDRINUSE null:5000
Error: bind EADDRINUSE null:5000
    at listenOnPrimaryHandle (node:net:1969:18)
    at shared (node:internal/cluster/child:157:3)
    at Worker.<anonymous> (node:internal/cluster/child:110:7)
    at process.onInternalMessage (node:internal/cluster/utils:49:5)
    at process.emit (node:events:530:35)
    at emit (node:internal/child_process:951:14)
    at process.processTicksAndRejections (node:internal/process/task_queues:83:21)
2024-04-30 23:28:26 error: uncaughtException: bind EADDRINUSE null:5000
Error: bind EADDRINUSE null:5000
    at listenOnPrimaryHandle (node:net:1969:18)
    at shared (node:internal/cluster/child:157:3)
    at Worker.<anonymous> (node:internal/cluster/child:110:7)
    at process.onInternalMessage (node:internal/cluster/utils:49:5)
    at process.emit (node:events:530:35)
    at emit (node:internal/child_process:951:14)
    at process.processTicksAndRejections (node:internal/process/task_queues:83:21)
2024-04-30 23:32:24 error: uncaughtException: bind EADDRINUSE null:5000
Error: bind EADDRINUSE null:5000
    at listenOnPrimaryHandle (node:net:1969:18)
    at shared (node:internal/cluster/child:157:3)
    at Worker.<anonymous> (node:internal/cluster/child:110:7)
    at process.onInternalMessage (node:internal/cluster/utils:49:5)
    at process.emit (node:events:530:35)
    at emit (node:internal/child_process:951:14)
    at process.processTicksAndRejections (node:internal/process/task_queues:83:21)
2024-04-30 23:32:25 error: uncaughtException: bind EADDRINUSE null:5000
Error: bind EADDRINUSE null:5000
    at listenOnPrimaryHandle (node:net:1969:18)
    at shared (node:internal/cluster/child:157:3)
    at Worker.<anonymous> (node:internal/cluster/child:110:7)
    at process.onInternalMessage (node:internal/cluster/utils:49:5)
    at process.emit (node:events:530:35)
    at emit (node:internal/child_process:951:14)
    at process.processTicksAndRejections (node:internal/process/task_queues:83:21)
2024-04-30 23:32:25 error: uncaughtException: bind EADDRINUSE null:5000
Error: bind EADDRINUSE null:5000
    at listenOnPrimaryHandle (node:net:1969:18)
    at shared (node:internal/cluster/child:157:3)
    at Worker.<anonymous> (node:internal/cluster/child:110:7)
    at process.onInternalMessage (node:internal/cluster/utils:49:5)
    at process.emit (node:events:530:35)
    at emit (node:internal/child_process:951:14)
    at process.processTicksAndRejections (node:internal/process/task_queues:83:21)
2024-04-30 23:32:25 error: uncaughtException: bind EADDRINUSE null:5000
Error: bind EADDRINUSE null:5000
    at listenOnPrimaryHandle (node:net:1969:18)
    at shared (node:internal/cluster/child:157:3)
    at Worker.<anonymous> (node:internal/cluster/child:110:7)
    at process.onInternalMessage (node:internal/cluster/utils:49:5)
    at process.emit (node:events:530:35)
    at emit (node:internal/child_process:951:14)
    at process.processTicksAndRejections (node:internal/process/task_queues:83:21)
2024-04-30 23:32:33 error: uncaughtException: bind EADDRINUSE null:5000
Error: bind EADDRINUSE null:5000
    at listenOnPrimaryHandle (node:net:1969:18)
    at shared (node:internal/cluster/child:157:3)
    at Worker.<anonymous> (node:internal/cluster/child:110:7)
    at process.onInternalMessage (node:internal/cluster/utils:49:5)
    at process.emit (node:events:530:35)
    at emit (node:internal/child_process:951:14)
    at process.processTicksAndRejections (node:internal/process/task_queues:83:21)
2024-04-30 23:32:33 error: uncaughtException: bind EADDRINUSE null:5000
Error: bind EADDRINUSE null:5000
    at listenOnPrimaryHandle (node:net:1969:18)
    at shared (node:internal/cluster/child:157:3)
    at Worker.<anonymous> (node:internal/cluster/child:110:7)
    at process.onInternalMessage (node:internal/cluster/utils:49:5)
    at process.emit (node:events:530:35)
    at emit (node:internal/child_process:951:14)
    at process.processTicksAndRejections (node:internal/process/task_queues:83:21)
2024-04-30 23:32:33 error: uncaughtException: bind EADDRINUSE null:5000
Error: bind EADDRINUSE null:5000
    at listenOnPrimaryHandle (node:net:1969:18)
    at shared (node:internal/cluster/child:157:3)
    at Worker.<anonymous> (node:internal/cluster/child:110:7)
    at process.onInternalMessage (node:internal/cluster/utils:49:5)
    at process.emit (node:events:530:35)
    at emit (node:internal/child_process:951:14)
    at process.processTicksAndRejections (node:internal/process/task_queues:83:21)
2024-04-30 23:32:33 error: uncaughtException: bind EADDRINUSE null:5000
Error: bind EADDRINUSE null:5000
    at listenOnPrimaryHandle (node:net:1969:18)
    at shared (node:internal/cluster/child:157:3)
    at Worker.<anonymous> (node:internal/cluster/child:110:7)
    at process.onInternalMessage (node:internal/cluster/utils:49:5)
    at process.emit (node:events:530:35)
    at emit (node:internal/child_process:951:14)
    at process.processTicksAndRejections (node:internal/process/task_queues:83:21)
2024-04-30 23:32:41 error: uncaughtException: bind EADDRINUSE null:5000
Error: bind EADDRINUSE null:5000
    at listenOnPrimaryHandle (node:net:1969:18)
    at shared (node:internal/cluster/child:157:3)
    at Worker.<anonymous> (node:internal/cluster/child:110:7)
    at process.onInternalMessage (node:internal/cluster/utils:49:5)
    at process.emit (node:events:530:35)
    at emit (node:internal/child_process:951:14)
    at process.processTicksAndRejections (node:internal/process/task_queues:83:21)
2024-04-30 23:32:41 error: uncaughtException: bind EADDRINUSE null:5000
Error: bind EADDRINUSE null:5000
    at listenOnPrimaryHandle (node:net:1969:18)
    at shared (node:internal/cluster/child:157:3)
    at Worker.<anonymous> (node:internal/cluster/child:110:7)
    at process.onInternalMessage (node:internal/cluster/utils:49:5)
    at process.emit (node:events:530:35)
    at emit (node:internal/child_process:951:14)
    at process.processTicksAndRejections (node:internal/process/task_queues:83:21)
2024-04-30 23:32:41 error: uncaughtException: bind EADDRINUSE null:5000
Error: bind EADDRINUSE null:5000
    at listenOnPrimaryHandle (node:net:1969:18)
    at shared (node:internal/cluster/child:157:3)
    at Worker.<anonymous> (node:internal/cluster/child:110:7)
    at process.onInternalMessage (node:internal/cluster/utils:49:5)
    at process.emit (node:events:530:35)
    at emit (node:internal/child_process:951:14)
    at process.processTicksAndRejections (node:internal/process/task_queues:83:21)
2024-04-30 23:32:41 error: uncaughtException: bind EADDRINUSE null:5000
Error: bind EADDRINUSE null:5000
    at listenOnPrimaryHandle (node:net:1969:18)
    at shared (node:internal/cluster/child:157:3)
    at Worker.<anonymous> (node:internal/cluster/child:110:7)
    at process.onInternalMessage (node:internal/cluster/utils:49:5)
    at process.emit (node:events:530:35)
    at emit (node:internal/child_process:951:14)
    at process.processTicksAndRejections (node:internal/process/task_queues:83:21)
2024-04-30 23:32:50 error: uncaughtException: bind EADDRINUSE null:5000
Error: bind EADDRINUSE null:5000
    at listenOnPrimaryHandle (node:net:1969:18)
    at shared (node:internal/cluster/child:157:3)
    at Worker.<anonymous> (node:internal/cluster/child:110:7)
    at process.onInternalMessage (node:internal/cluster/utils:49:5)
    at process.emit (node:events:530:35)
    at emit (node:internal/child_process:951:14)
    at process.processTicksAndRejections (node:internal/process/task_queues:83:21)
2024-04-30 23:32:50 error: uncaughtException: bind EADDRINUSE null:5000
Error: bind EADDRINUSE null:5000
    at listenOnPrimaryHandle (node:net:1969:18)
    at shared (node:internal/cluster/child:157:3)
    at Worker.<anonymous> (node:internal/cluster/child:110:7)
    at process.onInternalMessage (node:internal/cluster/utils:49:5)
    at process.emit (node:events:530:35)
    at emit (node:internal/child_process:951:14)
    at process.processTicksAndRejections (node:internal/process/task_queues:83:21)
2024-04-30 23:32:50 error: uncaughtException: bind EADDRINUSE null:5000
Error: bind EADDRINUSE null:5000
    at listenOnPrimaryHandle (node:net:1969:18)
    at shared (node:internal/cluster/child:157:3)
    at Worker.<anonymous> (node:internal/cluster/child:110:7)
    at process.onInternalMessage (node:internal/cluster/utils:49:5)
    at process.emit (node:events:530:35)
    at emit (node:internal/child_process:951:14)
    at process.processTicksAndRejections (node:internal/process/task_queues:83:21)
2024-04-30 23:32:51 error: uncaughtException: bind EADDRINUSE null:5000
Error: bind EADDRINUSE null:5000
    at listenOnPrimaryHandle (node:net:1969:18)
    at shared (node:internal/cluster/child:157:3)
    at Worker.<anonymous> (node:internal/cluster/child:110:7)
    at process.onInternalMessage (node:internal/cluster/utils:49:5)
    at process.emit (node:events:530:35)
    at emit (node:internal/child_process:951:14)
    at process.processTicksAndRejections (node:internal/process/task_queues:83:21)
2024-04-30 23:33:09 error: uncaughtException: bind EADDRINUSE null:5000
Error: bind EADDRINUSE null:5000
    at listenOnPrimaryHandle (node:net:1969:18)
    at shared (node:internal/cluster/child:157:3)
    at Worker.<anonymous> (node:internal/cluster/child:110:7)
    at process.onInternalMessage (node:internal/cluster/utils:49:5)
    at process.emit (node:events:530:35)
    at emit (node:internal/child_process:951:14)
    at process.processTicksAndRejections (node:internal/process/task_queues:83:21)
2024-04-30 23:33:09 error: uncaughtException: bind EADDRINUSE null:5000
Error: bind EADDRINUSE null:5000
    at listenOnPrimaryHandle (node:net:1969:18)
    at shared (node:internal/cluster/child:157:3)
    at Worker.<anonymous> (node:internal/cluster/child:110:7)
    at process.onInternalMessage (node:internal/cluster/utils:49:5)
    at process.emit (node:events:530:35)
    at emit (node:internal/child_process:951:14)
    at process.processTicksAndRejections (node:internal/process/task_queues:83:21)
2024-04-30 23:33:09 error: uncaughtException: bind EADDRINUSE null:5000
Error: bind EADDRINUSE null:5000
    at listenOnPrimaryHandle (node:net:1969:18)
    at shared (node:internal/cluster/child:157:3)
    at Worker.<anonymous> (node:internal/cluster/child:110:7)
    at process.onInternalMessage (node:internal/cluster/utils:49:5)
    at process.emit (node:events:530:35)
    at emit (node:internal/child_process:951:14)
    at process.processTicksAndRejections (node:internal/process/task_queues:83:21)
2024-04-30 23:33:09 error: uncaughtException: bind EADDRINUSE null:5000
Error: bind EADDRINUSE null:5000
    at listenOnPrimaryHandle (node:net:1969:18)
    at shared (node:internal/cluster/child:157:3)
    at Worker.<anonymous> (node:internal/cluster/child:110:7)
    at process.onInternalMessage (node:internal/cluster/utils:49:5)
    at process.emit (node:events:530:35)
    at emit (node:internal/child_process:951:14)
    at process.processTicksAndRejections (node:internal/process/task_queues:83:21)
2024-04-30 23:33:18 error: uncaughtException: bind EADDRINUSE null:5000
Error: bind EADDRINUSE null:5000
    at listenOnPrimaryHandle (node:net:1969:18)
    at shared (node:internal/cluster/child:157:3)
    at Worker.<anonymous> (node:internal/cluster/child:110:7)
    at process.onInternalMessage (node:internal/cluster/utils:49:5)
    at process.emit (node:events:530:35)
    at emit (node:internal/child_process:951:14)
    at process.processTicksAndRejections (node:internal/process/task_queues:83:21)
2024-04-30 23:33:18 error: uncaughtException: bind EADDRINUSE null:5000
Error: bind EADDRINUSE null:5000
    at listenOnPrimaryHandle (node:net:1969:18)
    at shared (node:internal/cluster/child:157:3)
    at Worker.<anonymous> (node:internal/cluster/child:110:7)
    at process.onInternalMessage (node:internal/cluster/utils:49:5)
    at process.emit (node:events:530:35)
    at emit (node:internal/child_process:951:14)
    at process.processTicksAndRejections (node:internal/process/task_queues:83:21)
2024-04-30 23:33:18 error: uncaughtException: bind EADDRINUSE null:5000
Error: bind EADDRINUSE null:5000
    at listenOnPrimaryHandle (node:net:1969:18)
    at shared (node:internal/cluster/child:157:3)
    at Worker.<anonymous> (node:internal/cluster/child:110:7)
    at process.onInternalMessage (node:internal/cluster/utils:49:5)
    at process.emit (node:events:530:35)
    at emit (node:internal/child_process:951:14)
    at process.processTicksAndRejections (node:internal/process/task_queues:83:21)
2024-04-30 23:33:18 error: uncaughtException: bind EADDRINUSE null:5000
Error: bind EADDRINUSE null:5000
    at listenOnPrimaryHandle (node:net:1969:18)
    at shared (node:internal/cluster/child:157:3)
    at Worker.<anonymous> (node:internal/cluster/child:110:7)
    at process.onInternalMessage (node:internal/cluster/utils:49:5)
    at process.emit (node:events:530:35)
    at emit (node:internal/child_process:951:14)
    at process.processTicksAndRejections (node:internal/process/task_queues:83:21)
2024-04-30 23:33:33 error: uncaughtException: bind EADDRINUSE null:5000
Error: bind EADDRINUSE null:5000
    at listenOnPrimaryHandle (node:net:1969:18)
    at shared (node:internal/cluster/child:157:3)
    at Worker.<anonymous> (node:internal/cluster/child:110:7)
    at process.onInternalMessage (node:internal/cluster/utils:49:5)
    at process.emit (node:events:530:35)
    at emit (node:internal/child_process:951:14)
    at process.processTicksAndRejections (node:internal/process/task_queues:83:21)
2024-04-30 23:33:33 error: uncaughtException: bind EADDRINUSE null:5000
Error: bind EADDRINUSE null:5000
    at listenOnPrimaryHandle (node:net:1969:18)
    at shared (node:internal/cluster/child:157:3)
    at Worker.<anonymous> (node:internal/cluster/child:110:7)
    at process.onInternalMessage (node:internal/cluster/utils:49:5)
    at process.emit (node:events:530:35)
    at emit (node:internal/child_process:951:14)
    at process.processTicksAndRejections (node:internal/process/task_queues:83:21)
2024-04-30 23:33:33 error: uncaughtException: bind EADDRINUSE null:5000
Error: bind EADDRINUSE null:5000
    at listenOnPrimaryHandle (node:net:1969:18)
    at shared (node:internal/cluster/child:157:3)
    at Worker.<anonymous> (node:internal/cluster/child:110:7)
    at process.onInternalMessage (node:internal/cluster/utils:49:5)
    at process.emit (node:events:530:35)
    at emit (node:internal/child_process:951:14)
    at process.processTicksAndRejections (node:internal/process/task_queues:83:21)
2024-04-30 23:33:33 error: uncaughtException: bind EADDRINUSE null:5000
Error: bind EADDRINUSE null:5000
    at listenOnPrimaryHandle (node:net:1969:18)
    at shared (node:internal/cluster/child:157:3)
    at Worker.<anonymous> (node:internal/cluster/child:110:7)
    at process.onInternalMessage (node:internal/cluster/utils:49:5)
    at process.emit (node:events:530:35)
    at emit (node:internal/child_process:951:14)
    at process.processTicksAndRejections (node:internal/process/task_queues:83:21)
2024-04-30 23:33:45 error: uncaughtException: bind EADDRINUSE null:5000
Error: bind EADDRINUSE null:5000
    at listenOnPrimaryHandle (node:net:1969:18)
    at shared (node:internal/cluster/child:157:3)
    at Worker.<anonymous> (node:internal/cluster/child:110:7)
    at process.onInternalMessage (node:internal/cluster/utils:49:5)
    at process.emit (node:events:530:35)
    at emit (node:internal/child_process:951:14)
    at process.processTicksAndRejections (node:internal/process/task_queues:83:21)
2024-04-30 23:33:45 error: uncaughtException: bind EADDRINUSE null:5000
Error: bind EADDRINUSE null:5000
    at listenOnPrimaryHandle (node:net:1969:18)
    at shared (node:internal/cluster/child:157:3)
    at Worker.<anonymous> (node:internal/cluster/child:110:7)
    at process.onInternalMessage (node:internal/cluster/utils:49:5)
    at process.emit (node:events:530:35)
    at emit (node:internal/child_process:951:14)
    at process.processTicksAndRejections (node:internal/process/task_queues:83:21)
2024-04-30 23:33:45 error: uncaughtException: bind EADDRINUSE null:5000
Error: bind EADDRINUSE null:5000
    at listenOnPrimaryHandle (node:net:1969:18)
    at shared (node:internal/cluster/child:157:3)
    at Worker.<anonymous> (node:internal/cluster/child:110:7)
    at process.onInternalMessage (node:internal/cluster/utils:49:5)
    at process.emit (node:events:530:35)
    at emit (node:internal/child_process:951:14)
    at process.processTicksAndRejections (node:internal/process/task_queues:83:21)
2024-04-30 23:33:45 error: uncaughtException: bind EADDRINUSE null:5000
Error: bind EADDRINUSE null:5000
    at listenOnPrimaryHandle (node:net:1969:18)
    at shared (node:internal/cluster/child:157:3)
    at Worker.<anonymous> (node:internal/cluster/child:110:7)
    at process.onInternalMessage (node:internal/cluster/utils:49:5)
    at process.emit (node:events:530:35)
    at emit (node:internal/child_process:951:14)
    at process.processTicksAndRejections (node:internal/process/task_queues:83:21)
2024-04-30 23:33:54 error: uncaughtException: bind EADDRINUSE null:5000
Error: bind EADDRINUSE null:5000
    at listenOnPrimaryHandle (node:net:1969:18)
    at shared (node:internal/cluster/child:157:3)
    at Worker.<anonymous> (node:internal/cluster/child:110:7)
    at process.onInternalMessage (node:internal/cluster/utils:49:5)
    at process.emit (node:events:530:35)
    at emit (node:internal/child_process:951:14)
    at process.processTicksAndRejections (node:internal/process/task_queues:83:21)
2024-04-30 23:33:54 error: uncaughtException: bind EADDRINUSE null:5000
Error: bind EADDRINUSE null:5000
    at listenOnPrimaryHandle (node:net:1969:18)
    at shared (node:internal/cluster/child:157:3)
    at Worker.<anonymous> (node:internal/cluster/child:110:7)
    at process.onInternalMessage (node:internal/cluster/utils:49:5)
    at process.emit (node:events:530:35)
    at emit (node:internal/child_process:951:14)
    at process.processTicksAndRejections (node:internal/process/task_queues:83:21)
2024-04-30 23:33:54 error: uncaughtException: bind EADDRINUSE null:5000
Error: bind EADDRINUSE null:5000
    at listenOnPrimaryHandle (node:net:1969:18)
    at shared (node:internal/cluster/child:157:3)
    at Worker.<anonymous> (node:internal/cluster/child:110:7)
    at process.onInternalMessage (node:internal/cluster/utils:49:5)
    at process.emit (node:events:530:35)
    at emit (node:internal/child_process:951:14)
    at process.processTicksAndRejections (node:internal/process/task_queues:83:21)
2024-04-30 23:33:54 error: uncaughtException: bind EADDRINUSE null:5000
Error: bind EADDRINUSE null:5000
    at listenOnPrimaryHandle (node:net:1969:18)
    at shared (node:internal/cluster/child:157:3)
    at Worker.<anonymous> (node:internal/cluster/child:110:7)
    at process.onInternalMessage (node:internal/cluster/utils:49:5)
    at process.emit (node:events:530:35)
    at emit (node:internal/child_process:951:14)
    at process.processTicksAndRejections (node:internal/process/task_queues:83:21)
2024-04-30 23:34:12 error: uncaughtException: bind EADDRINUSE null:5000
Error: bind EADDRINUSE null:5000
    at listenOnPrimaryHandle (node:net:1969:18)
    at shared (node:internal/cluster/child:157:3)
    at Worker.<anonymous> (node:internal/cluster/child:110:7)
    at process.onInternalMessage (node:internal/cluster/utils:49:5)
    at process.emit (node:events:530:35)
    at emit (node:internal/child_process:951:14)
    at process.processTicksAndRejections (node:internal/process/task_queues:83:21)
2024-04-30 23:34:12 error: uncaughtException: bind EADDRINUSE null:5000
Error: bind EADDRINUSE null:5000
    at listenOnPrimaryHandle (node:net:1969:18)
    at shared (node:internal/cluster/child:157:3)
    at Worker.<anonymous> (node:internal/cluster/child:110:7)
    at process.onInternalMessage (node:internal/cluster/utils:49:5)
    at process.emit (node:events:530:35)
    at emit (node:internal/child_process:951:14)
    at process.processTicksAndRejections (node:internal/process/task_queues:83:21)
2024-04-30 23:34:12 error: uncaughtException: bind EADDRINUSE null:5000
Error: bind EADDRINUSE null:5000
    at listenOnPrimaryHandle (node:net:1969:18)
    at shared (node:internal/cluster/child:157:3)
    at Worker.<anonymous> (node:internal/cluster/child:110:7)
    at process.onInternalMessage (node:internal/cluster/utils:49:5)
    at process.emit (node:events:530:35)
    at emit (node:internal/child_process:951:14)
    at process.processTicksAndRejections (node:internal/process/task_queues:83:21)
2024-04-30 23:34:12 error: uncaughtException: bind EADDRINUSE null:5000
Error: bind EADDRINUSE null:5000
    at listenOnPrimaryHandle (node:net:1969:18)
    at shared (node:internal/cluster/child:157:3)
    at Worker.<anonymous> (node:internal/cluster/child:110:7)
    at process.onInternalMessage (node:internal/cluster/utils:49:5)
    at process.emit (node:events:530:35)
    at emit (node:internal/child_process:951:14)
    at process.processTicksAndRejections (node:internal/process/task_queues:83:21)
2024-04-30 23:34:28 error: uncaughtException: bind EADDRINUSE null:5000
Error: bind EADDRINUSE null:5000
    at listenOnPrimaryHandle (node:net:1969:18)
    at shared (node:internal/cluster/child:157:3)
    at Worker.<anonymous> (node:internal/cluster/child:110:7)
    at process.onInternalMessage (node:internal/cluster/utils:49:5)
    at process.emit (node:events:530:35)
    at emit (node:internal/child_process:951:14)
    at process.processTicksAndRejections (node:internal/process/task_queues:83:21)
2024-04-30 23:34:28 error: uncaughtException: bind EADDRINUSE null:5000
Error: bind EADDRINUSE null:5000
    at listenOnPrimaryHandle (node:net:1969:18)
    at shared (node:internal/cluster/child:157:3)
    at Worker.<anonymous> (node:internal/cluster/child:110:7)
    at process.onInternalMessage (node:internal/cluster/utils:49:5)
    at process.emit (node:events:530:35)
    at emit (node:internal/child_process:951:14)
    at process.processTicksAndRejections (node:internal/process/task_queues:83:21)
2024-04-30 23:34:28 error: uncaughtException: bind EADDRINUSE null:5000
Error: bind EADDRINUSE null:5000
    at listenOnPrimaryHandle (node:net:1969:18)
    at shared (node:internal/cluster/child:157:3)
    at Worker.<anonymous> (node:internal/cluster/child:110:7)
    at process.onInternalMessage (node:internal/cluster/utils:49:5)
    at process.emit (node:events:530:35)
    at emit (node:internal/child_process:951:14)
    at process.processTicksAndRejections (node:internal/process/task_queues:83:21)
2024-04-30 23:34:28 error: uncaughtException: bind EADDRINUSE null:5000
Error: bind EADDRINUSE null:5000
    at listenOnPrimaryHandle (node:net:1969:18)
    at shared (node:internal/cluster/child:157:3)
    at Worker.<anonymous> (node:internal/cluster/child:110:7)
    at process.onInternalMessage (node:internal/cluster/utils:49:5)
    at process.emit (node:events:530:35)
    at emit (node:internal/child_process:951:14)
    at process.processTicksAndRejections (node:internal/process/task_queues:83:21)
2024-04-30 23:34:51 error: uncaughtException: bind EADDRINUSE null:5000
Error: bind EADDRINUSE null:5000
    at listenOnPrimaryHandle (node:net:1969:18)
    at shared (node:internal/cluster/child:157:3)
    at Worker.<anonymous> (node:internal/cluster/child:110:7)
    at process.onInternalMessage (node:internal/cluster/utils:49:5)
    at process.emit (node:events:530:35)
    at emit (node:internal/child_process:951:14)
    at process.processTicksAndRejections (node:internal/process/task_queues:83:21)
2024-04-30 23:34:51 error: uncaughtException: bind EADDRINUSE null:5000
Error: bind EADDRINUSE null:5000
    at listenOnPrimaryHandle (node:net:1969:18)
    at shared (node:internal/cluster/child:157:3)
    at Worker.<anonymous> (node:internal/cluster/child:110:7)
    at process.onInternalMessage (node:internal/cluster/utils:49:5)
    at process.emit (node:events:530:35)
    at emit (node:internal/child_process:951:14)
    at process.processTicksAndRejections (node:internal/process/task_queues:83:21)
2024-04-30 23:34:51 error: uncaughtException: bind EADDRINUSE null:5000
Error: bind EADDRINUSE null:5000
    at listenOnPrimaryHandle (node:net:1969:18)
    at shared (node:internal/cluster/child:157:3)
    at Worker.<anonymous> (node:internal/cluster/child:110:7)
    at process.onInternalMessage (node:internal/cluster/utils:49:5)
    at process.emit (node:events:530:35)
    at emit (node:internal/child_process:951:14)
    at process.processTicksAndRejections (node:internal/process/task_queues:83:21)
2024-04-30 23:34:51 error: uncaughtException: bind EADDRINUSE null:5000
Error: bind EADDRINUSE null:5000
    at listenOnPrimaryHandle (node:net:1969:18)
    at shared (node:internal/cluster/child:157:3)
    at Worker.<anonymous> (node:internal/cluster/child:110:7)
    at process.onInternalMessage (node:internal/cluster/utils:49:5)
    at process.emit (node:events:530:35)
    at emit (node:internal/child_process:951:14)
    at process.processTicksAndRejections (node:internal/process/task_queues:83:21)
2024-04-30 23:34:59 error: uncaughtException: bind EADDRINUSE null:5000
Error: bind EADDRINUSE null:5000
    at listenOnPrimaryHandle (node:net:1969:18)
    at shared (node:internal/cluster/child:157:3)
    at Worker.<anonymous> (node:internal/cluster/child:110:7)
    at process.onInternalMessage (node:internal/cluster/utils:49:5)
    at process.emit (node:events:530:35)
    at emit (node:internal/child_process:951:14)
    at process.processTicksAndRejections (node:internal/process/task_queues:83:21)
2024-04-30 23:34:59 error: uncaughtException: bind EADDRINUSE null:5000
Error: bind EADDRINUSE null:5000
    at listenOnPrimaryHandle (node:net:1969:18)
    at shared (node:internal/cluster/child:157:3)
    at Worker.<anonymous> (node:internal/cluster/child:110:7)
    at process.onInternalMessage (node:internal/cluster/utils:49:5)
    at process.emit (node:events:530:35)
    at emit (node:internal/child_process:951:14)
    at process.processTicksAndRejections (node:internal/process/task_queues:83:21)
2024-04-30 23:34:59 error: uncaughtException: bind EADDRINUSE null:5000
Error: bind EADDRINUSE null:5000
    at listenOnPrimaryHandle (node:net:1969:18)
    at shared (node:internal/cluster/child:157:3)
    at Worker.<anonymous> (node:internal/cluster/child:110:7)
    at process.onInternalMessage (node:internal/cluster/utils:49:5)
    at process.emit (node:events:530:35)
    at emit (node:internal/child_process:951:14)
    at process.processTicksAndRejections (node:internal/process/task_queues:83:21)
2024-04-30 23:35:00 error: uncaughtException: bind EADDRINUSE null:5000
Error: bind EADDRINUSE null:5000
    at listenOnPrimaryHandle (node:net:1969:18)
    at shared (node:internal/cluster/child:157:3)
    at Worker.<anonymous> (node:internal/cluster/child:110:7)
    at process.onInternalMessage (node:internal/cluster/utils:49:5)
    at process.emit (node:events:530:35)
    at emit (node:internal/child_process:951:14)
    at process.processTicksAndRejections (node:internal/process/task_queues:83:21)
2024-04-30 23:35:09 error: uncaughtException: bind EADDRINUSE null:5000
Error: bind EADDRINUSE null:5000
    at listenOnPrimaryHandle (node:net:1969:18)
    at shared (node:internal/cluster/child:157:3)
    at Worker.<anonymous> (node:internal/cluster/child:110:7)
    at process.onInternalMessage (node:internal/cluster/utils:49:5)
    at process.emit (node:events:530:35)
    at emit (node:internal/child_process:951:14)
    at process.processTicksAndRejections (node:internal/process/task_queues:83:21)
2024-04-30 23:35:09 error: uncaughtException: bind EADDRINUSE null:5000
Error: bind EADDRINUSE null:5000
    at listenOnPrimaryHandle (node:net:1969:18)
    at shared (node:internal/cluster/child:157:3)
    at Worker.<anonymous> (node:internal/cluster/child:110:7)
    at process.onInternalMessage (node:internal/cluster/utils:49:5)
    at process.emit (node:events:530:35)
    at emit (node:internal/child_process:951:14)
    at process.processTicksAndRejections (node:internal/process/task_queues:83:21)
2024-04-30 23:35:10 error: uncaughtException: bind EADDRINUSE null:5000
Error: bind EADDRINUSE null:5000
    at listenOnPrimaryHandle (node:net:1969:18)
    at shared (node:internal/cluster/child:157:3)
    at Worker.<anonymous> (node:internal/cluster/child:110:7)
    at process.onInternalMessage (node:internal/cluster/utils:49:5)
    at process.emit (node:events:530:35)
    at emit (node:internal/child_process:951:14)
    at process.processTicksAndRejections (node:internal/process/task_queues:83:21)
2024-04-30 23:35:10 error: uncaughtException: bind EADDRINUSE null:5000
Error: bind EADDRINUSE null:5000
    at listenOnPrimaryHandle (node:net:1969:18)
    at shared (node:internal/cluster/child:157:3)
    at Worker.<anonymous> (node:internal/cluster/child:110:7)
    at process.onInternalMessage (node:internal/cluster/utils:49:5)
    at process.emit (node:events:530:35)
    at emit (node:internal/child_process:951:14)
    at process.processTicksAndRejections (node:internal/process/task_queues:83:21)
2024-04-30 23:35:24 error: uncaughtException: bind EADDRINUSE null:5000
Error: bind EADDRINUSE null:5000
    at listenOnPrimaryHandle (node:net:1969:18)
    at shared (node:internal/cluster/child:157:3)
    at Worker.<anonymous> (node:internal/cluster/child:110:7)
    at process.onInternalMessage (node:internal/cluster/utils:49:5)
    at process.emit (node:events:530:35)
    at emit (node:internal/child_process:951:14)
    at process.processTicksAndRejections (node:internal/process/task_queues:83:21)
2024-04-30 23:35:24 error: uncaughtException: bind EADDRINUSE null:5000
Error: bind EADDRINUSE null:5000
    at listenOnPrimaryHandle (node:net:1969:18)
    at shared (node:internal/cluster/child:157:3)
    at Worker.<anonymous> (node:internal/cluster/child:110:7)
    at process.onInternalMessage (node:internal/cluster/utils:49:5)
    at process.emit (node:events:530:35)
    at emit (node:internal/child_process:951:14)
    at process.processTicksAndRejections (node:internal/process/task_queues:83:21)
2024-04-30 23:35:24 error: uncaughtException: bind EADDRINUSE null:5000
Error: bind EADDRINUSE null:5000
    at listenOnPrimaryHandle (node:net:1969:18)
    at shared (node:internal/cluster/child:157:3)
    at Worker.<anonymous> (node:internal/cluster/child:110:7)
    at process.onInternalMessage (node:internal/cluster/utils:49:5)
    at process.emit (node:events:530:35)
    at emit (node:internal/child_process:951:14)
    at process.processTicksAndRejections (node:internal/process/task_queues:83:21)
2024-04-30 23:35:24 error: uncaughtException: bind EADDRINUSE null:5000
Error: bind EADDRINUSE null:5000
    at listenOnPrimaryHandle (node:net:1969:18)
    at shared (node:internal/cluster/child:157:3)
    at Worker.<anonymous> (node:internal/cluster/child:110:7)
    at process.onInternalMessage (node:internal/cluster/utils:49:5)
    at process.emit (node:events:530:35)
    at emit (node:internal/child_process:951:14)
    at process.processTicksAndRejections (node:internal/process/task_queues:83:21)
2024-04-30 23:35:53 error: uncaughtException: bind EADDRINUSE null:5000
Error: bind EADDRINUSE null:5000
    at listenOnPrimaryHandle (node:net:1969:18)
    at shared (node:internal/cluster/child:157:3)
    at Worker.<anonymous> (node:internal/cluster/child:110:7)
    at process.onInternalMessage (node:internal/cluster/utils:49:5)
    at process.emit (node:events:530:35)
    at emit (node:internal/child_process:951:14)
    at process.processTicksAndRejections (node:internal/process/task_queues:83:21)
2024-04-30 23:35:53 error: uncaughtException: bind EADDRINUSE null:5000
Error: bind EADDRINUSE null:5000
    at listenOnPrimaryHandle (node:net:1969:18)
    at shared (node:internal/cluster/child:157:3)
    at Worker.<anonymous> (node:internal/cluster/child:110:7)
    at process.onInternalMessage (node:internal/cluster/utils:49:5)
    at process.emit (node:events:530:35)
    at emit (node:internal/child_process:951:14)
    at process.processTicksAndRejections (node:internal/process/task_queues:83:21)
2024-04-30 23:35:53 error: uncaughtException: bind EADDRINUSE null:5000
Error: bind EADDRINUSE null:5000
    at listenOnPrimaryHandle (node:net:1969:18)
    at shared (node:internal/cluster/child:157:3)
    at Worker.<anonymous> (node:internal/cluster/child:110:7)
    at process.onInternalMessage (node:internal/cluster/utils:49:5)
    at process.emit (node:events:530:35)
    at emit (node:internal/child_process:951:14)
    at process.processTicksAndRejections (node:internal/process/task_queues:83:21)
2024-04-30 23:35:53 error: uncaughtException: bind EADDRINUSE null:5000
Error: bind EADDRINUSE null:5000
    at listenOnPrimaryHandle (node:net:1969:18)
    at shared (node:internal/cluster/child:157:3)
    at Worker.<anonymous> (node:internal/cluster/child:110:7)
    at process.onInternalMessage (node:internal/cluster/utils:49:5)
    at process.emit (node:events:530:35)
    at emit (node:internal/child_process:951:14)
    at process.processTicksAndRejections (node:internal/process/task_queues:83:21)
2024-04-30 23:36:00 error: uncaughtException: bind EADDRINUSE null:5000
Error: bind EADDRINUSE null:5000
    at listenOnPrimaryHandle (node:net:1969:18)
    at shared (node:internal/cluster/child:157:3)
    at Worker.<anonymous> (node:internal/cluster/child:110:7)
    at process.onInternalMessage (node:internal/cluster/utils:49:5)
    at process.emit (node:events:530:35)
    at emit (node:internal/child_process:951:14)
    at process.processTicksAndRejections (node:internal/process/task_queues:83:21)
2024-04-30 23:36:00 error: uncaughtException: bind EADDRINUSE null:5000
Error: bind EADDRINUSE null:5000
    at listenOnPrimaryHandle (node:net:1969:18)
    at shared (node:internal/cluster/child:157:3)
    at Worker.<anonymous> (node:internal/cluster/child:110:7)
    at process.onInternalMessage (node:internal/cluster/utils:49:5)
    at process.emit (node:events:530:35)
    at emit (node:internal/child_process:951:14)
    at process.processTicksAndRejections (node:internal/process/task_queues:83:21)
2024-04-30 23:36:01 error: uncaughtException: bind EADDRINUSE null:5000
Error: bind EADDRINUSE null:5000
    at listenOnPrimaryHandle (node:net:1969:18)
    at shared (node:internal/cluster/child:157:3)
    at Worker.<anonymous> (node:internal/cluster/child:110:7)
    at process.onInternalMessage (node:internal/cluster/utils:49:5)
    at process.emit (node:events:530:35)
    at emit (node:internal/child_process:951:14)
    at process.processTicksAndRejections (node:internal/process/task_queues:83:21)
2024-04-30 23:36:01 error: uncaughtException: bind EADDRINUSE null:5000
Error: bind EADDRINUSE null:5000
    at listenOnPrimaryHandle (node:net:1969:18)
    at shared (node:internal/cluster/child:157:3)
    at Worker.<anonymous> (node:internal/cluster/child:110:7)
    at process.onInternalMessage (node:internal/cluster/utils:49:5)
    at process.emit (node:events:530:35)
    at emit (node:internal/child_process:951:14)
    at process.processTicksAndRejections (node:internal/process/task_queues:83:21)
2024-04-30 23:36:08 error: uncaughtException: bind EADDRINUSE null:5000
Error: bind EADDRINUSE null:5000
    at listenOnPrimaryHandle (node:net:1969:18)
    at shared (node:internal/cluster/child:157:3)
    at Worker.<anonymous> (node:internal/cluster/child:110:7)
    at process.onInternalMessage (node:internal/cluster/utils:49:5)
    at process.emit (node:events:530:35)
    at emit (node:internal/child_process:951:14)
    at process.processTicksAndRejections (node:internal/process/task_queues:83:21)
2024-04-30 23:36:08 error: uncaughtException: bind EADDRINUSE null:5000
Error: bind EADDRINUSE null:5000
    at listenOnPrimaryHandle (node:net:1969:18)
    at shared (node:internal/cluster/child:157:3)
    at Worker.<anonymous> (node:internal/cluster/child:110:7)
    at process.onInternalMessage (node:internal/cluster/utils:49:5)
    at process.emit (node:events:530:35)
    at emit (node:internal/child_process:951:14)
    at process.processTicksAndRejections (node:internal/process/task_queues:83:21)
2024-04-30 23:36:08 error: uncaughtException: bind EADDRINUSE null:5000
Error: bind EADDRINUSE null:5000
    at listenOnPrimaryHandle (node:net:1969:18)
    at shared (node:internal/cluster/child:157:3)
    at Worker.<anonymous> (node:internal/cluster/child:110:7)
    at process.onInternalMessage (node:internal/cluster/utils:49:5)
    at process.emit (node:events:530:35)
    at emit (node:internal/child_process:951:14)
    at process.processTicksAndRejections (node:internal/process/task_queues:83:21)
2024-04-30 23:36:09 error: uncaughtException: bind EADDRINUSE null:5000
Error: bind EADDRINUSE null:5000
    at listenOnPrimaryHandle (node:net:1969:18)
    at shared (node:internal/cluster/child:157:3)
    at Worker.<anonymous> (node:internal/cluster/child:110:7)
    at process.onInternalMessage (node:internal/cluster/utils:49:5)
    at process.emit (node:events:530:35)
    at emit (node:internal/child_process:951:14)
    at process.processTicksAndRejections (node:internal/process/task_queues:83:21)
2024-04-30 23:36:16 error: uncaughtException: bind EADDRINUSE null:5000
Error: bind EADDRINUSE null:5000
    at listenOnPrimaryHandle (node:net:1969:18)
    at shared (node:internal/cluster/child:157:3)
    at Worker.<anonymous> (node:internal/cluster/child:110:7)
    at process.onInternalMessage (node:internal/cluster/utils:49:5)
    at process.emit (node:events:530:35)
    at emit (node:internal/child_process:951:14)
    at process.processTicksAndRejections (node:internal/process/task_queues:83:21)
2024-04-30 23:36:16 error: uncaughtException: bind EADDRINUSE null:5000
Error: bind EADDRINUSE null:5000
    at listenOnPrimaryHandle (node:net:1969:18)
    at shared (node:internal/cluster/child:157:3)
    at Worker.<anonymous> (node:internal/cluster/child:110:7)
    at process.onInternalMessage (node:internal/cluster/utils:49:5)
    at process.emit (node:events:530:35)
    at emit (node:internal/child_process:951:14)
    at process.processTicksAndRejections (node:internal/process/task_queues:83:21)
2024-04-30 23:36:17 error: uncaughtException: bind EADDRINUSE null:5000
Error: bind EADDRINUSE null:5000
    at listenOnPrimaryHandle (node:net:1969:18)
    at shared (node:internal/cluster/child:157:3)
    at Worker.<anonymous> (node:internal/cluster/child:110:7)
    at process.onInternalMessage (node:internal/cluster/utils:49:5)
    at process.emit (node:events:530:35)
    at emit (node:internal/child_process:951:14)
    at process.processTicksAndRejections (node:internal/process/task_queues:83:21)
2024-04-30 23:36:17 error: uncaughtException: bind EADDRINUSE null:5000
Error: bind EADDRINUSE null:5000
    at listenOnPrimaryHandle (node:net:1969:18)
    at shared (node:internal/cluster/child:157:3)
    at Worker.<anonymous> (node:internal/cluster/child:110:7)
    at process.onInternalMessage (node:internal/cluster/utils:49:5)
    at process.emit (node:events:530:35)
    at emit (node:internal/child_process:951:14)
    at process.processTicksAndRejections (node:internal/process/task_queues:83:21)
2024-04-30 23:36:23 error: uncaughtException: bind EADDRINUSE null:5000
Error: bind EADDRINUSE null:5000
    at listenOnPrimaryHandle (node:net:1969:18)
    at shared (node:internal/cluster/child:157:3)
    at Worker.<anonymous> (node:internal/cluster/child:110:7)
    at process.onInternalMessage (node:internal/cluster/utils:49:5)
    at process.emit (node:events:530:35)
    at emit (node:internal/child_process:951:14)
    at process.processTicksAndRejections (node:internal/process/task_queues:83:21)
2024-04-30 23:36:24 error: uncaughtException: bind EADDRINUSE null:5000
Error: bind EADDRINUSE null:5000
    at listenOnPrimaryHandle (node:net:1969:18)
    at shared (node:internal/cluster/child:157:3)
    at Worker.<anonymous> (node:internal/cluster/child:110:7)
    at process.onInternalMessage (node:internal/cluster/utils:49:5)
    at process.emit (node:events:530:35)
    at emit (node:internal/child_process:951:14)
    at process.processTicksAndRejections (node:internal/process/task_queues:83:21)
2024-04-30 23:36:24 error: uncaughtException: bind EADDRINUSE null:5000
Error: bind EADDRINUSE null:5000
    at listenOnPrimaryHandle (node:net:1969:18)
    at shared (node:internal/cluster/child:157:3)
    at Worker.<anonymous> (node:internal/cluster/child:110:7)
    at process.onInternalMessage (node:internal/cluster/utils:49:5)
    at process.emit (node:events:530:35)
    at emit (node:internal/child_process:951:14)
    at process.processTicksAndRejections (node:internal/process/task_queues:83:21)
2024-04-30 23:36:24 error: uncaughtException: bind EADDRINUSE null:5000
Error: bind EADDRINUSE null:5000
    at listenOnPrimaryHandle (node:net:1969:18)
    at shared (node:internal/cluster/child:157:3)
    at Worker.<anonymous> (node:internal/cluster/child:110:7)
    at process.onInternalMessage (node:internal/cluster/utils:49:5)
    at process.emit (node:events:530:35)
    at emit (node:internal/child_process:951:14)
    at process.processTicksAndRejections (node:internal/process/task_queues:83:21)
2024-04-30 23:36:30 error: uncaughtException: bind EADDRINUSE null:5000
Error: bind EADDRINUSE null:5000
    at listenOnPrimaryHandle (node:net:1969:18)
    at shared (node:internal/cluster/child:157:3)
    at Worker.<anonymous> (node:internal/cluster/child:110:7)
    at process.onInternalMessage (node:internal/cluster/utils:49:5)
    at process.emit (node:events:530:35)
    at emit (node:internal/child_process:951:14)
    at process.processTicksAndRejections (node:internal/process/task_queues:83:21)
2024-04-30 23:36:31 error: uncaughtException: bind EADDRINUSE null:5000
Error: bind EADDRINUSE null:5000
    at listenOnPrimaryHandle (node:net:1969:18)
    at shared (node:internal/cluster/child:157:3)
    at Worker.<anonymous> (node:internal/cluster/child:110:7)
    at process.onInternalMessage (node:internal/cluster/utils:49:5)
    at process.emit (node:events:530:35)
    at emit (node:internal/child_process:951:14)
    at process.processTicksAndRejections (node:internal/process/task_queues:83:21)
2024-04-30 23:36:31 error: uncaughtException: bind EADDRINUSE null:5000
Error: bind EADDRINUSE null:5000
    at listenOnPrimaryHandle (node:net:1969:18)
    at shared (node:internal/cluster/child:157:3)
    at Worker.<anonymous> (node:internal/cluster/child:110:7)
    at process.onInternalMessage (node:internal/cluster/utils:49:5)
    at process.emit (node:events:530:35)
    at emit (node:internal/child_process:951:14)
    at process.processTicksAndRejections (node:internal/process/task_queues:83:21)
2024-04-30 23:36:32 error: uncaughtException: bind EADDRINUSE null:5000
Error: bind EADDRINUSE null:5000
    at listenOnPrimaryHandle (node:net:1969:18)
    at shared (node:internal/cluster/child:157:3)
    at Worker.<anonymous> (node:internal/cluster/child:110:7)
    at process.onInternalMessage (node:internal/cluster/utils:49:5)
    at process.emit (node:events:530:35)
    at emit (node:internal/child_process:951:14)
    at process.processTicksAndRejections (node:internal/process/task_queues:83:21)
2024-04-30 23:36:39 error: uncaughtException: bind EADDRINUSE null:5000
Error: bind EADDRINUSE null:5000
    at listenOnPrimaryHandle (node:net:1969:18)
    at shared (node:internal/cluster/child:157:3)
    at Worker.<anonymous> (node:internal/cluster/child:110:7)
    at process.onInternalMessage (node:internal/cluster/utils:49:5)
    at process.emit (node:events:530:35)
    at emit (node:internal/child_process:951:14)
    at process.processTicksAndRejections (node:internal/process/task_queues:83:21)
2024-04-30 23:36:40 error: uncaughtException: bind EADDRINUSE null:5000
Error: bind EADDRINUSE null:5000
    at listenOnPrimaryHandle (node:net:1969:18)
    at shared (node:internal/cluster/child:157:3)
    at Worker.<anonymous> (node:internal/cluster/child:110:7)
    at process.onInternalMessage (node:internal/cluster/utils:49:5)
    at process.emit (node:events:530:35)
    at emit (node:internal/child_process:951:14)
    at process.processTicksAndRejections (node:internal/process/task_queues:83:21)
2024-04-30 23:36:40 error: uncaughtException: bind EADDRINUSE null:5000
Error: bind EADDRINUSE null:5000
    at listenOnPrimaryHandle (node:net:1969:18)
    at shared (node:internal/cluster/child:157:3)
    at Worker.<anonymous> (node:internal/cluster/child:110:7)
    at process.onInternalMessage (node:internal/cluster/utils:49:5)
    at process.emit (node:events:530:35)
    at emit (node:internal/child_process:951:14)
    at process.processTicksAndRejections (node:internal/process/task_queues:83:21)
2024-04-30 23:36:40 error: uncaughtException: bind EADDRINUSE null:5000
Error: bind EADDRINUSE null:5000
    at listenOnPrimaryHandle (node:net:1969:18)
    at shared (node:internal/cluster/child:157:3)
    at Worker.<anonymous> (node:internal/cluster/child:110:7)
    at process.onInternalMessage (node:internal/cluster/utils:49:5)
    at process.emit (node:events:530:35)
    at emit (node:internal/child_process:951:14)
    at process.processTicksAndRejections (node:internal/process/task_queues:83:21)
2024-04-30 23:36:46 error: uncaughtException: bind EADDRINUSE null:5000
Error: bind EADDRINUSE null:5000
    at listenOnPrimaryHandle (node:net:1969:18)
    at shared (node:internal/cluster/child:157:3)
    at Worker.<anonymous> (node:internal/cluster/child:110:7)
    at process.onInternalMessage (node:internal/cluster/utils:49:5)
    at process.emit (node:events:530:35)
    at emit (node:internal/child_process:951:14)
    at process.processTicksAndRejections (node:internal/process/task_queues:83:21)
2024-04-30 23:36:48 error: uncaughtException: bind EADDRINUSE null:5000
Error: bind EADDRINUSE null:5000
    at listenOnPrimaryHandle (node:net:1969:18)
    at shared (node:internal/cluster/child:157:3)
    at Worker.<anonymous> (node:internal/cluster/child:110:7)
    at process.onInternalMessage (node:internal/cluster/utils:49:5)
    at process.emit (node:events:530:35)
    at emit (node:internal/child_process:951:14)
    at process.processTicksAndRejections (node:internal/process/task_queues:83:21)
2024-04-30 23:36:49 error: uncaughtException: bind EADDRINUSE null:5000
Error: bind EADDRINUSE null:5000
    at listenOnPrimaryHandle (node:net:1969:18)
    at shared (node:internal/cluster/child:157:3)
    at Worker.<anonymous> (node:internal/cluster/child:110:7)
    at process.onInternalMessage (node:internal/cluster/utils:49:5)
    at process.emit (node:events:530:35)
    at emit (node:internal/child_process:951:14)
    at process.processTicksAndRejections (node:internal/process/task_queues:83:21)
2024-04-30 23:36:59 error: uncaughtException: bind EADDRINUSE null:2000
Error: bind EADDRINUSE null:2000
    at listenOnPrimaryHandle (node:net:1969:18)
    at shared (node:internal/cluster/child:157:3)
    at Worker.<anonymous> (node:internal/cluster/child:110:7)
    at process.onInternalMessage (node:internal/cluster/utils:49:5)
    at process.emit (node:events:530:35)
    at emit (node:internal/child_process:951:14)
    at process.processTicksAndRejections (node:internal/process/task_queues:83:21)
2024-04-30 23:36:59 error: uncaughtException: bind EADDRINUSE null:2000
Error: bind EADDRINUSE null:2000
    at listenOnPrimaryHandle (node:net:1969:18)
    at shared (node:internal/cluster/child:157:3)
    at Worker.<anonymous> (node:internal/cluster/child:110:7)
    at process.onInternalMessage (node:internal/cluster/utils:49:5)
    at process.emit (node:events:530:35)
    at emit (node:internal/child_process:951:14)
    at process.processTicksAndRejections (node:internal/process/task_queues:83:21)
2024-04-30 23:36:59 error: uncaughtException: bind EADDRINUSE null:2000
Error: bind EADDRINUSE null:2000
    at listenOnPrimaryHandle (node:net:1969:18)
    at shared (node:internal/cluster/child:157:3)
    at Worker.<anonymous> (node:internal/cluster/child:110:7)
    at process.onInternalMessage (node:internal/cluster/utils:49:5)
    at process.emit (node:events:530:35)
    at emit (node:internal/child_process:951:14)
    at process.processTicksAndRejections (node:internal/process/task_queues:83:21)
2024-04-30 23:36:59 error: uncaughtException: bind EADDRINUSE null:2000
Error: bind EADDRINUSE null:2000
    at listenOnPrimaryHandle (node:net:1969:18)
    at shared (node:internal/cluster/child:157:3)
    at Worker.<anonymous> (node:internal/cluster/child:110:7)
    at process.onInternalMessage (node:internal/cluster/utils:49:5)
    at process.emit (node:events:530:35)
    at emit (node:internal/child_process:951:14)
    at process.processTicksAndRejections (node:internal/process/task_queues:83:21)
2024-04-30 23:37:06 error: uncaughtException: bind EADDRINUSE null:2000
Error: bind EADDRINUSE null:2000
    at listenOnPrimaryHandle (node:net:1969:18)
    at shared (node:internal/cluster/child:157:3)
    at Worker.<anonymous> (node:internal/cluster/child:110:7)
    at process.onInternalMessage (node:internal/cluster/utils:49:5)
    at process.emit (node:events:530:35)
    at emit (node:internal/child_process:951:14)
    at process.processTicksAndRejections (node:internal/process/task_queues:83:21)
2024-04-30 23:37:06 error: uncaughtException: bind EADDRINUSE null:2000
Error: bind EADDRINUSE null:2000
    at listenOnPrimaryHandle (node:net:1969:18)
    at shared (node:internal/cluster/child:157:3)
    at Worker.<anonymous> (node:internal/cluster/child:110:7)
    at process.onInternalMessage (node:internal/cluster/utils:49:5)
    at process.emit (node:events:530:35)
    at emit (node:internal/child_process:951:14)
    at process.processTicksAndRejections (node:internal/process/task_queues:83:21)
2024-04-30 23:37:06 error: uncaughtException: bind EADDRINUSE null:2000
Error: bind EADDRINUSE null:2000
    at listenOnPrimaryHandle (node:net:1969:18)
    at shared (node:internal/cluster/child:157:3)
    at Worker.<anonymous> (node:internal/cluster/child:110:7)
    at process.onInternalMessage (node:internal/cluster/utils:49:5)
    at process.emit (node:events:530:35)
    at emit (node:internal/child_process:951:14)
    at process.processTicksAndRejections (node:internal/process/task_queues:83:21)
2024-04-30 23:37:06 error: uncaughtException: bind EADDRINUSE null:2000
Error: bind EADDRINUSE null:2000
    at listenOnPrimaryHandle (node:net:1969:18)
    at shared (node:internal/cluster/child:157:3)
    at Worker.<anonymous> (node:internal/cluster/child:110:7)
    at process.onInternalMessage (node:internal/cluster/utils:49:5)
    at process.emit (node:events:530:35)
    at emit (node:internal/child_process:951:14)
    at process.processTicksAndRejections (node:internal/process/task_queues:83:21)
2024-04-30 23:37:13 error: uncaughtException: bind EADDRINUSE null:2000
Error: bind EADDRINUSE null:2000
    at listenOnPrimaryHandle (node:net:1969:18)
    at shared (node:internal/cluster/child:157:3)
    at Worker.<anonymous> (node:internal/cluster/child:110:7)
    at process.onInternalMessage (node:internal/cluster/utils:49:5)
    at process.emit (node:events:530:35)
    at emit (node:internal/child_process:951:14)
    at process.processTicksAndRejections (node:internal/process/task_queues:83:21)
2024-04-30 23:37:14 error: uncaughtException: bind EADDRINUSE null:2000
Error: bind EADDRINUSE null:2000
    at listenOnPrimaryHandle (node:net:1969:18)
    at shared (node:internal/cluster/child:157:3)
    at Worker.<anonymous> (node:internal/cluster/child:110:7)
    at process.onInternalMessage (node:internal/cluster/utils:49:5)
    at process.emit (node:events:530:35)
    at emit (node:internal/child_process:951:14)
    at process.processTicksAndRejections (node:internal/process/task_queues:83:21)
2024-04-30 23:37:14 error: uncaughtException: bind EADDRINUSE null:2000
Error: bind EADDRINUSE null:2000
    at listenOnPrimaryHandle (node:net:1969:18)
    at shared (node:internal/cluster/child:157:3)
    at Worker.<anonymous> (node:internal/cluster/child:110:7)
    at process.onInternalMessage (node:internal/cluster/utils:49:5)
    at process.emit (node:events:530:35)
    at emit (node:internal/child_process:951:14)
    at process.processTicksAndRejections (node:internal/process/task_queues:83:21)
2024-04-30 23:37:14 error: uncaughtException: bind EADDRINUSE null:2000
Error: bind EADDRINUSE null:2000
    at listenOnPrimaryHandle (node:net:1969:18)
    at shared (node:internal/cluster/child:157:3)
    at Worker.<anonymous> (node:internal/cluster/child:110:7)
    at process.onInternalMessage (node:internal/cluster/utils:49:5)
    at process.emit (node:events:530:35)
    at emit (node:internal/child_process:951:14)
    at process.processTicksAndRejections (node:internal/process/task_queues:83:21)
2024-04-30 23:37:21 error: uncaughtException: bind EADDRINUSE null:2000
Error: bind EADDRINUSE null:2000
    at listenOnPrimaryHandle (node:net:1969:18)
    at shared (node:internal/cluster/child:157:3)
    at Worker.<anonymous> (node:internal/cluster/child:110:7)
    at process.onInternalMessage (node:internal/cluster/utils:49:5)
    at process.emit (node:events:530:35)
    at emit (node:internal/child_process:951:14)
    at process.processTicksAndRejections (node:internal/process/task_queues:83:21)
2024-04-30 23:37:21 error: uncaughtException: bind EADDRINUSE null:2000
Error: bind EADDRINUSE null:2000
    at listenOnPrimaryHandle (node:net:1969:18)
    at shared (node:internal/cluster/child:157:3)
    at Worker.<anonymous> (node:internal/cluster/child:110:7)
    at process.onInternalMessage (node:internal/cluster/utils:49:5)
    at process.emit (node:events:530:35)
    at emit (node:internal/child_process:951:14)
    at process.processTicksAndRejections (node:internal/process/task_queues:83:21)
2024-04-30 23:37:21 error: uncaughtException: bind EADDRINUSE null:2000
Error: bind EADDRINUSE null:2000
    at listenOnPrimaryHandle (node:net:1969:18)
    at shared (node:internal/cluster/child:157:3)
    at Worker.<anonymous> (node:internal/cluster/child:110:7)
    at process.onInternalMessage (node:internal/cluster/utils:49:5)
    at process.emit (node:events:530:35)
    at emit (node:internal/child_process:951:14)
    at process.processTicksAndRejections (node:internal/process/task_queues:83:21)
2024-04-30 23:37:22 error: uncaughtException: bind EADDRINUSE null:2000
Error: bind EADDRINUSE null:2000
    at listenOnPrimaryHandle (node:net:1969:18)
    at shared (node:internal/cluster/child:157:3)
    at Worker.<anonymous> (node:internal/cluster/child:110:7)
    at process.onInternalMessage (node:internal/cluster/utils:49:5)
    at process.emit (node:events:530:35)
    at emit (node:internal/child_process:951:14)
    at process.processTicksAndRejections (node:internal/process/task_queues:83:21)
2024-04-30 23:37:29 error: uncaughtException: bind EADDRINUSE null:2000
Error: bind EADDRINUSE null:2000
    at listenOnPrimaryHandle (node:net:1969:18)
    at shared (node:internal/cluster/child:157:3)
    at Worker.<anonymous> (node:internal/cluster/child:110:7)
    at process.onInternalMessage (node:internal/cluster/utils:49:5)
    at process.emit (node:events:530:35)
    at emit (node:internal/child_process:951:14)
    at process.processTicksAndRejections (node:internal/process/task_queues:83:21)
2024-04-30 23:37:30 error: uncaughtException: bind EADDRINUSE null:2000
Error: bind EADDRINUSE null:2000
    at listenOnPrimaryHandle (node:net:1969:18)
    at shared (node:internal/cluster/child:157:3)
    at Worker.<anonymous> (node:internal/cluster/child:110:7)
    at process.onInternalMessage (node:internal/cluster/utils:49:5)
    at process.emit (node:events:530:35)
    at emit (node:internal/child_process:951:14)
    at process.processTicksAndRejections (node:internal/process/task_queues:83:21)
2024-04-30 23:37:30 error: uncaughtException: bind EADDRINUSE null:2000
Error: bind EADDRINUSE null:2000
    at listenOnPrimaryHandle (node:net:1969:18)
    at shared (node:internal/cluster/child:157:3)
    at Worker.<anonymous> (node:internal/cluster/child:110:7)
    at process.onInternalMessage (node:internal/cluster/utils:49:5)
    at process.emit (node:events:530:35)
    at emit (node:internal/child_process:951:14)
    at process.processTicksAndRejections (node:internal/process/task_queues:83:21)
2024-04-30 23:37:31 error: uncaughtException: bind EADDRINUSE null:2000
Error: bind EADDRINUSE null:2000
    at listenOnPrimaryHandle (node:net:1969:18)
    at shared (node:internal/cluster/child:157:3)
    at Worker.<anonymous> (node:internal/cluster/child:110:7)
    at process.onInternalMessage (node:internal/cluster/utils:49:5)
    at process.emit (node:events:530:35)
    at emit (node:internal/child_process:951:14)
    at process.processTicksAndRejections (node:internal/process/task_queues:83:21)
2024-04-30 23:37:48 error: uncaughtException: bind EADDRINUSE null:2000
Error: bind EADDRINUSE null:2000
    at listenOnPrimaryHandle (node:net:1969:18)
    at shared (node:internal/cluster/child:157:3)
    at Worker.<anonymous> (node:internal/cluster/child:110:7)
    at process.onInternalMessage (node:internal/cluster/utils:49:5)
    at process.emit (node:events:530:35)
    at emit (node:internal/child_process:951:14)
    at process.processTicksAndRejections (node:internal/process/task_queues:83:21)
2024-04-30 23:37:48 error: uncaughtException: bind EADDRINUSE null:2000
Error: bind EADDRINUSE null:2000
    at listenOnPrimaryHandle (node:net:1969:18)
    at shared (node:internal/cluster/child:157:3)
    at Worker.<anonymous> (node:internal/cluster/child:110:7)
    at process.onInternalMessage (node:internal/cluster/utils:49:5)
    at process.emit (node:events:530:35)
    at emit (node:internal/child_process:951:14)
    at process.processTicksAndRejections (node:internal/process/task_queues:83:21)
2024-04-30 23:37:48 error: uncaughtException: bind EADDRINUSE null:2000
Error: bind EADDRINUSE null:2000
    at listenOnPrimaryHandle (node:net:1969:18)
    at shared (node:internal/cluster/child:157:3)
    at Worker.<anonymous> (node:internal/cluster/child:110:7)
    at process.onInternalMessage (node:internal/cluster/utils:49:5)
    at process.emit (node:events:530:35)
    at emit (node:internal/child_process:951:14)
    at process.processTicksAndRejections (node:internal/process/task_queues:83:21)
2024-04-30 23:37:48 error: uncaughtException: bind EADDRINUSE null:2000
Error: bind EADDRINUSE null:2000
    at listenOnPrimaryHandle (node:net:1969:18)
    at shared (node:internal/cluster/child:157:3)
    at Worker.<anonymous> (node:internal/cluster/child:110:7)
    at process.onInternalMessage (node:internal/cluster/utils:49:5)
    at process.emit (node:events:530:35)
    at emit (node:internal/child_process:951:14)
    at process.processTicksAndRejections (node:internal/process/task_queues:83:21)
2024-04-30 23:38:02 error: uncaughtException: bind EADDRINUSE null:2000
Error: bind EADDRINUSE null:2000
    at listenOnPrimaryHandle (node:net:1969:18)
    at shared (node:internal/cluster/child:157:3)
    at Worker.<anonymous> (node:internal/cluster/child:110:7)
    at process.onInternalMessage (node:internal/cluster/utils:49:5)
    at process.emit (node:events:530:35)
    at emit (node:internal/child_process:951:14)
    at process.processTicksAndRejections (node:internal/process/task_queues:83:21)
2024-04-30 23:38:02 error: uncaughtException: bind EADDRINUSE null:2000
Error: bind EADDRINUSE null:2000
    at listenOnPrimaryHandle (node:net:1969:18)
    at shared (node:internal/cluster/child:157:3)
    at Worker.<anonymous> (node:internal/cluster/child:110:7)
    at process.onInternalMessage (node:internal/cluster/utils:49:5)
    at process.emit (node:events:530:35)
    at emit (node:internal/child_process:951:14)
    at process.processTicksAndRejections (node:internal/process/task_queues:83:21)
2024-04-30 23:38:02 error: uncaughtException: bind EADDRINUSE null:2000
Error: bind EADDRINUSE null:2000
    at listenOnPrimaryHandle (node:net:1969:18)
    at shared (node:internal/cluster/child:157:3)
    at Worker.<anonymous> (node:internal/cluster/child:110:7)
    at process.onInternalMessage (node:internal/cluster/utils:49:5)
    at process.emit (node:events:530:35)
    at emit (node:internal/child_process:951:14)
    at process.processTicksAndRejections (node:internal/process/task_queues:83:21)
2024-04-30 23:38:03 error: uncaughtException: bind EADDRINUSE null:2000
Error: bind EADDRINUSE null:2000
    at listenOnPrimaryHandle (node:net:1969:18)
    at shared (node:internal/cluster/child:157:3)
    at Worker.<anonymous> (node:internal/cluster/child:110:7)
    at process.onInternalMessage (node:internal/cluster/utils:49:5)
    at process.emit (node:events:530:35)
    at emit (node:internal/child_process:951:14)
    at process.processTicksAndRejections (node:internal/process/task_queues:83:21)
