2024-02-21 11:21:20 error: EmailService.sendMail is not a function
2024-02-21 11:22:49 error: TypeError: EmailService.sendMail is not a function,    at AuthService.sendOtp (G:\Programming\projects\FullStack\MERN Blog\server\src\service\AuthService.js:10:24),    at G:\Programming\projects\FullStack\MERN Blog\server\src\controllers\auth.js:13:36,    at G:\Programming\projects\FullStack\MERN Blog\server\src\middlewarers\catchAsyncErrors.js:7:19,    at Layer.handle [as handle_request] (G:\Programming\projects\FullStack\MERN Blog\server\node_modules\express\lib\router\layer.js:95:5),    at next (G:\Programming\projects\FullStack\MERN Blog\server\node_modules\express\lib\router\route.js:144:13),    at Route.dispatch (G:\Programming\projects\FullStack\MERN Blog\server\node_modules\express\lib\router\route.js:114:3),    at Layer.handle [as handle_request] (G:\Programming\projects\FullStack\MERN Blog\server\node_modules\express\lib\router\layer.js:95:5),    at G:\Programming\projects\FullStack\MERN Blog\server\node_modules\express\lib\router\index.js:284:15,    at Function.process_params (G:\Programming\projects\FullStack\MERN Blog\server\node_modules\express\lib\router\index.js:346:12),    at next (G:\Programming\projects\FullStack\MERN Blog\server\node_modules\express\lib\router\index.js:280:10)
2024-02-21 11:25:14 error: uncaughtException: sendEmail is not defined
ReferenceError: sendEmail is not defined
    at Object.<anonymous> (G:\Programming\projects\FullStack\MERN Blog\server\src\service\EmailService.js:34:3)
    at Module._compile (node:internal/modules/cjs/loader:1376:14)
    at Module._extensions..js (node:internal/modules/cjs/loader:1435:10)
    at Module.load (node:internal/modules/cjs/loader:1207:32)
    at Module._load (node:internal/modules/cjs/loader:1023:12)
    at Module.require (node:internal/modules/cjs/loader:1235:19)
    at require (node:internal/modules/helpers:176:18)
    at Object.<anonymous> (G:\Programming\projects\FullStack\MERN Blog\server\src\controllers\auth.js:3:22)
    at Module._compile (node:internal/modules/cjs/loader:1376:14)
    at Module._extensions..js (node:internal/modules/cjs/loader:1435:10)
2024-02-21 11:25:40 error: TypeError: EmailService.sendMail is not a function,    at AuthService.sendOtp (G:\Programming\projects\FullStack\MERN Blog\server\src\service\AuthService.js:10:24),    at G:\Programming\projects\FullStack\MERN Blog\server\src\controllers\auth.js:13:36,    at G:\Programming\projects\FullStack\MERN Blog\server\src\middlewarers\catchAsyncErrors.js:7:19,    at Layer.handle [as handle_request] (G:\Programming\projects\FullStack\MERN Blog\server\node_modules\express\lib\router\layer.js:95:5),    at next (G:\Programming\projects\FullStack\MERN Blog\server\node_modules\express\lib\router\route.js:144:13),    at Route.dispatch (G:\Programming\projects\FullStack\MERN Blog\server\node_modules\express\lib\router\route.js:114:3),    at Layer.handle [as handle_request] (G:\Programming\projects\FullStack\MERN Blog\server\node_modules\express\lib\router\layer.js:95:5),    at G:\Programming\projects\FullStack\MERN Blog\server\node_modules\express\lib\router\index.js:284:15,    at Function.process_params (G:\Programming\projects\FullStack\MERN Blog\server\node_modules\express\lib\router\index.js:346:12),    at next (G:\Programming\projects\FullStack\MERN Blog\server\node_modules\express\lib\router\index.js:280:10)
2024-02-21 11:26:12 error: ReferenceError: serverError is not defined,    at EmailService.sendEmail (G:\Programming\projects\FullStack\MERN Blog\server\src\service\EmailService.js:28:7),    at AuthService.sendOtp (G:\Programming\projects\FullStack\MERN Blog\server\src\service\AuthService.js:10:24),    at G:\Programming\projects\FullStack\MERN Blog\server\src\controllers\auth.js:13:36,    at G:\Programming\projects\FullStack\MERN Blog\server\src\middlewarers\catchAsyncErrors.js:7:19,    at Layer.handle [as handle_request] (G:\Programming\projects\FullStack\MERN Blog\server\node_modules\express\lib\router\layer.js:95:5),    at next (G:\Programming\projects\FullStack\MERN Blog\server\node_modules\express\lib\router\route.js:144:13),    at Route.dispatch (G:\Programming\projects\FullStack\MERN Blog\server\node_modules\express\lib\router\route.js:114:3),    at Layer.handle [as handle_request] (G:\Programming\projects\FullStack\MERN Blog\server\node_modules\express\lib\router\layer.js:95:5),    at G:\Programming\projects\FullStack\MERN Blog\server\node_modules\express\lib\router\index.js:284:15,    at Function.process_params (G:\Programming\projects\FullStack\MERN Blog\server\node_modules\express\lib\router\index.js:346:12)
2024-02-21 11:26:44 error: TypeError: serverError is not a constructor,    at EmailService.sendEmail (G:\Programming\projects\FullStack\MERN Blog\server\src\service\EmailService.js:28:13),    at AuthService.sendOtp (G:\Programming\projects\FullStack\MERN Blog\server\src\service\AuthService.js:10:24),    at G:\Programming\projects\FullStack\MERN Blog\server\src\controllers\auth.js:13:36,    at G:\Programming\projects\FullStack\MERN Blog\server\src\middlewarers\catchAsyncErrors.js:7:19,    at Layer.handle [as handle_request] (G:\Programming\projects\FullStack\MERN Blog\server\node_modules\express\lib\router\layer.js:95:5),    at next (G:\Programming\projects\FullStack\MERN Blog\server\node_modules\express\lib\router\route.js:144:13),    at Route.dispatch (G:\Programming\projects\FullStack\MERN Blog\server\node_modules\express\lib\router\route.js:114:3),    at Layer.handle [as handle_request] (G:\Programming\projects\FullStack\MERN Blog\server\node_modules\express\lib\router\layer.js:95:5),    at G:\Programming\projects\FullStack\MERN Blog\server\node_modules\express\lib\router\index.js:284:15,    at Function.process_params (G:\Programming\projects\FullStack\MERN Blog\server\node_modules\express\lib\router\index.js:346:12)
2024-02-21 11:27:36 error: TypeError: serverError is not a constructor,    at EmailService.sendEmail (G:\Programming\projects\FullStack\MERN Blog\server\src\service\EmailService.js:28:13),    at AuthService.sendOtp (G:\Programming\projects\FullStack\MERN Blog\server\src\service\AuthService.js:10:24),    at G:\Programming\projects\FullStack\MERN Blog\server\src\controllers\auth.js:13:36,    at G:\Programming\projects\FullStack\MERN Blog\server\src\middlewarers\catchAsyncErrors.js:7:19,    at Layer.handle [as handle_request] (G:\Programming\projects\FullStack\MERN Blog\server\node_modules\express\lib\router\layer.js:95:5),    at next (G:\Programming\projects\FullStack\MERN Blog\server\node_modules\express\lib\router\route.js:144:13),    at Route.dispatch (G:\Programming\projects\FullStack\MERN Blog\server\node_modules\express\lib\router\route.js:114:3),    at Layer.handle [as handle_request] (G:\Programming\projects\FullStack\MERN Blog\server\node_modules\express\lib\router\layer.js:95:5),    at G:\Programming\projects\FullStack\MERN Blog\server\node_modules\express\lib\router\index.js:284:15,    at Function.process_params (G:\Programming\projects\FullStack\MERN Blog\server\node_modules\express\lib\router\index.js:346:12)
2024-02-21 11:30:40 error: uncaughtException: NodeMailerService is not defined
ReferenceError: NodeMailerService is not defined
    at Object.<anonymous> (G:\Programming\projects\FullStack\MERN Blog\server\src\service\EmailService.js:4:28)
    at Module._compile (node:internal/modules/cjs/loader:1376:14)
    at Module._extensions..js (node:internal/modules/cjs/loader:1435:10)
    at Module.load (node:internal/modules/cjs/loader:1207:32)
    at Module._load (node:internal/modules/cjs/loader:1023:12)
    at Module.require (node:internal/modules/cjs/loader:1235:19)
    at require (node:internal/modules/helpers:176:18)
    at Object.<anonymous> (G:\Programming\projects\FullStack\MERN Blog\server\src\controllers\auth.js:3:22)
    at Module._compile (node:internal/modules/cjs/loader:1376:14)
    at Module._extensions..js (node:internal/modules/cjs/loader:1435:10)
2024-02-21 11:31:49 error: uncaughtException: Unexpected token ';'
G:\Programming\projects\FullStack\MERN Blog\server\src\service\EmailService.js:18
      let info =;
                ^

SyntaxError: Unexpected token ';'
    at internalCompileFunction (node:internal/vm:77:18)
    at wrapSafe (node:internal/modules/cjs/loader:1288:20)
    at Module._compile (node:internal/modules/cjs/loader:1340:27)
    at Module._extensions..js (node:internal/modules/cjs/loader:1435:10)
    at Module.load (node:internal/modules/cjs/loader:1207:32)
    at Module._load (node:internal/modules/cjs/loader:1023:12)
    at Module.require (node:internal/modules/cjs/loader:1235:19)
    at require (node:internal/modules/helpers:176:18)
    at Object.<anonymous> (G:\Programming\projects\FullStack\MERN Blog\server\src\controllers\auth.js:3:22)
    at Module._compile (node:internal/modules/cjs/loader:1376:14)
2024-02-21 11:37:18 error: Error: Internal Server Error,    at serverError (G:\Programming\projects\FullStack\MERN Blog\server\src\utils\error.js:26:17),    at EmailService.sendEmail (G:\Programming\projects\FullStack\MERN Blog\server\src\service\EmailService.js:20:13),    at AuthService.sendOtp (G:\Programming\projects\FullStack\MERN Blog\server\src\service\AuthService.js:10:24),    at G:\Programming\projects\FullStack\MERN Blog\server\src\controllers\auth.js:13:36,    at G:\Programming\projects\FullStack\MERN Blog\server\src\middlewarers\catchAsyncErrors.js:7:19,    at Layer.handle [as handle_request] (G:\Programming\projects\FullStack\MERN Blog\server\node_modules\express\lib\router\layer.js:95:5),    at next (G:\Programming\projects\FullStack\MERN Blog\server\node_modules\express\lib\router\route.js:144:13),    at Route.dispatch (G:\Programming\projects\FullStack\MERN Blog\server\node_modules\express\lib\router\route.js:114:3),    at Layer.handle [as handle_request] (G:\Programming\projects\FullStack\MERN Blog\server\node_modules\express\lib\router\layer.js:95:5),    at G:\Programming\projects\FullStack\MERN Blog\server\node_modules\express\lib\router\index.js:284:15
2024-02-21 12:15:10 error: Error: Internal Server Error,    at serverError (G:\Programming\projects\FullStack\MERN Blog\server\src\utils\error.js:26:17),    at EmailService.sendEmail (G:\Programming\projects\FullStack\MERN Blog\server\src\service\EmailService.js:20:13),    at AuthService.sendOtp (G:\Programming\projects\FullStack\MERN Blog\server\src\service\AuthService.js:10:24),    at G:\Programming\projects\FullStack\MERN Blog\server\src\controllers\auth.js:13:36,    at G:\Programming\projects\FullStack\MERN Blog\server\src\middlewarers\catchAsyncErrors.js:7:19,    at Layer.handle [as handle_request] (G:\Programming\projects\FullStack\MERN Blog\server\node_modules\express\lib\router\layer.js:95:5),    at next (G:\Programming\projects\FullStack\MERN Blog\server\node_modules\express\lib\router\route.js:144:13),    at Route.dispatch (G:\Programming\projects\FullStack\MERN Blog\server\node_modules\express\lib\router\route.js:114:3),    at Layer.handle [as handle_request] (G:\Programming\projects\FullStack\MERN Blog\server\node_modules\express\lib\router\layer.js:95:5),    at G:\Programming\projects\FullStack\MERN Blog\server\node_modules\express\lib\router\index.js:284:15
2024-02-21 12:21:00 error: Error: Internal Server Error,    at serverError (G:\Programming\projects\FullStack\MERN Blog\server\src\utils\error.js:26:17),    at EmailService.sendEmail (G:\Programming\projects\FullStack\MERN Blog\server\src\service\EmailService.js:20:13),    at AuthService.sendOtp (G:\Programming\projects\FullStack\MERN Blog\server\src\service\AuthService.js:10:24),    at G:\Programming\projects\FullStack\MERN Blog\server\src\controllers\auth.js:13:36,    at G:\Programming\projects\FullStack\MERN Blog\server\src\middlewarers\catchAsyncErrors.js:7:19,    at Layer.handle [as handle_request] (G:\Programming\projects\FullStack\MERN Blog\server\node_modules\express\lib\router\layer.js:95:5),    at next (G:\Programming\projects\FullStack\MERN Blog\server\node_modules\express\lib\router\route.js:144:13),    at Route.dispatch (G:\Programming\projects\FullStack\MERN Blog\server\node_modules\express\lib\router\route.js:114:3),    at Layer.handle [as handle_request] (G:\Programming\projects\FullStack\MERN Blog\server\node_modules\express\lib\router\layer.js:95:5),    at G:\Programming\projects\FullStack\MERN Blog\server\node_modules\express\lib\router\index.js:284:15
2024-02-21 12:22:18 error: Error: Internal Server Error,    at serverError (G:\Programming\projects\FullStack\MERN Blog\server\src\utils\error.js:26:17),    at EmailService.sendEmail (G:\Programming\projects\FullStack\MERN Blog\server\src\service\EmailService.js:20:13),    at AuthService.sendOtp (G:\Programming\projects\FullStack\MERN Blog\server\src\service\AuthService.js:10:24),    at G:\Programming\projects\FullStack\MERN Blog\server\src\controllers\auth.js:13:36,    at G:\Programming\projects\FullStack\MERN Blog\server\src\middlewarers\catchAsyncErrors.js:7:19,    at Layer.handle [as handle_request] (G:\Programming\projects\FullStack\MERN Blog\server\node_modules\express\lib\router\layer.js:95:5),    at next (G:\Programming\projects\FullStack\MERN Blog\server\node_modules\express\lib\router\route.js:144:13),    at Route.dispatch (G:\Programming\projects\FullStack\MERN Blog\server\node_modules\express\lib\router\route.js:114:3),    at Layer.handle [as handle_request] (G:\Programming\projects\FullStack\MERN Blog\server\node_modules\express\lib\router\layer.js:95:5),    at G:\Programming\projects\FullStack\MERN Blog\server\node_modules\express\lib\router\index.js:284:15
2024-02-21 12:23:01 error: Error: Internal Server Error,    at serverError (G:\Programming\projects\FullStack\MERN Blog\server\src\utils\error.js:26:17),    at EmailService.sendEmail (G:\Programming\projects\FullStack\MERN Blog\server\src\service\EmailService.js:20:13),    at AuthService.sendOtp (G:\Programming\projects\FullStack\MERN Blog\server\src\service\AuthService.js:10:24),    at G:\Programming\projects\FullStack\MERN Blog\server\src\controllers\auth.js:13:36,    at G:\Programming\projects\FullStack\MERN Blog\server\src\middlewarers\catchAsyncErrors.js:7:19,    at Layer.handle [as handle_request] (G:\Programming\projects\FullStack\MERN Blog\server\node_modules\express\lib\router\layer.js:95:5),    at next (G:\Programming\projects\FullStack\MERN Blog\server\node_modules\express\lib\router\route.js:144:13),    at Route.dispatch (G:\Programming\projects\FullStack\MERN Blog\server\node_modules\express\lib\router\route.js:114:3),    at Layer.handle [as handle_request] (G:\Programming\projects\FullStack\MERN Blog\server\node_modules\express\lib\router\layer.js:95:5),    at G:\Programming\projects\FullStack\MERN Blog\server\node_modules\express\lib\router\index.js:284:15
2024-02-21 12:23:18 error: Error: Internal Server Error,    at serverError (G:\Programming\projects\FullStack\MERN Blog\server\src\utils\error.js:26:17),    at EmailService.sendEmail (G:\Programming\projects\FullStack\MERN Blog\server\src\service\EmailService.js:20:13),    at AuthService.sendOtp (G:\Programming\projects\FullStack\MERN Blog\server\src\service\AuthService.js:10:24),    at G:\Programming\projects\FullStack\MERN Blog\server\src\controllers\auth.js:13:36,    at G:\Programming\projects\FullStack\MERN Blog\server\src\middlewarers\catchAsyncErrors.js:7:19,    at Layer.handle [as handle_request] (G:\Programming\projects\FullStack\MERN Blog\server\node_modules\express\lib\router\layer.js:95:5),    at next (G:\Programming\projects\FullStack\MERN Blog\server\node_modules\express\lib\router\route.js:144:13),    at Route.dispatch (G:\Programming\projects\FullStack\MERN Blog\server\node_modules\express\lib\router\route.js:114:3),    at Layer.handle [as handle_request] (G:\Programming\projects\FullStack\MERN Blog\server\node_modules\express\lib\router\layer.js:95:5),    at G:\Programming\projects\FullStack\MERN Blog\server\node_modules\express\lib\router\index.js:284:15
2024-02-21 12:31:26 error: uncaughtException: Unexpected strict mode reserved word
G:\Programming\projects\FullStack\MERN Blog\server\src\service\NodeMailerService.js:6
    static transporter = nodemailer.createTransport({
    ^^^^^^

SyntaxError: Unexpected strict mode reserved word
    at internalCompileFunction (node:internal/vm:77:18)
    at wrapSafe (node:internal/modules/cjs/loader:1288:20)
    at Module._compile (node:internal/modules/cjs/loader:1340:27)
    at Module._extensions..js (node:internal/modules/cjs/loader:1435:10)
    at Module.load (node:internal/modules/cjs/loader:1207:32)
    at Module._load (node:internal/modules/cjs/loader:1023:12)
    at Module.require (node:internal/modules/cjs/loader:1235:19)
    at require (node:internal/modules/helpers:176:18)
    at Object.<anonymous> (G:\Programming\projects\FullStack\MERN Blog\server\src\service\EmailService.js:2:27)
    at Module._compile (node:internal/modules/cjs/loader:1376:14)
2024-02-21 12:31:29 error: uncaughtException: Unexpected strict mode reserved word
G:\Programming\projects\FullStack\MERN Blog\server\src\service\NodeMailerService.js:6
    static transporter = nodemailer.createTransport({
    ^^^^^^

SyntaxError: Unexpected strict mode reserved word
    at internalCompileFunction (node:internal/vm:77:18)
    at wrapSafe (node:internal/modules/cjs/loader:1288:20)
    at Module._compile (node:internal/modules/cjs/loader:1340:27)
    at Module._extensions..js (node:internal/modules/cjs/loader:1435:10)
    at Module.load (node:internal/modules/cjs/loader:1207:32)
    at Module._load (node:internal/modules/cjs/loader:1023:12)
    at Module.require (node:internal/modules/cjs/loader:1235:19)
    at require (node:internal/modules/helpers:176:18)
    at Object.<anonymous> (G:\Programming\projects\FullStack\MERN Blog\server\src\service\EmailService.js:2:27)
    at Module._compile (node:internal/modules/cjs/loader:1376:14)
2024-02-21 12:31:53 error: Error: Internal Server Error,    at serverError (G:\Programming\projects\FullStack\MERN Blog\server\src\utils\error.js:26:17),    at EmailService.sendEmail (G:\Programming\projects\FullStack\MERN Blog\server\src\service\EmailService.js:20:13),    at AuthService.sendOtp (G:\Programming\projects\FullStack\MERN Blog\server\src\service\AuthService.js:10:24),    at G:\Programming\projects\FullStack\MERN Blog\server\src\controllers\auth.js:13:36,    at G:\Programming\projects\FullStack\MERN Blog\server\src\middlewarers\catchAsyncErrors.js:7:19,    at Layer.handle [as handle_request] (G:\Programming\projects\FullStack\MERN Blog\server\node_modules\express\lib\router\layer.js:95:5),    at next (G:\Programming\projects\FullStack\MERN Blog\server\node_modules\express\lib\router\route.js:144:13),    at Route.dispatch (G:\Programming\projects\FullStack\MERN Blog\server\node_modules\express\lib\router\route.js:114:3),    at Layer.handle [as handle_request] (G:\Programming\projects\FullStack\MERN Blog\server\node_modules\express\lib\router\layer.js:95:5),    at G:\Programming\projects\FullStack\MERN Blog\server\node_modules\express\lib\router\index.js:284:15
2024-02-21 12:34:30 error: Error: Internal Server Error,    at serverError (G:\Programming\projects\FullStack\MERN Blog\server\src\utils\error.js:26:17),    at EmailService.sendEmail (G:\Programming\projects\FullStack\MERN Blog\server\src\service\EmailService.js:20:13),    at AuthService.sendOtp (G:\Programming\projects\FullStack\MERN Blog\server\src\service\AuthService.js:10:24),    at G:\Programming\projects\FullStack\MERN Blog\server\src\controllers\auth.js:13:36,    at G:\Programming\projects\FullStack\MERN Blog\server\src\middlewarers\catchAsyncErrors.js:7:19,    at Layer.handle [as handle_request] (G:\Programming\projects\FullStack\MERN Blog\server\node_modules\express\lib\router\layer.js:95:5),    at next (G:\Programming\projects\FullStack\MERN Blog\server\node_modules\express\lib\router\route.js:144:13),    at Route.dispatch (G:\Programming\projects\FullStack\MERN Blog\server\node_modules\express\lib\router\route.js:114:3),    at Layer.handle [as handle_request] (G:\Programming\projects\FullStack\MERN Blog\server\node_modules\express\lib\router\layer.js:95:5),    at G:\Programming\projects\FullStack\MERN Blog\server\node_modules\express\lib\router\index.js:284:15
2024-02-21 12:34:56 error: Error: Internal Server Error,    at serverError (G:\Programming\projects\FullStack\MERN Blog\server\src\utils\error.js:26:17),    at EmailService.sendEmail (G:\Programming\projects\FullStack\MERN Blog\server\src\service\EmailService.js:20:13),    at AuthService.sendOtp (G:\Programming\projects\FullStack\MERN Blog\server\src\service\AuthService.js:10:24),    at G:\Programming\projects\FullStack\MERN Blog\server\src\controllers\auth.js:13:36,    at G:\Programming\projects\FullStack\MERN Blog\server\src\middlewarers\catchAsyncErrors.js:7:19,    at Layer.handle [as handle_request] (G:\Programming\projects\FullStack\MERN Blog\server\node_modules\express\lib\router\layer.js:95:5),    at next (G:\Programming\projects\FullStack\MERN Blog\server\node_modules\express\lib\router\route.js:144:13),    at Route.dispatch (G:\Programming\projects\FullStack\MERN Blog\server\node_modules\express\lib\router\route.js:114:3),    at Layer.handle [as handle_request] (G:\Programming\projects\FullStack\MERN Blog\server\node_modules\express\lib\router\layer.js:95:5),    at G:\Programming\projects\FullStack\MERN Blog\server\node_modules\express\lib\router\index.js:284:15
