2024-03-15 01:28:38 error: uncaughtException: jwt expired
TokenExpiredError: jwt expired
    at G:\Programming\projects\FullStack\MERN Blog\server\node_modules\jsonwebtoken\verify.js:190:21
    at getSecret (G:\Programming\projects\FullStack\MERN Blog\server\node_modules\jsonwebtoken\verify.js:97:14)
    at Object.module.exports [as verify] (G:\Programming\projects\FullStack\MERN Blog\server\node_modules\jsonwebtoken\verify.js:101:10)
    at verifyToken (G:\Programming\projects\FullStack\MERN Blog\server\src\utils\token.js:21:14)
    at G:\Programming\projects\FullStack\MERN Blog\server\src\middlewarers\authMiddleware.js:10:21
    at Layer.handle [as handle_request] (G:\Programming\projects\FullStack\MERN Blog\server\node_modules\express\lib\router\layer.js:95:5)
    at trim_prefix (G:\Programming\projects\FullStack\MERN Blog\server\node_modules\express\lib\router\index.js:328:13)
    at G:\Programming\projects\FullStack\MERN Blog\server\node_modules\express\lib\router\index.js:286:9
    at Function.process_params (G:\Programming\projects\FullStack\MERN Blog\server\node_modules\express\lib\router\index.js:346:12)
    at next (G:\Programming\projects\FullStack\MERN Blog\server\node_modules\express\lib\router\index.js:280:10)
2024-03-15 01:30:04 error: uncaughtException: jwt expired
TokenExpiredError: jwt expired
    at G:\Programming\projects\FullStack\MERN Blog\server\node_modules\jsonwebtoken\verify.js:190:21
    at getSecret (G:\Programming\projects\FullStack\MERN Blog\server\node_modules\jsonwebtoken\verify.js:97:14)
    at Object.module.exports [as verify] (G:\Programming\projects\FullStack\MERN Blog\server\node_modules\jsonwebtoken\verify.js:101:10)
    at verifyToken (G:\Programming\projects\FullStack\MERN Blog\server\src\utils\token.js:21:14)
    at G:\Programming\projects\FullStack\MERN Blog\server\src\middlewarers\authMiddleware.js:10:21
    at Layer.handle [as handle_request] (G:\Programming\projects\FullStack\MERN Blog\server\node_modules\express\lib\router\layer.js:95:5)
    at trim_prefix (G:\Programming\projects\FullStack\MERN Blog\server\node_modules\express\lib\router\index.js:328:13)
    at G:\Programming\projects\FullStack\MERN Blog\server\node_modules\express\lib\router\index.js:286:9
    at Function.process_params (G:\Programming\projects\FullStack\MERN Blog\server\node_modules\express\lib\router\index.js:346:12)
    at next (G:\Programming\projects\FullStack\MERN Blog\server\node_modules\express\lib\router\index.js:280:10)
2024-03-15 01:31:55 error: uncaughtException: jwt expired
TokenExpiredError: jwt expired
    at G:\Programming\projects\FullStack\MERN Blog\server\node_modules\jsonwebtoken\verify.js:190:21
    at getSecret (G:\Programming\projects\FullStack\MERN Blog\server\node_modules\jsonwebtoken\verify.js:97:14)
    at Object.module.exports [as verify] (G:\Programming\projects\FullStack\MERN Blog\server\node_modules\jsonwebtoken\verify.js:101:10)
    at verifyToken (G:\Programming\projects\FullStack\MERN Blog\server\src\utils\token.js:21:14)
    at G:\Programming\projects\FullStack\MERN Blog\server\src\middlewarers\authMiddleware.js:10:21
    at Layer.handle [as handle_request] (G:\Programming\projects\FullStack\MERN Blog\server\node_modules\express\lib\router\layer.js:95:5)
    at trim_prefix (G:\Programming\projects\FullStack\MERN Blog\server\node_modules\express\lib\router\index.js:328:13)
    at G:\Programming\projects\FullStack\MERN Blog\server\node_modules\express\lib\router\index.js:286:9
    at Function.process_params (G:\Programming\projects\FullStack\MERN Blog\server\node_modules\express\lib\router\index.js:346:12)
    at next (G:\Programming\projects\FullStack\MERN Blog\server\node_modules\express\lib\router\index.js:280:10)
2024-03-15 15:16:59 error: uncaughtException: jwt expired
TokenExpiredError: jwt expired
    at G:\Programming\projects\FullStack\MERN Blog\server\node_modules\jsonwebtoken\verify.js:190:21
    at getSecret (G:\Programming\projects\FullStack\MERN Blog\server\node_modules\jsonwebtoken\verify.js:97:14)
    at Object.module.exports [as verify] (G:\Programming\projects\FullStack\MERN Blog\server\node_modules\jsonwebtoken\verify.js:101:10)
    at verifyToken (G:\Programming\projects\FullStack\MERN Blog\server\src\utils\token.js:21:14)
    at G:\Programming\projects\FullStack\MERN Blog\server\src\middlewarers\authMiddleware.js:10:21
    at Layer.handle [as handle_request] (G:\Programming\projects\FullStack\MERN Blog\server\node_modules\express\lib\router\layer.js:95:5)
    at trim_prefix (G:\Programming\projects\FullStack\MERN Blog\server\node_modules\express\lib\router\index.js:328:13)
    at G:\Programming\projects\FullStack\MERN Blog\server\node_modules\express\lib\router\index.js:286:9
    at Function.process_params (G:\Programming\projects\FullStack\MERN Blog\server\node_modules\express\lib\router\index.js:346:12)
    at next (G:\Programming\projects\FullStack\MERN Blog\server\node_modules\express\lib\router\index.js:280:10)
2024-03-15 16:40:02 error: TypeError: Cannot read properties of undefined (reading 'path'),    at ArticleService.create (G:\Programming\projects\FullStack\MERN Blog\server\src\service\ArticleService.js:9:63),    at G:\Programming\projects\FullStack\MERN Blog\server\src\controllers\article.js:14:41,    at G:\Programming\projects\FullStack\MERN Blog\server\src\middlewarers\catchAsyncErrors.js:7:19,    at Layer.handle [as handle_request] (G:\Programming\projects\FullStack\MERN Blog\server\node_modules\express\lib\router\layer.js:95:5),    at next (G:\Programming\projects\FullStack\MERN Blog\server\node_modules\express\lib\router\route.js:144:13),    at requestValidation (G:\Programming\projects\FullStack\MERN Blog\server\src\middlewarers\requestValidationMiddleware.js:13:3),    at Layer.handle [as handle_request] (G:\Programming\projects\FullStack\MERN Blog\server\node_modules\express\lib\router\layer.js:95:5),    at next (G:\Programming\projects\FullStack\MERN Blog\server\node_modules\express\lib\router\route.js:144:13),    at middleware (G:\Programming\projects\FullStack\MERN Blog\server\node_modules\express-validator\src\middlewares\check.js:16:13),    at runMicrotasks (<anonymous>)
2024-03-15 16:47:49 error: TypeError: Cannot read properties of undefined (reading 'path'),    at ArticleService.create (G:\Programming\projects\FullStack\MERN Blog\server\src\service\ArticleService.js:9:63),    at G:\Programming\projects\FullStack\MERN Blog\server\src\controllers\article.js:14:41,    at G:\Programming\projects\FullStack\MERN Blog\server\src\middlewarers\catchAsyncErrors.js:7:19,    at Layer.handle [as handle_request] (G:\Programming\projects\FullStack\MERN Blog\server\node_modules\express\lib\router\layer.js:95:5),    at next (G:\Programming\projects\FullStack\MERN Blog\server\node_modules\express\lib\router\route.js:144:13),    at requestValidation (G:\Programming\projects\FullStack\MERN Blog\server\src\middlewarers\requestValidationMiddleware.js:13:3),    at Layer.handle [as handle_request] (G:\Programming\projects\FullStack\MERN Blog\server\node_modules\express\lib\router\layer.js:95:5),    at next (G:\Programming\projects\FullStack\MERN Blog\server\node_modules\express\lib\router\route.js:144:13),    at middleware (G:\Programming\projects\FullStack\MERN Blog\server\node_modules\express-validator\src\middlewares\check.js:16:13),    at runMicrotasks (<anonymous>)
