2024-03-26 11:25:59 info: 🚀 App listening on the port 5000
2024-03-26 11:26:53 info: {"method":"OPTIONS","url":"/api/v1/articles?page=1&limit=10&search=","status":204,"content_length":"0","response_time":3.683}
2024-03-26 11:26:53 info: {"method":"GET","url":"/api/v1/articles?page=1&limit=10&search=","status":304,"response_time":308.308}
2024-03-26 11:27:08 info: {"method":"OPTIONS","url":"/api/v1/articles/65f5e6625bc16402f19e798c","status":204,"content_length":"0","response_time":0.768}
2024-03-26 11:27:08 info: {"method":"GET","url":"/api/v1/articles/65f5e6625bc16402f19e798c","status":304,"response_time":279.694}
2024-03-26 11:27:15 info: {"method":"OPTIONS","url":"/api/v1/articles?page=1&limit=10&search=","status":204,"content_length":"0","response_time":0.978}
2024-03-26 11:27:15 info: {"method":"GET","url":"/api/v1/articles?page=1&limit=10&search=","status":304,"response_time":168.999}
2024-03-26 11:27:39 info: {"method":"OPTIONS","url":"/api/v1/users/self","status":204,"content_length":"0","response_time":0.269}
2024-03-26 11:27:39 error: Error: Authentication Failed,    at authenticationError (G:\Programming\projects\FullStack\MERN Blog\server\src\utils\error.js:9:17),    at exports.isAuthenticated (G:\Programming\projects\FullStack\MERN Blog\server\src\middlewarers\authMiddleware.js:40:17),    at Layer.handle [as handle_request] (G:\Programming\projects\FullStack\MERN Blog\server\node_modules\express\lib\router\layer.js:95:5),    at next (G:\Programming\projects\FullStack\MERN Blog\server\node_modules\express\lib\router\route.js:144:13),    at Route.dispatch (G:\Programming\projects\FullStack\MERN Blog\server\node_modules\express\lib\router\route.js:114:3),    at Layer.handle [as handle_request] (G:\Programming\projects\FullStack\MERN Blog\server\node_modules\express\lib\router\layer.js:95:5),    at G:\Programming\projects\FullStack\MERN Blog\server\node_modules\express\lib\router\index.js:284:15,    at Function.process_params (G:\Programming\projects\FullStack\MERN Blog\server\node_modules\express\lib\router\index.js:346:12),    at next (G:\Programming\projects\FullStack\MERN Blog\server\node_modules\express\lib\router\index.js:280:10),    at Function.handle (G:\Programming\projects\FullStack\MERN Blog\server\node_modules\express\lib\router\index.js:175:3)
2024-03-26 11:27:39 info: {"method":"GET","url":"/api/v1/users/self","status":401,"content_length":"62","response_time":10.429}
2024-03-26 11:28:12 info: {"method":"OPTIONS","url":"/api/v1/users/self","status":204,"content_length":"0","response_time":0.629}
2024-03-26 11:28:12 error: Error: Authentication Failed,    at authenticationError (G:\Programming\projects\FullStack\MERN Blog\server\src\utils\error.js:9:17),    at exports.isAuthenticated (G:\Programming\projects\FullStack\MERN Blog\server\src\middlewarers\authMiddleware.js:40:17),    at Layer.handle [as handle_request] (G:\Programming\projects\FullStack\MERN Blog\server\node_modules\express\lib\router\layer.js:95:5),    at next (G:\Programming\projects\FullStack\MERN Blog\server\node_modules\express\lib\router\route.js:144:13),    at Route.dispatch (G:\Programming\projects\FullStack\MERN Blog\server\node_modules\express\lib\router\route.js:114:3),    at Layer.handle [as handle_request] (G:\Programming\projects\FullStack\MERN Blog\server\node_modules\express\lib\router\layer.js:95:5),    at G:\Programming\projects\FullStack\MERN Blog\server\node_modules\express\lib\router\index.js:284:15,    at Function.process_params (G:\Programming\projects\FullStack\MERN Blog\server\node_modules\express\lib\router\index.js:346:12),    at next (G:\Programming\projects\FullStack\MERN Blog\server\node_modules\express\lib\router\index.js:280:10),    at Function.handle (G:\Programming\projects\FullStack\MERN Blog\server\node_modules\express\lib\router\index.js:175:3)
2024-03-26 11:28:12 info: {"method":"GET","url":"/api/v1/users/self","status":401,"content_length":"62","response_time":84.218}
2024-03-26 11:28:38 info: {"method":"OPTIONS","url":"/api/v1/articles?page=1&limit=10&search=","status":204,"content_length":"0","response_time":0.484}
2024-03-26 11:28:38 info: {"method":"GET","url":"/api/v1/articles?page=1&limit=10&search=","status":304,"response_time":170.205}
2024-03-26 11:29:23 info: {"method":"OPTIONS","url":"/api/v1/auth/signin","status":204,"content_length":"0","response_time":1.338}
2024-03-26 11:29:25 info: {"method":"POST","url":"/api/v1/auth/signin","status":200,"content_length":"528","response_time":1189.883}
2024-03-26 11:29:25 info: {"method":"OPTIONS","url":"/api/v1/articles?page=1&limit=10&search=","status":204,"content_length":"0","response_time":0.28}
2024-03-26 11:29:25 info: {"method":"GET","url":"/api/v1/articles?page=1&limit=10&search=","status":304,"response_time":247.63}
2024-03-26 11:29:40 info: {"method":"OPTIONS","url":"/api/v1/articles?page=2&limit=10&search=","status":204,"content_length":"0","response_time":0.67}
2024-03-26 11:29:40 info: {"method":"GET","url":"/api/v1/articles?page=2&limit=10&search=","status":304,"response_time":426.071}
2024-03-26 11:29:47 info: {"method":"OPTIONS","url":"/api/v1/users/self","status":204,"content_length":"0","response_time":0.307}
2024-03-26 11:29:47 info: {"method":"GET","url":"/api/v1/users/self","status":304,"response_time":244.518}
2024-03-26 11:35:31 info: {"method":"OPTIONS","url":"/api/v1/users/self","status":204,"content_length":"0","response_time":5.71}
2024-03-26 11:35:31 info: {"method":"GET","url":"/api/v1/users/self","status":304,"response_time":325.8}
2024-03-26 11:35:55 info: {"method":"OPTIONS","url":"/api/v1/users/self","status":204,"content_length":"0","response_time":0.326}
2024-03-26 11:35:55 info: {"method":"GET","url":"/api/v1/users/self","status":304,"response_time":271.175}
2024-03-26 11:37:02 info: {"method":"OPTIONS","url":"/api/v1/users/self","status":204,"content_length":"0","response_time":0.559}
2024-03-26 11:37:02 info: {"method":"GET","url":"/api/v1/users/self","status":304,"response_time":273.601}
2024-03-26 11:37:56 info: {"method":"OPTIONS","url":"/api/v1/users/self","status":204,"content_length":"0","response_time":0.395}
2024-03-26 11:37:56 info: {"method":"GET","url":"/api/v1/users/self","status":304,"response_time":244.147}
2024-03-26 11:38:58 info: {"method":"OPTIONS","url":"/api/v1/users/self","status":204,"content_length":"0","response_time":0.428}
2024-03-26 11:38:59 info: {"method":"GET","url":"/api/v1/users/self","status":304,"response_time":418.215}
2024-03-26 11:41:37 info: {"method":"OPTIONS","url":"/api/v1/users/self","status":204,"content_length":"0","response_time":0.37}
2024-03-26 11:41:38 info: {"method":"GET","url":"/api/v1/users/self","status":304,"response_time":277.931}
2024-03-26 11:50:35 info: {"method":"OPTIONS","url":"/api/v1/articles?page=1&limit=10&search=","status":204,"content_length":"0","response_time":9.494}
2024-03-26 11:50:35 info: {"method":"GET","url":"/api/v1/articles?page=1&limit=10&search=","status":304,"response_time":430.734}
2024-03-26 11:50:42 info: {"method":"OPTIONS","url":"/api/v1/articles/65f5e6625bc16402f19e798c","status":204,"content_length":"0","response_time":0.355}
2024-03-26 11:50:43 info: {"method":"GET","url":"/api/v1/articles/65f5e6625bc16402f19e798c","status":304,"response_time":328.636}
2024-03-26 11:50:57 info: {"method":"OPTIONS","url":"/api/v1/users/self","status":204,"content_length":"0","response_time":0.304}
2024-03-26 11:50:57 info: {"method":"GET","url":"/api/v1/users/self","status":304,"response_time":260.961}
2024-03-26 11:52:01 info: {"method":"OPTIONS","url":"/api/v1/users/self","status":204,"content_length":"0","response_time":0.359}
2024-03-26 11:52:01 info: {"method":"GET","url":"/api/v1/users/self","status":304,"response_time":288.29}
2024-03-26 11:53:16 info: {"method":"OPTIONS","url":"/api/v1/users/self","status":204,"content_length":"0","response_time":0.364}
2024-03-26 11:53:17 info: {"method":"GET","url":"/api/v1/users/self","status":304,"response_time":268.113}
2024-03-26 12:05:56 info: {"method":"OPTIONS","url":"/api/v1/users/self","status":204,"content_length":"0","response_time":3.804}
2024-03-26 12:05:56 info: {"method":"GET","url":"/api/v1/users/self","status":304,"response_time":301.368}
2024-03-26 12:09:38 info: {"method":"OPTIONS","url":"/api/v1/users/self","status":204,"content_length":"0","response_time":1.541}
2024-03-26 12:09:39 info: {"method":"GET","url":"/api/v1/users/self","status":304,"response_time":267.244}
2024-03-26 12:10:01 info: {"method":"OPTIONS","url":"/api/v1/users/self","status":204,"content_length":"0","response_time":0.176}
2024-03-26 12:10:01 info: {"method":"GET","url":"/api/v1/users/self","status":304,"response_time":252.154}
2024-03-26 12:13:45 info: {"method":"OPTIONS","url":"/api/v1/users/self","status":204,"content_length":"0","response_time":4.568}
2024-03-26 12:13:46 info: {"method":"GET","url":"/api/v1/users/self","status":304,"response_time":369.31}
2024-03-26 12:14:56 info: {"method":"OPTIONS","url":"/api/v1/users/self","status":204,"content_length":"0","response_time":0.165}
2024-03-26 12:14:56 info: {"method":"GET","url":"/api/v1/users/self","status":304,"response_time":271.829}
2024-03-26 12:16:31 info: {"method":"OPTIONS","url":"/api/v1/users/self","status":204,"content_length":"0","response_time":0.252}
2024-03-26 12:16:32 info: {"method":"GET","url":"/api/v1/users/self","status":304,"response_time":257.194}
2024-03-26 12:16:53 info: {"method":"OPTIONS","url":"/api/v1/users/self","status":204,"content_length":"0","response_time":0.384}
2024-03-26 12:16:53 info: {"method":"GET","url":"/api/v1/users/self","status":304,"response_time":257.441}
2024-03-26 12:18:01 info: {"method":"OPTIONS","url":"/api/v1/users/self","status":204,"content_length":"0","response_time":0.363}
2024-03-26 12:18:01 info: {"method":"GET","url":"/api/v1/users/self","status":304,"response_time":254.892}
2024-03-26 12:18:31 info: {"method":"OPTIONS","url":"/api/v1/users/self","status":204,"content_length":"0","response_time":0.23}
2024-03-26 12:18:31 info: {"method":"GET","url":"/api/v1/users/self","status":304,"response_time":257.713}
2024-03-26 12:18:46 info: {"method":"OPTIONS","url":"/api/v1/users/self","status":204,"content_length":"0","response_time":0.303}
2024-03-26 12:18:46 info: {"method":"GET","url":"/api/v1/users/self","status":304,"response_time":255.704}
2024-03-26 12:18:56 info: {"method":"OPTIONS","url":"/api/v1/users/self","status":204,"content_length":"0","response_time":0.685}
2024-03-26 12:18:56 info: {"method":"GET","url":"/api/v1/users/self","status":304,"response_time":271.584}
2024-03-26 12:21:29 info: {"method":"OPTIONS","url":"/api/v1/users/self","status":204,"content_length":"0","response_time":0.305}
2024-03-26 12:21:30 info: {"method":"GET","url":"/api/v1/users/self","status":304,"response_time":260.079}
2024-03-26 12:23:09 info: {"method":"OPTIONS","url":"/api/v1/users/self","status":204,"content_length":"0","response_time":0.451}
2024-03-26 12:23:10 info: {"method":"GET","url":"/api/v1/users/self","status":304,"response_time":280.516}
2024-03-26 12:25:34 info: {"method":"OPTIONS","url":"/api/v1/users/self","status":204,"content_length":"0","response_time":0.365}
2024-03-26 12:25:35 info: {"method":"GET","url":"/api/v1/users/self","status":304,"response_time":257.873}
2024-03-26 12:26:34 info: {"method":"OPTIONS","url":"/api/v1/users/self","status":204,"content_length":"0","response_time":0.361}
2024-03-26 12:26:34 info: {"method":"GET","url":"/api/v1/users/self","status":304,"response_time":258.232}
2024-03-26 12:30:03 info: {"method":"OPTIONS","url":"/api/v1/users/self","status":204,"content_length":"0","response_time":0.378}
2024-03-26 12:30:03 info: {"method":"GET","url":"/api/v1/users/self","status":304,"response_time":289.252}
2024-03-26 12:30:25 info: {"method":"OPTIONS","url":"/api/v1/users/self","status":204,"content_length":"0","response_time":0.283}
2024-03-26 12:30:25 info: {"method":"GET","url":"/api/v1/users/self","status":304,"response_time":251.984}
2024-03-26 12:30:26 info: {"method":"GET","url":"/api/v1/users/self","status":304,"response_time":254.867}
2024-03-26 12:31:12 info: {"method":"OPTIONS","url":"/api/v1/users/self","status":204,"content_length":"0","response_time":0.944}
2024-03-26 12:31:12 info: {"method":"GET","url":"/api/v1/users/self","status":304,"response_time":263.586}
2024-03-26 12:31:58 info: {"method":"OPTIONS","url":"/api/v1/users/self","status":204,"content_length":"0","response_time":0.164}
2024-03-26 12:31:58 info: {"method":"GET","url":"/api/v1/users/self","status":304,"response_time":282.792}
2024-03-26 12:32:19 info: {"method":"OPTIONS","url":"/api/v1/users/self","status":204,"content_length":"0","response_time":0.207}
2024-03-26 12:32:19 info: {"method":"GET","url":"/api/v1/users/self","status":304,"response_time":305.329}
2024-03-26 12:35:39 info: {"method":"OPTIONS","url":"/api/v1/users/self","status":204,"content_length":"0","response_time":0.183}
2024-03-26 12:35:39 info: {"method":"GET","url":"/api/v1/users/self","status":304,"response_time":285.714}
2024-03-26 12:36:09 info: {"method":"OPTIONS","url":"/api/v1/users/self","status":204,"content_length":"0","response_time":0.186}
2024-03-26 12:36:09 info: {"method":"GET","url":"/api/v1/users/self","status":304,"response_time":327.053}
2024-03-26 12:37:06 info: {"method":"OPTIONS","url":"/api/v1/users/self","status":204,"content_length":"0","response_time":0.228}
2024-03-26 12:37:06 info: {"method":"GET","url":"/api/v1/users/self","status":304,"response_time":289.579}
2024-03-26 12:51:06 info: {"method":"OPTIONS","url":"/api/v1/users/self","status":204,"content_length":"0","response_time":4.682}
2024-03-26 12:51:07 info: {"method":"GET","url":"/api/v1/users/self","status":304,"response_time":406.374}
2024-03-26 12:54:24 info: {"method":"OPTIONS","url":"/api/v1/articles?page=1&limit=10&search=","status":204,"content_length":"0","response_time":0.627}
2024-03-26 12:54:24 info: {"method":"GET","url":"/api/v1/articles?page=1&limit=10&search=","status":304,"response_time":404.326}
2024-03-26 12:54:30 info: {"method":"OPTIONS","url":"/api/v1/articles/65f5e7d1262d138d69abf9c8","status":204,"content_length":"0","response_time":0.798}
2024-03-26 12:54:31 info: {"method":"GET","url":"/api/v1/articles/65f5e7d1262d138d69abf9c8","status":304,"response_time":421.29}
2024-03-26 12:54:48 info: {"method":"OPTIONS","url":"/api/v1/articles/author/self?page=1&limit=10&search=","status":204,"content_length":"0","response_time":0.169}
2024-03-26 12:54:49 info: {"method":"GET","url":"/api/v1/articles/author/self?page=1&limit=10&search=","status":304,"response_time":406.784}
2024-03-26 12:54:52 info: {"method":"OPTIONS","url":"/api/v1/articles/author/self?page=1&limit=10&search=task","status":204,"content_length":"0","response_time":0.129}
2024-03-26 12:54:52 info: {"method":"GET","url":"/api/v1/articles/author/self?page=1&limit=10&search=task","status":200,"content_length":"137","response_time":378.145}
2024-03-26 12:54:54 info: {"method":"OPTIONS","url":"/api/v1/articles/author/self?page=1&limit=10&search=","status":204,"content_length":"0","response_time":0.315}
2024-03-26 12:54:55 info: {"method":"GET","url":"/api/v1/articles/author/self?page=1&limit=10&search=","status":304,"response_time":374.572}
2024-03-26 12:55:02 info: {"method":"OPTIONS","url":"/api/v1/articles/author/self?page=1&limit=10&search=5","status":204,"content_length":"0","response_time":0.514}
2024-03-26 12:55:02 info: {"method":"GET","url":"/api/v1/articles/author/self?page=1&limit=10&search=5","status":200,"response_time":378.945}
2024-03-26 12:55:05 info: {"method":"OPTIONS","url":"/api/v1/articles/author/self?page=1&limit=10&search=55","status":204,"content_length":"0","response_time":0.19}
2024-03-26 12:55:05 info: {"method":"GET","url":"/api/v1/articles/author/self?page=1&limit=10&search=55","status":200,"content_length":"137","response_time":387.369}
2024-03-26 12:55:07 info: {"method":"GET","url":"/api/v1/articles/author/self?page=1&limit=10&search=5","status":304,"response_time":451.297}
2024-03-26 12:55:08 info: {"method":"OPTIONS","url":"/api/v1/articles/author/self?page=1&limit=10&search=","status":204,"content_length":"0","response_time":0.696}
2024-03-26 12:55:08 info: {"method":"GET","url":"/api/v1/articles/author/self?page=1&limit=10&search=","status":304,"response_time":387.88}
2024-03-26 12:55:15 info: {"method":"OPTIONS","url":"/api/v1/articles/author/self?page=1&limit=10&search=2","status":204,"content_length":"0","response_time":0.149}
2024-03-26 12:55:15 info: {"method":"GET","url":"/api/v1/articles/author/self?page=1&limit=10&search=2","status":200,"response_time":373.074}
2024-03-26 12:55:29 info: {"method":"OPTIONS","url":"/api/v1/articles/author/self?page=1&limit=10&search=22","status":204,"content_length":"0","response_time":0.36}
2024-03-26 12:55:29 info: {"method":"GET","url":"/api/v1/articles/author/self?page=1&limit=10&search=22","status":200,"content_length":"436","response_time":381.109}
2024-03-26 12:55:32 info: {"method":"OPTIONS","url":"/api/v1/articles/author/self?page=1&limit=10&search=","status":204,"content_length":"0","response_time":0.567}
2024-03-26 12:55:32 info: {"method":"GET","url":"/api/v1/articles/author/self?page=1&limit=10&search=","status":304,"response_time":375.629}
2024-03-26 12:55:43 info: {"method":"OPTIONS","url":"/api/v1/articles/author/self?page=2&limit=10&search=","status":204,"content_length":"0","response_time":0.267}
2024-03-26 12:55:43 info: {"method":"GET","url":"/api/v1/articles/author/self?page=2&limit=10&search=","status":304,"response_time":387.947}
2024-03-26 12:55:45 info: {"method":"OPTIONS","url":"/api/v1/articles/author/self?page=3&limit=10&search=","status":204,"content_length":"0","response_time":0.159}
2024-03-26 12:55:45 info: {"method":"GET","url":"/api/v1/articles/author/self?page=3&limit=10&search=","status":304,"response_time":375.014}
2024-03-26 12:56:32 info: {"method":"OPTIONS","url":"/api/v1/articles/author/self?page=3&limit=10&search=","status":204,"content_length":"0","response_time":0.258}
2024-03-26 12:56:32 info: {"method":"GET","url":"/api/v1/articles/author/self?page=3&limit=10&search=","status":304,"response_time":405.943}
2024-03-26 12:58:16 info: {"method":"OPTIONS","url":"/api/v1/articles/author/self?page=2&limit=10&search=","status":204,"content_length":"0","response_time":1.191}
2024-03-26 12:58:17 info: {"method":"GET","url":"/api/v1/articles/author/self?page=2&limit=10&search=","status":304,"response_time":386.692}
2024-03-26 12:58:21 info: {"method":"OPTIONS","url":"/api/v1/articles/author/self?page=1&limit=10&search=","status":204,"content_length":"0","response_time":0.194}
2024-03-26 12:58:21 info: {"method":"GET","url":"/api/v1/articles/author/self?page=1&limit=10&search=","status":304,"response_time":377.955}
2024-03-26 12:58:23 info: {"method":"OPTIONS","url":"/api/v1/articles/author/self?page=3&limit=10&search=","status":204,"content_length":"0","response_time":0.151}
2024-03-26 12:58:23 info: {"method":"GET","url":"/api/v1/articles/author/self?page=3&limit=10&search=","status":304,"response_time":379.925}
2024-03-26 12:58:24 info: {"method":"GET","url":"/api/v1/articles/author/self?page=1&limit=10&search=","status":304,"response_time":370.239}
2024-03-26 13:00:01 info: {"method":"OPTIONS","url":"/api/v1/articles/65f5e6625bc16402f19e798c","status":204,"content_length":"0","response_time":1.165}
2024-03-26 13:00:04 info: {"method":"GET","url":"/api/v1/articles/65f5e6625bc16402f19e798c","status":304,"response_time":3477.277}
2024-03-26 13:00:06 info: {"method":"OPTIONS","url":"/api/v1/articles/author/self?page=1&limit=10&search=","status":204,"content_length":"0","response_time":0.317}
2024-03-26 13:00:06 info: {"method":"GET","url":"/api/v1/articles/author/self?page=1&limit=10&search=","status":304,"response_time":372.005}
2024-03-26 13:01:53 info: {"method":"OPTIONS","url":"/api/v1/articles/author/self?page=1&limit=10&search=","status":204,"content_length":"0","response_time":0.267}
2024-03-26 13:01:53 info: {"method":"GET","url":"/api/v1/articles/author/self?page=1&limit=10&search=","status":304,"response_time":371.708}
2024-03-26 13:02:46 info: {"method":"OPTIONS","url":"/api/v1/users/self","status":204,"content_length":"0","response_time":0.455}
2024-03-26 13:02:46 info: {"method":"GET","url":"/api/v1/users/self","status":304,"response_time":281.15}
2024-03-26 13:12:37 info: {"method":"OPTIONS","url":"/api/v1/users/self","status":204,"content_length":"0","response_time":2.4}
2024-03-26 13:12:37 info: {"method":"GET","url":"/api/v1/users/self","status":304,"response_time":293.789}
2024-03-26 13:12:40 info: {"method":"OPTIONS","url":"/api/v1/articles?page=1&limit=10&search=","status":204,"content_length":"0","response_time":0.318}
2024-03-26 13:12:40 info: {"method":"GET","url":"/api/v1/articles?page=1&limit=10&search=","status":304,"response_time":277.576}
2024-03-26 13:12:52 info: {"method":"OPTIONS","url":"/api/v1/articles?page=2&limit=10&search=","status":204,"content_length":"0","response_time":0.553}
2024-03-26 13:12:52 info: {"method":"GET","url":"/api/v1/articles?page=2&limit=10&search=","status":304,"response_time":286.151}
2024-03-26 21:26:16 info: 🚀 App listening on the port 5000
2024-03-26 21:27:37 info: 🚀 App listening on the port 5000
2024-03-26 21:28:02 info: 🚀 App listening on the port 5000
2024-03-26 21:28:15 info: 🚀 App listening on the port 5000
2024-03-26 21:28:55 info: 🚀 App listening on the port 5000
2024-03-26 21:29:21 info: 🚀 App listening on the port 5000
2024-03-26 21:29:39 info: 🚀 App listening on the port 5000
2024-03-26 21:31:33 info: 🚀 App listening on the port 5000
2024-03-26 21:31:50 info: 🚀 App listening on the port 5000
2024-03-26 21:31:59 info: 🚀 App listening on the port 5000
2024-03-26 21:32:06 info: 🚀 App listening on the port 5000
2024-03-26 21:32:24 info: 🚀 App listening on the port 5000
2024-03-26 21:33:45 info: 🚀 App listening on the port 5000
2024-03-26 21:36:16 info: 🚀 App listening on the port 5000
2024-03-26 21:37:08 info: 🚀 App listening on the port 5000
2024-03-26 21:39:13 info: 🚀 App listening on the port 5000
2024-03-26 22:18:04 info: {"method":"OPTIONS","url":"/api/v1/articles?page=1&limit=10&search=","status":204,"content_length":"0","response_time":8.25}
2024-03-26 22:18:05 info: {"method":"GET","url":"/api/v1/articles?page=1&limit=10&search=","status":304,"response_time":1233.296}
2024-03-26 22:18:11 info: {"method":"OPTIONS","url":"/api/v1/articles?page=1&limit=10&search=","status":204,"content_length":"0","response_time":0.593}
2024-03-26 22:18:11 info: {"method":"GET","url":"/api/v1/articles?page=1&limit=10&search=","status":304,"response_time":404.168}
2024-03-26 22:19:17 info: 🚀 App listening on the port 5000
2024-03-26 22:20:30 info: 🚀 App listening on the port 5000
2024-03-26 22:21:43 info: 🚀 App listening on the port 5000
2024-03-26 22:21:56 info: 🚀 App listening on the port 5000
2024-03-26 22:21:59 info: {"method":"OPTIONS","url":"/api/v1/users/self","status":204,"content_length":"0","response_time":2.582}
2024-03-26 22:22:00 error: ReferenceError: UserRepository is not defined,    at UserService.findById (G:\Programming\projects\FullStack\MERN Blog\server\src\service\UserService.js:8:19),    at G:\Programming\projects\FullStack\MERN Blog\server\src\controllers\user.js:5:37,    at G:\Programming\projects\FullStack\MERN Blog\server\src\middlewarers\catchAsyncErrors.js:7:19,    at Layer.handle [as handle_request] (G:\Programming\projects\FullStack\MERN Blog\server\node_modules\express\lib\router\layer.js:95:5),    at next (G:\Programming\projects\FullStack\MERN Blog\server\node_modules\express\lib\router\route.js:144:13),    at exports.isAuthenticated (G:\Programming\projects\FullStack\MERN Blog\server\src\middlewarers\authMiddleware.js:38:5),    at processTicksAndRejections (node:internal/process/task_queues:96:5)
2024-03-26 22:22:00 info: {"method":"GET","url":"/api/v1/users/self","status":500,"content_length":"62","response_time":347.529}
2024-03-26 22:22:26 info: 🚀 App listening on the port 5000
2024-03-26 22:22:34 info: 🚀 App listening on the port 5000
2024-03-26 22:23:47 info: 🚀 App listening on the port 5000
2024-03-26 22:23:57 info: 🚀 App listening on the port 5000
2024-03-26 22:25:43 info: 🚀 App listening on the port 5000
2024-03-26 22:26:21 info: 🚀 App listening on the port 5000
2024-03-26 22:26:52 info: 🚀 App listening on the port 5000
2024-03-26 22:28:10 info: 🚀 App listening on the port 5000
2024-03-26 22:28:23 info: 🚀 App listening on the port 5000
2024-03-26 22:29:03 info: 🚀 App listening on the port 5000
2024-03-26 22:29:18 info: 🚀 App listening on the port 5000
2024-03-26 22:30:06 info: 🚀 App listening on the port 5000
2024-03-26 22:30:15 info: 🚀 App listening on the port 5000
2024-03-26 22:30:47 info: 🚀 App listening on the port 5000
2024-03-26 22:31:01 info: 🚀 App listening on the port 5000
2024-03-26 22:31:12 info: 🚀 App listening on the port 5000
2024-03-26 22:31:28 info: 🚀 App listening on the port 5000
2024-03-26 22:31:47 info: 🚀 App listening on the port 5000
2024-03-26 22:31:53 info: 🚀 App listening on the port 5000
2024-03-26 22:32:18 info: 🚀 App listening on the port 5000
2024-03-26 22:33:15 info: 🚀 App listening on the port 5000
2024-03-26 22:34:41 info: 🚀 App listening on the port 5000
2024-03-26 22:34:47 info: 🚀 App listening on the port 5000
2024-03-26 22:35:11 info: 🚀 App listening on the port 5000
2024-03-26 22:36:04 info: 🚀 App listening on the port 5000
2024-03-26 22:36:14 info: 🚀 App listening on the port 5000
2024-03-26 23:13:33 info: {"method":"OPTIONS","url":"/api/v1/users/self","status":204,"content_length":"0","response_time":12.779}
2024-03-26 23:13:33 error: ReferenceError: UserRepository is not defined,    at UserService.findById (G:\Programming\projects\FullStack\MERN Blog\server\src\service\UserService.js:9:19),    at G:\Programming\projects\FullStack\MERN Blog\server\src\controllers\user.js:5:37,    at G:\Programming\projects\FullStack\MERN Blog\server\src\middlewarers\catchAsyncErrors.js:7:19,    at Layer.handle [as handle_request] (G:\Programming\projects\FullStack\MERN Blog\server\node_modules\express\lib\router\layer.js:95:5),    at next (G:\Programming\projects\FullStack\MERN Blog\server\node_modules\express\lib\router\route.js:144:13),    at exports.isAuthenticated (G:\Programming\projects\FullStack\MERN Blog\server\src\middlewarers\authMiddleware.js:38:5),    at runMicrotasks (<anonymous>),    at processTicksAndRejections (node:internal/process/task_queues:96:5)
2024-03-26 23:13:33 info: {"method":"GET","url":"/api/v1/users/self","status":500,"content_length":"62","response_time":734.141}
2024-03-26 23:13:42 info: {"method":"OPTIONS","url":"/api/v1/articles?page=1&limit=10&search=","status":204,"content_length":"0","response_time":0.426}
2024-03-26 23:13:42 info: {"method":"GET","url":"/api/v1/articles?page=1&limit=10&search=","status":304,"response_time":533.667}
2024-03-26 23:14:30 info: 🚀 App listening on the port 5000
2024-03-26 23:14:40 info: {"method":"OPTIONS","url":"/api/v1/users/self","status":204,"content_length":"0","response_time":4.103}
2024-03-26 23:14:40 info: {"method":"GET","url":"/api/v1/users/self","status":200,"content_length":"326","response_time":659.78}
2024-03-26 23:15:12 info: {"method":"OPTIONS","url":"/api/v1/users/profile","status":204,"content_length":"0","response_time":0.254}
2024-03-26 23:15:13 info: {"method":"PUT","url":"/api/v1/users/profile","status":200,"content_length":"448","response_time":587.236}
2024-03-26 23:19:10 info: 🚀 App listening on the port 5000
2024-03-26 23:21:22 info: 🚀 App listening on the port 5000
2024-03-26 23:21:24 info: {"method":"OPTIONS","url":"/api/v1/users/profile","status":204,"content_length":"0","response_time":1.986}
2024-03-26 23:22:41 info: {"method":"OPTIONS","url":"/api/v1/users/profile","status":204,"content_length":"0","response_time":0.57}
2024-03-26 23:24:27 info: 🚀 App listening on the port 5000
2024-03-26 23:24:53 info: 🚀 App listening on the port 5000
2024-03-26 23:25:12 info: 🚀 App listening on the port 5000
2024-03-26 23:25:26 info: 🚀 App listening on the port 5000
2024-03-26 23:26:09 info: 🚀 App listening on the port 5000
2024-03-26 23:26:39 info: {"method":"OPTIONS","url":"/api/v1/users/profile","status":204,"content_length":"0","response_time":1.758}
2024-03-26 23:26:45 info: {"method":"PUT","url":"/api/v1/users/profile","status":200,"content_length":"609","response_time":6195.691}
2024-03-26 23:29:21 info: {"method":"OPTIONS","url":"/api/v1/users/profile","status":204,"content_length":"0","response_time":5.244}
2024-03-26 23:29:21 info: {"method":"PUT","url":"/api/v1/users/profile","status":200,"content_length":"676","response_time":439.713}
2024-03-26 23:30:13 info: 🚀 App listening on the port 5000
2024-03-26 23:30:57 info: 🚀 App listening on the port 5000
2024-03-26 23:30:59 info: {"method":"OPTIONS","url":"/api/v1/users/profile","status":204,"content_length":"0","response_time":2.009}
2024-03-26 23:31:04 info: {"method":"PUT","url":"/api/v1/users/profile","status":200,"content_length":"676","response_time":4956.075}
2024-03-26 23:35:42 info: 🚀 App listening on the port 5000
2024-03-26 23:37:48 info: 🚀 App listening on the port 5000
2024-03-26 23:37:55 info: 🚀 App listening on the port 5000
2024-03-26 23:38:16 info: 🚀 App listening on the port 5000
2024-03-26 23:38:20 info: 🚀 App listening on the port 5000
