2024-05-18 09:06:11 info: 🚀 App listening on the port 5000
2024-05-18 09:06:37 info: {"method":"GET","url":"/api/v1/articles?page=1&limit=10","status":200,"response_time":195.558}
2024-05-18 09:06:37 info: {"method":"GET","url":"/api/v1/articles?page=1&limit=10","status":200,"response_time":168.933}
2024-05-18 09:06:37 info: {"method":"GET","url":"/api/v1/articles?page=1&limit=10","status":200,"response_time":176.315}
2024-05-18 09:06:37 info: {"method":"GET","url":"/api/v1/articles?page=1&limit=10","status":200,"response_time":174.273}
2024-05-18 09:06:37 info: {"method":"GET","url":"/api/v1/articles?page=1&limit=10","status":200,"response_time":181.128}
2024-05-18 09:06:37 info: {"method":"GET","url":"/api/v1/articles?page=1&limit=10","status":200,"response_time":179.398}
2024-05-18 09:06:38 info: {"method":"GET","url":"/api/v1/articles?page=1&limit=10","status":200,"response_time":174.868}
2024-05-18 09:06:38 info: {"method":"GET","url":"/api/v1/articles?page=1&limit=10","status":200,"response_time":186.536}
2024-05-18 09:06:38 info: {"method":"GET","url":"/api/v1/articles?page=1&limit=10","status":200,"response_time":179.586}
2024-05-18 09:06:38 info: {"method":"GET","url":"/api/v1/articles?page=1&limit=10","status":200,"response_time":178.505}
2024-05-18 09:06:38 info: {"method":"GET","url":"/api/v1/articles?page=1&limit=10","status":200,"response_time":173.208}
2024-05-18 09:06:38 info: {"method":"GET","url":"/api/v1/articles?page=1&limit=10","status":200,"response_time":185.839}
2024-05-18 09:06:38 info: {"method":"GET","url":"/api/v1/articles?page=1&limit=10","status":200,"response_time":177.949}
2024-05-18 09:06:38 info: {"method":"GET","url":"/api/v1/articles?page=1&limit=10","status":200,"response_time":183.425}
2024-05-18 09:06:38 info: {"method":"GET","url":"/api/v1/articles?page=1&limit=10","status":200,"response_time":178.42}
2024-05-18 09:06:38 info: {"method":"GET","url":"/api/v1/articles?page=1&limit=10","status":200,"response_time":172.845}
2024-05-18 09:06:39 info: {"method":"GET","url":"/api/v1/articles?page=1&limit=10","status":200,"response_time":173.15}
2024-05-18 09:06:39 info: {"method":"GET","url":"/api/v1/articles?page=1&limit=10","status":200,"response_time":188.529}
2024-05-18 09:06:39 info: {"method":"GET","url":"/api/v1/articles?page=1&limit=10","status":200,"response_time":170.484}
2024-05-18 09:06:39 info: {"method":"GET","url":"/api/v1/articles?page=1&limit=10","status":200,"response_time":173.847}
2024-05-18 09:06:39 info: {"method":"GET","url":"/api/v1/articles?page=1&limit=10","status":200,"response_time":173.106}
2024-05-18 09:06:39 info: {"method":"GET","url":"/api/v1/articles?page=1&limit=10","status":200,"response_time":191.377}
2024-05-18 09:06:39 info: {"method":"GET","url":"/api/v1/articles?page=1&limit=10","status":200,"response_time":170.774}
2024-05-18 09:06:39 info: {"method":"GET","url":"/api/v1/articles?page=1&limit=10","status":200,"response_time":177.574}
2024-05-18 09:06:39 info: {"method":"GET","url":"/api/v1/articles?page=1&limit=10","status":200,"response_time":170.847}
2024-05-18 09:06:39 info: {"method":"GET","url":"/api/v1/articles?page=1&limit=10","status":200,"response_time":176.392}
2024-05-18 09:06:40 info: {"method":"GET","url":"/api/v1/articles?page=1&limit=10","status":200,"response_time":181.333}
2024-05-18 09:06:40 info: {"method":"GET","url":"/api/v1/articles?page=1&limit=10","status":200,"response_time":190.4}
2024-05-18 09:06:40 info: {"method":"GET","url":"/api/v1/articles?page=1&limit=10","status":200,"response_time":177.04}
2024-05-18 09:06:40 info: {"method":"GET","url":"/api/v1/articles?page=1&limit=10","status":200,"response_time":169.465}
2024-05-18 09:06:40 info: {"method":"GET","url":"/api/v1/articles?page=1&limit=10","status":200,"response_time":180.019}
2024-05-18 09:06:40 info: {"method":"GET","url":"/api/v1/articles?page=1&limit=10","status":200,"response_time":171.108}
2024-05-18 09:06:40 info: {"method":"GET","url":"/api/v1/articles?page=1&limit=10","status":200,"response_time":177.111}
2024-05-18 09:06:40 info: {"method":"GET","url":"/api/v1/articles?page=1&limit=10","status":200,"response_time":181.284}
2024-05-18 09:06:40 info: {"method":"GET","url":"/api/v1/articles?page=1&limit=10","status":200,"response_time":179.671}
2024-05-18 09:06:40 info: {"method":"GET","url":"/api/v1/articles?page=1&limit=10","status":200,"response_time":182.219}
2024-05-18 09:06:41 info: {"method":"GET","url":"/api/v1/articles?page=1&limit=10","status":200,"response_time":171.099}
2024-05-18 09:06:41 info: {"method":"GET","url":"/api/v1/articles?page=1&limit=10","status":200,"response_time":173.406}
2024-05-18 09:06:41 info: {"method":"GET","url":"/api/v1/articles?page=1&limit=10","status":200,"response_time":180.731}
2024-05-18 09:06:41 info: {"method":"GET","url":"/api/v1/articles?page=1&limit=10","status":200,"response_time":176.689}
2024-05-18 09:06:41 info: {"method":"GET","url":"/api/v1/articles?page=1&limit=10","status":200,"response_time":178.853}
2024-05-18 09:06:41 info: {"method":"GET","url":"/api/v1/articles?page=1&limit=10","status":200,"response_time":188.88}
2024-05-18 09:06:41 info: {"method":"GET","url":"/api/v1/articles?page=1&limit=10","status":200,"response_time":181.44}
2024-05-18 09:06:41 info: {"method":"GET","url":"/api/v1/articles?page=1&limit=10","status":200,"response_time":183.096}
2024-05-18 09:06:41 info: {"method":"GET","url":"/api/v1/articles?page=1&limit=10","status":200,"response_time":169.246}
2024-05-18 09:06:42 info: {"method":"GET","url":"/api/v1/articles?page=1&limit=10","status":200,"response_time":173.883}
2024-05-18 09:06:42 info: {"method":"GET","url":"/api/v1/articles?page=1&limit=10","status":200,"response_time":177.543}
2024-05-18 09:06:42 info: {"method":"GET","url":"/api/v1/articles?page=1&limit=10","status":200,"response_time":184.296}
2024-05-18 09:06:42 info: {"method":"GET","url":"/api/v1/articles?page=1&limit=10","status":200,"response_time":180.352}
2024-05-18 09:06:42 info: {"method":"GET","url":"/api/v1/articles?page=1&limit=10","status":200,"response_time":167.55}
2024-05-18 09:06:42 info: {"method":"GET","url":"/api/v1/articles?page=1&limit=10","status":200,"response_time":181.652}
2024-05-18 09:06:42 info: {"method":"GET","url":"/api/v1/articles?page=1&limit=10","status":200,"response_time":181.352}
2024-05-18 09:06:42 info: {"method":"GET","url":"/api/v1/articles?page=1&limit=10","status":200,"response_time":179.226}
2024-05-18 09:06:42 info: {"method":"GET","url":"/api/v1/articles?page=1&limit=10","status":200,"response_time":176.843}
2024-05-18 09:06:42 info: {"method":"GET","url":"/api/v1/articles?page=1&limit=10","status":200,"response_time":174.141}
2024-05-18 09:06:43 info: {"method":"GET","url":"/api/v1/articles?page=1&limit=10","status":200,"response_time":172.136}
2024-05-18 09:06:43 info: {"method":"GET","url":"/api/v1/articles?page=1&limit=10","status":200,"response_time":183.119}
2024-05-18 09:06:43 info: {"method":"GET","url":"/api/v1/articles?page=1&limit=10","status":200,"response_time":174.159}
2024-05-18 09:06:43 info: {"method":"GET","url":"/api/v1/articles?page=1&limit=10","status":200,"response_time":165.715}
2024-05-18 09:06:43 info: {"method":"GET","url":"/api/v1/articles?page=1&limit=10","status":200,"response_time":172.261}
2024-05-18 09:06:43 info: {"method":"GET","url":"/api/v1/articles?page=1&limit=10","status":200,"response_time":169.43}
2024-05-18 09:06:43 info: {"method":"GET","url":"/api/v1/articles?page=1&limit=10","status":200,"response_time":173.174}
2024-05-18 09:06:43 info: {"method":"GET","url":"/api/v1/articles?page=1&limit=10","status":200,"response_time":175.815}
2024-05-18 09:06:43 info: {"method":"GET","url":"/api/v1/articles?page=1&limit=10","status":200,"response_time":180.597}
2024-05-18 09:06:43 info: {"method":"GET","url":"/api/v1/articles?page=1&limit=10","status":200,"response_time":175.573}
2024-05-18 09:06:43 info: {"method":"GET","url":"/api/v1/articles?page=1&limit=10","status":200,"response_time":168.466}
2024-05-18 09:06:44 info: {"method":"GET","url":"/api/v1/articles?page=1&limit=10","status":200,"response_time":175.284}
2024-05-18 09:06:44 info: {"method":"GET","url":"/api/v1/articles?page=1&limit=10","status":200,"response_time":173.778}
2024-05-18 09:06:44 info: {"method":"GET","url":"/api/v1/articles?page=1&limit=10","status":200,"response_time":167.299}
2024-05-18 09:06:44 info: {"method":"GET","url":"/api/v1/articles?page=1&limit=10","status":200,"response_time":175.312}
2024-05-18 09:06:44 info: {"method":"GET","url":"/api/v1/articles?page=1&limit=10","status":200,"response_time":167.657}
2024-05-18 09:06:44 info: {"method":"GET","url":"/api/v1/articles?page=1&limit=10","status":200,"response_time":175.871}
2024-05-18 09:06:44 info: {"method":"GET","url":"/api/v1/articles?page=1&limit=10","status":200,"response_time":165.626}
2024-05-18 09:06:44 info: {"method":"GET","url":"/api/v1/articles?page=1&limit=10","status":200,"response_time":174.767}
2024-05-18 09:06:44 info: {"method":"GET","url":"/api/v1/articles?page=1&limit=10","status":200,"response_time":175.083}
2024-05-18 09:06:44 info: {"method":"GET","url":"/api/v1/articles?page=1&limit=10","status":200,"response_time":171.289}
2024-05-18 09:06:45 info: {"method":"GET","url":"/api/v1/articles?page=1&limit=10","status":200,"response_time":176.515}
2024-05-18 09:06:45 info: {"method":"GET","url":"/api/v1/articles?page=1&limit=10","status":200,"response_time":174.015}
2024-05-18 09:06:45 info: {"method":"GET","url":"/api/v1/articles?page=1&limit=10","status":200,"response_time":170.936}
2024-05-18 09:06:45 info: {"method":"GET","url":"/api/v1/articles?page=1&limit=10","status":200,"response_time":181.49}
2024-05-18 09:06:45 info: {"method":"GET","url":"/api/v1/articles?page=1&limit=10","status":200,"response_time":169.472}
2024-05-18 09:06:45 info: {"method":"GET","url":"/api/v1/articles?page=1&limit=10","status":200,"response_time":178.053}
2024-05-18 09:06:45 info: {"method":"GET","url":"/api/v1/articles?page=1&limit=10","status":200,"response_time":171.031}
2024-05-18 09:06:45 info: {"method":"GET","url":"/api/v1/articles?page=1&limit=10","status":200,"response_time":179.167}
2024-05-18 09:06:45 info: {"method":"GET","url":"/api/v1/articles?page=1&limit=10","status":200,"response_time":176.975}
2024-05-18 09:06:45 info: {"method":"GET","url":"/api/v1/articles?page=1&limit=10","status":200,"response_time":168.899}
2024-05-18 09:06:46 info: {"method":"GET","url":"/api/v1/articles?page=1&limit=10","status":200,"response_time":176.292}
2024-05-18 09:06:46 info: {"method":"GET","url":"/api/v1/articles?page=1&limit=10","status":200,"response_time":176.268}
2024-05-18 09:06:46 info: {"method":"GET","url":"/api/v1/articles?page=1&limit=10","status":200,"response_time":166.871}
2024-05-18 09:06:46 info: {"method":"GET","url":"/api/v1/articles?page=1&limit=10","status":200,"response_time":173.326}
2024-05-18 09:06:46 info: {"method":"GET","url":"/api/v1/articles?page=1&limit=10","status":200,"response_time":166.75}
2024-05-18 09:06:46 info: {"method":"GET","url":"/api/v1/articles?page=1&limit=10","status":200,"response_time":175.026}
2024-05-18 09:06:46 info: {"method":"GET","url":"/api/v1/articles?page=1&limit=10","status":200,"response_time":167.143}
2024-05-18 09:06:46 info: {"method":"GET","url":"/api/v1/articles?page=1&limit=10","status":200,"response_time":172.539}
2024-05-18 09:06:46 info: {"method":"GET","url":"/api/v1/articles?page=1&limit=10","status":200,"response_time":173.666}
2024-05-18 09:06:46 info: {"method":"GET","url":"/api/v1/articles?page=1&limit=10","status":200,"response_time":166.902}
2024-05-18 09:06:47 info: {"method":"GET","url":"/api/v1/articles?page=1&limit=10","status":200,"response_time":180.243}
2024-05-18 09:06:47 info: {"method":"GET","url":"/api/v1/articles?page=1&limit=10","status":200,"response_time":176.784}
2024-05-18 09:06:47 info: {"method":"GET","url":"/api/v1/articles?page=1&limit=10","status":200,"response_time":166.973}
2024-05-18 09:06:47 info: {"method":"GET","url":"/api/v1/articles?page=1&limit=10","status":200,"response_time":177.117}
2024-05-18 09:06:47 info: {"method":"GET","url":"/api/v1/articles?page=1&limit=10","status":200,"response_time":168.788}
2024-05-18 09:06:47 info: {"method":"GET","url":"/api/v1/articles?page=1&limit=10","status":200,"response_time":178.676}
2024-05-18 09:06:47 info: {"method":"GET","url":"/api/v1/articles?page=1&limit=10","status":200,"response_time":169.818}
2024-05-18 09:06:47 info: {"method":"GET","url":"/api/v1/articles?page=1&limit=10","status":200,"response_time":180.129}
2024-05-18 09:06:47 info: {"method":"GET","url":"/api/v1/articles?page=1&limit=10","status":200,"response_time":173.989}
2024-05-18 09:06:47 info: {"method":"GET","url":"/api/v1/articles?page=1&limit=10","status":200,"response_time":169.829}
2024-05-18 09:06:48 info: {"method":"GET","url":"/api/v1/articles?page=1&limit=10","status":200,"response_time":177.535}
2024-05-18 09:06:48 info: {"method":"GET","url":"/api/v1/articles?page=1&limit=10","status":200,"response_time":175.204}
2024-05-18 09:06:48 info: {"method":"GET","url":"/api/v1/articles?page=1&limit=10","status":200,"response_time":167.816}
2024-05-18 09:06:48 info: {"method":"GET","url":"/api/v1/articles?page=1&limit=10","status":200,"response_time":172.056}
2024-05-18 09:06:48 info: {"method":"GET","url":"/api/v1/articles?page=1&limit=10","status":200,"response_time":169.238}
2024-05-18 09:06:48 info: {"method":"GET","url":"/api/v1/articles?page=1&limit=10","status":200,"response_time":177.774}
2024-05-18 09:06:48 info: {"method":"GET","url":"/api/v1/articles?page=1&limit=10","status":200,"response_time":169.809}
2024-05-18 09:06:48 info: {"method":"GET","url":"/api/v1/articles?page=1&limit=10","status":200,"response_time":178.647}
2024-05-18 09:06:48 info: {"method":"GET","url":"/api/v1/articles?page=1&limit=10","status":200,"response_time":172.411}
2024-05-18 09:06:48 info: {"method":"GET","url":"/api/v1/articles?page=1&limit=10","status":200,"response_time":165.982}
2024-05-18 09:06:49 info: {"method":"GET","url":"/api/v1/articles?page=1&limit=10","status":200,"response_time":171.372}
2024-05-18 09:06:49 info: {"method":"GET","url":"/api/v1/articles?page=1&limit=10","status":200,"response_time":173.393}
2024-05-18 09:06:49 info: {"method":"GET","url":"/api/v1/articles?page=1&limit=10","status":200,"response_time":166.754}
2024-05-18 09:06:49 info: {"method":"GET","url":"/api/v1/articles?page=1&limit=10","status":200,"response_time":176.47}
2024-05-18 09:06:49 info: {"method":"GET","url":"/api/v1/articles?page=1&limit=10","status":200,"response_time":169.576}
2024-05-18 09:06:49 info: {"method":"GET","url":"/api/v1/articles?page=1&limit=10","status":200,"response_time":176.567}
2024-05-18 09:06:49 info: {"method":"GET","url":"/api/v1/articles?page=1&limit=10","status":200,"response_time":171.062}
2024-05-18 09:06:49 info: {"method":"GET","url":"/api/v1/articles?page=1&limit=10","status":200,"response_time":177.707}
2024-05-18 09:06:49 info: {"method":"GET","url":"/api/v1/articles?page=1&limit=10","status":200,"response_time":176.582}
2024-05-18 09:06:49 info: {"method":"GET","url":"/api/v1/articles?page=1&limit=10","status":200,"response_time":167.311}
2024-05-18 09:06:50 info: {"method":"GET","url":"/api/v1/articles?page=1&limit=10","status":200,"response_time":175.046}
2024-05-18 09:06:50 info: {"method":"GET","url":"/api/v1/articles?page=1&limit=10","status":200,"response_time":178.178}
2024-05-18 09:06:50 info: {"method":"GET","url":"/api/v1/articles?page=1&limit=10","status":200,"response_time":173.793}
2024-05-18 09:06:50 info: {"method":"GET","url":"/api/v1/articles?page=1&limit=10","status":200,"response_time":178.7}
2024-05-18 09:06:50 info: {"method":"GET","url":"/api/v1/articles?page=1&limit=10","status":200,"response_time":171.498}
2024-05-18 09:06:50 info: {"method":"GET","url":"/api/v1/articles?page=1&limit=10","status":200,"response_time":177.901}
2024-05-18 09:06:50 info: {"method":"GET","url":"/api/v1/articles?page=1&limit=10","status":200,"response_time":168.21}
2024-05-18 09:06:50 info: {"method":"GET","url":"/api/v1/articles?page=1&limit=10","status":200,"response_time":179.645}
2024-05-18 09:06:50 info: {"method":"GET","url":"/api/v1/articles?page=1&limit=10","status":200,"response_time":174.862}
2024-05-18 09:06:50 info: {"method":"GET","url":"/api/v1/articles?page=1&limit=10","status":200,"response_time":176.385}
2024-05-18 09:06:51 info: {"method":"GET","url":"/api/v1/articles?page=1&limit=10","status":200,"response_time":172.062}
2024-05-18 09:06:51 info: {"method":"GET","url":"/api/v1/articles?page=1&limit=10","status":200,"response_time":174.177}
2024-05-18 09:06:51 info: {"method":"GET","url":"/api/v1/articles?page=1&limit=10","status":200,"response_time":165.922}
2024-05-18 09:06:51 info: {"method":"GET","url":"/api/v1/articles?page=1&limit=10","status":200,"response_time":181.566}
2024-05-18 09:06:51 info: {"method":"GET","url":"/api/v1/articles?page=1&limit=10","status":200,"response_time":167.523}
2024-05-18 09:06:51 info: {"method":"GET","url":"/api/v1/articles?page=1&limit=10","status":200,"response_time":174.169}
2024-05-18 09:06:51 info: {"method":"GET","url":"/api/v1/articles?page=1&limit=10","status":200,"response_time":169.862}
2024-05-18 09:06:51 info: {"method":"GET","url":"/api/v1/articles?page=1&limit=10","status":200,"response_time":178.245}
2024-05-18 09:06:51 info: {"method":"GET","url":"/api/v1/articles?page=1&limit=10","status":200,"response_time":172.118}
2024-05-18 09:06:51 info: {"method":"GET","url":"/api/v1/articles?page=1&limit=10","status":200,"response_time":172.481}
2024-05-18 09:06:52 info: {"method":"GET","url":"/api/v1/articles?page=1&limit=10","status":200,"response_time":173.894}
2024-05-18 09:06:52 info: {"method":"GET","url":"/api/v1/articles?page=1&limit=10","status":200,"response_time":173.495}
2024-05-18 09:06:52 info: {"method":"GET","url":"/api/v1/articles?page=1&limit=10","status":200,"response_time":167.988}
2024-05-18 09:06:52 info: {"method":"GET","url":"/api/v1/articles?page=1&limit=10","status":200,"response_time":177.033}
2024-05-18 09:06:52 info: {"method":"GET","url":"/api/v1/articles?page=1&limit=10","status":200,"response_time":176.167}
2024-05-18 09:06:52 info: {"method":"GET","url":"/api/v1/articles?page=1&limit=10","status":200,"response_time":178.16}
2024-05-18 09:06:52 info: {"method":"GET","url":"/api/v1/articles?page=1&limit=10","status":200,"response_time":172.213}
2024-05-18 09:06:52 info: {"method":"GET","url":"/api/v1/articles?page=1&limit=10","status":200,"response_time":181.467}
2024-05-18 09:06:52 info: {"method":"GET","url":"/api/v1/articles?page=1&limit=10","status":200,"response_time":176.774}
2024-05-18 09:06:52 info: {"method":"GET","url":"/api/v1/articles?page=1&limit=10","status":200,"response_time":173.036}
2024-05-18 09:06:53 info: {"method":"GET","url":"/api/v1/articles?page=1&limit=10","status":200,"response_time":176.281}
2024-05-18 09:06:53 info: {"method":"GET","url":"/api/v1/articles?page=1&limit=10","status":200,"response_time":179.376}
2024-05-18 09:06:53 info: {"method":"GET","url":"/api/v1/articles?page=1&limit=10","status":200,"response_time":170.27}
2024-05-18 09:06:53 info: {"method":"GET","url":"/api/v1/articles?page=1&limit=10","status":200,"response_time":177.925}
2024-05-18 09:06:53 info: {"method":"GET","url":"/api/v1/articles?page=1&limit=10","status":200,"response_time":166.398}
2024-05-18 09:06:53 info: {"method":"GET","url":"/api/v1/articles?page=1&limit=10","status":200,"response_time":173.917}
2024-05-18 09:06:53 info: {"method":"GET","url":"/api/v1/articles?page=1&limit=10","status":200,"response_time":167.085}
2024-05-18 09:06:53 info: {"method":"GET","url":"/api/v1/articles?page=1&limit=10","status":200,"response_time":176.963}
2024-05-18 09:06:53 info: {"method":"GET","url":"/api/v1/articles?page=1&limit=10","status":200,"response_time":178.298}
2024-05-18 09:06:53 info: {"method":"GET","url":"/api/v1/articles?page=1&limit=10","status":200,"response_time":171.054}
2024-05-18 09:06:54 info: {"method":"GET","url":"/api/v1/articles?page=1&limit=10","status":200,"response_time":179.334}
2024-05-18 09:06:54 info: {"method":"GET","url":"/api/v1/articles?page=1&limit=10","status":200,"response_time":186.343}
2024-05-18 09:06:54 info: {"method":"GET","url":"/api/v1/articles?page=1&limit=10","status":200,"response_time":170.385}
2024-05-18 09:06:54 info: {"method":"GET","url":"/api/v1/articles?page=1&limit=10","status":200,"response_time":176.386}
2024-05-18 09:06:54 info: {"method":"GET","url":"/api/v1/articles?page=1&limit=10","status":200,"response_time":169.359}
2024-05-18 09:06:54 info: {"method":"GET","url":"/api/v1/articles?page=1&limit=10","status":200,"response_time":175.88}
2024-05-18 09:06:54 info: {"method":"GET","url":"/api/v1/articles?page=1&limit=10","status":200,"response_time":167.515}
2024-05-18 09:06:54 info: {"method":"GET","url":"/api/v1/articles?page=1&limit=10","status":200,"response_time":174.025}
2024-05-18 09:06:54 info: {"method":"GET","url":"/api/v1/articles?page=1&limit=10","status":200,"response_time":177.15}
2024-05-18 09:06:54 info: {"method":"GET","url":"/api/v1/articles?page=1&limit=10","status":200,"response_time":173.786}
2024-05-18 09:06:55 info: {"method":"GET","url":"/api/v1/articles?page=1&limit=10","status":200,"response_time":180.621}
2024-05-18 09:06:55 info: {"method":"GET","url":"/api/v1/articles?page=1&limit=10","status":200,"response_time":178.117}
2024-05-18 09:06:55 info: {"method":"GET","url":"/api/v1/articles?page=1&limit=10","status":200,"response_time":172.57}
2024-05-18 09:06:55 info: {"method":"GET","url":"/api/v1/articles?page=1&limit=10","status":200,"response_time":172.641}
2024-05-18 09:06:55 info: {"method":"GET","url":"/api/v1/articles?page=1&limit=10","status":200,"response_time":168.429}
2024-05-18 09:06:55 info: {"method":"GET","url":"/api/v1/articles?page=1&limit=10","status":200,"response_time":178.807}
2024-05-18 09:06:55 info: {"method":"GET","url":"/api/v1/articles?page=1&limit=10","status":200,"response_time":167.855}
2024-05-18 09:06:55 info: {"method":"GET","url":"/api/v1/articles?page=1&limit=10","status":200,"response_time":180.52}
2024-05-18 09:06:55 info: {"method":"GET","url":"/api/v1/articles?page=1&limit=10","status":200,"response_time":172.344}
2024-05-18 09:06:55 info: {"method":"GET","url":"/api/v1/articles?page=1&limit=10","status":200,"response_time":164.886}
2024-05-18 09:06:56 info: {"method":"GET","url":"/api/v1/articles?page=1&limit=10","status":200,"response_time":171.813}
2024-05-18 09:06:56 info: {"method":"GET","url":"/api/v1/articles?page=1&limit=10","status":200,"response_time":180.997}
2024-05-18 09:06:56 info: {"method":"GET","url":"/api/v1/articles?page=1&limit=10","status":200,"response_time":168.008}
2024-05-18 09:06:56 info: {"method":"GET","url":"/api/v1/articles?page=1&limit=10","status":200,"response_time":172.859}
2024-05-18 09:06:56 info: {"method":"GET","url":"/api/v1/articles?page=1&limit=10","status":200,"response_time":164.157}
2024-05-18 09:06:56 info: {"method":"GET","url":"/api/v1/articles?page=1&limit=10","status":200,"response_time":170.802}
2024-05-18 09:06:56 info: {"method":"GET","url":"/api/v1/articles?page=1&limit=10","status":200,"response_time":165.027}
2024-05-18 09:06:56 info: {"method":"GET","url":"/api/v1/articles?page=1&limit=10","status":200,"response_time":171.927}
2024-05-18 09:06:56 info: {"method":"GET","url":"/api/v1/articles?page=1&limit=10","status":200,"response_time":175.242}
2024-05-18 09:06:56 info: {"method":"GET","url":"/api/v1/articles?page=1&limit=10","status":200,"response_time":168.579}
2024-05-18 09:06:57 info: {"method":"GET","url":"/api/v1/articles?page=1&limit=10","status":200,"response_time":177.577}
2024-05-18 09:06:57 info: {"method":"GET","url":"/api/v1/articles?page=1&limit=10","status":200,"response_time":172.244}
2024-05-18 09:06:57 info: {"method":"GET","url":"/api/v1/articles?page=1&limit=10","status":200,"response_time":165.602}
2024-05-18 09:06:57 info: {"method":"GET","url":"/api/v1/articles?page=1&limit=10","status":200,"response_time":171.719}
2024-05-18 09:06:57 info: {"method":"GET","url":"/api/v1/articles?page=1&limit=10","status":200,"response_time":165.18}
2024-05-18 09:06:57 info: {"method":"GET","url":"/api/v1/articles?page=1&limit=10","status":200,"response_time":172.824}
2024-05-18 09:06:57 info: {"method":"GET","url":"/api/v1/articles?page=1&limit=10","status":200,"response_time":169.193}
2024-05-18 09:06:57 info: {"method":"GET","url":"/api/v1/articles?page=1&limit=10","status":200,"response_time":180.897}
2024-05-18 09:06:57 info: {"method":"GET","url":"/api/v1/articles?page=1&limit=10","status":200,"response_time":180.204}
2024-05-18 09:06:57 info: {"method":"GET","url":"/api/v1/articles?page=1&limit=10","status":200,"response_time":173.037}
2024-05-18 09:06:58 info: {"method":"GET","url":"/api/v1/articles?page=1&limit=10","status":200,"response_time":175.682}
2024-05-18 09:06:58 info: {"method":"GET","url":"/api/v1/articles?page=1&limit=10","status":200,"response_time":172.594}
2024-05-18 09:06:58 info: {"method":"GET","url":"/api/v1/articles?page=1&limit=10","status":200,"response_time":166.829}
2024-05-18 09:06:58 info: {"method":"GET","url":"/api/v1/articles?page=1&limit=10","status":200,"response_time":171.584}
2024-05-18 09:06:58 info: {"method":"GET","url":"/api/v1/articles?page=1&limit=10","status":200,"response_time":167.999}
2024-05-18 09:06:58 info: {"method":"GET","url":"/api/v1/articles?page=1&limit=10","status":200,"response_time":176.534}
2024-05-18 09:06:58 info: {"method":"GET","url":"/api/v1/articles?page=1&limit=10","status":200,"response_time":170.409}
2024-05-18 09:06:58 info: {"method":"GET","url":"/api/v1/articles?page=1&limit=10","status":200,"response_time":177.126}
2024-05-18 09:06:58 info: {"method":"GET","url":"/api/v1/articles?page=1&limit=10","status":200,"response_time":176.113}
2024-05-18 09:06:58 info: {"method":"GET","url":"/api/v1/articles?page=1&limit=10","status":200,"response_time":167.145}
2024-05-18 09:06:59 info: {"method":"GET","url":"/api/v1/articles?page=1&limit=10","status":200,"response_time":175.938}
2024-05-18 09:06:59 info: {"method":"GET","url":"/api/v1/articles?page=1&limit=10","status":200,"response_time":190.295}
2024-05-18 09:06:59 info: {"method":"GET","url":"/api/v1/articles?page=1&limit=10","status":200,"response_time":167.287}
2024-05-18 09:06:59 info: {"method":"GET","url":"/api/v1/articles?page=1&limit=10","status":200,"response_time":176.422}
2024-05-18 09:06:59 info: {"method":"GET","url":"/api/v1/articles?page=1&limit=10","status":200,"response_time":169.243}
2024-05-18 09:06:59 info: {"method":"GET","url":"/api/v1/articles?page=1&limit=10","status":200,"response_time":174.362}
2024-05-18 09:06:59 info: {"method":"GET","url":"/api/v1/articles?page=1&limit=10","status":200,"response_time":168.697}
2024-05-18 09:06:59 info: {"method":"GET","url":"/api/v1/articles?page=1&limit=10","status":200,"response_time":177.745}
2024-05-18 09:06:59 info: {"method":"GET","url":"/api/v1/articles?page=1&limit=10","status":200,"response_time":192.57}
2024-05-18 09:07:00 info: {"method":"GET","url":"/api/v1/articles?page=1&limit=10","status":200,"response_time":225.118}
2024-05-18 09:07:00 info: {"method":"GET","url":"/api/v1/articles?page=1&limit=10","status":200,"response_time":214.646}
2024-05-18 09:07:00 info: {"method":"GET","url":"/api/v1/articles?page=1&limit=10","status":200,"response_time":176.92}
2024-05-18 09:07:00 info: {"method":"GET","url":"/api/v1/articles?page=1&limit=10","status":200,"response_time":194.925}
2024-05-18 09:07:00 info: {"method":"GET","url":"/api/v1/articles?page=1&limit=10","status":200,"response_time":178.543}
2024-05-18 09:07:00 info: {"method":"GET","url":"/api/v1/articles?page=1&limit=10","status":200,"response_time":169.249}
2024-05-18 09:07:00 info: {"method":"GET","url":"/api/v1/articles?page=1&limit=10","status":200,"response_time":174.847}
2024-05-18 09:07:00 info: {"method":"GET","url":"/api/v1/articles?page=1&limit=10","status":200,"response_time":165.199}
2024-05-18 09:07:00 info: {"method":"GET","url":"/api/v1/articles?page=1&limit=10","status":200,"response_time":171.859}
2024-05-18 09:07:00 info: {"method":"GET","url":"/api/v1/articles?page=1&limit=10","status":200,"response_time":174.165}
2024-05-18 09:07:00 info: {"method":"GET","url":"/api/v1/articles?page=1&limit=10","status":200,"response_time":166.846}
2024-05-18 09:07:01 info: {"method":"GET","url":"/api/v1/articles?page=1&limit=10","status":200,"response_time":174.781}
2024-05-18 09:07:01 info: {"method":"GET","url":"/api/v1/articles?page=1&limit=10","status":200,"response_time":184.491}
2024-05-18 09:07:01 info: {"method":"GET","url":"/api/v1/articles?page=1&limit=10","status":200,"response_time":178.058}
2024-05-18 09:07:01 info: {"method":"GET","url":"/api/v1/articles?page=1&limit=10","status":200,"response_time":174.746}
2024-05-18 09:07:01 info: {"method":"GET","url":"/api/v1/articles?page=1&limit=10","status":200,"response_time":166.575}
2024-05-18 09:07:01 info: {"method":"GET","url":"/api/v1/articles?page=1&limit=10","status":200,"response_time":172.731}
2024-05-18 09:07:01 info: {"method":"GET","url":"/api/v1/articles?page=1&limit=10","status":200,"response_time":169.597}
2024-05-18 09:07:01 info: {"method":"GET","url":"/api/v1/articles?page=1&limit=10","status":200,"response_time":174.496}
2024-05-18 09:07:01 info: {"method":"GET","url":"/api/v1/articles?page=1&limit=10","status":200,"response_time":175.476}
2024-05-18 09:07:01 info: {"method":"GET","url":"/api/v1/articles?page=1&limit=10","status":200,"response_time":167.383}
2024-05-18 09:07:02 info: {"method":"GET","url":"/api/v1/articles?page=1&limit=10","status":200,"response_time":175.622}
2024-05-18 09:07:02 info: {"method":"GET","url":"/api/v1/articles?page=1&limit=10","status":200,"response_time":171.35}
2024-05-18 09:07:02 info: {"method":"GET","url":"/api/v1/articles?page=1&limit=10","status":200,"response_time":165.842}
2024-05-18 09:07:02 info: {"method":"GET","url":"/api/v1/articles?page=1&limit=10","status":200,"response_time":177.111}
2024-05-18 09:07:02 info: {"method":"GET","url":"/api/v1/articles?page=1&limit=10","status":200,"response_time":170.359}
2024-05-18 09:07:02 info: {"method":"GET","url":"/api/v1/articles?page=1&limit=10","status":200,"response_time":176.889}
2024-05-18 09:07:02 info: {"method":"GET","url":"/api/v1/articles?page=1&limit=10","status":200,"response_time":168.88}
2024-05-18 09:07:02 info: {"method":"GET","url":"/api/v1/articles?page=1&limit=10","status":200,"response_time":171.457}
2024-05-18 09:07:02 info: {"method":"GET","url":"/api/v1/articles?page=1&limit=10","status":200,"response_time":172.692}
2024-05-18 09:07:02 info: {"method":"GET","url":"/api/v1/articles?page=1&limit=10","status":200,"response_time":165.562}
2024-05-18 09:07:03 info: {"method":"GET","url":"/api/v1/articles?page=1&limit=10","status":200,"response_time":173.481}
2024-05-18 09:07:03 info: {"method":"GET","url":"/api/v1/articles?page=1&limit=10","status":200,"response_time":172.999}
2024-05-18 09:07:03 info: {"method":"GET","url":"/api/v1/articles?page=1&limit=10","status":200,"response_time":167.299}
2024-05-18 09:07:03 info: {"method":"GET","url":"/api/v1/articles?page=1&limit=10","status":200,"response_time":171.538}
2024-05-18 09:07:03 info: {"method":"GET","url":"/api/v1/articles?page=1&limit=10","status":200,"response_time":166.614}
2024-05-18 09:07:03 info: {"method":"GET","url":"/api/v1/articles?page=1&limit=10","status":200,"response_time":172.592}
2024-05-18 09:07:03 info: {"method":"GET","url":"/api/v1/articles?page=1&limit=10","status":200,"response_time":166.62}
2024-05-18 09:07:03 info: {"method":"GET","url":"/api/v1/articles?page=1&limit=10","status":200,"response_time":171.87}
2024-05-18 09:07:03 info: {"method":"GET","url":"/api/v1/articles?page=1&limit=10","status":200,"response_time":175.565}
2024-05-18 09:07:03 info: {"method":"GET","url":"/api/v1/articles?page=1&limit=10","status":200,"response_time":165.493}
2024-05-18 09:07:04 info: {"method":"GET","url":"/api/v1/articles?page=1&limit=10","status":200,"response_time":173.332}
2024-05-18 09:07:04 info: {"method":"GET","url":"/api/v1/articles?page=1&limit=10","status":200,"response_time":174.896}
2024-05-18 09:07:04 info: {"method":"GET","url":"/api/v1/articles?page=1&limit=10","status":200,"response_time":177.179}
2024-05-18 09:07:04 info: {"method":"GET","url":"/api/v1/articles?page=1&limit=10","status":200,"response_time":177.628}
2024-05-18 09:07:04 info: {"method":"GET","url":"/api/v1/articles?page=1&limit=10","status":200,"response_time":170.22}
2024-05-18 09:07:04 info: {"method":"GET","url":"/api/v1/articles?page=1&limit=10","status":200,"response_time":175.622}
2024-05-18 09:07:04 info: {"method":"GET","url":"/api/v1/articles?page=1&limit=10","status":200,"response_time":171.794}
2024-05-18 09:07:04 info: {"method":"GET","url":"/api/v1/articles?page=1&limit=10","status":200,"response_time":175.128}
2024-05-18 09:07:04 info: {"method":"GET","url":"/api/v1/articles?page=1&limit=10","status":200,"response_time":175.423}
2024-05-18 09:07:04 info: {"method":"GET","url":"/api/v1/articles?page=1&limit=10","status":200,"response_time":167.273}
2024-05-18 09:07:05 info: {"method":"GET","url":"/api/v1/articles?page=1&limit=10","status":200,"response_time":175.635}
2024-05-18 09:07:05 info: {"method":"GET","url":"/api/v1/articles?page=1&limit=10","status":200,"response_time":173.499}
2024-05-18 09:07:05 info: {"method":"GET","url":"/api/v1/articles?page=1&limit=10","status":200,"response_time":169.055}
2024-05-18 09:07:05 info: {"method":"GET","url":"/api/v1/articles?page=1&limit=10","status":200,"response_time":174.608}
2024-05-18 09:07:05 info: {"method":"GET","url":"/api/v1/articles?page=1&limit=10","status":200,"response_time":167.873}
2024-05-18 09:07:05 info: {"method":"GET","url":"/api/v1/articles?page=1&limit=10","status":200,"response_time":175.948}
2024-05-18 09:07:05 info: {"method":"GET","url":"/api/v1/articles?page=1&limit=10","status":200,"response_time":172.34}
2024-05-18 09:07:05 info: {"method":"GET","url":"/api/v1/articles?page=1&limit=10","status":200,"response_time":177.659}
2024-05-18 09:07:05 info: {"method":"GET","url":"/api/v1/articles?page=1&limit=10","status":200,"response_time":175.323}
2024-05-18 09:07:05 info: {"method":"GET","url":"/api/v1/articles?page=1&limit=10","status":200,"response_time":167.654}
2024-05-18 09:07:06 info: {"method":"GET","url":"/api/v1/articles?page=1&limit=10","status":200,"response_time":174.559}
2024-05-18 09:07:06 info: {"method":"GET","url":"/api/v1/articles?page=1&limit=10","status":200,"response_time":174.536}
2024-05-18 09:07:06 info: {"method":"GET","url":"/api/v1/articles?page=1&limit=10","status":200,"response_time":169.085}
2024-05-18 09:07:06 info: {"method":"GET","url":"/api/v1/articles?page=1&limit=10","status":200,"response_time":177.689}
2024-05-18 09:07:06 info: {"method":"GET","url":"/api/v1/articles?page=1&limit=10","status":200,"response_time":169.717}
2024-05-18 09:07:06 info: {"method":"GET","url":"/api/v1/articles?page=1&limit=10","status":200,"response_time":178.016}
2024-05-18 09:07:06 info: {"method":"GET","url":"/api/v1/articles?page=1&limit=10","status":200,"response_time":168.46}
2024-05-18 09:07:06 info: {"method":"GET","url":"/api/v1/articles?page=1&limit=10","status":200,"response_time":178.094}
2024-05-18 09:07:06 info: {"method":"GET","url":"/api/v1/articles?page=1&limit=10","status":200,"response_time":175.426}
2024-05-18 09:07:06 info: {"method":"GET","url":"/api/v1/articles?page=1&limit=10","status":200,"response_time":169.25}
2024-05-18 09:07:07 info: {"method":"GET","url":"/api/v1/articles?page=1&limit=10","status":200,"response_time":177.07}
2024-05-18 09:07:07 info: {"method":"GET","url":"/api/v1/articles?page=1&limit=10","status":200,"response_time":180.275}
2024-05-18 09:07:07 info: {"method":"GET","url":"/api/v1/articles?page=1&limit=10","status":200,"response_time":169.719}
2024-05-18 09:07:07 info: {"method":"GET","url":"/api/v1/articles?page=1&limit=10","status":200,"response_time":177.716}
2024-05-18 09:11:34 info: 🚀 App listening on the port 5000
2024-05-18 09:12:01 info: 🚀 App listening on the port 5000
2024-05-18 09:12:05 info: 🚀 App listening on the port 5000
2024-05-18 09:16:14 info: 🚀 App listening on the port 5000
2024-05-18 09:18:28 info: 🚀 App listening on the port 5000
2024-05-18 09:19:20 info: 🚀 App listening on the port 5000
2024-05-18 09:34:51 info: 🚀 App listening on the port 5000
2024-05-18 09:35:27 info: 🚀 App listening on the port 5000
2024-05-18 09:35:31 info: 🚀 App listening on the port 5000
2024-05-18 09:36:36 info: 🚀 App listening on the port 5000
2024-05-18 09:36:55 info: 🚀 App listening on the port 5000
2024-05-18 09:37:22 info: 🚀 App listening on the port 5000
2024-05-18 09:37:43 info: 🚀 App listening on the port 5000
2024-05-18 09:37:46 info: 🚀 App listening on the port 5000
2024-05-18 09:39:32 info: 🚀 App listening on the port 5000
2024-05-18 09:40:07 info: 🚀 App listening on the port 5000
2024-05-18 09:40:22 info: 🚀 App listening on the port 5000
2024-05-18 09:40:32 info: 🚀 App listening on the port 5000
2024-05-18 09:40:58 info: 🚀 App listening on the port 5000
2024-05-18 09:41:06 info: 🚀 App listening on the port 5000
2024-05-18 09:41:47 info: 🚀 App listening on the port 5000
2024-05-18 19:46:59 info: 🚀 App listening on the port 5000
2024-05-18 20:24:37 info: 🚀 App listening on the port 5000
2024-05-18 22:07:55 info: 🚀 App listening on the port 5000
2024-05-18 22:13:29 error: ReferenceError: proces is not defined,    at RedisService.getOrSet (G:\Programming\projects\FullStack\MERN Blog\server\src\service\RedisService.js:5:31),    at G:\Programming\projects\FullStack\MERN Blog\server\src\controllers\article.js:34:35,    at G:\Programming\projects\FullStack\MERN Blog\server\src\middlewarers\catchAsyncErrors.js:7:19,    at Layer.handle [as handle_request] (G:\Programming\projects\FullStack\MERN Blog\server\node_modules\express\lib\router\layer.js:95:5),    at next (G:\Programming\projects\FullStack\MERN Blog\server\node_modules\express\lib\router\route.js:144:13),    at Route.dispatch (G:\Programming\projects\FullStack\MERN Blog\server\node_modules\express\lib\router\route.js:114:3),    at Layer.handle [as handle_request] (G:\Programming\projects\FullStack\MERN Blog\server\node_modules\express\lib\router\layer.js:95:5),    at G:\Programming\projects\FullStack\MERN Blog\server\node_modules\express\lib\router\index.js:284:15,    at Function.process_params (G:\Programming\projects\FullStack\MERN Blog\server\node_modules\express\lib\router\index.js:346:12),    at next (G:\Programming\projects\FullStack\MERN Blog\server\node_modules\express\lib\router\index.js:280:10)
2024-05-18 22:13:29 info: {"method":"GET","url":"/api/v1/articles?page=1&limit=10","status":500,"content_length":"62","response_time":113.655}
2024-05-18 22:14:22 info: 🚀 App listening on the port 5000
2024-05-18 22:14:30 info: {"method":"GET","url":"/api/v1/articles?page=1&limit=10","status":200,"response_time":267.914}
2024-05-18 22:14:50 info: {"method":"GET","url":"/api/v1/articles?page=1&limit=10","status":304,"response_time":21.507}
2024-05-18 22:15:29 info: 🚀 App listening on the port 5000
2024-05-18 22:16:23 info: 🚀 App listening on the port 5000
2024-05-18 22:16:39 info: 🚀 App listening on the port 5000
2024-05-18 22:17:02 info: 🚀 App listening on the port 5000
2024-05-18 22:17:09 info: {"method":"GET","url":"/api/v1/articles?page=1&limit=10","status":304,"response_time":17.236}
2024-05-18 22:17:26 info: {"method":"GET","url":"/api/v1/articles?search=React%20&page=1&limit=10","status":200,"response_time":180.487}
2024-05-18 22:17:45 info: {"method":"GET","url":"/api/v1/articles?search=React%20&page=1&limit=10","status":304,"response_time":6.704}
2024-05-18 22:20:06 info: {"method":"GET","url":"/api/v1/articles?page=1&limit=5","status":200,"response_time":255.276}
2024-05-18 22:20:09 info: {"method":"GET","url":"/api/v1/articles?page=1&limit=5","status":304,"response_time":10.613}
2024-05-18 22:20:12 info: {"method":"GET","url":"/api/v1/articles?page=1&limit=5","status":304,"response_time":15.093}
2024-05-18 22:20:13 info: {"method":"GET","url":"/api/v1/articles?page=1&limit=5","status":304,"response_time":6.553}
2024-05-18 22:20:14 info: {"method":"GET","url":"/api/v1/articles?page=1&limit=5","status":304,"response_time":7.055}
2024-05-18 22:24:29 info: {"method":"GET","url":"/api/v1/articles?page=1&limit=5","status":304,"response_time":87.157}
2024-05-18 22:26:05 info: 🚀 App listening on the port 5000
2024-05-18 22:26:43 info: 🚀 App listening on the port 5000
2024-05-18 22:27:13 info: {"method":"GET","url":"/api/v1/articles/662689747f68b50c41300e8f","status":200,"response_time":295.507}
2024-05-18 22:27:24 info: {"method":"GET","url":"/api/v1/articles/662689747f68b50c41300e8f","status":304,"response_time":36.751}
2024-05-18 22:27:44 info: {"method":"GET","url":"/api/v1/articles/662689747f68b50c41300e8f","status":304,"response_time":11.928}
2024-05-18 22:27:45 info: {"method":"GET","url":"/api/v1/articles/662689747f68b50c41300e8f","status":304,"response_time":11.023}
2024-05-18 22:27:46 info: {"method":"GET","url":"/api/v1/articles/662689747f68b50c41300e8f","status":304,"response_time":10.371}
2024-05-18 22:27:47 info: {"method":"GET","url":"/api/v1/articles/662689747f68b50c41300e8f","status":304,"response_time":15.246}
2024-05-18 22:28:03 info: {"method":"GET","url":"/api/v1/articles/662689747f68b50c41300e8f","status":304,"response_time":11.173}
2024-05-18 22:28:05 info: {"method":"GET","url":"/api/v1/articles/662689747f68b50c41300e8f","status":304,"response_time":16.348}
2024-05-18 22:33:41 info: 🚀 App listening on the port 5000
2024-05-18 22:34:13 info: 🚀 App listening on the port 5000
2024-05-18 22:34:49 info: 🚀 App listening on the port 5000
2024-05-18 22:36:32 info: 🚀 App listening on the port 5000
2024-05-18 23:10:02 info: 🚀 App listening on the port 5000
2024-05-18 23:10:33 info: {"method":"GET","url":"/api/v1/articles?page=1&limit=10","status":200,"response_time":595.144}
2024-05-18 23:10:33 info: {"method":"GET","url":"/api/v1/articles?page=1&limit=10","status":200,"response_time":111.763}
2024-05-18 23:10:33 info: {"method":"GET","url":"/api/v1/articles?page=1&limit=10","status":200,"response_time":108.405}
2024-05-18 23:10:33 info: {"method":"GET","url":"/api/v1/articles?page=1&limit=10","status":200,"response_time":105.302}
2024-05-18 23:10:33 info: {"method":"GET","url":"/api/v1/articles?page=1&limit=10","status":200,"response_time":102.469}
2024-05-18 23:10:33 info: {"method":"GET","url":"/api/v1/articles?page=1&limit=10","status":200,"response_time":38.468}
2024-05-18 23:10:33 info: {"method":"GET","url":"/api/v1/articles?page=1&limit=10","status":200,"response_time":16.499}
2024-05-18 23:10:33 info: {"method":"GET","url":"/api/v1/articles?page=1&limit=10","status":200,"response_time":13.856}
2024-05-18 23:10:33 info: {"method":"GET","url":"/api/v1/articles?page=1&limit=10","status":200,"response_time":718.57}
2024-05-18 23:10:33 info: {"method":"GET","url":"/api/v1/articles?page=1&limit=10","status":200,"response_time":681.514}
2024-05-18 23:10:33 info: {"method":"GET","url":"/api/v1/articles?page=1&limit=10","status":200,"response_time":8.41}
2024-05-18 23:10:33 info: {"method":"GET","url":"/api/v1/articles?page=1&limit=10","status":200,"response_time":10.988}
2024-05-18 23:10:33 info: {"method":"GET","url":"/api/v1/articles?page=1&limit=10","status":200,"response_time":6.346}
2024-05-18 23:10:33 info: {"method":"GET","url":"/api/v1/articles?page=1&limit=10","status":200,"response_time":5.049}
2024-05-18 23:10:34 info: {"method":"GET","url":"/api/v1/articles?page=1&limit=10","status":200,"response_time":8.553}
2024-05-18 23:10:34 info: {"method":"GET","url":"/api/v1/articles?page=1&limit=10","status":200,"response_time":7.975}
2024-05-18 23:10:34 info: {"method":"GET","url":"/api/v1/articles?page=1&limit=10","status":200,"response_time":3.558}
2024-05-18 23:10:34 info: {"method":"GET","url":"/api/v1/articles?page=1&limit=10","status":200,"response_time":14.127}
2024-05-18 23:10:34 info: {"method":"GET","url":"/api/v1/articles?page=1&limit=10","status":200,"response_time":12.592}
2024-05-18 23:10:34 info: {"method":"GET","url":"/api/v1/articles?page=1&limit=10","status":200,"response_time":10.155}
2024-05-18 23:10:34 info: {"method":"GET","url":"/api/v1/articles?page=1&limit=10","status":200,"response_time":5.674}
2024-05-18 23:10:34 info: {"method":"GET","url":"/api/v1/articles?page=1&limit=10","status":200,"response_time":7.937}
2024-05-18 23:10:34 info: {"method":"GET","url":"/api/v1/articles?page=1&limit=10","status":200,"response_time":4.753}
2024-05-18 23:10:34 info: {"method":"GET","url":"/api/v1/articles?page=1&limit=10","status":200,"response_time":5.555}
2024-05-18 23:10:35 info: {"method":"GET","url":"/api/v1/articles?page=1&limit=10","status":200,"response_time":4.608}
2024-05-18 23:10:35 info: {"method":"GET","url":"/api/v1/articles?page=1&limit=10","status":200,"response_time":4.103}
2024-05-18 23:10:35 info: {"method":"GET","url":"/api/v1/articles?page=1&limit=10","status":200,"response_time":3.895}
2024-05-18 23:10:35 info: {"method":"GET","url":"/api/v1/articles?page=1&limit=10","status":200,"response_time":3.981}
2024-05-18 23:10:35 info: {"method":"GET","url":"/api/v1/articles?page=1&limit=10","status":200,"response_time":16.491}
2024-05-18 23:10:35 info: {"method":"GET","url":"/api/v1/articles?page=1&limit=10","status":200,"response_time":7.774}
2024-05-18 23:10:35 info: {"method":"GET","url":"/api/v1/articles?page=1&limit=10","status":200,"response_time":7.31}
2024-05-18 23:10:35 info: {"method":"GET","url":"/api/v1/articles?page=1&limit=10","status":200,"response_time":5.342}
2024-05-18 23:10:35 info: {"method":"GET","url":"/api/v1/articles?page=1&limit=10","status":200,"response_time":6.083}
2024-05-18 23:10:35 info: {"method":"GET","url":"/api/v1/articles?page=1&limit=10","status":200,"response_time":3.554}
2024-05-18 23:10:36 info: {"method":"GET","url":"/api/v1/articles?page=1&limit=10","status":200,"response_time":6.504}
2024-05-18 23:10:36 info: {"method":"GET","url":"/api/v1/articles?page=1&limit=10","status":200,"response_time":5.361}
2024-05-18 23:10:36 info: {"method":"GET","url":"/api/v1/articles?page=1&limit=10","status":200,"response_time":6.01}
2024-05-18 23:10:36 info: {"method":"GET","url":"/api/v1/articles?page=1&limit=10","status":200,"response_time":5.349}
2024-05-18 23:10:36 info: {"method":"GET","url":"/api/v1/articles?page=1&limit=10","status":200,"response_time":4.247}
2024-05-18 23:10:36 info: {"method":"GET","url":"/api/v1/articles?page=1&limit=10","status":200,"response_time":4.214}
2024-05-18 23:10:36 info: {"method":"GET","url":"/api/v1/articles?page=1&limit=10","status":200,"response_time":3.542}
2024-05-18 23:10:36 info: {"method":"GET","url":"/api/v1/articles?page=1&limit=10","status":200,"response_time":5.909}
2024-05-18 23:10:36 info: {"method":"GET","url":"/api/v1/articles?page=1&limit=10","status":200,"response_time":4.376}
2024-05-18 23:10:36 info: {"method":"GET","url":"/api/v1/articles?page=1&limit=10","status":200,"response_time":3.958}
2024-05-18 23:10:37 info: {"method":"GET","url":"/api/v1/articles?page=1&limit=10","status":200,"response_time":8.706}
2024-05-18 23:10:37 info: {"method":"GET","url":"/api/v1/articles?page=1&limit=10","status":200,"response_time":6.834}
2024-05-18 23:10:37 info: {"method":"GET","url":"/api/v1/articles?page=1&limit=10","status":200,"response_time":4.147}
2024-05-18 23:10:37 info: {"method":"GET","url":"/api/v1/articles?page=1&limit=10","status":200,"response_time":19.333}
2024-05-18 23:10:37 info: {"method":"GET","url":"/api/v1/articles?page=1&limit=10","status":200,"response_time":4.872}
2024-05-18 23:10:37 info: {"method":"GET","url":"/api/v1/articles?page=1&limit=10","status":200,"response_time":3.4}
2024-05-18 23:10:37 info: {"method":"GET","url":"/api/v1/articles?page=1&limit=10","status":200,"response_time":4.718}
2024-05-18 23:10:37 info: {"method":"GET","url":"/api/v1/articles?page=1&limit=10","status":200,"response_time":11.288}
2024-05-18 23:10:37 info: {"method":"GET","url":"/api/v1/articles?page=1&limit=10","status":200,"response_time":4.725}
2024-05-18 23:10:37 info: {"method":"GET","url":"/api/v1/articles?page=1&limit=10","status":200,"response_time":3.896}
2024-05-18 23:10:38 info: {"method":"GET","url":"/api/v1/articles?page=1&limit=10","status":200,"response_time":8.739}
2024-05-18 23:10:38 info: {"method":"GET","url":"/api/v1/articles?page=1&limit=10","status":200,"response_time":7.133}
2024-05-18 23:10:38 info: {"method":"GET","url":"/api/v1/articles?page=1&limit=10","status":200,"response_time":4.626}
2024-05-18 23:10:38 info: {"method":"GET","url":"/api/v1/articles?page=1&limit=10","status":200,"response_time":13.047}
2024-05-18 23:10:38 info: {"method":"GET","url":"/api/v1/articles?page=1&limit=10","status":200,"response_time":5.645}
2024-05-18 23:10:38 info: {"method":"GET","url":"/api/v1/articles?page=1&limit=10","status":200,"response_time":6.273}
2024-05-18 23:10:38 info: {"method":"GET","url":"/api/v1/articles?page=1&limit=10","status":200,"response_time":5.172}
2024-05-18 23:10:38 info: {"method":"GET","url":"/api/v1/articles?page=1&limit=10","status":200,"response_time":4.038}
2024-05-18 23:10:38 info: {"method":"GET","url":"/api/v1/articles?page=1&limit=10","status":200,"response_time":8.123}
2024-05-18 23:10:38 info: {"method":"GET","url":"/api/v1/articles?page=1&limit=10","status":200,"response_time":3.21}
2024-05-18 23:10:39 info: {"method":"GET","url":"/api/v1/articles?page=1&limit=10","status":200,"response_time":7.021}
2024-05-18 23:10:39 info: {"method":"GET","url":"/api/v1/articles?page=1&limit=10","status":200,"response_time":5.513}
2024-05-18 23:10:39 info: {"method":"GET","url":"/api/v1/articles?page=1&limit=10","status":200,"response_time":6.094}
2024-05-18 23:10:39 info: {"method":"GET","url":"/api/v1/articles?page=1&limit=10","status":200,"response_time":7.082}
2024-05-18 23:10:39 info: {"method":"GET","url":"/api/v1/articles?page=1&limit=10","status":200,"response_time":5.756}
2024-05-18 23:10:39 info: {"method":"GET","url":"/api/v1/articles?page=1&limit=10","status":200,"response_time":4.195}
2024-05-18 23:10:39 info: {"method":"GET","url":"/api/v1/articles?page=1&limit=10","status":200,"response_time":5.555}
2024-05-18 23:10:39 info: {"method":"GET","url":"/api/v1/articles?page=1&limit=10","status":200,"response_time":7.621}
2024-05-18 23:10:39 info: {"method":"GET","url":"/api/v1/articles?page=1&limit=10","status":200,"response_time":6.133}
2024-05-18 23:10:39 info: {"method":"GET","url":"/api/v1/articles?page=1&limit=10","status":200,"response_time":3.258}
2024-05-18 23:10:40 info: {"method":"GET","url":"/api/v1/articles?page=1&limit=10","status":200,"response_time":5.66}
2024-05-18 23:10:40 info: {"method":"GET","url":"/api/v1/articles?page=1&limit=10","status":200,"response_time":3.241}
2024-05-18 23:10:40 info: {"method":"GET","url":"/api/v1/articles?page=1&limit=10","status":200,"response_time":4.844}
2024-05-18 23:10:40 info: {"method":"GET","url":"/api/v1/articles?page=1&limit=10","status":200,"response_time":18.769}
2024-05-18 23:10:40 info: {"method":"GET","url":"/api/v1/articles?page=1&limit=10","status":200,"response_time":6.441}
2024-05-18 23:10:40 info: {"method":"GET","url":"/api/v1/articles?page=1&limit=10","status":200,"response_time":5.224}
2024-05-18 23:10:40 info: {"method":"GET","url":"/api/v1/articles?page=1&limit=10","status":200,"response_time":5.4}
2024-05-18 23:10:40 info: {"method":"GET","url":"/api/v1/articles?page=1&limit=10","status":200,"response_time":5.266}
2024-05-18 23:10:40 info: {"method":"GET","url":"/api/v1/articles?page=1&limit=10","status":200,"response_time":15.471}
2024-05-18 23:10:40 info: {"method":"GET","url":"/api/v1/articles?page=1&limit=10","status":200,"response_time":16.473}
2024-05-18 23:10:41 info: {"method":"GET","url":"/api/v1/articles?page=1&limit=10","status":200,"response_time":4.47}
2024-05-18 23:10:41 info: {"method":"GET","url":"/api/v1/articles?page=1&limit=10","status":200,"response_time":5.3}
2024-05-18 23:10:41 info: {"method":"GET","url":"/api/v1/articles?page=1&limit=10","status":200,"response_time":7.473}
2024-05-18 23:10:41 info: {"method":"GET","url":"/api/v1/articles?page=1&limit=10","status":200,"response_time":6.785}
2024-05-18 23:10:41 info: {"method":"GET","url":"/api/v1/articles?page=1&limit=10","status":200,"response_time":5.281}
2024-05-18 23:10:41 info: {"method":"GET","url":"/api/v1/articles?page=1&limit=10","status":200,"response_time":14.295}
2024-05-18 23:10:41 info: {"method":"GET","url":"/api/v1/articles?page=1&limit=10","status":200,"response_time":4.404}
2024-05-18 23:10:41 info: {"method":"GET","url":"/api/v1/articles?page=1&limit=10","status":200,"response_time":2.966}
2024-05-18 23:10:41 info: {"method":"GET","url":"/api/v1/articles?page=1&limit=10","status":200,"response_time":6.837}
2024-05-18 23:10:41 info: {"method":"GET","url":"/api/v1/articles?page=1&limit=10","status":200,"response_time":3.29}
2024-05-18 23:10:42 info: {"method":"GET","url":"/api/v1/articles?page=1&limit=10","status":200,"response_time":18.934}
2024-05-18 23:10:42 info: {"method":"GET","url":"/api/v1/articles?page=1&limit=10","status":200,"response_time":4.144}
2024-05-18 23:10:42 info: {"method":"GET","url":"/api/v1/articles?page=1&limit=10","status":200,"response_time":4.018}
2024-05-18 23:10:42 info: {"method":"GET","url":"/api/v1/articles?page=1&limit=10","status":200,"response_time":6.588}
2024-05-18 23:10:42 info: {"method":"GET","url":"/api/v1/articles?page=1&limit=10","status":200,"response_time":7.397}
2024-05-18 23:10:42 info: {"method":"GET","url":"/api/v1/articles?page=1&limit=10","status":200,"response_time":3.739}
2024-05-18 23:10:42 info: {"method":"GET","url":"/api/v1/articles?page=1&limit=10","status":200,"response_time":10.847}
2024-05-18 23:10:42 info: {"method":"GET","url":"/api/v1/articles?page=1&limit=10","status":200,"response_time":4.529}
2024-05-18 23:10:42 info: {"method":"GET","url":"/api/v1/articles?page=1&limit=10","status":200,"response_time":7.196}
2024-05-18 23:10:43 info: {"method":"GET","url":"/api/v1/articles?page=1&limit=10","status":200,"response_time":5.192}
2024-05-18 23:10:43 info: {"method":"GET","url":"/api/v1/articles?page=1&limit=10","status":200,"response_time":11.209}
2024-05-18 23:10:43 info: {"method":"GET","url":"/api/v1/articles?page=1&limit=10","status":200,"response_time":3.534}
2024-05-18 23:10:43 info: {"method":"GET","url":"/api/v1/articles?page=1&limit=10","status":200,"response_time":3.74}
2024-05-18 23:10:43 info: {"method":"GET","url":"/api/v1/articles?page=1&limit=10","status":200,"response_time":5.748}
2024-05-18 23:10:43 info: {"method":"GET","url":"/api/v1/articles?page=1&limit=10","status":200,"response_time":3.918}
2024-05-18 23:10:43 info: {"method":"GET","url":"/api/v1/articles?page=1&limit=10","status":200,"response_time":3.104}
2024-05-18 23:10:43 info: {"method":"GET","url":"/api/v1/articles?page=1&limit=10","status":200,"response_time":14.005}
2024-05-18 23:10:43 info: {"method":"GET","url":"/api/v1/articles?page=1&limit=10","status":200,"response_time":3.947}
2024-05-18 23:10:43 info: {"method":"GET","url":"/api/v1/articles?page=1&limit=10","status":200,"response_time":3.262}
2024-05-18 23:10:44 info: {"method":"GET","url":"/api/v1/articles?page=1&limit=10","status":200,"response_time":3.608}
2024-05-18 23:10:44 info: {"method":"GET","url":"/api/v1/articles?page=1&limit=10","status":200,"response_time":13.135}
2024-05-18 23:10:44 info: {"method":"GET","url":"/api/v1/articles?page=1&limit=10","status":200,"response_time":4.341}
2024-05-18 23:10:44 info: {"method":"GET","url":"/api/v1/articles?page=1&limit=10","status":200,"response_time":3.602}
2024-05-18 23:10:44 info: {"method":"GET","url":"/api/v1/articles?page=1&limit=10","status":200,"response_time":19.175}
2024-05-18 23:10:44 info: {"method":"GET","url":"/api/v1/articles?page=1&limit=10","status":200,"response_time":5.48}
2024-05-18 23:10:44 info: {"method":"GET","url":"/api/v1/articles?page=1&limit=10","status":200,"response_time":3.622}
2024-05-18 23:10:44 info: {"method":"GET","url":"/api/v1/articles?page=1&limit=10","status":200,"response_time":9.228}
2024-05-18 23:10:44 info: {"method":"GET","url":"/api/v1/articles?page=1&limit=10","status":200,"response_time":4.507}
2024-05-18 23:10:44 info: {"method":"GET","url":"/api/v1/articles?page=1&limit=10","status":200,"response_time":3.297}
2024-05-18 23:10:44 info: {"method":"GET","url":"/api/v1/articles?page=1&limit=10","status":200,"response_time":2.927}
2024-05-18 23:10:45 info: {"method":"GET","url":"/api/v1/articles?page=1&limit=10","status":200,"response_time":24.886}
2024-05-18 23:10:45 info: {"method":"GET","url":"/api/v1/articles?page=1&limit=10","status":200,"response_time":10.157}
2024-05-18 23:10:45 info: {"method":"GET","url":"/api/v1/articles?page=1&limit=10","status":200,"response_time":3.417}
2024-05-18 23:10:45 info: {"method":"GET","url":"/api/v1/articles?page=1&limit=10","status":200,"response_time":8.42}
2024-05-18 23:10:45 info: {"method":"GET","url":"/api/v1/articles?page=1&limit=10","status":200,"response_time":4.432}
2024-05-18 23:10:45 info: {"method":"GET","url":"/api/v1/articles?page=1&limit=10","status":200,"response_time":6.951}
2024-05-18 23:10:45 info: {"method":"GET","url":"/api/v1/articles?page=1&limit=10","status":200,"response_time":3.9}
2024-05-18 23:10:45 info: {"method":"GET","url":"/api/v1/articles?page=1&limit=10","status":200,"response_time":3.571}
2024-05-18 23:10:45 info: {"method":"GET","url":"/api/v1/articles?page=1&limit=10","status":200,"response_time":4.229}
2024-05-18 23:10:45 info: {"method":"GET","url":"/api/v1/articles?page=1&limit=10","status":200,"response_time":3.037}
2024-05-18 23:10:46 info: {"method":"GET","url":"/api/v1/articles?page=1&limit=10","status":200,"response_time":8.342}
2024-05-18 23:10:46 info: {"method":"GET","url":"/api/v1/articles?page=1&limit=10","status":200,"response_time":6.425}
2024-05-18 23:10:46 info: {"method":"GET","url":"/api/v1/articles?page=1&limit=10","status":200,"response_time":4.106}
2024-05-18 23:10:46 info: {"method":"GET","url":"/api/v1/articles?page=1&limit=10","status":200,"response_time":4.429}
2024-05-18 23:10:46 info: {"method":"GET","url":"/api/v1/articles?page=1&limit=10","status":200,"response_time":5.096}
2024-05-18 23:10:46 info: {"method":"GET","url":"/api/v1/articles?page=1&limit=10","status":200,"response_time":4.178}
2024-05-18 23:10:46 info: {"method":"GET","url":"/api/v1/articles?page=1&limit=10","status":200,"response_time":8.27}
2024-05-18 23:10:46 info: {"method":"GET","url":"/api/v1/articles?page=1&limit=10","status":200,"response_time":15.172}
2024-05-18 23:10:46 info: {"method":"GET","url":"/api/v1/articles?page=1&limit=10","status":200,"response_time":3.651}
2024-05-18 23:10:46 info: {"method":"GET","url":"/api/v1/articles?page=1&limit=10","status":200,"response_time":2.9}
2024-05-18 23:10:47 info: {"method":"GET","url":"/api/v1/articles?page=1&limit=10","status":200,"response_time":51.322}
2024-05-18 23:10:47 info: {"method":"GET","url":"/api/v1/articles?page=1&limit=10","status":200,"response_time":5.034}
2024-05-18 23:10:47 info: {"method":"GET","url":"/api/v1/articles?page=1&limit=10","status":200,"response_time":4.36}
2024-05-18 23:10:47 info: {"method":"GET","url":"/api/v1/articles?page=1&limit=10","status":200,"response_time":7.254}
2024-05-18 23:10:47 info: {"method":"GET","url":"/api/v1/articles?page=1&limit=10","status":200,"response_time":7.829}
2024-05-18 23:10:47 info: {"method":"GET","url":"/api/v1/articles?page=1&limit=10","status":200,"response_time":4.307}
2024-05-18 23:10:47 info: {"method":"GET","url":"/api/v1/articles?page=1&limit=10","status":200,"response_time":6.282}
2024-05-18 23:10:47 info: {"method":"GET","url":"/api/v1/articles?page=1&limit=10","status":200,"response_time":8.575}
2024-05-18 23:10:47 info: {"method":"GET","url":"/api/v1/articles?page=1&limit=10","status":200,"response_time":5.093}
2024-05-18 23:10:47 info: {"method":"GET","url":"/api/v1/articles?page=1&limit=10","status":200,"response_time":4.293}
2024-05-18 23:10:48 info: {"method":"GET","url":"/api/v1/articles?page=1&limit=10","status":200,"response_time":3.798}
2024-05-18 23:10:48 info: {"method":"GET","url":"/api/v1/articles?page=1&limit=10","status":200,"response_time":3.508}
2024-05-18 23:10:48 info: {"method":"GET","url":"/api/v1/articles?page=1&limit=10","status":200,"response_time":3.155}
2024-05-18 23:10:48 info: {"method":"GET","url":"/api/v1/articles?page=1&limit=10","status":200,"response_time":3.674}
2024-05-18 23:10:48 info: {"method":"GET","url":"/api/v1/articles?page=1&limit=10","status":200,"response_time":3.046}
2024-05-18 23:10:48 info: {"method":"GET","url":"/api/v1/articles?page=1&limit=10","status":200,"response_time":3.184}
2024-05-18 23:10:48 info: {"method":"GET","url":"/api/v1/articles?page=1&limit=10","status":200,"response_time":4.636}
2024-05-18 23:10:48 info: {"method":"GET","url":"/api/v1/articles?page=1&limit=10","status":200,"response_time":5.111}
2024-05-18 23:10:48 info: {"method":"GET","url":"/api/v1/articles?page=1&limit=10","status":200,"response_time":3.466}
2024-05-18 23:10:48 info: {"method":"GET","url":"/api/v1/articles?page=1&limit=10","status":200,"response_time":2.933}
2024-05-18 23:10:49 info: {"method":"GET","url":"/api/v1/articles?page=1&limit=10","status":200,"response_time":27.242}
2024-05-18 23:10:49 info: {"method":"GET","url":"/api/v1/articles?page=1&limit=10","status":200,"response_time":7.567}
2024-05-18 23:10:49 info: {"method":"GET","url":"/api/v1/articles?page=1&limit=10","status":200,"response_time":4.954}
2024-05-18 23:10:49 info: {"method":"GET","url":"/api/v1/articles?page=1&limit=10","status":200,"response_time":12.019}
2024-05-18 23:10:49 info: {"method":"GET","url":"/api/v1/articles?page=1&limit=10","status":200,"response_time":5.723}
2024-05-18 23:10:49 info: {"method":"GET","url":"/api/v1/articles?page=1&limit=10","status":200,"response_time":10.126}
2024-05-18 23:10:49 info: {"method":"GET","url":"/api/v1/articles?page=1&limit=10","status":200,"response_time":3.761}
2024-05-18 23:10:49 info: {"method":"GET","url":"/api/v1/articles?page=1&limit=10","status":200,"response_time":3.554}
2024-05-18 23:10:49 info: {"method":"GET","url":"/api/v1/articles?page=1&limit=10","status":200,"response_time":4.528}
2024-05-18 23:10:49 info: {"method":"GET","url":"/api/v1/articles?page=1&limit=10","status":200,"response_time":5.133}
2024-05-18 23:10:50 info: {"method":"GET","url":"/api/v1/articles?page=1&limit=10","status":200,"response_time":48.639}
2024-05-18 23:10:50 info: {"method":"GET","url":"/api/v1/articles?page=1&limit=10","status":200,"response_time":15.946}
2024-05-18 23:10:50 info: {"method":"GET","url":"/api/v1/articles?page=1&limit=10","status":200,"response_time":14.396}
2024-05-18 23:10:50 info: {"method":"GET","url":"/api/v1/articles?page=1&limit=10","status":200,"response_time":3.405}
2024-05-18 23:10:50 info: {"method":"GET","url":"/api/v1/articles?page=1&limit=10","status":200,"response_time":3.482}
2024-05-18 23:10:50 info: {"method":"GET","url":"/api/v1/articles?page=1&limit=10","status":200,"response_time":6.828}
2024-05-18 23:10:50 info: {"method":"GET","url":"/api/v1/articles?page=1&limit=10","status":200,"response_time":8}
2024-05-18 23:10:50 info: {"method":"GET","url":"/api/v1/articles?page=1&limit=10","status":200,"response_time":6.157}
2024-05-18 23:10:50 info: {"method":"GET","url":"/api/v1/articles?page=1&limit=10","status":200,"response_time":3.098}
2024-05-18 23:10:50 info: {"method":"GET","url":"/api/v1/articles?page=1&limit=10","status":200,"response_time":3.489}
2024-05-18 23:10:51 info: {"method":"GET","url":"/api/v1/articles?page=1&limit=10","status":200,"response_time":8.855}
2024-05-18 23:10:51 info: {"method":"GET","url":"/api/v1/articles?page=1&limit=10","status":200,"response_time":7.275}
2024-05-18 23:10:51 info: {"method":"GET","url":"/api/v1/articles?page=1&limit=10","status":200,"response_time":3.391}
2024-05-18 23:10:51 info: {"method":"GET","url":"/api/v1/articles?page=1&limit=10","status":200,"response_time":9.725}
2024-05-18 23:10:51 info: {"method":"GET","url":"/api/v1/articles?page=1&limit=10","status":200,"response_time":3.307}
2024-05-18 23:10:51 info: {"method":"GET","url":"/api/v1/articles?page=1&limit=10","status":200,"response_time":3.709}
2024-05-18 23:10:51 info: {"method":"GET","url":"/api/v1/articles?page=1&limit=10","status":200,"response_time":3.389}
2024-05-18 23:10:51 info: {"method":"GET","url":"/api/v1/articles?page=1&limit=10","status":200,"response_time":4.857}
2024-05-18 23:10:51 info: {"method":"GET","url":"/api/v1/articles?page=1&limit=10","status":200,"response_time":3.249}
2024-05-18 23:10:51 info: {"method":"GET","url":"/api/v1/articles?page=1&limit=10","status":200,"response_time":2.925}
2024-05-18 23:10:52 info: {"method":"GET","url":"/api/v1/articles?page=1&limit=10","status":200,"response_time":10.356}
2024-05-18 23:10:52 info: {"method":"GET","url":"/api/v1/articles?page=1&limit=10","status":200,"response_time":4.821}
2024-05-18 23:10:52 info: {"method":"GET","url":"/api/v1/articles?page=1&limit=10","status":200,"response_time":3.324}
2024-05-18 23:10:52 info: {"method":"GET","url":"/api/v1/articles?page=1&limit=10","status":200,"response_time":9.987}
2024-05-18 23:10:52 info: {"method":"GET","url":"/api/v1/articles?page=1&limit=10","status":200,"response_time":6.354}
2024-05-18 23:10:52 info: {"method":"GET","url":"/api/v1/articles?page=1&limit=10","status":200,"response_time":4.117}
2024-05-18 23:10:52 info: {"method":"GET","url":"/api/v1/articles?page=1&limit=10","status":200,"response_time":4.495}
2024-05-18 23:10:52 info: {"method":"GET","url":"/api/v1/articles?page=1&limit=10","status":200,"response_time":3.223}
2024-05-18 23:10:52 info: {"method":"GET","url":"/api/v1/articles?page=1&limit=10","status":200,"response_time":3.975}
2024-05-18 23:10:52 info: {"method":"GET","url":"/api/v1/articles?page=1&limit=10","status":200,"response_time":3.09}
2024-05-18 23:10:53 info: {"method":"GET","url":"/api/v1/articles?page=1&limit=10","status":200,"response_time":7.089}
2024-05-18 23:10:53 info: {"method":"GET","url":"/api/v1/articles?page=1&limit=10","status":200,"response_time":3.786}
2024-05-18 23:10:53 info: {"method":"GET","url":"/api/v1/articles?page=1&limit=10","status":200,"response_time":4.078}
2024-05-18 23:10:53 info: {"method":"GET","url":"/api/v1/articles?page=1&limit=10","status":200,"response_time":5.196}
2024-05-18 23:10:53 info: {"method":"GET","url":"/api/v1/articles?page=1&limit=10","status":200,"response_time":3.553}
2024-05-18 23:10:53 info: {"method":"GET","url":"/api/v1/articles?page=1&limit=10","status":200,"response_time":3.468}
2024-05-18 23:10:53 info: {"method":"GET","url":"/api/v1/articles?page=1&limit=10","status":200,"response_time":3.611}
2024-05-18 23:10:53 info: {"method":"GET","url":"/api/v1/articles?page=1&limit=10","status":200,"response_time":5.641}
2024-05-18 23:10:53 info: {"method":"GET","url":"/api/v1/articles?page=1&limit=10","status":200,"response_time":3.631}
2024-05-18 23:10:53 info: {"method":"GET","url":"/api/v1/articles?page=1&limit=10","status":200,"response_time":2.958}
2024-05-18 23:10:54 info: {"method":"GET","url":"/api/v1/articles?page=1&limit=10","status":200,"response_time":3.316}
2024-05-18 23:10:54 info: {"method":"GET","url":"/api/v1/articles?page=1&limit=10","status":200,"response_time":3.826}
2024-05-18 23:10:54 info: {"method":"GET","url":"/api/v1/articles?page=1&limit=10","status":200,"response_time":3.7}
2024-05-18 23:10:54 info: {"method":"GET","url":"/api/v1/articles?page=1&limit=10","status":200,"response_time":13.687}
2024-05-18 23:10:54 info: {"method":"GET","url":"/api/v1/articles?page=1&limit=10","status":200,"response_time":6.478}
2024-05-18 23:10:54 info: {"method":"GET","url":"/api/v1/articles?page=1&limit=10","status":200,"response_time":3.002}
2024-05-18 23:10:54 info: {"method":"GET","url":"/api/v1/articles?page=1&limit=10","status":200,"response_time":11.444}
2024-05-18 23:10:54 info: {"method":"GET","url":"/api/v1/articles?page=1&limit=10","status":200,"response_time":3.825}
2024-05-18 23:10:54 info: {"method":"GET","url":"/api/v1/articles?page=1&limit=10","status":200,"response_time":4.309}
2024-05-18 23:10:54 info: {"method":"GET","url":"/api/v1/articles?page=1&limit=10","status":200,"response_time":5.45}
2024-05-18 23:10:55 info: {"method":"GET","url":"/api/v1/articles?page=1&limit=10","status":200,"response_time":3.578}
2024-05-18 23:10:55 info: {"method":"GET","url":"/api/v1/articles?page=1&limit=10","status":200,"response_time":3.787}
2024-05-18 23:10:55 info: {"method":"GET","url":"/api/v1/articles?page=1&limit=10","status":200,"response_time":4.674}
2024-05-18 23:10:55 info: {"method":"GET","url":"/api/v1/articles?page=1&limit=10","status":200,"response_time":4.252}
2024-05-18 23:10:55 info: {"method":"GET","url":"/api/v1/articles?page=1&limit=10","status":200,"response_time":3.797}
2024-05-18 23:10:55 info: {"method":"GET","url":"/api/v1/articles?page=1&limit=10","status":200,"response_time":4.109}
2024-05-18 23:10:55 info: {"method":"GET","url":"/api/v1/articles?page=1&limit=10","status":200,"response_time":5.021}
2024-05-18 23:10:55 info: {"method":"GET","url":"/api/v1/articles?page=1&limit=10","status":200,"response_time":3.828}
2024-05-18 23:10:55 info: {"method":"GET","url":"/api/v1/articles?page=1&limit=10","status":200,"response_time":3.86}
2024-05-18 23:10:55 info: {"method":"GET","url":"/api/v1/articles?page=1&limit=10","status":200,"response_time":3.294}
2024-05-18 23:10:56 info: {"method":"GET","url":"/api/v1/articles?page=1&limit=10","status":200,"response_time":3.349}
2024-05-18 23:10:56 info: {"method":"GET","url":"/api/v1/articles?page=1&limit=10","status":200,"response_time":3.765}
2024-05-18 23:10:56 info: {"method":"GET","url":"/api/v1/articles?page=1&limit=10","status":200,"response_time":4.176}
2024-05-18 23:10:56 info: {"method":"GET","url":"/api/v1/articles?page=1&limit=10","status":200,"response_time":5.809}
2024-05-18 23:10:56 info: {"method":"GET","url":"/api/v1/articles?page=1&limit=10","status":200,"response_time":4.549}
2024-05-18 23:10:56 info: {"method":"GET","url":"/api/v1/articles?page=1&limit=10","status":200,"response_time":3.952}
2024-05-18 23:10:56 info: {"method":"GET","url":"/api/v1/articles?page=1&limit=10","status":200,"response_time":7.282}
2024-05-18 23:10:56 info: {"method":"GET","url":"/api/v1/articles?page=1&limit=10","status":200,"response_time":13.322}
2024-05-18 23:10:56 info: {"method":"GET","url":"/api/v1/articles?page=1&limit=10","status":200,"response_time":5.987}
2024-05-18 23:10:56 info: {"method":"GET","url":"/api/v1/articles?page=1&limit=10","status":200,"response_time":2.983}
2024-05-18 23:10:57 info: {"method":"GET","url":"/api/v1/articles?page=1&limit=10","status":200,"response_time":8.652}
2024-05-18 23:10:57 info: {"method":"GET","url":"/api/v1/articles?page=1&limit=10","status":200,"response_time":8.374}
2024-05-18 23:10:57 info: {"method":"GET","url":"/api/v1/articles?page=1&limit=10","status":200,"response_time":4.574}
2024-05-18 23:10:57 info: {"method":"GET","url":"/api/v1/articles?page=1&limit=10","status":200,"response_time":3.523}
2024-05-18 23:10:57 info: {"method":"GET","url":"/api/v1/articles?page=1&limit=10","status":200,"response_time":6.906}
2024-05-18 23:10:57 info: {"method":"GET","url":"/api/v1/articles?page=1&limit=10","status":200,"response_time":5.893}
2024-05-18 23:10:57 info: {"method":"GET","url":"/api/v1/articles?page=1&limit=10","status":200,"response_time":6.763}
2024-05-18 23:10:57 info: {"method":"GET","url":"/api/v1/articles?page=1&limit=10","status":200,"response_time":10.437}
2024-05-18 23:10:57 info: {"method":"GET","url":"/api/v1/articles?page=1&limit=10","status":200,"response_time":8.112}
2024-05-18 23:10:57 info: {"method":"GET","url":"/api/v1/articles?page=1&limit=10","status":200,"response_time":3.333}
2024-05-18 23:10:58 info: {"method":"GET","url":"/api/v1/articles?page=1&limit=10","status":200,"response_time":9.953}
2024-05-18 23:10:58 info: {"method":"GET","url":"/api/v1/articles?page=1&limit=10","status":200,"response_time":4.11}
2024-05-18 23:10:58 info: {"method":"GET","url":"/api/v1/articles?page=1&limit=10","status":200,"response_time":5.726}
2024-05-18 23:10:58 info: {"method":"GET","url":"/api/v1/articles?page=1&limit=10","status":200,"response_time":10.126}
2024-05-18 23:10:58 info: {"method":"GET","url":"/api/v1/articles?page=1&limit=10","status":200,"response_time":6.184}
2024-05-18 23:10:58 info: {"method":"GET","url":"/api/v1/articles?page=1&limit=10","status":200,"response_time":5.538}
2024-05-18 23:10:58 info: {"method":"GET","url":"/api/v1/articles?page=1&limit=10","status":200,"response_time":5.752}
2024-05-18 23:10:58 info: {"method":"GET","url":"/api/v1/articles?page=1&limit=10","status":200,"response_time":5.59}
2024-05-18 23:10:58 info: {"method":"GET","url":"/api/v1/articles?page=1&limit=10","status":200,"response_time":5.636}
2024-05-18 23:10:58 info: {"method":"GET","url":"/api/v1/articles?page=1&limit=10","status":200,"response_time":3.757}
2024-05-18 23:10:59 info: {"method":"GET","url":"/api/v1/articles?page=1&limit=10","status":200,"response_time":8.609}
2024-05-18 23:10:59 info: {"method":"GET","url":"/api/v1/articles?page=1&limit=10","status":200,"response_time":5.492}
2024-05-18 23:10:59 info: {"method":"GET","url":"/api/v1/articles?page=1&limit=10","status":200,"response_time":4.348}
2024-05-18 23:10:59 info: {"method":"GET","url":"/api/v1/articles?page=1&limit=10","status":200,"response_time":6.638}
2024-05-18 23:10:59 info: {"method":"GET","url":"/api/v1/articles?page=1&limit=10","status":200,"response_time":3.669}
2024-05-18 23:10:59 info: {"method":"GET","url":"/api/v1/articles?page=1&limit=10","status":200,"response_time":4.057}
2024-05-18 23:10:59 info: {"method":"GET","url":"/api/v1/articles?page=1&limit=10","status":200,"response_time":5.923}
2024-05-18 23:10:59 info: {"method":"GET","url":"/api/v1/articles?page=1&limit=10","status":200,"response_time":3.736}
2024-05-18 23:10:59 info: {"method":"GET","url":"/api/v1/articles?page=1&limit=10","status":200,"response_time":5.138}
2024-05-18 23:10:59 info: {"method":"GET","url":"/api/v1/articles?page=1&limit=10","status":200,"response_time":3.899}
2024-05-18 23:11:00 info: {"method":"GET","url":"/api/v1/articles?page=1&limit=10","status":200,"response_time":13.121}
2024-05-18 23:11:00 info: {"method":"GET","url":"/api/v1/articles?page=1&limit=10","status":200,"response_time":5.941}
2024-05-18 23:11:00 info: {"method":"GET","url":"/api/v1/articles?page=1&limit=10","status":200,"response_time":5.068}
2024-05-18 23:11:00 info: {"method":"GET","url":"/api/v1/articles?page=1&limit=10","status":200,"response_time":5.451}
2024-05-18 23:11:00 info: {"method":"GET","url":"/api/v1/articles?page=1&limit=10","status":200,"response_time":8.844}
2024-05-18 23:11:00 info: {"method":"GET","url":"/api/v1/articles?page=1&limit=10","status":200,"response_time":212.099}
2024-05-18 23:11:00 info: {"method":"GET","url":"/api/v1/articles?page=1&limit=10","status":200,"response_time":86.794}
2024-05-18 23:11:01 info: {"method":"GET","url":"/api/v1/articles?page=1&limit=10","status":200,"response_time":215.314}
2024-05-18 23:11:01 info: {"method":"GET","url":"/api/v1/articles?page=1&limit=10","status":200,"response_time":151.043}
2024-05-18 23:11:01 info: {"method":"GET","url":"/api/v1/articles?page=1&limit=10","status":200,"response_time":112.477}
2024-05-18 23:11:01 info: {"method":"GET","url":"/api/v1/articles?page=1&limit=10","status":200,"response_time":4.123}
2024-05-18 23:11:01 info: {"method":"GET","url":"/api/v1/articles?page=1&limit=10","status":200,"response_time":5.079}
2024-05-18 23:11:01 info: {"method":"GET","url":"/api/v1/articles?page=1&limit=10","status":200,"response_time":6.929}
2024-05-18 23:11:01 info: {"method":"GET","url":"/api/v1/articles?page=1&limit=10","status":200,"response_time":8.312}
2024-05-18 23:11:01 info: {"method":"GET","url":"/api/v1/articles?page=1&limit=10","status":200,"response_time":2.885}
2024-05-18 23:11:01 info: {"method":"GET","url":"/api/v1/articles?page=1&limit=10","status":200,"response_time":3.566}
2024-05-18 23:11:01 info: {"method":"GET","url":"/api/v1/articles?page=1&limit=10","status":200,"response_time":16.367}
2024-05-18 23:11:01 info: {"method":"GET","url":"/api/v1/articles?page=1&limit=10","status":200,"response_time":5.786}
2024-05-18 23:11:01 info: {"method":"GET","url":"/api/v1/articles?page=1&limit=10","status":200,"response_time":7.62}
2024-05-18 23:11:01 info: {"method":"GET","url":"/api/v1/articles?page=1&limit=10","status":200,"response_time":6.124}
2024-05-18 23:11:02 info: {"method":"GET","url":"/api/v1/articles?page=1&limit=10","status":200,"response_time":7.377}
2024-05-18 23:11:02 info: {"method":"GET","url":"/api/v1/articles?page=1&limit=10","status":200,"response_time":4.372}
2024-05-18 23:11:02 info: {"method":"GET","url":"/api/v1/articles?page=1&limit=10","status":200,"response_time":3.834}
2024-05-18 23:11:02 info: {"method":"GET","url":"/api/v1/articles?page=1&limit=10","status":200,"response_time":3.169}
2024-05-18 23:11:02 info: {"method":"GET","url":"/api/v1/articles?page=1&limit=10","status":200,"response_time":3.098}
2024-05-18 23:11:02 info: {"method":"GET","url":"/api/v1/articles?page=1&limit=10","status":200,"response_time":3.483}
