2024-02-23 08:38:50 info: 🚀 App listening on the port 5000
2024-02-23 08:42:29 info: 🚀 App listening on the port 5000
2024-02-23 08:43:28 info: 🚀 App listening on the port 5000
2024-02-23 08:52:21 info: 🚀 App listening on the port 5000
2024-02-23 08:52:25 info: {"method":"OPTIONS","url":"/api/v1/auth/send-otp","status":204,"content_length":"0","response_time":4.121}
2024-02-23 08:52:42 error: Error: Internal Server Error,    at serverError (G:\Programming\projects\FullStack\MERN Blog\server\src\utils\error.js:26:17),    at EmailService.sendEmail (G:\Programming\projects\FullStack\MERN Blog\server\src\service\EmailService.js:19:13),    at process.processTicksAndRejections (node:internal/process/task_queues:95:5),    at async AuthService.sendOtp (G:\Programming\projects\FullStack\MERN Blog\server\src\service\AuthService.js:22:5),    at async G:\Programming\projects\FullStack\MERN Blog\server\src\controllers\auth.js:14:18
2024-02-23 08:52:42 info: {"method":"POST","url":"/api/v1/auth/send-otp","status":500,"content_length":"51","response_time":16915.969}
2024-02-23 08:54:52 info: 🚀 App listening on the port 5000
2024-02-23 08:54:56 info: {"method":"OPTIONS","url":"/api/v1/auth/send-otp","status":204,"content_length":"0","response_time":3.766}
2024-02-23 08:54:56 info: {"method":"POST","url":"/api/v1/auth/send-otp","status":200,"content_length":"169","response_time":49.705}
2024-02-23 08:57:13 info: 🚀 App listening on the port 5000
2024-02-23 08:57:16 info: {"method":"OPTIONS","url":"/api/v1/auth/send-otp","status":204,"content_length":"0","response_time":2.938}
2024-02-23 08:57:16 info: {"method":"POST","url":"/api/v1/auth/send-otp","status":200,"content_length":"169","response_time":48.798}
2024-02-23 08:58:18 info: 🚀 App listening on the port 5000
2024-02-23 08:59:27 info: 🚀 App listening on the port 5000
2024-02-23 08:59:30 info: {"method":"OPTIONS","url":"/api/v1/auth/send-otp","status":204,"content_length":"0","response_time":3.799}
2024-02-23 08:59:30 info: {"method":"POST","url":"/api/v1/auth/send-otp","status":200,"content_length":"169","response_time":50.151}
2024-02-23 09:00:05 info: 🚀 App listening on the port 5000
2024-02-23 09:00:22 info: 🚀 App listening on the port 5000
2024-02-23 09:00:59 info: 🚀 App listening on the port 5000
2024-02-23 09:01:01 info: {"method":"OPTIONS","url":"/api/v1/auth/send-otp","status":204,"content_length":"0","response_time":4.927}
2024-02-23 09:01:02 info: {"method":"POST","url":"/api/v1/auth/send-otp","status":200,"content_length":"169","response_time":258.467}
2024-02-23 09:01:34 info: 🚀 App listening on the port 5000
2024-02-23 09:01:37 info: {"method":"OPTIONS","url":"/api/v1/auth/send-otp","status":204,"content_length":"0","response_time":3.901}
2024-02-23 09:01:37 info: {"method":"POST","url":"/api/v1/auth/send-otp","status":200,"content_length":"169","response_time":319.974}
2024-02-23 09:07:25 info: 🚀 App listening on the port 5000
2024-02-23 09:07:56 info: {"method":"OPTIONS","url":"/api/v1/auth/send-otp","status":204,"content_length":"0","response_time":3.788}
2024-02-23 09:07:56 info: {"method":"POST","url":"/api/v1/auth/send-otp","status":200,"content_length":"169","response_time":466.262}
2024-02-23 09:11:09 info: {"method":"OPTIONS","url":"/api/v1/auth/send-otp","status":204,"content_length":"0","response_time":0.526}
2024-02-23 09:11:09 info: {"method":"POST","url":"/api/v1/auth/send-otp","status":200,"content_length":"176","response_time":124.865}
2024-02-23 09:12:20 info: 🚀 App listening on the port 5000
2024-02-23 09:13:32 info: 🚀 App listening on the port 5000
2024-02-23 09:36:02 info: {"method":"OPTIONS","url":"/api/v1/auth/send-otp","status":204,"content_length":"0","response_time":10.647}
2024-02-23 09:36:02 info: {"method":"POST","url":"/api/v1/auth/send-otp","status":200,"content_length":"192","response_time":346.156}
2024-02-23 09:49:47 info: 🚀 App listening on the port 5000
2024-02-23 09:56:56 info: 🚀 App listening on the port 5000
2024-02-23 09:57:07 info: 🚀 App listening on the port 5000
2024-02-23 09:57:15 info: 🚀 App listening on the port 5000
2024-02-23 10:00:20 info: 🚀 App listening on the port 5000
2024-02-23 10:01:24 info: 🚀 App listening on the port 5000
2024-02-23 10:01:39 info: 🚀 App listening on the port 5000
2024-02-23 10:01:47 info: 🚀 App listening on the port 5000
2024-02-23 10:02:21 info: 🚀 App listening on the port 5000
2024-02-23 10:02:45 info: 🚀 App listening on the port 5000
2024-02-23 10:05:41 info: 🚀 App listening on the port 5000
2024-02-23 10:07:35 info: 🚀 App listening on the port 5000
2024-02-23 10:07:41 info: {"method":"OPTIONS","url":"/api/v1/auth/send-otp","status":204,"content_length":"0","response_time":1.795}
2024-02-23 10:07:42 info: {"method":"POST","url":"/api/v1/auth/send-otp","status":200,"content_length":"192","response_time":295.422}
2024-02-23 10:08:09 info: 🚀 App listening on the port 5000
2024-02-23 10:08:38 info: 🚀 App listening on the port 5000
2024-02-23 10:08:45 info: 🚀 App listening on the port 5000
2024-02-23 10:08:50 info: 🚀 App listening on the port 5000
2024-02-23 10:08:55 info: {"method":"OPTIONS","url":"/api/v1/auth/send-otp","status":204,"content_length":"0","response_time":1.837}
2024-02-23 10:08:56 info: {"method":"POST","url":"/api/v1/auth/send-otp","status":200,"content_length":"197","response_time":174.105}
2024-02-23 10:10:00 info: 🚀 App listening on the port 5000
2024-02-23 10:10:04 info: {"method":"OPTIONS","url":"/api/v1/auth/send-otp","status":204,"content_length":"0","response_time":3.238}
2024-02-23 10:10:04 error: TypeError: errors.isEmpty is not a function,    at G:\Programming\projects\FullStack\MERN Blog\server\src\controllers\auth.js:15:15,    at G:\Programming\projects\FullStack\MERN Blog\server\src\middlewarers\catchAsyncErrors.js:7:19,    at Layer.handle [as handle_request] (G:\Programming\projects\FullStack\MERN Blog\server\node_modules\express\lib\router\layer.js:95:5),    at next (G:\Programming\projects\FullStack\MERN Blog\server\node_modules\express\lib\router\route.js:144:13),    at middleware (G:\Programming\projects\FullStack\MERN Blog\server\node_modules\express-validator\src\middlewares\check.js:16:13),    at process.processTicksAndRejections (node:internal/process/task_queues:95:5)
2024-02-23 10:10:04 info: {"method":"POST","url":"/api/v1/auth/send-otp","status":500,"content_length":"46","response_time":167.078}
2024-02-23 10:10:37 info: 🚀 App listening on the port 5000
2024-02-23 10:10:40 info: {"method":"OPTIONS","url":"/api/v1/auth/send-otp","status":204,"content_length":"0","response_time":1.648}
2024-02-23 10:10:40 error: TypeError: errors.array is not a function,    at G:\Programming\projects\FullStack\MERN Blog\server\src\controllers\auth.js:16:30,    at G:\Programming\projects\FullStack\MERN Blog\server\src\middlewarers\catchAsyncErrors.js:7:19,    at Layer.handle [as handle_request] (G:\Programming\projects\FullStack\MERN Blog\server\node_modules\express\lib\router\layer.js:95:5),    at next (G:\Programming\projects\FullStack\MERN Blog\server\node_modules\express\lib\router\route.js:144:13),    at middleware (G:\Programming\projects\FullStack\MERN Blog\server\node_modules\express-validator\src\middlewares\check.js:16:13),    at process.processTicksAndRejections (node:internal/process/task_queues:95:5)
2024-02-23 10:10:40 info: {"method":"POST","url":"/api/v1/auth/send-otp","status":500,"content_length":"44","response_time":43.806}
2024-02-23 10:10:56 info: 🚀 App listening on the port 5000
2024-02-23 10:11:31 info: 🚀 App listening on the port 5000
2024-02-23 10:11:34 info: {"method":"OPTIONS","url":"/api/v1/auth/send-otp","status":204,"content_length":"0","response_time":2.588}
2024-02-23 10:11:34 error: Error: Bad Request,    at badRequest (G:\Programming\projects\FullStack\MERN Blog\server\src\utils\error.js:2:17),    at G:\Programming\projects\FullStack\MERN Blog\server\src\controllers\auth.js:16:11,    at G:\Programming\projects\FullStack\MERN Blog\server\src\middlewarers\catchAsyncErrors.js:7:19,    at Layer.handle [as handle_request] (G:\Programming\projects\FullStack\MERN Blog\server\node_modules\express\lib\router\layer.js:95:5),    at next (G:\Programming\projects\FullStack\MERN Blog\server\node_modules\express\lib\router\route.js:144:13),    at middleware (G:\Programming\projects\FullStack\MERN Blog\server\node_modules\express-validator\src\middlewares\check.js:16:13),    at process.processTicksAndRejections (node:internal/process/task_queues:95:5)
2024-02-23 10:11:34 info: {"method":"POST","url":"/api/v1/auth/send-otp","status":400,"content_length":"52","response_time":50.213}
2024-02-23 10:12:02 info: 🚀 App listening on the port 5000
2024-02-23 10:12:14 info: {"method":"OPTIONS","url":"/api/v1/auth/send-otp","status":204,"content_length":"0","response_time":1.627}
2024-02-23 10:12:14 error: Error: Bad Request,    at badRequest (G:\Programming\projects\FullStack\MERN Blog\server\src\utils\error.js:2:17),    at G:\Programming\projects\FullStack\MERN Blog\server\src\controllers\auth.js:17:11,    at G:\Programming\projects\FullStack\MERN Blog\server\src\middlewarers\catchAsyncErrors.js:7:19,    at Layer.handle [as handle_request] (G:\Programming\projects\FullStack\MERN Blog\server\node_modules\express\lib\router\layer.js:95:5),    at next (G:\Programming\projects\FullStack\MERN Blog\server\node_modules\express\lib\router\route.js:144:13),    at middleware (G:\Programming\projects\FullStack\MERN Blog\server\node_modules\express-validator\src\middlewares\check.js:16:13),    at process.processTicksAndRejections (node:internal/process/task_queues:95:5)
2024-02-23 10:12:14 info: {"method":"POST","url":"/api/v1/auth/send-otp","status":400,"content_length":"52","response_time":37.046}
2024-02-23 10:13:13 info: 🚀 App listening on the port 5000
2024-02-23 10:13:26 info: {"method":"OPTIONS","url":"/api/v1/auth/send-otp","status":204,"content_length":"0","response_time":2.379}
2024-02-23 10:13:26 info: {"method":"POST","url":"/api/v1/auth/send-otp","status":200,"content_length":"197","response_time":59.812}
2024-02-23 10:14:17 info: 🚀 App listening on the port 5000
2024-02-23 10:14:19 info: {"method":"OPTIONS","url":"/api/v1/auth/send-otp","status":204,"content_length":"0","response_time":1.685}
2024-02-23 10:14:19 error: Error: [object Object],    at badRequest (G:\Programming\projects\FullStack\MERN Blog\server\src\utils\error.js:2:17),    at G:\Programming\projects\FullStack\MERN Blog\server\src\controllers\auth.js:17:11,    at G:\Programming\projects\FullStack\MERN Blog\server\src\middlewarers\catchAsyncErrors.js:7:19,    at Layer.handle [as handle_request] (G:\Programming\projects\FullStack\MERN Blog\server\node_modules\express\lib\router\layer.js:95:5),    at next (G:\Programming\projects\FullStack\MERN Blog\server\node_modules\express\lib\router\route.js:144:13),    at middleware (G:\Programming\projects\FullStack\MERN Blog\server\node_modules\express-validator\src\middlewares\check.js:16:13),    at process.processTicksAndRejections (node:internal/process/task_queues:95:5)
2024-02-23 10:14:19 info: {"method":"POST","url":"/api/v1/auth/send-otp","status":400,"content_length":"56","response_time":41.563}
2024-02-23 10:14:55 info: 🚀 App listening on the port 5000
2024-02-23 10:15:08 info: 🚀 App listening on the port 5000
2024-02-23 10:15:10 info: {"method":"OPTIONS","url":"/api/v1/auth/send-otp","status":204,"content_length":"0","response_time":1.866}
2024-02-23 10:15:10 error: Error: Bad Request,    at badRequest (G:\Programming\projects\FullStack\MERN Blog\server\src\utils\error.js:2:17),    at G:\Programming\projects\FullStack\MERN Blog\server\src\controllers\auth.js:17:11,    at G:\Programming\projects\FullStack\MERN Blog\server\src\middlewarers\catchAsyncErrors.js:7:19,    at Layer.handle [as handle_request] (G:\Programming\projects\FullStack\MERN Blog\server\node_modules\express\lib\router\layer.js:95:5),    at next (G:\Programming\projects\FullStack\MERN Blog\server\node_modules\express\lib\router\route.js:144:13),    at middleware (G:\Programming\projects\FullStack\MERN Blog\server\node_modules\express-validator\src\middlewares\check.js:16:13),    at process.processTicksAndRejections (node:internal/process/task_queues:95:5)
2024-02-23 10:15:10 info: {"method":"POST","url":"/api/v1/auth/send-otp","status":400,"content_length":"93","response_time":69.339}
2024-02-23 10:15:33 info: 🚀 App listening on the port 5000
2024-02-23 10:15:37 info: 🚀 App listening on the port 5000
2024-02-23 10:16:12 info: 🚀 App listening on the port 5000
2024-02-23 10:16:17 info: 🚀 App listening on the port 5000
2024-02-23 10:21:27 info: 🚀 App listening on the port 5000
2024-02-23 10:21:54 info: {"method":"OPTIONS","url":"/api/v1/auth/send-otp","status":204,"content_length":"0","response_time":1.756}
2024-02-23 10:21:54 error: TypeError: Cannot read properties of undefined (reading 'msg'),    at badRequest (G:\Programming\projects\FullStack\MERN Blog\server\src\utils\error.js:1:23),    at G:\Programming\projects\FullStack\MERN Blog\server\src\controllers\auth.js:17:11,    at G:\Programming\projects\FullStack\MERN Blog\server\src\middlewarers\catchAsyncErrors.js:7:19,    at Layer.handle [as handle_request] (G:\Programming\projects\FullStack\MERN Blog\server\node_modules\express\lib\router\layer.js:95:5),    at next (G:\Programming\projects\FullStack\MERN Blog\server\node_modules\express\lib\router\route.js:144:13),    at middleware (G:\Programming\projects\FullStack\MERN Blog\server\node_modules\express-validator\src\middlewares\check.js:16:13),    at process.processTicksAndRejections (node:internal/process/task_queues:95:5)
2024-02-23 10:21:54 info: {"method":"POST","url":"/api/v1/auth/send-otp","status":500,"content_length":"65","response_time":173.178}
2024-02-23 10:25:05 info: 🚀 App listening on the port 5000
2024-02-23 10:25:23 info: {"method":"OPTIONS","url":"/api/v1/auth/send-otp","status":204,"content_length":"0","response_time":2.444}
2024-02-23 10:25:23 error: Error,    at badRequest (G:\Programming\projects\FullStack\MERN Blog\server\src\utils\error.js:2:17),    at G:\Programming\projects\FullStack\MERN Blog\server\src\controllers\auth.js:17:11,    at G:\Programming\projects\FullStack\MERN Blog\server\src\middlewarers\catchAsyncErrors.js:7:19,    at Layer.handle [as handle_request] (G:\Programming\projects\FullStack\MERN Blog\server\node_modules\express\lib\router\layer.js:95:5),    at next (G:\Programming\projects\FullStack\MERN Blog\server\node_modules\express\lib\router\route.js:144:13),    at middleware (G:\Programming\projects\FullStack\MERN Blog\server\node_modules\express-validator\src\middlewares\check.js:16:13),    at process.processTicksAndRejections (node:internal/process/task_queues:95:5)
2024-02-23 10:25:23 info: {"method":"POST","url":"/api/v1/auth/send-otp","status":400,"content_length":"135","response_time":37.393}
2024-02-23 10:25:41 info: 🚀 App listening on the port 5000
2024-02-23 10:25:47 info: 🚀 App listening on the port 5000
2024-02-23 10:25:58 info: 🚀 App listening on the port 5000
2024-02-23 10:26:11 info: {"method":"OPTIONS","url":"/api/v1/auth/send-otp","status":204,"content_length":"0","response_time":1.717}
2024-02-23 10:26:11 info: {"method":"POST","url":"/api/v1/auth/send-otp","status":500,"response_time":40.236}
2024-02-23 10:27:00 info: 🚀 App listening on the port 5000
2024-02-23 10:27:10 info: 🚀 App listening on the port 5000
2024-02-23 10:30:44 info: 🚀 App listening on the port 5000
2024-02-23 10:36:24 info: 🚀 App listening on the port 5000
2024-02-23 10:36:35 info: 🚀 App listening on the port 5000
2024-02-23 10:36:39 info: 🚀 App listening on the port 5000
2024-02-23 10:37:07 info: 🚀 App listening on the port 5000
2024-02-23 10:38:51 info: 🚀 App listening on the port 5000
2024-02-23 10:46:59 info: 🚀 App listening on the port 5000
2024-02-23 10:47:20 info: 🚀 App listening on the port 5000
2024-02-23 10:47:41 info: 🚀 App listening on the port 5000
2024-02-23 10:47:46 info: 🚀 App listening on the port 5000
2024-02-23 10:48:21 info: 🚀 App listening on the port 5000
2024-02-23 10:49:06 info: 🚀 App listening on the port 5000
2024-02-23 10:50:05 info: 🚀 App listening on the port 5000
2024-02-23 10:51:53 info: 🚀 App listening on the port 5000
2024-02-23 10:52:21 info: 🚀 App listening on the port 5000
2024-02-23 10:52:35 info: 🚀 App listening on the port 5000
2024-02-23 10:53:26 info: 🚀 App listening on the port 5000
2024-02-23 10:53:33 info: 🚀 App listening on the port 5000
2024-02-23 10:53:37 info: 🚀 App listening on the port 5000
2024-02-23 10:53:43 info: 🚀 App listening on the port 5000
2024-02-23 10:54:24 info: 🚀 App listening on the port 5000
2024-02-23 10:55:41 info: 🚀 App listening on the port 5000
2024-02-23 10:56:45 info: 🚀 App listening on the port 5000
2024-02-23 10:57:08 info: 🚀 App listening on the port 5000
2024-02-23 11:38:27 info: 🚀 App listening on the port 5000
2024-02-23 11:39:15 info: 🚀 App listening on the port 5000
2024-02-23 11:39:22 info: 🚀 App listening on the port 5000
2024-02-23 11:39:28 info: 🚀 App listening on the port 5000
2024-02-23 11:39:42 info: 🚀 App listening on the port 5000
2024-02-23 11:40:08 info: 🚀 App listening on the port 5000
2024-02-23 11:40:32 info: {"method":"OPTIONS","url":"/api/v1/auth/send-otp","status":204,"content_length":"0","response_time":1.796}
2024-02-23 11:42:03 info: 🚀 App listening on the port 5000
2024-02-23 11:44:58 info: 🚀 App listening on the port 5000
2024-02-23 11:45:12 info: 🚀 App listening on the port 5000
2024-02-23 11:45:24 info: {"method":"OPTIONS","url":"/api/v1/auth/send-otp","status":204,"content_length":"0","response_time":2.337}
2024-02-23 11:46:00 info: 🚀 App listening on the port 5000
2024-02-23 11:46:26 info: {"method":"OPTIONS","url":"/api/v1/auth/send-otp","status":204,"content_length":"0","response_time":1.96}
2024-02-23 11:48:01 info: 🚀 App listening on the port 5000
2024-02-23 11:48:07 info: {"method":"OPTIONS","url":"/api/v1/auth/send-otp","status":204,"content_length":"0","response_time":1.689}
2024-02-23 11:48:07 error: ReferenceError: badRequest is not defined,    at requestValidation (G:\Programming\projects\FullStack\MERN Blog\server\src\middlewarers\requestValidationMiddleware.js:8:5),    at Layer.handle [as handle_request] (G:\Programming\projects\FullStack\MERN Blog\server\node_modules\express\lib\router\layer.js:95:5),    at next (G:\Programming\projects\FullStack\MERN Blog\server\node_modules\express\lib\router\route.js:144:13),    at middleware (G:\Programming\projects\FullStack\MERN Blog\server\node_modules\express-validator\src\middlewares\check.js:16:13),    at process.processTicksAndRejections (node:internal/process/task_queues:95:5)
2024-02-23 11:48:07 info: {"method":"POST","url":"/api/v1/auth/send-otp","status":500,"content_length":"39","response_time":51.113}
2024-02-23 11:48:20 info: 🚀 App listening on the port 5000
2024-02-23 11:49:19 info: {"method":"OPTIONS","url":"/api/v1/auth/send-otp","status":204,"content_length":"0","response_time":3.063}
2024-02-23 11:49:20 error: Error: Bad Request,    at badRequest (G:\Programming\projects\FullStack\MERN Blog\server\src\utils\error.js:2:17),    at requestValidation (G:\Programming\projects\FullStack\MERN Blog\server\src\middlewarers\requestValidationMiddleware.js:9:17),    at Layer.handle [as handle_request] (G:\Programming\projects\FullStack\MERN Blog\server\node_modules\express\lib\router\layer.js:95:5),    at next (G:\Programming\projects\FullStack\MERN Blog\server\node_modules\express\lib\router\route.js:144:13),    at middleware (G:\Programming\projects\FullStack\MERN Blog\server\node_modules\express-validator\src\middlewares\check.js:16:13),    at process.processTicksAndRejections (node:internal/process/task_queues:95:5)
2024-02-23 11:49:20 info: {"method":"POST","url":"/api/v1/auth/send-otp","status":400,"content_length":"91","response_time":394.783}
2024-02-23 11:49:36 info: {"method":"OPTIONS","url":"/api/v1/auth/send-otp","status":204,"content_length":"0","response_time":0.435}
2024-02-23 11:52:17 info: 🚀 App listening on the port 5000
2024-02-23 11:52:50 info: 🚀 App listening on the port 5000
2024-02-23 11:54:31 info: 🚀 App listening on the port 5000
2024-02-23 11:55:49 info: 🚀 App listening on the port 5000
2024-02-23 11:56:53 info: 🚀 App listening on the port 5000
2024-02-23 11:57:28 info: 🚀 App listening on the port 5000
2024-02-23 11:57:38 info: 🚀 App listening on the port 5000
2024-02-23 11:58:07 info: 🚀 App listening on the port 5000
2024-02-23 11:58:14 info: 🚀 App listening on the port 5000
2024-02-23 11:58:26 info: 🚀 App listening on the port 5000
2024-02-23 12:00:03 info: 🚀 App listening on the port 5000
2024-02-23 12:00:28 info: 🚀 App listening on the port 5000
2024-02-23 12:00:45 info: 🚀 App listening on the port 5000
2024-02-23 12:00:57 info: 🚀 App listening on the port 5000
2024-02-23 12:01:39 info: 🚀 App listening on the port 5000
2024-02-23 12:01:51 info: 🚀 App listening on the port 5000
2024-02-23 12:02:17 info: 🚀 App listening on the port 5000
2024-02-23 12:02:33 info: 🚀 App listening on the port 5000
2024-02-23 12:03:05 info: 🚀 App listening on the port 5000
2024-02-23 12:03:33 info: 🚀 App listening on the port 5000
2024-02-23 12:04:03 info: 🚀 App listening on the port 5000
2024-02-23 12:04:52 info: 🚀 App listening on the port 5000
2024-02-23 12:05:08 info: 🚀 App listening on the port 5000
2024-02-23 12:05:14 info: 🚀 App listening on the port 5000
2024-02-23 12:05:30 info: 🚀 App listening on the port 5000
2024-02-23 12:06:09 info: 🚀 App listening on the port 5000
2024-02-23 12:06:17 info: 🚀 App listening on the port 5000
2024-02-23 12:06:23 info: 🚀 App listening on the port 5000
2024-02-23 12:06:33 info: 🚀 App listening on the port 5000
2024-02-23 12:07:14 info: 🚀 App listening on the port 5000
2024-02-23 12:07:24 info: 🚀 App listening on the port 5000
2024-02-23 12:07:40 info: 🚀 App listening on the port 5000
2024-02-23 12:07:53 info: 🚀 App listening on the port 5000
2024-02-23 22:28:18 info: 🚀 App listening on the port 5000
2024-02-23 22:29:42 info: 🚀 App listening on the port 5000
2024-02-23 22:31:34 info: 🚀 App listening on the port 5000
2024-02-23 22:31:59 info: 🚀 App listening on the port 5000
2024-02-23 22:32:04 info: 🚀 App listening on the port 5000
2024-02-23 22:33:10 info: 🚀 App listening on the port 5000
2024-02-23 22:33:22 info: 🚀 App listening on the port 5000
2024-02-23 22:33:49 info: 🚀 App listening on the port 5000
2024-02-23 22:34:42 info: 🚀 App listening on the port 5000
2024-02-23 22:37:40 info: 🚀 App listening on the port 5000
2024-02-23 22:37:54 info: 🚀 App listening on the port 5000
2024-02-23 22:38:19 info: 🚀 App listening on the port 5000
2024-02-23 22:39:33 info: 🚀 App listening on the port 5000
2024-02-23 22:56:06 info: 🚀 App listening on the port 5000
2024-02-23 22:57:30 info: 🚀 App listening on the port 5000
2024-02-23 22:57:44 info: 🚀 App listening on the port 5000
2024-02-23 22:57:54 info: 🚀 App listening on the port 5000
2024-02-23 22:57:58 info: 🚀 App listening on the port 5000
2024-02-23 22:58:13 info: 🚀 App listening on the port 5000
2024-02-23 22:58:19 info: 🚀 App listening on the port 5000
2024-02-23 22:58:23 info: 🚀 App listening on the port 5000
2024-02-23 22:58:35 info: 🚀 App listening on the port 5000
2024-02-23 22:58:45 info: 🚀 App listening on the port 5000
2024-02-23 22:59:28 info: 🚀 App listening on the port 5000
2024-02-23 22:59:40 info: 🚀 App listening on the port 5000
2024-02-23 23:03:55 info: 🚀 App listening on the port 5000
2024-02-23 23:04:26 info: 🚀 App listening on the port 5000
2024-02-23 23:04:33 info: 🚀 App listening on the port 5000
2024-02-23 23:05:12 info: 🚀 App listening on the port 5000
2024-02-23 23:06:27 info: 🚀 App listening on the port 5000
2024-02-23 23:06:43 info: 🚀 App listening on the port 5000
2024-02-23 23:07:08 info: 🚀 App listening on the port 5000
2024-02-23 23:09:07 info: 🚀 App listening on the port 5000
2024-02-23 23:09:14 info: 🚀 App listening on the port 5000
2024-02-23 23:16:12 info: 🚀 App listening on the port 5000
2024-02-23 23:16:27 info: 🚀 App listening on the port 5000
2024-02-23 23:17:11 info: 🚀 App listening on the port 5000
2024-02-23 23:17:31 info: 🚀 App listening on the port 5000
2024-02-23 23:17:36 info: 🚀 App listening on the port 5000
2024-02-23 23:17:51 info: 🚀 App listening on the port 5000
2024-02-23 23:18:13 info: 🚀 App listening on the port 5000
2024-02-23 23:19:09 info: 🚀 App listening on the port 5000
2024-02-23 23:19:44 info: 🚀 App listening on the port 5000
2024-02-23 23:20:46 info: 🚀 App listening on the port 5000
2024-02-23 23:21:18 info: 🚀 App listening on the port 5000
2024-02-23 23:22:41 info: 🚀 App listening on the port 5000
2024-02-23 23:27:29 info: 🚀 App listening on the port 5000
2024-02-23 23:27:38 info: 🚀 App listening on the port 5000
2024-02-23 23:35:24 info: 🚀 App listening on the port 5000
2024-02-23 23:36:46 info: 🚀 App listening on the port 5000
2024-02-23 23:40:53 info: 🚀 App listening on the port 5000
2024-02-23 23:41:54 info: 🚀 App listening on the port 5000
2024-02-23 23:42:51 info: 🚀 App listening on the port 5000
2024-02-23 23:42:55 info: 🚀 App listening on the port 5000
2024-02-23 23:43:00 info: 🚀 App listening on the port 5000
2024-02-23 23:43:23 info: 🚀 App listening on the port 5000
2024-02-23 23:43:29 info: 🚀 App listening on the port 5000
2024-02-23 23:43:37 info: 🚀 App listening on the port 5000
2024-02-23 23:43:50 info: 🚀 App listening on the port 5000
2024-02-23 23:44:00 info: 🚀 App listening on the port 5000
2024-02-23 23:44:09 info: 🚀 App listening on the port 5000
2024-02-23 23:45:18 info: 🚀 App listening on the port 5000
2024-02-23 23:45:58 info: 🚀 App listening on the port 5000
