2024-05-10 15:52:24 info: 🚀 App listening on the port 5000
2024-05-10 15:54:38 info: {"method":"GET","url":"/api/v1/articles?page=1&limit=10&search=","status":304,"response_time":624.431}
2024-05-10 15:54:39 info: {"method":"GET","url":"/api/v1/articles?page=1&limit=10&search=","status":304,"response_time":554.701}
2024-05-10 15:55:00 info: {"method":"OPTIONS","url":"/api/v1/auth/signin","status":204,"content_length":"0","response_time":4.147}
2024-05-10 15:55:01 info: {"method":"POST","url":"/api/v1/auth/signin","status":200,"content_length":"528","response_time":1039.759}
2024-05-10 15:55:01 info: {"method":"OPTIONS","url":"/api/v1/articles?page=1&limit=10&search=","status":204,"content_length":"0","response_time":0.668}
2024-05-10 15:55:01 info: {"method":"OPTIONS","url":"/api/v1/users/me/bookmarks","status":204,"content_length":"0","response_time":1.306}
2024-05-10 15:55:01 info: {"method":"OPTIONS","url":"/api/v1/articles?page=1&limit=10&search=","status":204,"content_length":"0","response_time":0.283}
2024-05-10 15:55:01 info: {"method":"GET","url":"/api/v1/articles?page=1&limit=10&search=","status":304,"response_time":354.127}
2024-05-10 15:55:02 info: {"method":"GET","url":"/api/v1/articles?page=1&limit=10&search=","status":304,"response_time":328.298}
2024-05-10 15:55:02 info: {"method":"GET","url":"/api/v1/users/me/bookmarks","status":200,"content_length":"110","response_time":649.996}
2024-05-10 15:55:19 info: {"method":"OPTIONS","url":"/api/v1/users/self","status":204,"content_length":"0","response_time":1.088}
2024-05-10 15:55:19 info: {"method":"GET","url":"/api/v1/users/self","status":304,"response_time":308.429}
2024-05-10 15:55:43 info: {"method":"OPTIONS","url":"/api/v1/articles/author/self?page=1&limit=10&search=","status":204,"content_length":"0","response_time":0.424}
2024-05-10 15:55:43 info: {"method":"GET","url":"/api/v1/articles/author/self?page=1&limit=10&search=","status":304,"response_time":790.026}
2024-05-10 15:55:59 info: {"method":"OPTIONS","url":"/api/v1/articles/author/self?page=2&limit=10&search=","status":204,"content_length":"0","response_time":0.344}
2024-05-10 15:56:00 info: {"method":"GET","url":"/api/v1/articles/author/self?page=2&limit=10&search=","status":200,"response_time":384.95}
2024-05-10 15:56:03 info: {"method":"OPTIONS","url":"/api/v1/articles/author/self?page=4&limit=10&search=","status":204,"content_length":"0","response_time":0.908}
2024-05-10 15:56:04 info: {"method":"GET","url":"/api/v1/articles/author/self?page=4&limit=10&search=","status":200,"response_time":997.078}
2024-05-10 15:56:10 info: {"method":"OPTIONS","url":"/api/v1/articles/author/self?page=1&limit=10&search=","status":204,"content_length":"0","response_time":0.178}
2024-05-10 15:56:11 info: {"method":"GET","url":"/api/v1/articles/author/self?page=1&limit=10&search=","status":304,"response_time":372.113}
2024-05-10 15:59:01 info: {"method":"OPTIONS","url":"/api/v1/articles/author/self?page=1&limit=10&search=","status":204,"content_length":"0","response_time":30.769}
2024-05-10 15:59:02 info: {"method":"OPTIONS","url":"/api/v1/articles?page=1&limit=10&search=","status":204,"content_length":"0","response_time":10.832}
2024-05-10 15:59:02 info: {"method":"OPTIONS","url":"/api/v1/users/me/bookmarks","status":204,"content_length":"0","response_time":5.279}
2024-05-10 15:59:03 info: {"method":"OPTIONS","url":"/api/v1/articles?page=1&limit=10&search=","status":204,"content_length":"0","response_time":0.564}
2024-05-10 15:59:03 info: {"method":"GET","url":"/api/v1/articles/author/self?page=1&limit=10&search=","status":304,"response_time":1452.201}
2024-05-10 15:59:03 info: {"method":"GET","url":"/api/v1/articles?page=1&limit=10&search=","status":304,"response_time":616.355}
2024-05-10 15:59:03 info: {"method":"GET","url":"/api/v1/users/me/bookmarks","status":304,"response_time":602.682}
2024-05-10 15:59:03 info: {"method":"GET","url":"/api/v1/articles?page=1&limit=10&search=","status":304,"response_time":360.059}
2024-05-10 15:59:14 info: {"method":"OPTIONS","url":"/api/v1/users/me/bookmarks","status":204,"content_length":"0","response_time":0.365}
2024-05-10 15:59:14 info: {"method":"OPTIONS","url":"/api/v1/articles/662689747f68b50c41300e8f","status":204,"content_length":"0","response_time":0.803}
2024-05-10 15:59:15 info: {"method":"GET","url":"/api/v1/articles/662689747f68b50c41300e8f","status":304,"response_time":589.273}
2024-05-10 15:59:15 info: {"method":"GET","url":"/api/v1/users/me/bookmarks","status":304,"response_time":682.755}
2024-05-10 15:59:23 info: {"method":"OPTIONS","url":"/api/v1/users/me/bookmarks","status":204,"content_length":"0","response_time":0.388}
2024-05-10 15:59:23 info: {"method":"OPTIONS","url":"/api/v1/articles?page=1&limit=10&search=","status":204,"content_length":"0","response_time":0.384}
2024-05-10 15:59:23 info: {"method":"OPTIONS","url":"/api/v1/articles?page=1&limit=10&search=","status":204,"content_length":"0","response_time":0.723}
2024-05-10 15:59:23 info: {"method":"GET","url":"/api/v1/users/me/bookmarks","status":304,"response_time":327.355}
2024-05-10 15:59:24 info: {"method":"GET","url":"/api/v1/articles?page=1&limit=10&search=","status":304,"response_time":1023.647}
2024-05-10 15:59:24 info: {"method":"GET","url":"/api/v1/articles?page=1&limit=10&search=","status":304,"response_time":283.766}
2024-05-10 16:27:16 info: {"method":"OPTIONS","url":"/api/v1/articles?page=1&limit=10&search=","status":204,"content_length":"0","response_time":20.687}
2024-05-10 16:27:16 info: {"method":"OPTIONS","url":"/api/v1/articles?page=1&limit=10&search=","status":204,"content_length":"0","response_time":0.796}
2024-05-10 16:27:17 info: {"method":"OPTIONS","url":"/api/v1/users/me/bookmarks","status":204,"content_length":"0","response_time":0.52}
2024-05-10 16:27:18 info: {"method":"GET","url":"/api/v1/articles?page=1&limit=10&search=","status":304,"response_time":1733.806}
2024-05-10 16:27:19 info: {"method":"GET","url":"/api/v1/users/me/bookmarks","status":304,"response_time":1924.669}
2024-05-10 16:27:19 info: {"method":"GET","url":"/api/v1/articles?page=1&limit=10&search=","status":304,"response_time":786.558}
2024-05-10 16:32:29 info: {"method":"OPTIONS","url":"/api/v1/articles?page=1&limit=10&search=","status":204,"content_length":"0","response_time":23.424}
2024-05-10 16:32:29 info: {"method":"OPTIONS","url":"/api/v1/users/me/bookmarks","status":204,"content_length":"0","response_time":7.319}
2024-05-10 16:32:30 info: {"method":"GET","url":"/api/v1/users/me/bookmarks","status":304,"response_time":540.63}
2024-05-10 16:32:31 info: {"method":"GET","url":"/api/v1/users/me/bookmarks","status":304,"response_time":328.671}
2024-05-10 16:32:31 info: {"method":"GET","url":"/api/v1/articles?page=1&limit=10&search=","status":304,"response_time":2300.774}
2024-05-10 16:32:32 info: {"method":"GET","url":"/api/v1/articles?page=1&limit=10&search=","status":304,"response_time":306.028}
2024-05-10 16:32:32 info: {"method":"GET","url":"/api/v1/articles?page=1&limit=10&search=","status":304,"response_time":754.397}
2024-05-10 16:32:36 info: {"method":"OPTIONS","url":"/api/v1/articles/65f60a3fe0d5686814f53d25/bookmark/add","status":204,"content_length":"0","response_time":0.16}
2024-05-10 16:32:37 info: {"method":"GET","url":"/api/v1/articles/65f60a3fe0d5686814f53d25/bookmark/add","status":200,"content_length":"91","response_time":827.356}
2024-05-10 16:34:30 info: {"method":"OPTIONS","url":"/api/v1/articles?page=2&limit=10&search=","status":204,"content_length":"0","response_time":6.159}
2024-05-10 16:34:31 info: {"method":"GET","url":"/api/v1/articles?page=2&limit=10&search=","status":304,"response_time":864.649}
