2024-05-12 09:19:17 info: 🚀 App listening on the port 5000
2024-05-12 09:51:43 info: 🚀 App listening on the port 5000
2024-05-12 09:54:39 info: 🚀 App listening on the port 5000
2024-05-12 20:15:51 info: 🚀 App listening on the port 5000
2024-05-12 20:16:31 info: 🚀 App listening on the port 5000
2024-05-12 20:17:17 info: 🚀 App listening on the port 5000
2024-05-12 20:17:39 info: 🚀 App listening on the port 5000
2024-05-12 20:17:51 info: 🚀 App listening on the port 5000
2024-05-12 20:17:56 info: 🚀 App listening on the port 5000
2024-05-12 20:18:02 info: 🚀 App listening on the port 5000
2024-05-12 20:18:17 info: 🚀 App listening on the port 5000
2024-05-12 20:19:06 info: 🚀 App listening on the port 5000
2024-05-12 20:19:22 info: 🚀 App listening on the port 5000
2024-05-12 20:19:42 info: 🚀 App listening on the port 5000
2024-05-12 20:19:50 info: 🚀 App listening on the port 5000
2024-05-12 20:19:58 info: 🚀 App listening on the port 5000
2024-05-12 20:20:18 info: 🚀 App listening on the port 5000
2024-05-12 20:20:25 info: 🚀 App listening on the port 5000
2024-05-12 20:20:30 info: 🚀 App listening on the port 5000
2024-05-12 20:20:38 info: 🚀 App listening on the port 5000
2024-05-12 20:20:45 info: 🚀 App listening on the port 5000
2024-05-12 20:21:32 info: 🚀 App listening on the port 5000
2024-05-12 20:22:08 info: 🚀 App listening on the port 5000
2024-05-12 20:22:34 info: 🚀 App listening on the port 5000
2024-05-12 20:22:54 info: 🚀 App listening on the port 5000
2024-05-12 20:22:59 info: 🚀 App listening on the port 5000
2024-05-12 20:23:46 info: 🚀 App listening on the port 5000
2024-05-12 20:25:29 info: 🚀 App listening on the port 5000
2024-05-12 20:25:36 info: 🚀 App listening on the port 5000
2024-05-12 20:25:43 info: 🚀 App listening on the port 5000
2024-05-12 20:26:07 info: 🚀 App listening on the port 5000
2024-05-12 20:26:15 info: 🚀 App listening on the port 5000
2024-05-12 20:26:36 info: 🚀 App listening on the port 5000
2024-05-12 20:26:49 info: 🚀 App listening on the port 5000
2024-05-12 20:27:16 info: 🚀 App listening on the port 5000
2024-05-12 20:30:00 info: 🚀 App listening on the port 5000
2024-05-12 20:30:07 info: 🚀 App listening on the port 5000
2024-05-12 21:23:44 info: 🚀 App listening on the port 5000
2024-05-12 21:24:07 info: 🚀 App listening on the port 5000
2024-05-12 21:24:24 info: 🚀 App listening on the port 5000
2024-05-12 21:24:28 info: 🚀 App listening on the port 5000
2024-05-12 21:24:34 info: 🚀 App listening on the port 5000
2024-05-12 21:24:40 info: 🚀 App listening on the port 5000
2024-05-12 21:25:00 info: 🚀 App listening on the port 5000
2024-05-12 21:25:22 info: 🚀 App listening on the port 5000
2024-05-12 21:25:32 info: 🚀 App listening on the port 5000
2024-05-12 21:25:52 info: 🚀 App listening on the port 5000
2024-05-12 21:26:38 info: 🚀 App listening on the port 5000
2024-05-12 21:26:45 info: 🚀 App listening on the port 5000
2024-05-12 21:27:06 info: 🚀 App listening on the port 5000
2024-05-12 21:27:28 info: 🚀 App listening on the port 5000
2024-05-12 21:27:53 info: 🚀 App listening on the port 5000
2024-05-12 21:28:30 info: 🚀 App listening on the port 5000
2024-05-12 21:28:53 info: 🚀 App listening on the port 5000
2024-05-12 21:29:09 info: 🚀 App listening on the port 5000
2024-05-12 21:29:25 info: 🚀 App listening on the port 5000
2024-05-12 21:29:36 info: 🚀 App listening on the port 5000
2024-05-12 21:29:58 info: 🚀 App listening on the port 5000
2024-05-12 21:30:09 info: 🚀 App listening on the port 5000
2024-05-12 21:30:12 info: 🚀 App listening on the port 5000
2024-05-12 21:30:24 info: 🚀 App listening on the port 5000
2024-05-12 21:30:53 info: 🚀 App listening on the port 5000
2024-05-12 21:31:05 info: 🚀 App listening on the port 5000
2024-05-12 21:31:20 info: 🚀 App listening on the port 5000
2024-05-12 21:31:36 info: 🚀 App listening on the port 5000
2024-05-12 21:31:40 info: 🚀 App listening on the port 5000
2024-05-12 21:31:55 info: 🚀 App listening on the port 5000
2024-05-12 21:32:11 info: 🚀 App listening on the port 5000
2024-05-12 21:32:23 info: 🚀 App listening on the port 5000
2024-05-12 21:32:38 info: 🚀 App listening on the port 5000
2024-05-12 21:33:05 info: 🚀 App listening on the port 5000
2024-05-12 21:35:29 info: 🚀 App listening on the port 5000
2024-05-12 21:36:33 info: 🚀 App listening on the port 5000
2024-05-12 21:36:50 info: 🚀 App listening on the port 5000
2024-05-12 21:37:07 info: 🚀 App listening on the port 5000
2024-05-12 21:37:49 info: 🚀 App listening on the port 5000
2024-05-12 21:37:56 info: 🚀 App listening on the port 5000
2024-05-12 21:38:03 info: 🚀 App listening on the port 5000
2024-05-12 21:38:18 info: 🚀 App listening on the port 5000
2024-05-12 21:38:23 info: 🚀 App listening on the port 5000
2024-05-12 21:38:47 info: 🚀 App listening on the port 5000
2024-05-12 21:39:33 info: {"method":"OPTIONS","url":"/api/v1/auth/login","status":204,"content_length":"0","response_time":3.24}
2024-05-12 21:39:33 info: {"method":"POST","url":"/api/v1/auth/login","status":404,"content_length":157,"response_time":508.916}
2024-05-12 21:41:19 info: {"method":"OPTIONS","url":"/api/v1/auth/signin","status":204,"content_length":"0","response_time":0.315}
2024-05-12 21:41:19 error: SyntaxError: Bad control character in string literal in JSON at position 37,    at JSON.parse (<anonymous>),    at parse (G:\Programming\projects\FullStack\MERN Blog\server\node_modules\body-parser\lib\types\json.js:89:19),    at G:\Programming\projects\FullStack\MERN Blog\server\node_modules\body-parser\lib\read.js:128:18,    at AsyncResource.runInAsyncScope (node:async_hooks:206:9),    at invokeCallback (G:\Programming\projects\FullStack\MERN Blog\server\node_modules\raw-body\index.js:231:16),    at done (G:\Programming\projects\FullStack\MERN Blog\server\node_modules\raw-body\index.js:220:7),    at IncomingMessage.onEnd (G:\Programming\projects\FullStack\MERN Blog\server\node_modules\raw-body\index.js:280:7),    at IncomingMessage.emit (node:events:518:28),    at endReadableNT (node:internal/streams/readable:1696:12),    at process.processTicksAndRejections (node:internal/process/task_queues:82:21)
2024-05-12 21:41:19 info: {"method":"POST","url":"/api/v1/auth/signin","status":400,"content_length":"103","response_time":11.97}
2024-05-12 21:41:40 info: {"method":"OPTIONS","url":"/api/v1/auth/signin","status":204,"content_length":"0","response_time":0.311}
2024-05-12 21:41:41 info: {"method":"POST","url":"/api/v1/auth/signin","status":200,"content_length":"528","response_time":807.604}
2024-05-12 21:42:10 info: {"method":"GET","url":"/api/v1/articles?page=1&limit=10","status":200,"response_time":259.293}
2024-05-12 21:42:48 info: {"method":"OPTIONS","url":"/api/v1/articles/662689747f68b50c41300e8f/comments","status":204,"content_length":"0","response_time":0.183}
2024-05-12 21:42:49 error: TypeError: Cannot read properties of undefined (reading 'length'),    at readingTime (G:\Programming\projects\FullStack\MERN Blog\server\node_modules\reading-time\lib\reading-time.js:86:40),    at ArticleService.create (G:\Programming\projects\FullStack\MERN Blog\server\src\service\ArticleService.js:21:20),    at G:\Programming\projects\FullStack\MERN Blog\server\src\controllers\article.js:16:41,    at G:\Programming\projects\FullStack\MERN Blog\server\src\middlewarers\catchAsyncErrors.js:7:19,    at Layer.handle [as handle_request] (G:\Programming\projects\FullStack\MERN Blog\server\node_modules\express\lib\router\layer.js:95:5),    at next (G:\Programming\projects\FullStack\MERN Blog\server\node_modules\express\lib\router\route.js:144:13),    at requestValidation (G:\Programming\projects\FullStack\MERN Blog\server\src\middlewarers\requestValidationMiddleware.js:13:3),    at Layer.handle [as handle_request] (G:\Programming\projects\FullStack\MERN Blog\server\node_modules\express\lib\router\layer.js:95:5),    at next (G:\Programming\projects\FullStack\MERN Blog\server\node_modules\express\lib\router\route.js:144:13),    at middleware (G:\Programming\projects\FullStack\MERN Blog\server\node_modules\express-validator\src\middlewares\check.js:16:13)
2024-05-12 21:42:49 info: {"method":"POST","url":"/api/v1/articles/662689747f68b50c41300e8f/comments","status":500,"content_length":"62","response_time":249.385}
2024-05-12 21:44:58 info: 🚀 App listening on the port 5000
2024-05-12 21:45:05 info: {"method":"OPTIONS","url":"/api/v1/articles/662689747f68b50c41300e8f/comments","status":204,"content_length":"0","response_time":4.263}
2024-05-12 21:45:06 error: ValidationError: Comment validation failed: article: Path `article` is required.,    at Document.invalidate (G:\Programming\projects\FullStack\MERN Blog\server\node_modules\mongoose\lib\document.js:3192:32),    at G:\Programming\projects\FullStack\MERN Blog\server\node_modules\mongoose\lib\document.js:2980:17,    at G:\Programming\projects\FullStack\MERN Blog\server\node_modules\mongoose\lib\schematype.js:1350:9,    at process.processTicksAndRejections (node:internal/process/task_queues:77:11)
2024-05-12 21:45:06 info: {"method":"POST","url":"/api/v1/articles/662689747f68b50c41300e8f/comments","status":500,"content_length":"260","response_time":705.573}
2024-05-12 21:47:05 info: 🚀 App listening on the port 5000
2024-05-12 21:47:07 info: {"method":"OPTIONS","url":"/api/v1/articles/662689747f68b50c41300e8f/comments","status":204,"content_length":"0","response_time":3.577}
2024-05-12 21:47:08 info: {"method":"POST","url":"/api/v1/articles/662689747f68b50c41300e8f/comments","status":201,"content_length":"763","response_time":597.877}
2024-05-12 21:48:44 info: 🚀 App listening on the port 5000
2024-05-12 22:00:30 info: 🚀 App listening on the port 5000
2024-05-12 22:00:51 info: 🚀 App listening on the port 5000
2024-05-12 22:01:26 info: 🚀 App listening on the port 5000
2024-05-12 22:01:46 info: {"method":"OPTIONS","url":"/api/v1/articles/662689747f68b50c41300e8f/comments","status":204,"content_length":"0","response_time":4.17}
2024-05-12 22:01:49 info: {"method":"POST","url":"/api/v1/articles/662689747f68b50c41300e8f/comments","status":201,"content_length":"462","response_time":2682.565}
2024-05-12 22:03:31 info: 🚀 App listening on the port 5000
2024-05-12 22:04:05 info: 🚀 App listening on the port 5000
2024-05-12 22:04:10 info: 🚀 App listening on the port 5000
2024-05-12 22:04:28 info: 🚀 App listening on the port 5000
2024-05-12 22:04:47 info: 🚀 App listening on the port 5000
2024-05-12 22:05:28 info: 🚀 App listening on the port 5000
2024-05-12 22:05:37 info: 🚀 App listening on the port 5000
2024-05-12 22:05:51 info: 🚀 App listening on the port 5000
2024-05-12 22:05:55 info: {"method":"OPTIONS","url":"/api/v1/articles/662689747f68b50c41300e8f/comments","status":204,"content_length":"0","response_time":2.92}
2024-05-12 22:05:56 info: {"method":"GET","url":"/api/v1/articles/662689747f68b50c41300e8f/comments","status":200,"content_length":"64","response_time":736.974}
2024-05-12 22:07:01 info: {"method":"OPTIONS","url":"/api/v1/articles/662689747f68b50c41300e8f/comments","status":204,"content_length":"0","response_time":0.259}
2024-05-12 22:07:01 info: {"method":"GET","url":"/api/v1/articles/662689747f68b50c41300e8f/comments","status":304,"response_time":649.439}
2024-05-12 22:07:37 info: 🚀 App listening on the port 5000
2024-05-12 22:08:02 info: 🚀 App listening on the port 5000
2024-05-12 22:08:04 info: {"method":"OPTIONS","url":"/api/v1/articles/662689747f68b50c41300e8f/comments","status":204,"content_length":"0","response_time":3.11}
2024-05-12 22:08:06 info: {"method":"GET","url":"/api/v1/articles/662689747f68b50c41300e8f/comments","status":200,"content_length":"708","response_time":1083.128}
2024-05-12 22:08:35 info: 🚀 App listening on the port 5000
2024-05-12 22:09:08 info: 🚀 App listening on the port 5000
2024-05-12 22:09:16 info: {"method":"OPTIONS","url":"/api/v1/articles/662689747f68b50c41300e8f/comments","status":204,"content_length":"0","response_time":4.833}
2024-05-12 22:09:16 info: {"method":"GET","url":"/api/v1/articles/662689747f68b50c41300e8f/comments","status":200,"content_length":"778","response_time":732.302}
2024-05-12 22:10:14 info: 🚀 App listening on the port 5000
2024-05-12 22:11:26 info: 🚀 App listening on the port 5000
2024-05-12 22:11:34 info: {"method":"OPTIONS","url":"/api/v1/articles/662689747f68b50c41300e8f/comments","status":204,"content_length":"0","response_time":1.842}
2024-05-12 22:11:37 info: {"method":"GET","url":"/api/v1/articles/662689747f68b50c41300e8f/comments","status":200,"content_length":"64","response_time":3154.505}
2024-05-12 22:12:25 info: 🚀 App listening on the port 5000
2024-05-12 22:12:29 info: {"method":"OPTIONS","url":"/api/v1/articles/662689747f68b50c41300e8f/comments","status":204,"content_length":"0","response_time":4.744}
2024-05-12 22:12:30 info: {"method":"GET","url":"/api/v1/articles/662689747f68b50c41300e8f/comments","status":304,"response_time":461.436}
2024-05-12 22:12:43 info: 🚀 App listening on the port 5000
2024-05-12 22:12:45 info: {"method":"OPTIONS","url":"/api/v1/articles/662689747f68b50c41300e8f/comments","status":204,"content_length":"0","response_time":3.705}
2024-05-12 22:12:55 info: {"method":"GET","url":"/api/v1/articles/662689747f68b50c41300e8f/comments","status":200,"content_length":"778","response_time":10321.334}
2024-05-12 22:13:27 info: 🚀 App listening on the port 5000
2024-05-12 22:13:31 info: {"method":"OPTIONS","url":"/api/v1/articles/662689747f68b50c41300e8f/comments","status":204,"content_length":"0","response_time":3.961}
2024-05-12 22:13:31 info: {"method":"GET","url":"/api/v1/articles/662689747f68b50c41300e8f/comments","status":304,"response_time":811.495}
2024-05-12 22:13:57 info: 🚀 App listening on the port 5000
2024-05-12 22:14:10 info: 🚀 App listening on the port 5000
2024-05-12 22:14:14 info: {"method":"OPTIONS","url":"/api/v1/articles/662689747f68b50c41300e8f/comments","status":204,"content_length":"0","response_time":2.732}
2024-05-12 22:14:15 info: {"method":"GET","url":"/api/v1/articles/662689747f68b50c41300e8f/comments","status":200,"content_length":"64","response_time":712.459}
2024-05-12 22:19:48 info: 🚀 App listening on the port 5000
2024-05-12 22:19:51 info: {"method":"OPTIONS","url":"/api/v1/articles/662689747f68b50c41300e8f/comments","status":204,"content_length":"0","response_time":1.623}
2024-05-12 22:19:52 info: {"method":"GET","url":"/api/v1/articles/662689747f68b50c41300e8f/comments","status":304,"response_time":403.517}
2024-05-12 22:20:42 info: 🚀 App listening on the port 5000
2024-05-12 22:20:44 info: {"method":"OPTIONS","url":"/api/v1/articles/662689747f68b50c41300e8f/comments","status":204,"content_length":"0","response_time":2.135}
2024-05-12 22:20:45 info: {"method":"GET","url":"/api/v1/articles/662689747f68b50c41300e8f/comments","status":304,"response_time":400.837}
2024-05-12 22:21:52 info: 🚀 App listening on the port 5000
2024-05-12 22:21:57 info: 🚀 App listening on the port 5000
2024-05-12 22:22:17 info: 🚀 App listening on the port 5000
2024-05-12 22:22:18 info: {"method":"OPTIONS","url":"/api/v1/articles/662689747f68b50c41300e8f/comments","status":204,"content_length":"0","response_time":1.661}
2024-05-12 22:22:19 info: {"method":"GET","url":"/api/v1/articles/662689747f68b50c41300e8f/comments","status":304,"response_time":790.345}
