2024-03-24 01:15:59 info: 🚀 App listening on the port 5000
2024-03-24 01:17:10 info: {"method":"OPTIONS","url":"/api/v1/articles?page=1&limit=10&search=","status":204,"content_length":"0","response_time":5.47}
2024-03-24 01:17:10 error: Error: Authentication Failed,    at authenticationError (G:\Programming\projects\FullStack\MERN Blog\server\src\utils\error.js:9:17),    at G:\Programming\projects\FullStack\MERN Blog\server\src\middlewarers\authMiddleware.js:19:10,    at Layer.handle [as handle_request] (G:\Programming\projects\FullStack\MERN Blog\server\node_modules\express\lib\router\layer.js:95:5),    at trim_prefix (G:\Programming\projects\FullStack\MERN Blog\server\node_modules\express\lib\router\index.js:328:13),    at G:\Programming\projects\FullStack\MERN Blog\server\node_modules\express\lib\router\index.js:286:9,    at Function.process_params (G:\Programming\projects\FullStack\MERN Blog\server\node_modules\express\lib\router\index.js:346:12),    at next (G:\Programming\projects\FullStack\MERN Blog\server\node_modules\express\lib\router\index.js:280:10),    at urlencodedParser (G:\Programming\projects\FullStack\MERN Blog\server\node_modules\body-parser\lib\types\urlencoded.js:91:7),    at Layer.handle [as handle_request] (G:\Programming\projects\FullStack\MERN Blog\server\node_modules\express\lib\router\layer.js:95:5),    at trim_prefix (G:\Programming\projects\FullStack\MERN Blog\server\node_modules\express\lib\router\index.js:328:13)
2024-03-24 01:17:10 info: {"method":"GET","url":"/api/v1/articles?page=1&limit=10&search=","status":401,"content_length":"62","response_time":21.207}
2024-03-24 02:16:57 info: {"method":"OPTIONS","url":"/api/v1/articles?page=1&limit=10&search=","status":204,"content_length":"0","response_time":0.459}
2024-03-24 02:16:57 error: Error: Authentication Failed,    at authenticationError (G:\Programming\projects\FullStack\MERN Blog\server\src\utils\error.js:9:17),    at G:\Programming\projects\FullStack\MERN Blog\server\src\middlewarers\authMiddleware.js:19:10,    at Layer.handle [as handle_request] (G:\Programming\projects\FullStack\MERN Blog\server\node_modules\express\lib\router\layer.js:95:5),    at trim_prefix (G:\Programming\projects\FullStack\MERN Blog\server\node_modules\express\lib\router\index.js:328:13),    at G:\Programming\projects\FullStack\MERN Blog\server\node_modules\express\lib\router\index.js:286:9,    at Function.process_params (G:\Programming\projects\FullStack\MERN Blog\server\node_modules\express\lib\router\index.js:346:12),    at next (G:\Programming\projects\FullStack\MERN Blog\server\node_modules\express\lib\router\index.js:280:10),    at urlencodedParser (G:\Programming\projects\FullStack\MERN Blog\server\node_modules\body-parser\lib\types\urlencoded.js:91:7),    at Layer.handle [as handle_request] (G:\Programming\projects\FullStack\MERN Blog\server\node_modules\express\lib\router\layer.js:95:5),    at trim_prefix (G:\Programming\projects\FullStack\MERN Blog\server\node_modules\express\lib\router\index.js:328:13)
2024-03-24 02:16:57 info: {"method":"GET","url":"/api/v1/articles?page=1&limit=10&search=","status":401,"content_length":"62","response_time":14.271}
2024-03-24 02:19:21 info: 🚀 App listening on the port 5000
2024-03-24 02:19:32 info: {"method":"OPTIONS","url":"/api/v1/articles?page=1&limit=10&search=","status":204,"content_length":"0","response_time":3.487}
2024-03-24 02:19:32 info: {"method":"GET","url":"/api/v1/articles?page=1&limit=10&search=","status":304,"response_time":220.539}
2024-03-24 02:19:40 info: {"method":"OPTIONS","url":"/api/v1/articles/65f5e7dd262d138d69abf9c9","status":204,"content_length":"0","response_time":0.842}
2024-03-24 02:19:41 info: {"method":"GET","url":"/api/v1/articles/65f5e7dd262d138d69abf9c9","status":200,"response_time":271.958}
2024-03-24 02:20:13 info: {"method":"OPTIONS","url":"/api/v1/auth/signin","status":204,"content_length":"0","response_time":0.715}
2024-03-24 02:20:14 info: {"method":"POST","url":"/api/v1/auth/signin","status":200,"content_length":"528","response_time":933.703}
2024-03-24 02:20:14 info: {"method":"OPTIONS","url":"/api/v1/articles?page=1&limit=10&search=","status":204,"content_length":"0","response_time":0.761}
2024-03-24 02:20:15 info: {"method":"GET","url":"/api/v1/articles?page=1&limit=10&search=","status":304,"response_time":754.063}
2024-03-24 02:32:23 info: 🚀 App listening on the port 5000
2024-03-24 02:32:38 info: 🚀 App listening on the port 5000
2024-03-24 02:32:42 info: 🚀 App listening on the port 5000
2024-03-24 02:32:55 info: 🚀 App listening on the port 5000
2024-03-24 02:33:17 info: 🚀 App listening on the port 5000
2024-03-24 02:34:25 info: 🚀 App listening on the port 5000
2024-03-24 02:38:06 info: 🚀 App listening on the port 5000
2024-03-24 02:38:11 info: 🚀 App listening on the port 5000
2024-03-24 02:38:36 info: 🚀 App listening on the port 5000
2024-03-24 02:38:51 info: 🚀 App listening on the port 5000
2024-03-24 02:39:04 info: 🚀 App listening on the port 5000
2024-03-24 02:39:08 info: 🚀 App listening on the port 5000
2024-03-24 02:39:30 info: 🚀 App listening on the port 5000
2024-03-24 02:49:17 info: 🚀 App listening on the port 5000
2024-03-24 03:17:36 info: {"method":"OPTIONS","url":"/api/v1/articles?page=1&limit=10&search=","status":204,"content_length":"0","response_time":32.393}
2024-03-24 03:17:37 info: {"method":"GET","url":"/api/v1/articles?page=1&limit=10&search=","status":304,"response_time":1044.555}
2024-03-24 03:18:49 info: 🚀 App listening on the port 5000
2024-03-24 03:19:35 info: {"method":"OPTIONS","url":"/api/v1/users/self","status":204,"content_length":"0","response_time":3.293}
2024-03-24 03:19:35 info: {"method":"GET","url":"/api/v1/users/self","status":200,"content_length":"326","response_time":307.658}
2024-03-24 03:19:43 info: {"method":"OPTIONS","url":"/api/v1/users/self","status":204,"content_length":"0","response_time":1.028}
2024-03-24 03:19:43 info: {"method":"GET","url":"/api/v1/users/self","status":304,"response_time":272.707}
2024-03-24 03:20:40 info: {"method":"OPTIONS","url":"/api/v1/users/self","status":204,"content_length":"0","response_time":0.858}
2024-03-24 03:20:41 info: {"method":"GET","url":"/api/v1/users/self","status":304,"response_time":504.909}
2024-03-24 03:21:00 info: {"method":"OPTIONS","url":"/api/v1/users/self","status":204,"content_length":"0","response_time":0.35}
2024-03-24 03:21:00 info: {"method":"GET","url":"/api/v1/users/self","status":304,"response_time":271.355}
2024-03-24 03:21:17 info: {"method":"OPTIONS","url":"/api/v1/users/self","status":204,"content_length":"0","response_time":0.314}
2024-03-24 03:21:17 info: {"method":"GET","url":"/api/v1/users/self","status":304,"response_time":272.947}
2024-03-24 03:21:48 info: {"method":"OPTIONS","url":"/api/v1/users/self","status":204,"content_length":"0","response_time":0.368}
2024-03-24 03:21:48 info: {"method":"GET","url":"/api/v1/users/self","status":304,"response_time":265.91}
2024-03-24 03:22:51 info: {"method":"OPTIONS","url":"/api/v1/users/self","status":204,"content_length":"0","response_time":0.551}
2024-03-24 03:22:52 info: {"method":"GET","url":"/api/v1/users/self","status":304,"response_time":752.717}
2024-03-24 03:23:14 info: {"method":"OPTIONS","url":"/api/v1/users/self","status":204,"content_length":"0","response_time":0.913}
2024-03-24 03:23:14 info: {"method":"GET","url":"/api/v1/users/self","status":304,"response_time":276.108}
2024-03-24 03:25:02 info: {"method":"OPTIONS","url":"/api/v1/users/self","status":204,"content_length":"0","response_time":0.376}
2024-03-24 03:25:03 info: {"method":"GET","url":"/api/v1/users/self","status":304,"response_time":670.938}
2024-03-24 03:25:08 info: {"method":"OPTIONS","url":"/api/v1/users/self","status":204,"content_length":"0","response_time":2.208}
2024-03-24 03:25:08 info: {"method":"GET","url":"/api/v1/users/self","status":304,"response_time":264.875}
2024-03-24 03:25:42 info: {"method":"OPTIONS","url":"/api/v1/users/self","status":204,"content_length":"0","response_time":0.296}
2024-03-24 03:25:42 info: {"method":"GET","url":"/api/v1/users/self","status":304,"response_time":261.082}
2024-03-24 03:25:52 info: {"method":"OPTIONS","url":"/api/v1/users/self","status":204,"content_length":"0","response_time":0.331}
2024-03-24 03:25:53 info: {"method":"GET","url":"/api/v1/users/self","status":304,"response_time":277.105}
2024-03-24 03:26:05 info: {"method":"OPTIONS","url":"/api/v1/users/self","status":204,"content_length":"0","response_time":0.394}
2024-03-24 03:26:05 info: {"method":"GET","url":"/api/v1/users/self","status":304,"response_time":261.007}
2024-03-24 03:26:16 info: {"method":"OPTIONS","url":"/api/v1/articles/author/self?page=1&limit=10&search=","status":204,"content_length":"0","response_time":0.289}
2024-03-24 03:26:16 info: {"method":"GET","url":"/api/v1/articles/author/self?page=1&limit=10&search=","status":304,"response_time":387.72}
2024-03-24 03:26:20 info: {"method":"OPTIONS","url":"/api/v1/articles/author/self?page=2&limit=10&search=","status":204,"content_length":"0","response_time":1.528}
2024-03-24 03:26:20 info: {"method":"GET","url":"/api/v1/articles/author/self?page=2&limit=10&search=","status":200,"response_time":358.383}
2024-03-24 03:26:22 info: {"method":"OPTIONS","url":"/api/v1/articles/author/self?page=3&limit=10&search=","status":204,"content_length":"0","response_time":0.333}
2024-03-24 03:26:22 info: {"method":"GET","url":"/api/v1/articles/author/self?page=3&limit=10&search=","status":200,"response_time":359.453}
2024-03-24 03:26:25 info: {"method":"GET","url":"/api/v1/articles/author/self?page=2&limit=10&search=","status":304,"response_time":358.054}
2024-03-24 03:26:26 info: {"method":"OPTIONS","url":"/api/v1/articles/author/self?page=1&limit=10&search=","status":204,"content_length":"0","response_time":0.214}
2024-03-24 03:26:26 info: {"method":"GET","url":"/api/v1/articles/author/self?page=1&limit=10&search=","status":304,"response_time":354.07}
2024-03-24 03:26:28 info: {"method":"OPTIONS","url":"/api/v1/articles/author/self?page=2&limit=10&search=","status":204,"content_length":"0","response_time":0.184}
2024-03-24 03:26:29 info: {"method":"GET","url":"/api/v1/articles/author/self?page=2&limit=10&search=","status":304,"response_time":362.323}
2024-03-24 03:26:30 info: {"method":"OPTIONS","url":"/api/v1/articles/author/self?page=3&limit=10&search=","status":204,"content_length":"0","response_time":0.127}
2024-03-24 03:26:30 info: {"method":"GET","url":"/api/v1/articles/author/self?page=3&limit=10&search=","status":304,"response_time":352.559}
2024-03-24 03:26:32 info: {"method":"GET","url":"/api/v1/articles/author/self?page=2&limit=10&search=","status":304,"response_time":356.827}
2024-03-24 03:26:50 info: {"method":"OPTIONS","url":"/api/v1/articles/author/self?page=1&limit=10&search=","status":204,"content_length":"0","response_time":0.375}
2024-03-24 03:26:51 info: {"method":"GET","url":"/api/v1/articles/author/self?page=1&limit=10&search=","status":304,"response_time":350.586}
2024-03-24 03:26:56 info: {"method":"OPTIONS","url":"/api/v1/articles/author/self?page=2&limit=10&search=","status":204,"content_length":"0","response_time":0.126}
2024-03-24 03:26:56 info: {"method":"GET","url":"/api/v1/articles/author/self?page=2&limit=10&search=","status":304,"response_time":369.175}
2024-03-24 03:26:57 info: {"method":"OPTIONS","url":"/api/v1/articles/author/self?page=3&limit=10&search=","status":204,"content_length":"0","response_time":0.158}
2024-03-24 03:26:57 info: {"method":"GET","url":"/api/v1/articles/author/self?page=3&limit=10&search=","status":304,"response_time":355.917}
2024-03-24 03:26:59 info: {"method":"GET","url":"/api/v1/articles/author/self?page=2&limit=10&search=","status":304,"response_time":352.637}
2024-03-24 03:27:00 info: {"method":"OPTIONS","url":"/api/v1/articles/author/self?page=1&limit=10&search=","status":204,"content_length":"0","response_time":0.276}
2024-03-24 03:27:01 info: {"method":"GET","url":"/api/v1/articles/author/self?page=1&limit=10&search=","status":304,"response_time":369.26}
2024-03-24 03:27:06 info: {"method":"OPTIONS","url":"/api/v1/users/self","status":204,"content_length":"0","response_time":0.277}
2024-03-24 03:27:06 info: {"method":"GET","url":"/api/v1/users/self","status":304,"response_time":270.315}
