2024-02-24 08:12:36 info: 🚀 App listening on the port 5000
2024-02-24 08:26:39 info: 🚀 App listening on the port 5000
2024-02-24 08:27:19 info: 🚀 App listening on the port 5000
2024-02-24 08:27:33 info: 🚀 App listening on the port 5000
2024-02-24 08:27:43 info: 🚀 App listening on the port 5000
2024-02-24 08:28:01 info: 🚀 App listening on the port 5000
2024-02-24 08:28:11 info: 🚀 App listening on the port 5000
2024-02-24 08:28:35 info: 🚀 App listening on the port 5000
2024-02-24 08:28:42 info: 🚀 App listening on the port 5000
2024-02-24 08:28:56 info: 🚀 App listening on the port 5000
2024-02-24 08:29:26 info: 🚀 App listening on the port 5000
2024-02-24 08:29:32 info: 🚀 App listening on the port 5000
2024-02-24 08:29:59 info: 🚀 App listening on the port 5000
2024-02-24 08:30:24 info: 🚀 App listening on the port 5000
2024-02-24 08:30:46 info: 🚀 App listening on the port 5000
2024-02-24 08:31:33 info: 🚀 App listening on the port 5000
2024-02-24 08:31:59 info: 🚀 App listening on the port 5000
2024-02-24 08:32:13 info: 🚀 App listening on the port 5000
2024-02-24 08:32:28 info: 🚀 App listening on the port 5000
2024-02-24 08:32:52 info: 🚀 App listening on the port 5000
2024-02-24 08:33:43 info: 🚀 App listening on the port 5000
2024-02-24 08:33:56 info: 🚀 App listening on the port 5000
2024-02-24 08:34:01 info: 🚀 App listening on the port 5000
2024-02-24 08:34:09 info: 🚀 App listening on the port 5000
2024-02-24 08:34:26 info: 🚀 App listening on the port 5000
2024-02-24 08:35:30 info: 🚀 App listening on the port 5000
2024-02-24 08:35:39 info: 🚀 App listening on the port 5000
2024-02-24 08:36:01 info: 🚀 App listening on the port 5000
2024-02-24 08:36:41 info: 🚀 App listening on the port 5000
2024-02-24 08:36:48 info: 🚀 App listening on the port 5000
2024-02-24 08:37:01 info: 🚀 App listening on the port 5000
2024-02-24 08:37:05 info: 🚀 App listening on the port 5000
2024-02-24 08:37:22 info: 🚀 App listening on the port 5000
2024-02-24 08:37:44 info: 🚀 App listening on the port 5000
2024-02-24 08:37:59 info: 🚀 App listening on the port 5000
2024-02-24 08:38:14 info: 🚀 App listening on the port 5000
2024-02-24 08:38:33 info: 🚀 App listening on the port 5000
2024-02-24 08:38:44 info: 🚀 App listening on the port 5000
2024-02-24 08:39:01 info: 🚀 App listening on the port 5000
2024-02-24 08:39:13 info: 🚀 App listening on the port 5000
2024-02-24 08:39:25 info: 🚀 App listening on the port 5000
2024-02-24 08:39:35 info: 🚀 App listening on the port 5000
2024-02-24 08:40:42 info: 🚀 App listening on the port 5000
2024-02-24 08:40:58 info: 🚀 App listening on the port 5000
2024-02-24 08:41:13 info: 🚀 App listening on the port 5000
2024-02-24 08:41:42 info: 🚀 App listening on the port 5000
2024-02-24 08:41:52 info: 🚀 App listening on the port 5000
2024-02-24 08:42:08 info: 🚀 App listening on the port 5000
2024-02-24 08:42:15 info: 🚀 App listening on the port 5000
2024-02-24 08:42:20 info: 🚀 App listening on the port 5000
2024-02-24 08:42:31 info: 🚀 App listening on the port 5000
2024-02-24 08:43:21 info: 🚀 App listening on the port 5000
2024-02-24 08:43:40 info: 🚀 App listening on the port 5000
2024-02-24 08:44:53 info: 🚀 App listening on the port 5000
2024-02-24 08:45:07 info: 🚀 App listening on the port 5000
2024-02-24 08:45:19 info: 🚀 App listening on the port 5000
2024-02-24 08:45:32 info: 🚀 App listening on the port 5000
2024-02-24 08:45:45 info: 🚀 App listening on the port 5000
2024-02-24 08:46:01 info: 🚀 App listening on the port 5000
2024-02-24 08:46:24 info: 🚀 App listening on the port 5000
2024-02-24 08:46:30 info: 🚀 App listening on the port 5000
2024-02-24 08:46:38 info: 🚀 App listening on the port 5000
2024-02-24 08:46:49 info: 🚀 App listening on the port 5000
2024-02-24 08:47:01 info: 🚀 App listening on the port 5000
2024-02-24 08:47:08 info: 🚀 App listening on the port 5000
2024-02-24 08:47:38 info: 🚀 App listening on the port 5000
2024-02-24 08:47:56 info: 🚀 App listening on the port 5000
2024-02-24 08:48:33 info: 🚀 App listening on the port 5000
2024-02-24 08:50:59 info: 🚀 App listening on the port 5000
2024-02-24 08:52:13 info: 🚀 App listening on the port 5000
2024-02-24 08:52:29 info: 🚀 App listening on the port 5000
2024-02-24 08:52:56 info: 🚀 App listening on the port 5000
2024-02-24 08:53:53 info: 🚀 App listening on the port 5000
2024-02-24 08:55:06 info: 🚀 App listening on the port 5000
2024-02-24 08:55:22 info: 🚀 App listening on the port 5000
2024-02-24 08:55:46 info: 🚀 App listening on the port 5000
2024-02-24 08:57:04 info: {"method":"OPTIONS","url":"/api/v1/auth/signup","status":204,"content_length":"0","response_time":2.363}
2024-02-24 08:57:05 error: Error: Bad Request,    at badRequest (G:\Programming\projects\FullStack\MERN Blog\server\src\utils\error.js:2:17),    at requestValidation (G:\Programming\projects\FullStack\MERN Blog\server\src\middlewarers\requestValidationMiddleware.js:8:17),    at Layer.handle [as handle_request] (G:\Programming\projects\FullStack\MERN Blog\server\node_modules\express\lib\router\layer.js:95:5),    at next (G:\Programming\projects\FullStack\MERN Blog\server\node_modules\express\lib\router\route.js:144:13),    at middleware (G:\Programming\projects\FullStack\MERN Blog\server\node_modules\express-validator\src\middlewares\check.js:16:13),    at process.processTicksAndRejections (node:internal/process/task_queues:95:5)
2024-02-24 08:57:05 info: {"method":"POST","url":"/api/v1/auth/signup","status":400,"content_length":"383","response_time":694.401}
2024-02-24 08:58:12 info: 🚀 App listening on the port 5000
2024-02-24 08:58:25 info: {"method":"OPTIONS","url":"/api/v1/auth/signup","status":204,"content_length":"0","response_time":1.639}
2024-02-24 08:58:25 error: Error: Bad Request,    at badRequest (G:\Programming\projects\FullStack\MERN Blog\server\src\utils\error.js:2:17),    at requestValidation (G:\Programming\projects\FullStack\MERN Blog\server\src\middlewarers\requestValidationMiddleware.js:8:17),    at Layer.handle [as handle_request] (G:\Programming\projects\FullStack\MERN Blog\server\node_modules\express\lib\router\layer.js:95:5),    at next (G:\Programming\projects\FullStack\MERN Blog\server\node_modules\express\lib\router\route.js:144:13),    at middleware (G:\Programming\projects\FullStack\MERN Blog\server\node_modules\express-validator\src\middlewares\check.js:16:13),    at process.processTicksAndRejections (node:internal/process/task_queues:95:5)
2024-02-24 08:58:25 info: {"method":"POST","url":"/api/v1/auth/signup","status":400,"content_length":"383","response_time":237.672}
2024-02-24 09:03:39 info: 🚀 App listening on the port 5000
2024-02-24 09:03:48 info: {"method":"OPTIONS","url":"/api/v1/auth/signup","status":204,"content_length":"0","response_time":2.982}
2024-02-24 09:03:48 error: Error: Bad Request,    at badRequest (G:\Programming\projects\FullStack\MERN Blog\server\src\utils\error.js:2:17),    at requestValidation (G:\Programming\projects\FullStack\MERN Blog\server\src\middlewarers\requestValidationMiddleware.js:8:17),    at Layer.handle [as handle_request] (G:\Programming\projects\FullStack\MERN Blog\server\node_modules\express\lib\router\layer.js:95:5),    at next (G:\Programming\projects\FullStack\MERN Blog\server\node_modules\express\lib\router\route.js:144:13),    at middleware (G:\Programming\projects\FullStack\MERN Blog\server\node_modules\express-validator\src\middlewares\check.js:16:13),    at process.processTicksAndRejections (node:internal/process/task_queues:95:5)
2024-02-24 09:03:48 info: {"method":"POST","url":"/api/v1/auth/signup","status":400,"content_length":"187","response_time":212.892}
2024-02-24 09:04:00 info: {"method":"OPTIONS","url":"/api/v1/auth/signup","status":204,"content_length":"0","response_time":0.262}
2024-02-24 09:04:00 error: Error: Bad Request,    at badRequest (G:\Programming\projects\FullStack\MERN Blog\server\src\utils\error.js:2:17),    at requestValidation (G:\Programming\projects\FullStack\MERN Blog\server\src\middlewarers\requestValidationMiddleware.js:8:17),    at Layer.handle [as handle_request] (G:\Programming\projects\FullStack\MERN Blog\server\node_modules\express\lib\router\layer.js:95:5),    at next (G:\Programming\projects\FullStack\MERN Blog\server\node_modules\express\lib\router\route.js:144:13),    at middleware (G:\Programming\projects\FullStack\MERN Blog\server\node_modules\express-validator\src\middlewares\check.js:16:13),    at process.processTicksAndRejections (node:internal/process/task_queues:95:5)
2024-02-24 09:04:00 info: {"method":"POST","url":"/api/v1/auth/signup","status":400,"content_length":"204","response_time":10.237}
2024-02-24 09:04:47 info: {"method":"OPTIONS","url":"/api/v1/auth/signup","status":204,"content_length":"0","response_time":0.425}
2024-02-24 09:04:47 error: Error: Bad Request,    at badRequest (G:\Programming\projects\FullStack\MERN Blog\server\src\utils\error.js:2:17),    at requestValidation (G:\Programming\projects\FullStack\MERN Blog\server\src\middlewarers\requestValidationMiddleware.js:8:17),    at Layer.handle [as handle_request] (G:\Programming\projects\FullStack\MERN Blog\server\node_modules\express\lib\router\layer.js:95:5),    at next (G:\Programming\projects\FullStack\MERN Blog\server\node_modules\express\lib\router\route.js:144:13),    at middleware (G:\Programming\projects\FullStack\MERN Blog\server\node_modules\express-validator\src\middlewares\check.js:16:13),    at process.processTicksAndRejections (node:internal/process/task_queues:95:5)
2024-02-24 09:04:47 info: {"method":"POST","url":"/api/v1/auth/signup","status":400,"content_length":"140","response_time":7.392}
2024-02-24 09:05:02 info: {"method":"OPTIONS","url":"/api/v1/auth/signup","status":204,"content_length":"0","response_time":0.456}
2024-02-24 09:05:02 error: Error: Bad Request,    at badRequest (G:\Programming\projects\FullStack\MERN Blog\server\src\utils\error.js:2:17),    at requestValidation (G:\Programming\projects\FullStack\MERN Blog\server\src\middlewarers\requestValidationMiddleware.js:8:17),    at Layer.handle [as handle_request] (G:\Programming\projects\FullStack\MERN Blog\server\node_modules\express\lib\router\layer.js:95:5),    at next (G:\Programming\projects\FullStack\MERN Blog\server\node_modules\express\lib\router\route.js:144:13),    at middleware (G:\Programming\projects\FullStack\MERN Blog\server\node_modules\express-validator\src\middlewares\check.js:16:13),    at process.processTicksAndRejections (node:internal/process/task_queues:95:5)
2024-02-24 09:05:02 info: {"method":"POST","url":"/api/v1/auth/signup","status":400,"content_length":"157","response_time":7.754}
2024-02-24 09:05:17 info: {"method":"OPTIONS","url":"/api/v1/auth/signup","status":204,"content_length":"0","response_time":0.378}
2024-02-24 09:05:17 error: Error: Bad Request,    at badRequest (G:\Programming\projects\FullStack\MERN Blog\server\src\utils\error.js:2:17),    at requestValidation (G:\Programming\projects\FullStack\MERN Blog\server\src\middlewarers\requestValidationMiddleware.js:8:17),    at Layer.handle [as handle_request] (G:\Programming\projects\FullStack\MERN Blog\server\node_modules\express\lib\router\layer.js:95:5),    at next (G:\Programming\projects\FullStack\MERN Blog\server\node_modules\express\lib\router\route.js:144:13),    at middleware (G:\Programming\projects\FullStack\MERN Blog\server\node_modules\express-validator\src\middlewares\check.js:16:13),    at process.processTicksAndRejections (node:internal/process/task_queues:95:5)
2024-02-24 09:05:17 info: {"method":"POST","url":"/api/v1/auth/signup","status":400,"content_length":"96","response_time":10.326}
2024-02-24 09:05:24 info: {"method":"OPTIONS","url":"/api/v1/auth/signup","status":204,"content_length":"0","response_time":1.461}
2024-02-24 09:05:24 info: {"method":"POST","url":"/api/v1/auth/signup","status":429,"content_length":"55","response_time":2.923}
2024-02-24 09:05:52 info: {"method":"OPTIONS","url":"/api/v1/auth/signup","status":204,"content_length":"0","response_time":0.344}
2024-02-24 09:05:52 info: {"method":"POST","url":"/api/v1/auth/signup","status":429,"content_length":"55","response_time":1.118}
2024-02-24 09:07:48 info: 🚀 App listening on the port 5000
2024-02-24 09:07:56 info: {"method":"OPTIONS","url":"/api/v1/auth/signup","status":204,"content_length":"0","response_time":3.02}
2024-02-24 09:07:57 error: Error: Bad Request,    at badRequest (G:\Programming\projects\FullStack\MERN Blog\server\src\utils\error.js:2:17),    at requestValidation (G:\Programming\projects\FullStack\MERN Blog\server\src\middlewarers\requestValidationMiddleware.js:8:17),    at Layer.handle [as handle_request] (G:\Programming\projects\FullStack\MERN Blog\server\node_modules\express\lib\router\layer.js:95:5),    at next (G:\Programming\projects\FullStack\MERN Blog\server\node_modules\express\lib\router\route.js:144:13),    at middleware (G:\Programming\projects\FullStack\MERN Blog\server\node_modules\express-validator\src\middlewares\check.js:16:13),    at process.processTicksAndRejections (node:internal/process/task_queues:95:5)
2024-02-24 09:07:57 info: {"method":"POST","url":"/api/v1/auth/signup","status":400,"content_length":"120","response_time":169.588}
2024-02-24 09:08:41 info: 🚀 App listening on the port 5000
2024-02-24 09:09:05 info: 🚀 App listening on the port 5000
2024-02-24 09:09:16 info: {"method":"OPTIONS","url":"/api/v1/auth/signup","status":204,"content_length":"0","response_time":2.617}
2024-02-24 09:09:16 error: TypeError: this.userDatabase.findByEmail is not a function,    at AuthService.signup (G:\Programming\projects\FullStack\MERN Blog\server\src\service\AuthService.js:33:48),    at G:\Programming\projects\FullStack\MERN Blog\server\src\controllers\auth.js:33:33,    at G:\Programming\projects\FullStack\MERN Blog\server\src\middlewarers\catchAsyncErrors.js:7:19,    at Layer.handle [as handle_request] (G:\Programming\projects\FullStack\MERN Blog\server\node_modules\express\lib\router\layer.js:95:5),    at next (G:\Programming\projects\FullStack\MERN Blog\server\node_modules\express\lib\router\route.js:144:13),    at requestValidation (G:\Programming\projects\FullStack\MERN Blog\server\src\middlewarers\requestValidationMiddleware.js:11:3),    at Layer.handle [as handle_request] (G:\Programming\projects\FullStack\MERN Blog\server\node_modules\express\lib\router\layer.js:95:5),    at next (G:\Programming\projects\FullStack\MERN Blog\server\node_modules\express\lib\router\route.js:144:13),    at middleware (G:\Programming\projects\FullStack\MERN Blog\server\node_modules\express-validator\src\middlewares\check.js:16:13),    at process.processTicksAndRejections (node:internal/process/task_queues:95:5)
2024-02-24 09:09:16 info: {"method":"POST","url":"/api/v1/auth/signup","status":500,"content_length":"75","response_time":53.038}
2024-02-24 09:10:29 info: 🚀 App listening on the port 5000
2024-02-24 09:10:44 info: 🚀 App listening on the port 5000
2024-02-24 09:10:47 info: {"method":"OPTIONS","url":"/api/v1/auth/signup","status":204,"content_length":"0","response_time":4.157}
2024-02-24 09:10:49 error: ReferenceError: JWT is not defined,    at signToken (G:\Programming\projects\FullStack\MERN Blog\server\src\utils\token.js:11:3),    at AuthService.signup (G:\Programming\projects\FullStack\MERN Blog\server\src\service\AuthService.js:46:23),    at process.processTicksAndRejections (node:internal/process/task_queues:95:5),    at async G:\Programming\projects\FullStack\MERN Blog\server\src\controllers\auth.js:34:15
2024-02-24 09:10:49 info: {"method":"POST","url":"/api/v1/auth/signup","status":500,"content_length":"46","response_time":1309.749}
2024-02-24 09:13:25 info: 🚀 App listening on the port 5000
2024-02-24 09:13:48 info: 🚀 App listening on the port 5000
2024-02-24 09:14:06 info: 🚀 App listening on the port 5000
2024-02-24 09:14:10 info: {"method":"OPTIONS","url":"/api/v1/auth/signup","status":204,"content_length":"0","response_time":2.402}
2024-02-24 09:14:10 error: Error: Internal Server Error,    at serverError (G:\Programming\projects\FullStack\MERN Blog\server\src\utils\error.js:27:17),    at AuthService.signup (G:\Programming\projects\FullStack\MERN Blog\server\src\service\AuthService.js:56:13),    at process.processTicksAndRejections (node:internal/process/task_queues:95:5),    at async G:\Programming\projects\FullStack\MERN Blog\server\src\controllers\auth.js:34:15
2024-02-24 09:14:10 info: {"method":"POST","url":"/api/v1/auth/signup","status":500,"content_length":"62","response_time":488.939}
2024-02-24 09:14:26 info: 🚀 App listening on the port 5000
2024-02-24 09:14:48 info: {"method":"OPTIONS","url":"/api/v1/auth/signup","status":204,"content_length":"0","response_time":2.737}
2024-02-24 09:14:48 error: Error: Internal Server Error,    at serverError (G:\Programming\projects\FullStack\MERN Blog\server\src\utils\error.js:27:17),    at AuthService.signup (G:\Programming\projects\FullStack\MERN Blog\server\src\service\AuthService.js:56:13),    at process.processTicksAndRejections (node:internal/process/task_queues:95:5),    at async G:\Programming\projects\FullStack\MERN Blog\server\src\controllers\auth.js:34:15
2024-02-24 09:14:48 info: {"method":"POST","url":"/api/v1/auth/signup","status":500,"content_length":"62","response_time":402.329}
2024-02-24 09:15:27 info: 🚀 App listening on the port 5000
2024-02-24 09:15:45 info: {"method":"OPTIONS","url":"/api/v1/auth/signup","status":204,"content_length":"0","response_time":2.645}
2024-02-24 09:15:45 error: Error: Internal Server Error,    at serverError (G:\Programming\projects\FullStack\MERN Blog\server\src\utils\error.js:27:17),    at AuthService.signup (G:\Programming\projects\FullStack\MERN Blog\server\src\service\AuthService.js:58:13),    at process.processTicksAndRejections (node:internal/process/task_queues:95:5),    at async G:\Programming\projects\FullStack\MERN Blog\server\src\controllers\auth.js:34:15
2024-02-24 09:15:45 info: {"method":"POST","url":"/api/v1/auth/signup","status":500,"content_length":"62","response_time":391.098}
2024-02-24 09:25:15 info: 🚀 App listening on the port 5000
2024-02-24 09:25:37 info: {"method":"OPTIONS","url":"/api/v1/auth/signup","status":204,"content_length":"0","response_time":3.408}
2024-02-24 09:25:38 info: {"method":"POST","url":"/api/v1/auth/signup","status":200,"content_length":"338","response_time":854.731}
2024-02-24 09:27:46 info: {"method":"OPTIONS","url":"/api/v1/auth/signup","status":204,"content_length":"0","response_time":0.237}
2024-02-24 09:27:46 error: Error: Internal Server Error,    at serverError (G:\Programming\projects\FullStack\MERN Blog\server\src\utils\error.js:27:17),    at AuthService.signup (G:\Programming\projects\FullStack\MERN Blog\server\src\service\AuthService.js:58:13),    at process.processTicksAndRejections (node:internal/process/task_queues:95:5),    at async G:\Programming\projects\FullStack\MERN Blog\server\src\controllers\auth.js:34:15
2024-02-24 09:27:47 info: {"method":"POST","url":"/api/v1/auth/signup","status":500,"content_length":"62","response_time":86.269}
2024-02-24 09:29:37 info: 🚀 App listening on the port 5000
2024-02-24 09:29:40 info: {"method":"OPTIONS","url":"/api/v1/auth/signup","status":204,"content_length":"0","response_time":1.707}
2024-02-24 09:29:41 error: Error: Internal Server Error,    at serverError (G:\Programming\projects\FullStack\MERN Blog\server\src\utils\error.js:27:17),    at AuthService.signup (G:\Programming\projects\FullStack\MERN Blog\server\src\service\AuthService.js:59:13),    at process.processTicksAndRejections (node:internal/process/task_queues:95:5),    at async G:\Programming\projects\FullStack\MERN Blog\server\src\controllers\auth.js:34:15
2024-02-24 09:29:41 info: {"method":"POST","url":"/api/v1/auth/signup","status":500,"content_length":"62","response_time":316.532}
2024-02-24 09:31:05 info: 🚀 App listening on the port 5000
2024-02-24 09:31:17 info: 🚀 App listening on the port 5000
2024-02-24 09:31:28 info: 🚀 App listening on the port 5000
2024-02-24 09:31:48 info: {"method":"OPTIONS","url":"/api/v1/auth/signup","status":204,"content_length":"0","response_time":2.627}
2024-02-24 09:31:48 info: {"method":"POST","url":"/api/v1/auth/signup","status":200,"content_length":"83","response_time":140.916}
2024-02-24 09:32:31 info: 🚀 App listening on the port 5000
2024-02-24 09:32:37 info: 🚀 App listening on the port 5000
2024-02-24 09:32:58 info: {"method":"OPTIONS","url":"/api/v1/auth/signup","status":204,"content_length":"0","response_time":1.744}
2024-02-24 09:32:58 error: ReferenceError: badRequest is not defined,    at AuthService.signup (G:\Programming\projects\FullStack\MERN Blog\server\src\service\AuthService.js:36:7),    at process.processTicksAndRejections (node:internal/process/task_queues:95:5),    at async G:\Programming\projects\FullStack\MERN Blog\server\src\controllers\auth.js:34:15
2024-02-24 09:32:58 info: {"method":"POST","url":"/api/v1/auth/signup","status":500,"content_length":"53","response_time":144.565}
2024-02-24 09:33:07 info: 🚀 App listening on the port 5000
2024-02-24 09:33:14 info: {"method":"OPTIONS","url":"/api/v1/auth/signup","status":204,"content_length":"0","response_time":3.87}
2024-02-24 09:33:14 error: Error: User already exists with this email,    at badRequest (G:\Programming\projects\FullStack\MERN Blog\server\src\utils\error.js:2:17),    at AuthService.signup (G:\Programming\projects\FullStack\MERN Blog\server\src\service\AuthService.js:36:13),    at process.processTicksAndRejections (node:internal/process/task_queues:95:5),    at async G:\Programming\projects\FullStack\MERN Blog\server\src\controllers\auth.js:34:15
2024-02-24 09:33:14 info: {"method":"POST","url":"/api/v1/auth/signup","status":400,"content_length":"76","response_time":156.213}
2024-02-24 09:33:45 info: 🚀 App listening on the port 5000
2024-02-24 09:35:04 info: 🚀 App listening on the port 5000
2024-02-24 09:35:39 info: 🚀 App listening on the port 5000
2024-02-24 09:35:43 info: 🚀 App listening on the port 5000
2024-02-24 09:36:16 info: 🚀 App listening on the port 5000
2024-02-24 09:36:56 info: 🚀 App listening on the port 5000
2024-02-24 09:37:47 info: 🚀 App listening on the port 5000
2024-02-24 09:37:51 info: {"method":"OPTIONS","url":"/api/v1/auth/signup","status":204,"content_length":"0","response_time":2.216}
2024-02-24 09:37:51 error: Error: Bad Request,    at badRequest (G:\Programming\projects\FullStack\MERN Blog\server\src\utils\error.js:2:17),    at requestValidation (G:\Programming\projects\FullStack\MERN Blog\server\src\middlewarers\requestValidationMiddleware.js:8:17),    at Layer.handle [as handle_request] (G:\Programming\projects\FullStack\MERN Blog\server\node_modules\express\lib\router\layer.js:95:5),    at next (G:\Programming\projects\FullStack\MERN Blog\server\node_modules\express\lib\router\route.js:144:13),    at middleware (G:\Programming\projects\FullStack\MERN Blog\server\node_modules\express-validator\src\middlewares\check.js:16:13),    at process.processTicksAndRejections (node:internal/process/task_queues:95:5)
2024-02-24 09:37:51 info: {"method":"POST","url":"/api/v1/auth/signup","status":400,"content_length":"113","response_time":323.914}
2024-02-24 09:38:25 info: 🚀 App listening on the port 5000
2024-02-24 09:39:09 info: 🚀 App listening on the port 5000
2024-02-24 09:39:12 info: {"method":"OPTIONS","url":"/api/v1/auth/signup","status":204,"content_length":"0","response_time":1.794}
2024-02-24 09:39:12 error: Error: Bad Request,    at badRequest (G:\Programming\projects\FullStack\MERN Blog\server\src\utils\error.js:2:17),    at requestValidation (G:\Programming\projects\FullStack\MERN Blog\server\src\middlewarers\requestValidationMiddleware.js:8:17),    at Layer.handle [as handle_request] (G:\Programming\projects\FullStack\MERN Blog\server\node_modules\express\lib\router\layer.js:95:5),    at next (G:\Programming\projects\FullStack\MERN Blog\server\node_modules\express\lib\router\route.js:144:13),    at middleware (G:\Programming\projects\FullStack\MERN Blog\server\node_modules\express-validator\src\middlewares\check.js:16:13),    at process.processTicksAndRejections (node:internal/process/task_queues:95:5)
2024-02-24 09:39:12 info: {"method":"POST","url":"/api/v1/auth/signup","status":400,"content_length":"105","response_time":149.212}
2024-02-24 09:39:21 info: {"method":"OPTIONS","url":"/api/v1/auth/signup","status":204,"content_length":"0","response_time":0.495}
2024-02-24 09:39:21 error: Error: Bad Request,    at badRequest (G:\Programming\projects\FullStack\MERN Blog\server\src\utils\error.js:2:17),    at requestValidation (G:\Programming\projects\FullStack\MERN Blog\server\src\middlewarers\requestValidationMiddleware.js:8:17),    at Layer.handle [as handle_request] (G:\Programming\projects\FullStack\MERN Blog\server\node_modules\express\lib\router\layer.js:95:5),    at next (G:\Programming\projects\FullStack\MERN Blog\server\node_modules\express\lib\router\route.js:144:13),    at middleware (G:\Programming\projects\FullStack\MERN Blog\server\node_modules\express-validator\src\middlewares\check.js:16:13),    at process.processTicksAndRejections (node:internal/process/task_queues:95:5)
2024-02-24 09:39:21 info: {"method":"POST","url":"/api/v1/auth/signup","status":400,"content_length":"113","response_time":109.641}
2024-02-24 09:39:44 info: 🚀 App listening on the port 5000
2024-02-24 09:40:06 info: 🚀 App listening on the port 5000
2024-02-24 09:40:21 info: 🚀 App listening on the port 5000
2024-02-24 09:40:29 info: 🚀 App listening on the port 5000
2024-02-24 09:40:32 info: 🚀 App listening on the port 5000
2024-02-24 09:40:36 info: 🚀 App listening on the port 5000
2024-02-24 09:40:41 info: {"method":"OPTIONS","url":"/api/v1/auth/signup","status":204,"content_length":"0","response_time":2.583}
2024-02-24 09:40:41 error: Error: Bad Request,    at badRequest (G:\Programming\projects\FullStack\MERN Blog\server\src\utils\error.js:2:17),    at requestValidation (G:\Programming\projects\FullStack\MERN Blog\server\src\middlewarers\requestValidationMiddleware.js:8:17),    at Layer.handle [as handle_request] (G:\Programming\projects\FullStack\MERN Blog\server\node_modules\express\lib\router\layer.js:95:5),    at next (G:\Programming\projects\FullStack\MERN Blog\server\node_modules\express\lib\router\route.js:144:13),    at middleware (G:\Programming\projects\FullStack\MERN Blog\server\node_modules\express-validator\src\middlewares\check.js:16:13),    at process.processTicksAndRejections (node:internal/process/task_queues:95:5)
2024-02-24 09:40:41 info: {"method":"POST","url":"/api/v1/auth/signup","status":400,"content_length":"115","response_time":237.816}
2024-02-24 09:42:26 info: 🚀 App listening on the port 5000
2024-02-24 09:42:56 info: 🚀 App listening on the port 5000
2024-02-24 09:43:22 info: {"method":"OPTIONS","url":"/api/v1/auth/signup","status":204,"content_length":"0","response_time":1.755}
2024-02-24 09:43:22 info: {"method":"POST","url":"/api/v1/auth/signup","status":200,"content_length":"327","response_time":641.059}
2024-02-24 09:44:10 info: 🚀 App listening on the port 5000
2024-02-24 09:44:29 info: 🚀 App listening on the port 5000
2024-02-24 09:44:34 info: 🚀 App listening on the port 5000
2024-02-24 09:44:45 info: 🚀 App listening on the port 5000
2024-02-24 09:47:04 info: 🚀 App listening on the port 5000
2024-02-24 09:47:16 info: 🚀 App listening on the port 5000
2024-02-24 09:47:38 info: 🚀 App listening on the port 5000
2024-02-24 09:48:00 info: 🚀 App listening on the port 5000
2024-02-24 09:48:26 info: {"method":"OPTIONS","url":"/api/v1/auth/login","status":204,"content_length":"0","response_time":2.644}
2024-02-24 09:48:26 error: ReferenceError: existingUser is not defined,    at AuthService.login (G:\Programming\projects\FullStack\MERN Blog\server\src\service\AuthService.js:60:12),    at G:\Programming\projects\FullStack\MERN Blog\server\src\controllers\auth.js:47:33,    at G:\Programming\projects\FullStack\MERN Blog\server\src\middlewarers\catchAsyncErrors.js:7:19,    at Layer.handle [as handle_request] (G:\Programming\projects\FullStack\MERN Blog\server\node_modules\express\lib\router\layer.js:95:5),    at next (G:\Programming\projects\FullStack\MERN Blog\server\node_modules\express\lib\router\route.js:144:13),    at middleware (G:\Programming\projects\FullStack\MERN Blog\server\node_modules\express-validator\src\middlewares\check.js:16:13),    at process.processTicksAndRejections (node:internal/process/task_queues:95:5)
2024-02-24 09:48:26 info: {"method":"POST","url":"/api/v1/auth/login","status":500,"content_length":"55","response_time":393.54}
2024-02-24 09:49:08 info: 🚀 App listening on the port 5000
2024-02-24 09:49:12 info: 🚀 App listening on the port 5000
2024-02-24 09:49:30 info: 🚀 App listening on the port 5000
2024-02-24 09:49:41 info: {"method":"OPTIONS","url":"/api/v1/auth/login","status":204,"content_length":"0","response_time":1.694}
2024-02-24 09:49:41 error: TypeError: Cannot read properties of null (reading '_id'),    at AuthService.login (G:\Programming\projects\FullStack\MERN Blog\server\src\service\AuthService.js:60:25),    at process.processTicksAndRejections (node:internal/process/task_queues:95:5),    at async G:\Programming\projects\FullStack\MERN Blog\server\src\controllers\auth.js:47:15
2024-02-24 09:49:41 info: {"method":"POST","url":"/api/v1/auth/login","status":500,"content_length":"74","response_time":126.529}
2024-02-24 09:50:14 info: 🚀 App listening on the port 5000
2024-02-24 09:50:20 info: {"method":"OPTIONS","url":"/api/v1/auth/login","status":204,"content_length":"0","response_time":2.732}
2024-02-24 09:50:20 error: Error: Bad Request,    at badRequest (G:\Programming\projects\FullStack\MERN Blog\server\src\utils\error.js:2:17),    at requestValidation (G:\Programming\projects\FullStack\MERN Blog\server\src\middlewarers\requestValidationMiddleware.js:8:17),    at Layer.handle [as handle_request] (G:\Programming\projects\FullStack\MERN Blog\server\node_modules\express\lib\router\layer.js:95:5),    at next (G:\Programming\projects\FullStack\MERN Blog\server\node_modules\express\lib\router\route.js:144:13),    at middleware (G:\Programming\projects\FullStack\MERN Blog\server\node_modules\express-validator\src\middlewares\check.js:16:13),    at process.processTicksAndRejections (node:internal/process/task_queues:95:5)
2024-02-24 09:50:20 info: {"method":"POST","url":"/api/v1/auth/login","status":400,"content_length":"147","response_time":40.538}
2024-02-24 09:51:12 info: 🚀 App listening on the port 5000
2024-02-24 09:51:19 info: {"method":"OPTIONS","url":"/api/v1/auth/login","status":204,"content_length":"0","response_time":1.77}
2024-02-24 09:51:19 error: Error: Bad Request,    at badRequest (G:\Programming\projects\FullStack\MERN Blog\server\src\utils\error.js:2:17),    at requestValidation (G:\Programming\projects\FullStack\MERN Blog\server\src\middlewarers\requestValidationMiddleware.js:8:17),    at Layer.handle [as handle_request] (G:\Programming\projects\FullStack\MERN Blog\server\node_modules\express\lib\router\layer.js:95:5),    at next (G:\Programming\projects\FullStack\MERN Blog\server\node_modules\express\lib\router\route.js:144:13),    at middleware (G:\Programming\projects\FullStack\MERN Blog\server\node_modules\express-validator\src\middlewares\check.js:16:13),    at process.processTicksAndRejections (node:internal/process/task_queues:95:5)
2024-02-24 09:51:19 info: {"method":"POST","url":"/api/v1/auth/login","status":400,"content_length":"153","response_time":139.947}
2024-02-24 09:53:05 info: {"method":"OPTIONS","url":"/api/v1/auth/login","status":204,"content_length":"0","response_time":0.293}
2024-02-24 09:53:05 error: Error: Bad Request,    at badRequest (G:\Programming\projects\FullStack\MERN Blog\server\src\utils\error.js:2:17),    at requestValidation (G:\Programming\projects\FullStack\MERN Blog\server\src\middlewarers\requestValidationMiddleware.js:8:17),    at Layer.handle [as handle_request] (G:\Programming\projects\FullStack\MERN Blog\server\node_modules\express\lib\router\layer.js:95:5),    at next (G:\Programming\projects\FullStack\MERN Blog\server\node_modules\express\lib\router\route.js:144:13),    at middleware (G:\Programming\projects\FullStack\MERN Blog\server\node_modules\express-validator\src\middlewares\check.js:16:13),    at process.processTicksAndRejections (node:internal/process/task_queues:95:5)
2024-02-24 09:53:05 info: {"method":"POST","url":"/api/v1/auth/login","status":400,"content_length":"183","response_time":109.365}
2024-02-24 09:53:15 info: {"method":"OPTIONS","url":"/api/v1/auth/login","status":204,"content_length":"0","response_time":0.375}
2024-02-24 09:53:15 error: Error: Bad Request,    at badRequest (G:\Programming\projects\FullStack\MERN Blog\server\src\utils\error.js:2:17),    at requestValidation (G:\Programming\projects\FullStack\MERN Blog\server\src\middlewarers\requestValidationMiddleware.js:8:17),    at Layer.handle [as handle_request] (G:\Programming\projects\FullStack\MERN Blog\server\node_modules\express\lib\router\layer.js:95:5),    at next (G:\Programming\projects\FullStack\MERN Blog\server\node_modules\express\lib\router\route.js:144:13),    at middleware (G:\Programming\projects\FullStack\MERN Blog\server\node_modules\express-validator\src\middlewares\check.js:16:13),    at process.processTicksAndRejections (node:internal/process/task_queues:95:5)
2024-02-24 09:53:15 info: {"method":"POST","url":"/api/v1/auth/login","status":400,"content_length":"103","response_time":102.639}
2024-02-24 09:54:21 info: 🚀 App listening on the port 5000
2024-02-24 09:54:26 info: {"method":"OPTIONS","url":"/api/v1/auth/login","status":204,"content_length":"0","response_time":3.555}
2024-02-24 09:54:27 error: Error: Bad Request,    at badRequest (G:\Programming\projects\FullStack\MERN Blog\server\src\utils\error.js:2:17),    at requestValidation (G:\Programming\projects\FullStack\MERN Blog\server\src\middlewarers\requestValidationMiddleware.js:8:17),    at Layer.handle [as handle_request] (G:\Programming\projects\FullStack\MERN Blog\server\node_modules\express\lib\router\layer.js:95:5),    at next (G:\Programming\projects\FullStack\MERN Blog\server\node_modules\express\lib\router\route.js:144:13),    at middleware (G:\Programming\projects\FullStack\MERN Blog\server\node_modules\express-validator\src\middlewares\check.js:16:13),    at process.processTicksAndRejections (node:internal/process/task_queues:95:5)
2024-02-24 09:54:27 info: {"method":"POST","url":"/api/v1/auth/login","status":400,"content_length":"136","response_time":165.807}
2024-02-24 09:55:28 info: 🚀 App listening on the port 5000
2024-02-24 09:55:30 info: {"method":"OPTIONS","url":"/api/v1/auth/login","status":204,"content_length":"0","response_time":1.948}
2024-02-24 09:55:31 error: Error: Bad Request,    at badRequest (G:\Programming\projects\FullStack\MERN Blog\server\src\utils\error.js:2:17),    at requestValidation (G:\Programming\projects\FullStack\MERN Blog\server\src\middlewarers\requestValidationMiddleware.js:8:17),    at Layer.handle [as handle_request] (G:\Programming\projects\FullStack\MERN Blog\server\node_modules\express\lib\router\layer.js:95:5),    at next (G:\Programming\projects\FullStack\MERN Blog\server\node_modules\express\lib\router\route.js:144:13),    at middleware (G:\Programming\projects\FullStack\MERN Blog\server\node_modules\express-validator\src\middlewares\check.js:16:13)
2024-02-24 09:55:31 info: {"method":"POST","url":"/api/v1/auth/login","status":400,"content_length":"108","response_time":716.405}
2024-02-24 09:55:42 info: 🚀 App listening on the port 5000
2024-02-24 09:55:54 info: {"method":"OPTIONS","url":"/api/v1/auth/login","status":204,"content_length":"0","response_time":1.702}
2024-02-24 09:55:55 error: Error: Bad Request,    at badRequest (G:\Programming\projects\FullStack\MERN Blog\server\src\utils\error.js:2:17),    at requestValidation (G:\Programming\projects\FullStack\MERN Blog\server\src\middlewarers\requestValidationMiddleware.js:8:17),    at Layer.handle [as handle_request] (G:\Programming\projects\FullStack\MERN Blog\server\node_modules\express\lib\router\layer.js:95:5),    at next (G:\Programming\projects\FullStack\MERN Blog\server\node_modules\express\lib\router\route.js:144:13),    at middleware (G:\Programming\projects\FullStack\MERN Blog\server\node_modules\express-validator\src\middlewares\check.js:16:13)
2024-02-24 09:55:55 info: {"method":"POST","url":"/api/v1/auth/login","status":400,"content_length":"103","response_time":531.023}
2024-02-24 09:56:05 info: {"method":"OPTIONS","url":"/api/v1/auth/login","status":204,"content_length":"0","response_time":0.344}
2024-02-24 09:56:06 info: {"method":"POST","url":"/api/v1/auth/login","status":200,"content_length":"338","response_time":540.943}
2024-02-24 09:58:57 info: 🚀 App listening on the port 5000
2024-02-24 09:59:07 info: 🚀 App listening on the port 5000
2024-02-24 09:59:30 info: 🚀 App listening on the port 5000
2024-02-24 19:07:52 info: 🚀 App listening on the port 5000
2024-02-24 19:16:45 info: 🚀 App listening on the port 5000
2024-02-24 19:16:53 info: 🚀 App listening on the port 5000
2024-02-24 19:17:14 info: 🚀 App listening on the port 5000
2024-02-24 19:17:38 info: 🚀 App listening on the port 5000
2024-02-24 19:17:53 info: 🚀 App listening on the port 5000
2024-02-24 19:18:40 info: 🚀 App listening on the port 5000
2024-02-24 19:39:32 info: 🚀 App listening on the port 5000
2024-02-24 19:42:29 info: 🚀 App listening on the port 5000
2024-02-24 19:44:24 info: 🚀 App listening on the port 5000
2024-02-24 19:44:43 info: 🚀 App listening on the port 5000
2024-02-24 19:46:06 info: 🚀 App listening on the port 5000
2024-02-24 19:46:32 info: 🚀 App listening on the port 5000
2024-02-24 19:47:54 info: 🚀 App listening on the port 5000
2024-02-24 19:48:02 info: 🚀 App listening on the port 5000
2024-02-24 21:05:19 info: 🚀 App listening on the port 5000
2024-02-24 21:05:42 info: 🚀 App listening on the port 5000
2024-02-24 21:06:19 info: 🚀 App listening on the port 5000
2024-02-24 21:06:42 info: 🚀 App listening on the port 5000
2024-02-24 21:06:52 info: 🚀 App listening on the port 5000
2024-02-24 21:07:28 info: 🚀 App listening on the port 5000
2024-02-24 21:07:56 info: 🚀 App listening on the port 5000
2024-02-24 21:08:43 info: 🚀 App listening on the port 5000
2024-02-24 21:09:04 info: 🚀 App listening on the port 5000
2024-02-24 21:48:12 info: 🚀 App listening on the port 5000
2024-02-24 21:52:43 info: 🚀 App listening on the port 5000
