2024-02-29 20:45:07 info: 🚀 App listening on the port 5000
2024-02-29 20:45:33 info: 🚀 App listening on the port 5000
2024-02-29 20:47:31 info: 🚀 App listening on the port 5000
2024-02-29 20:48:01 info: 🚀 App listening on the port 5000
2024-02-29 20:49:11 error: Error: Authentication Failed,    at authenticationError (G:\Programming\projects\FullStack\MERN Blog\server\src\utils\error.js:9:17),    at exports.isAuthenticated (G:\Programming\projects\FullStack\MERN Blog\server\src\middlewarers\authMiddleware.js:36:17),    at Layer.handle [as handle_request] (G:\Programming\projects\FullStack\MERN Blog\server\node_modules\express\lib\router\layer.js:95:5),    at next (G:\Programming\projects\FullStack\MERN Blog\server\node_modules\express\lib\router\route.js:144:13),    at Route.dispatch (G:\Programming\projects\FullStack\MERN Blog\server\node_modules\express\lib\router\route.js:114:3),    at Layer.handle [as handle_request] (G:\Programming\projects\FullStack\MERN Blog\server\node_modules\express\lib\router\layer.js:95:5),    at G:\Programming\projects\FullStack\MERN Blog\server\node_modules\express\lib\router\index.js:284:15,    at Function.process_params (G:\Programming\projects\FullStack\MERN Blog\server\node_modules\express\lib\router\index.js:346:12),    at next (G:\Programming\projects\FullStack\MERN Blog\server\node_modules\express\lib\router\index.js:280:10),    at Function.handle (G:\Programming\projects\FullStack\MERN Blog\server\node_modules\express\lib\router\index.js:175:3)
2024-02-29 20:49:11 info: {"method":"POST","url":"/api/v1/articles","status":401,"content_length":"62","response_time":25.733}
2024-02-29 20:49:53 info: {"method":"POST","url":"/api/v1/auth/login","status":200,"content_length":"528","response_time":2172.677}
2024-02-29 20:50:48 error: Error: Bad Request,    at badRequest (G:\Programming\projects\FullStack\MERN Blog\server\src\utils\error.js:2:17),    at requestValidation (G:\Programming\projects\FullStack\MERN Blog\server\src\middlewarers\requestValidationMiddleware.js:9:17),    at Layer.handle [as handle_request] (G:\Programming\projects\FullStack\MERN Blog\server\node_modules\express\lib\router\layer.js:95:5),    at next (G:\Programming\projects\FullStack\MERN Blog\server\node_modules\express\lib\router\route.js:144:13),    at middleware (G:\Programming\projects\FullStack\MERN Blog\server\node_modules\express-validator\src\middlewares\check.js:16:13),    at process.processTicksAndRejections (node:internal/process/task_queues:95:5)
2024-02-29 20:50:48 info: {"method":"POST","url":"/api/v1/articles","status":400,"content_length":"100","response_time":443.041}
2024-02-29 20:51:26 info: 🚀 App listening on the port 5000
2024-02-29 20:51:32 error: Error: Permission Denied,    at authorizationError (G:\Programming\projects\FullStack\MERN Blog\server\src\utils\error.js:21:17),    at G:\Programming\projects\FullStack\MERN Blog\server\src\middlewarers\authMiddleware.js:53:17,    at Layer.handle [as handle_request] (G:\Programming\projects\FullStack\MERN Blog\server\node_modules\express\lib\router\layer.js:95:5),    at next (G:\Programming\projects\FullStack\MERN Blog\server\node_modules\express\lib\router\route.js:144:13),    at requestValidation (G:\Programming\projects\FullStack\MERN Blog\server\src\middlewarers\requestValidationMiddleware.js:12:3),    at Layer.handle [as handle_request] (G:\Programming\projects\FullStack\MERN Blog\server\node_modules\express\lib\router\layer.js:95:5),    at next (G:\Programming\projects\FullStack\MERN Blog\server\node_modules\express\lib\router\route.js:144:13),    at middleware (G:\Programming\projects\FullStack\MERN Blog\server\node_modules\express-validator\src\middlewares\check.js:16:13),    at process.processTicksAndRejections (node:internal/process/task_queues:95:5)
2024-02-29 20:51:32 info: {"method":"POST","url":"/api/v1/articles","status":403,"content_length":"58","response_time":464.583}
2024-02-29 20:53:06 info: 🚀 App listening on the port 5000
2024-02-29 20:53:19 error: ReferenceError: matchedData is not defined,    at G:\Programming\projects\FullStack\MERN Blog\server\src\controllers\article.js:10:19,    at G:\Programming\projects\FullStack\MERN Blog\server\src\middlewarers\catchAsyncErrors.js:7:19,    at Layer.handle [as handle_request] (G:\Programming\projects\FullStack\MERN Blog\server\node_modules\express\lib\router\layer.js:95:5),    at next (G:\Programming\projects\FullStack\MERN Blog\server\node_modules\express\lib\router\route.js:144:13),    at G:\Programming\projects\FullStack\MERN Blog\server\src\middlewarers\authMiddleware.js:50:14,    at Layer.handle [as handle_request] (G:\Programming\projects\FullStack\MERN Blog\server\node_modules\express\lib\router\layer.js:95:5),    at next (G:\Programming\projects\FullStack\MERN Blog\server\node_modules\express\lib\router\route.js:144:13),    at requestValidation (G:\Programming\projects\FullStack\MERN Blog\server\src\middlewarers\requestValidationMiddleware.js:12:3),    at Layer.handle [as handle_request] (G:\Programming\projects\FullStack\MERN Blog\server\node_modules\express\lib\router\layer.js:95:5),    at next (G:\Programming\projects\FullStack\MERN Blog\server\node_modules\express\lib\router\route.js:144:13)
2024-02-29 20:53:19 info: {"method":"POST","url":"/api/v1/articles","status":500,"content_length":"54","response_time":548.887}
2024-02-29 20:53:48 info: 🚀 App listening on the port 5000
2024-02-29 20:54:40 error: ReferenceError: body is not defined,    at ArticleService.create (G:\Programming\projects\FullStack\MERN Blog\server\src\service\ArticleService.js:7:31),    at process.processTicksAndRejections (node:internal/process/task_queues:95:5),    at async G:\Programming\projects\FullStack\MERN Blog\server\src\controllers\article.js:14:20
2024-02-29 20:54:40 info: {"method":"POST","url":"/api/v1/articles","status":500,"content_length":"47","response_time":2804.278}
2024-02-29 20:59:17 error: ReferenceError: body is not defined,    at ArticleService.create (G:\Programming\projects\FullStack\MERN Blog\server\src\service\ArticleService.js:7:31),    at process.processTicksAndRejections (node:internal/process/task_queues:95:5),    at async G:\Programming\projects\FullStack\MERN Blog\server\src\controllers\article.js:14:20
2024-02-29 20:59:17 info: {"method":"POST","url":"/api/v1/articles","status":500,"content_length":"47","response_time":4176.594}
2024-02-29 21:00:50 error: ReferenceError: body is not defined,    at ArticleService.create (G:\Programming\projects\FullStack\MERN Blog\server\src\service\ArticleService.js:7:31),    at process.processTicksAndRejections (node:internal/process/task_queues:95:5),    at async G:\Programming\projects\FullStack\MERN Blog\server\src\controllers\article.js:14:20
2024-02-29 21:00:50 info: {"method":"POST","url":"/api/v1/articles","status":500,"content_length":"47","response_time":2980.435}
2024-02-29 21:01:59 info: 🚀 App listening on the port 5000
2024-02-29 21:02:11 info: {"method":"POST","url":"/api/v1/articles","status":201,"content_length":"75","response_time":474.356}
2024-02-29 21:06:01 info: 🚀 App listening on the port 5000
2024-02-29 21:06:58 info: {"method":"POST","url":"/api/v1/articles","status":201,"content_length":"494","response_time":2637.704}
2024-02-29 21:08:02 info: 🚀 App listening on the port 5000
2024-02-29 21:08:49 info: 🚀 App listening on the port 5000
2024-02-29 21:09:01 info: 🚀 App listening on the port 5000
2024-02-29 21:09:08 info: {"method":"POST","url":"/api/v1/articles","status":201,"content_length":"494","response_time":2884.535}
2024-02-29 21:09:25 info: 🚀 App listening on the port 5000
2024-02-29 21:09:31 info: {"method":"POST","url":"/api/v1/articles","status":201,"content_length":"494","response_time":2583.612}
2024-02-29 21:12:47 info: 🚀 App listening on the port 5000
2024-02-29 21:13:05 info: 🚀 App listening on the port 5000
2024-02-29 21:13:27 info: 🚀 App listening on the port 5000
2024-02-29 21:14:04 info: 🚀 App listening on the port 5000
2024-02-29 21:14:43 info: 🚀 App listening on the port 5000
2024-02-29 21:14:54 info: 🚀 App listening on the port 5000
2024-02-29 21:15:47 info: 🚀 App listening on the port 5000
2024-02-29 21:16:27 info: 🚀 App listening on the port 5000
2024-02-29 21:16:59 info: 🚀 App listening on the port 5000
2024-02-29 21:17:08 info: 🚀 App listening on the port 5000
2024-02-29 21:17:19 info: 🚀 App listening on the port 5000
2024-02-29 21:17:35 info: 🚀 App listening on the port 5000
2024-02-29 21:17:44 info: 🚀 App listening on the port 5000
2024-02-29 21:18:24 error: TypeError: Cannot read properties of undefined (reading 'findAll'),    at ArticleService.getAll (G:\Programming\projects\FullStack\MERN Blog\server\src\service\ArticleService.js:31:30),    at G:\Programming\projects\FullStack\MERN Blog\server\src\controllers\article.js:30:39,    at G:\Programming\projects\FullStack\MERN Blog\server\src\middlewarers\catchAsyncErrors.js:7:19,    at Layer.handle [as handle_request] (G:\Programming\projects\FullStack\MERN Blog\server\node_modules\express\lib\router\layer.js:95:5),    at next (G:\Programming\projects\FullStack\MERN Blog\server\node_modules\express\lib\router\route.js:144:13),    at Route.dispatch (G:\Programming\projects\FullStack\MERN Blog\server\node_modules\express\lib\router\route.js:114:3),    at Layer.handle [as handle_request] (G:\Programming\projects\FullStack\MERN Blog\server\node_modules\express\lib\router\layer.js:95:5),    at G:\Programming\projects\FullStack\MERN Blog\server\node_modules\express\lib\router\index.js:284:15,    at Function.process_params (G:\Programming\projects\FullStack\MERN Blog\server\node_modules\express\lib\router\index.js:346:12),    at next (G:\Programming\projects\FullStack\MERN Blog\server\node_modules\express\lib\router\index.js:280:10)
2024-02-29 21:18:24 info: {"method":"GET","url":"/api/v1/articles?page=1&limit=10&sort_type=dsc","status":500,"content_length":"83","response_time":15.298}
2024-02-29 21:19:03 info: 🚀 App listening on the port 5000
2024-02-29 21:19:08 info: {"method":"GET","url":"/api/v1/articles?page=1&limit=10&sort_type=dsc","status":200,"content_length":"821","response_time":168.137}
2024-02-29 21:24:39 info: 🚀 App listening on the port 5000
2024-02-29 21:24:56 info: 🚀 App listening on the port 5000
2024-02-29 21:25:20 info: 🚀 App listening on the port 5000
2024-02-29 21:25:26 info: {"method":"GET","url":"/api/v1/articles?page=1&limit=10&sort_type=dsc","status":200,"content_length":"968","response_time":224.506}
2024-02-29 21:38:12 info: 🚀 App listening on the port 5000
2024-02-29 21:40:32 info: 🚀 App listening on the port 5000
2024-02-29 21:43:08 info: 🚀 App listening on the port 5000
2024-02-29 21:44:46 info: 🚀 App listening on the port 5000
2024-02-29 21:44:50 info: {"method":"GET","url":"/api/v1/articles?page=1&limit=10&sort_type=dsc","status":200,"response_time":475.021}
2024-02-29 21:45:55 info: 🚀 App listening on the port 5000
2024-02-29 21:46:02 info: {"method":"GET","url":"/api/v1/articles?page=1&limit=10&sort_type=dsc","status":200,"response_time":487.307}
2024-02-29 21:46:47 info: 🚀 App listening on the port 5000
2024-02-29 21:47:19 info: {"method":"GET","url":"/api/v1/articles?page=1&limit=10&sort_type=dsc","status":200,"content_length":"821","response_time":252.839}
2024-02-29 21:48:25 info: 🚀 App listening on the port 5000
2024-02-29 21:48:29 info: {"method":"GET","url":"/api/v1/articles?page=1&limit=10&sort_type=dsc","status":200,"response_time":428.248}
2024-02-29 22:09:00 info: 🚀 App listening on the port 5000
2024-02-29 22:09:19 info: 🚀 App listening on the port 5000
2024-02-29 22:09:45 info: 🚀 App listening on the port 5000
2024-02-29 22:10:25 info: 🚀 App listening on the port 5000
2024-02-29 22:10:31 info: 🚀 App listening on the port 5000
2024-02-29 22:10:37 info: 🚀 App listening on the port 5000
2024-02-29 22:10:44 info: 🚀 App listening on the port 5000
2024-02-29 22:12:01 info: 🚀 App listening on the port 5000
2024-02-29 22:12:13 info: 🚀 App listening on the port 5000
2024-02-29 22:12:21 info: 🚀 App listening on the port 5000
2024-02-29 22:13:10 info: 🚀 App listening on the port 5000
2024-02-29 22:13:18 info: 🚀 App listening on the port 5000
2024-02-29 22:13:25 info: 🚀 App listening on the port 5000
2024-02-29 22:13:31 info: 🚀 App listening on the port 5000
2024-02-29 22:14:19 info: 🚀 App listening on the port 5000
2024-02-29 22:14:25 info: 🚀 App listening on the port 5000
2024-02-29 22:14:30 info: 🚀 App listening on the port 5000
2024-02-29 22:15:27 info: 🚀 App listening on the port 5000
2024-02-29 22:15:38 info: 🚀 App listening on the port 5000
2024-02-29 22:27:53 info: 🚀 App listening on the port 5000
2024-02-29 22:33:50 info: 🚀 App listening on the port 5000
2024-02-29 22:36:19 info: 🚀 App listening on the port 5000
2024-02-29 22:36:40 info: {"method":"GET","url":"/api/v1/articles?page=1&limit=10&sort_type=dsc","status":304,"response_time":296.129}
2024-02-29 22:37:11 info: {"method":"GET","url":"/api/v1/articles/65e09d9254a397fa153f832b","status":200,"content_length":"666","response_time":268.505}
2024-02-29 22:37:56 error: CastError: Cast to ObjectId failed for value "65e09d9254a397fa153f832" (type string) at path "_id" for model "Post",    at model.Query.exec (G:\Programming\projects\FullStack\MERN Blog\server\node_modules\mongoose\lib\query.js:4921:21),    at Query.then (G:\Programming\projects\FullStack\MERN Blog\server\node_modules\mongoose\lib\query.js:5020:15),    at process.processTicksAndRejections (node:internal/process/task_queues:95:5)
2024-02-29 22:37:56 info: {"method":"GET","url":"/api/v1/articles/65e09d9254a397fa153f832","status":500,"content_length":"138","response_time":9.891}
2024-02-29 22:38:08 info: {"method":"GET","url":"/api/v1/articles/65e09d9254a397fa153f832c","status":200,"content_length":"72","response_time":124.119}
2024-02-29 22:40:39 info: 🚀 App listening on the port 5000
2024-02-29 22:40:48 info: 🚀 App listening on the port 5000
2024-02-29 22:40:59 info: 🚀 App listening on the port 5000
2024-02-29 22:41:11 info: 🚀 App listening on the port 5000
2024-02-29 22:41:18 info: 🚀 App listening on the port 5000
2024-02-29 22:41:25 info: 🚀 App listening on the port 5000
2024-02-29 22:41:39 info: 🚀 App listening on the port 5000
2024-02-29 22:42:48 info: 🚀 App listening on the port 5000
2024-02-29 22:43:09 info: 🚀 App listening on the port 5000
2024-02-29 22:43:23 info: 🚀 App listening on the port 5000
2024-02-29 22:43:30 info: 🚀 App listening on the port 5000
2024-02-29 22:43:35 info: 🚀 App listening on the port 5000
2024-02-29 22:43:56 info: 🚀 App listening on the port 5000
2024-02-29 22:44:11 info: 🚀 App listening on the port 5000
2024-02-29 22:45:34 info: 🚀 App listening on the port 5000
2024-02-29 22:45:46 info: 🚀 App listening on the port 5000
2024-02-29 22:46:21 info: 🚀 App listening on the port 5000
2024-02-29 22:46:31 info: 🚀 App listening on the port 5000
2024-02-29 22:47:32 info: 🚀 App listening on the port 5000
2024-02-29 22:47:52 info: 🚀 App listening on the port 5000
2024-02-29 22:47:57 info: 🚀 App listening on the port 5000
2024-02-29 22:48:12 error: Error: Bad Request,    at badRequest (G:\Programming\projects\FullStack\MERN Blog\server\src\utils\error.js:2:17),    at requestValidation (G:\Programming\projects\FullStack\MERN Blog\server\src\middlewarers\requestValidationMiddleware.js:9:17),    at Layer.handle [as handle_request] (G:\Programming\projects\FullStack\MERN Blog\server\node_modules\express\lib\router\layer.js:95:5),    at next (G:\Programming\projects\FullStack\MERN Blog\server\node_modules\express\lib\router\route.js:144:13),    at middleware (G:\Programming\projects\FullStack\MERN Blog\server\node_modules\express-validator\src\middlewares\check.js:16:13),    at process.processTicksAndRejections (node:internal/process/task_queues:95:5)
2024-02-29 22:48:12 info: {"method":"GET","url":"/api/v1/articles/65e09d9254a397fa153f832","status":400,"content_length":"99","response_time":21.308}
2024-02-29 22:48:41 info: 🚀 App listening on the port 5000
2024-02-29 22:48:44 error: Error: Bad Request,    at badRequest (G:\Programming\projects\FullStack\MERN Blog\server\src\utils\error.js:2:17),    at requestValidation (G:\Programming\projects\FullStack\MERN Blog\server\src\middlewarers\requestValidationMiddleware.js:9:17),    at Layer.handle [as handle_request] (G:\Programming\projects\FullStack\MERN Blog\server\node_modules\express\lib\router\layer.js:95:5),    at next (G:\Programming\projects\FullStack\MERN Blog\server\node_modules\express\lib\router\route.js:144:13),    at middleware (G:\Programming\projects\FullStack\MERN Blog\server\node_modules\express-validator\src\middlewares\check.js:16:13),    at process.processTicksAndRejections (node:internal/process/task_queues:95:5)
2024-02-29 22:48:44 info: {"method":"GET","url":"/api/v1/articles/65e09d9254a397fa153f832","status":400,"content_length":"124","response_time":29.152}
2024-02-29 22:48:53 error: Error: Bad Request,    at badRequest (G:\Programming\projects\FullStack\MERN Blog\server\src\utils\error.js:2:17),    at requestValidation (G:\Programming\projects\FullStack\MERN Blog\server\src\middlewarers\requestValidationMiddleware.js:9:17),    at Layer.handle [as handle_request] (G:\Programming\projects\FullStack\MERN Blog\server\node_modules\express\lib\router\layer.js:95:5),    at next (G:\Programming\projects\FullStack\MERN Blog\server\node_modules\express\lib\router\route.js:144:13),    at middleware (G:\Programming\projects\FullStack\MERN Blog\server\node_modules\express-validator\src\middlewares\check.js:16:13),    at process.processTicksAndRejections (node:internal/process/task_queues:95:5)
2024-02-29 22:48:53 info: {"method":"GET","url":"/api/v1/articles/65e09d9254a397fa153f832c","status":400,"content_length":"90","response_time":8.626}
2024-02-29 22:52:29 info: 🚀 App listening on the port 5000
2024-02-29 22:52:36 error: Error: Bad Request,    at badRequest (G:\Programming\projects\FullStack\MERN Blog\server\src\utils\error.js:2:17),    at requestValidation (G:\Programming\projects\FullStack\MERN Blog\server\src\middlewarers\requestValidationMiddleware.js:10:17),    at Layer.handle [as handle_request] (G:\Programming\projects\FullStack\MERN Blog\server\node_modules\express\lib\router\layer.js:95:5),    at next (G:\Programming\projects\FullStack\MERN Blog\server\node_modules\express\lib\router\route.js:144:13),    at middleware (G:\Programming\projects\FullStack\MERN Blog\server\node_modules\express-validator\src\middlewares\check.js:16:13),    at process.processTicksAndRejections (node:internal/process/task_queues:95:5)
2024-02-29 22:52:36 info: {"method":"GET","url":"/api/v1/articles/65e09d9254a397fa153f832c","status":400,"content_length":"90","response_time":148.968}
2024-02-29 22:54:16 error: Error: Bad Request,    at badRequest (G:\Programming\projects\FullStack\MERN Blog\server\src\utils\error.js:2:17),    at requestValidation (G:\Programming\projects\FullStack\MERN Blog\server\src\middlewarers\requestValidationMiddleware.js:10:17),    at Layer.handle [as handle_request] (G:\Programming\projects\FullStack\MERN Blog\server\node_modules\express\lib\router\layer.js:95:5),    at next (G:\Programming\projects\FullStack\MERN Blog\server\node_modules\express\lib\router\route.js:144:13),    at middleware (G:\Programming\projects\FullStack\MERN Blog\server\node_modules\express-validator\src\middlewares\check.js:16:13),    at process.processTicksAndRejections (node:internal/process/task_queues:95:5)
2024-02-29 22:54:16 info: {"method":"GET","url":"/api/v1/articles/65e09d9254a397fa153f832c","status":400,"content_length":"90","response_time":7.462}
2024-02-29 22:54:48 info: 🚀 App listening on the port 5000
2024-02-29 23:17:12 error: Error: Bad Request,    at badRequest (G:\Programming\projects\FullStack\MERN Blog\server\src\utils\error.js:2:17),    at requestValidation (G:\Programming\projects\FullStack\MERN Blog\server\src\middlewarers\requestValidationMiddleware.js:10:17),    at Layer.handle [as handle_request] (G:\Programming\projects\FullStack\MERN Blog\server\node_modules\express\lib\router\layer.js:95:5),    at next (G:\Programming\projects\FullStack\MERN Blog\server\node_modules\express\lib\router\route.js:144:13),    at middleware (G:\Programming\projects\FullStack\MERN Blog\server\node_modules\express-validator\src\middlewares\check.js:16:13),    at process.processTicksAndRejections (node:internal/process/task_queues:95:5)
2024-02-29 23:17:12 info: {"method":"GET","url":"/api/v1/articles/65e09e14f45368b1020ed7e7","status":400,"content_length":"90","response_time":78.469}
2024-02-29 23:18:24 info: 🚀 App listening on the port 5000
2024-02-29 23:18:27 error: Error: Bad Request,    at badRequest (G:\Programming\projects\FullStack\MERN Blog\server\src\utils\error.js:2:17),    at requestValidation (G:\Programming\projects\FullStack\MERN Blog\server\src\middlewarers\requestValidationMiddleware.js:10:17),    at Layer.handle [as handle_request] (G:\Programming\projects\FullStack\MERN Blog\server\node_modules\express\lib\router\layer.js:95:5),    at next (G:\Programming\projects\FullStack\MERN Blog\server\node_modules\express\lib\router\route.js:144:13),    at middleware (G:\Programming\projects\FullStack\MERN Blog\server\node_modules\express-validator\src\middlewares\check.js:16:13),    at process.processTicksAndRejections (node:internal/process/task_queues:95:5)
2024-02-29 23:18:27 info: {"method":"GET","url":"/api/v1/articles/65e09e14f45368b1020ed7e7","status":400,"content_length":"90","response_time":46.85}
2024-02-29 23:18:55 info: 🚀 App listening on the port 5000
2024-02-29 23:19:14 info: 🚀 App listening on the port 5000
2024-02-29 23:24:54 info: 🚀 App listening on the port 5000
2024-02-29 23:25:00 error: Error: Bad Request,    at badRequest (G:\Programming\projects\FullStack\MERN Blog\server\src\utils\error.js:2:17),    at requestValidation (G:\Programming\projects\FullStack\MERN Blog\server\src\middlewarers\requestValidationMiddleware.js:10:17),    at Layer.handle [as handle_request] (G:\Programming\projects\FullStack\MERN Blog\server\node_modules\express\lib\router\layer.js:95:5),    at next (G:\Programming\projects\FullStack\MERN Blog\server\node_modules\express\lib\router\route.js:144:13),    at middleware (G:\Programming\projects\FullStack\MERN Blog\server\node_modules\express-validator\src\middlewares\check.js:16:13),    at process.processTicksAndRejections (node:internal/process/task_queues:95:5)
2024-02-29 23:25:00 info: {"method":"GET","url":"/api/v1/articles/65e09e14f45368b1020ed7e7","status":400,"content_length":"90","response_time":84.522}
2024-02-29 23:25:36 info: 🚀 App listening on the port 5000
2024-02-29 23:25:39 info: {"method":"GET","url":"/api/v1/articles/65e09e14f45368b1020ed7e7","status":200,"content_length":"666","response_time":451.69}
2024-02-29 23:25:54 info: 🚀 App listening on the port 5000
2024-02-29 23:26:16 error: Error: Bad Request,    at badRequest (G:\Programming\projects\FullStack\MERN Blog\server\src\utils\error.js:2:17),    at requestValidation (G:\Programming\projects\FullStack\MERN Blog\server\src\middlewarers\requestValidationMiddleware.js:10:17),    at Layer.handle [as handle_request] (G:\Programming\projects\FullStack\MERN Blog\server\node_modules\express\lib\router\layer.js:95:5),    at next (G:\Programming\projects\FullStack\MERN Blog\server\node_modules\express\lib\router\route.js:144:13),    at middleware (G:\Programming\projects\FullStack\MERN Blog\server\node_modules\express-validator\src\middlewares\check.js:16:13),    at process.processTicksAndRejections (node:internal/process/task_queues:95:5)
2024-02-29 23:26:16 info: {"method":"GET","url":"/api/v1/articles/65e09e14f45368b1020ed7e","status":400,"content_length":"124","response_time":59.779}
2024-02-29 23:26:32 error: Error: Bad Request,    at badRequest (G:\Programming\projects\FullStack\MERN Blog\server\src\utils\error.js:2:17),    at requestValidation (G:\Programming\projects\FullStack\MERN Blog\server\src\middlewarers\requestValidationMiddleware.js:10:17),    at Layer.handle [as handle_request] (G:\Programming\projects\FullStack\MERN Blog\server\node_modules\express\lib\router\layer.js:95:5),    at next (G:\Programming\projects\FullStack\MERN Blog\server\node_modules\express\lib\router\route.js:144:13),    at middleware (G:\Programming\projects\FullStack\MERN Blog\server\node_modules\express-validator\src\middlewares\check.js:16:13),    at process.processTicksAndRejections (node:internal/process/task_queues:95:5)
2024-02-29 23:26:32 info: {"method":"GET","url":"/api/v1/articles/65e09e14f45368b1020ed7e7","status":400,"content_length":"90","response_time":7.992}
2024-02-29 23:30:53 info: 🚀 App listening on the port 5000
2024-02-29 23:30:58 info: {"method":"GET","url":"/api/v1/articles/65e09e14f45368b1020ed7e7","status":200,"content_length":"666","response_time":488.698}
2024-02-29 23:37:09 info: 🚀 App listening on the port 5000
2024-02-29 23:39:13 info: {"method":"GET","url":"/api/v1/articles/%3Cp%3Ehello%3C%2Fp%3E","status":200,"content_length":"72","response_time":269.111}
2024-02-29 23:39:55 info: 🚀 App listening on the port 5000
2024-02-29 23:39:58 error: Error: Bad Request,    at badRequest (G:\Programming\projects\FullStack\MERN Blog\server\src\utils\error.js:2:17),    at requestValidation (G:\Programming\projects\FullStack\MERN Blog\server\src\middlewarers\requestValidationMiddleware.js:10:17),    at Layer.handle [as handle_request] (G:\Programming\projects\FullStack\MERN Blog\server\node_modules\express\lib\router\layer.js:95:5),    at next (G:\Programming\projects\FullStack\MERN Blog\server\node_modules\express\lib\router\route.js:144:13),    at middleware (G:\Programming\projects\FullStack\MERN Blog\server\node_modules\express-validator\src\middlewares\check.js:16:13),    at process.processTicksAndRejections (node:internal/process/task_queues:95:5)
2024-02-29 23:39:58 info: {"method":"GET","url":"/api/v1/articles/%3Cp%3Ehello%3C%2Fp%3E","status":400,"content_length":"90","response_time":49.803}
2024-02-29 23:40:51 info: 🚀 App listening on the port 5000
2024-02-29 23:40:55 error: Error: Bad Request,    at badRequest (G:\Programming\projects\FullStack\MERN Blog\server\src\utils\error.js:2:17),    at requestValidation (G:\Programming\projects\FullStack\MERN Blog\server\src\middlewarers\requestValidationMiddleware.js:10:17),    at Layer.handle [as handle_request] (G:\Programming\projects\FullStack\MERN Blog\server\node_modules\express\lib\router\layer.js:95:5),    at next (G:\Programming\projects\FullStack\MERN Blog\server\node_modules\express\lib\router\route.js:144:13),    at middleware (G:\Programming\projects\FullStack\MERN Blog\server\node_modules\express-validator\src\middlewares\check.js:16:13),    at process.processTicksAndRejections (node:internal/process/task_queues:95:5)
2024-02-29 23:40:55 info: {"method":"GET","url":"/api/v1/articles/%3Cp%3Ehello%3C%2Fp%3E","status":400,"content_length":"90","response_time":1458.41}
2024-02-29 23:41:03 error: Error: Bad Request,    at badRequest (G:\Programming\projects\FullStack\MERN Blog\server\src\utils\error.js:2:17),    at requestValidation (G:\Programming\projects\FullStack\MERN Blog\server\src\middlewarers\requestValidationMiddleware.js:10:17),    at Layer.handle [as handle_request] (G:\Programming\projects\FullStack\MERN Blog\server\node_modules\express\lib\router\layer.js:95:5),    at next (G:\Programming\projects\FullStack\MERN Blog\server\node_modules\express\lib\router\route.js:144:13),    at middleware (G:\Programming\projects\FullStack\MERN Blog\server\node_modules\express-validator\src\middlewares\check.js:16:13),    at process.processTicksAndRejections (node:internal/process/task_queues:95:5)
2024-02-29 23:41:03 info: {"method":"GET","url":"/api/v1/articles/65e09e14f45368b1020ed7e","status":400,"content_length":"124","response_time":8.822}
2024-02-29 23:41:04 error: Error: Bad Request,    at badRequest (G:\Programming\projects\FullStack\MERN Blog\server\src\utils\error.js:2:17),    at requestValidation (G:\Programming\projects\FullStack\MERN Blog\server\src\middlewarers\requestValidationMiddleware.js:10:17),    at Layer.handle [as handle_request] (G:\Programming\projects\FullStack\MERN Blog\server\node_modules\express\lib\router\layer.js:95:5),    at next (G:\Programming\projects\FullStack\MERN Blog\server\node_modules\express\lib\router\route.js:144:13),    at middleware (G:\Programming\projects\FullStack\MERN Blog\server\node_modules\express-validator\src\middlewares\check.js:16:13),    at process.processTicksAndRejections (node:internal/process/task_queues:95:5)
2024-02-29 23:41:04 info: {"method":"GET","url":"/api/v1/articles/65e09e14f45368b1020ed7e","status":400,"content_length":"124","response_time":8.165}
2024-02-29 23:41:14 error: Error: Bad Request,    at badRequest (G:\Programming\projects\FullStack\MERN Blog\server\src\utils\error.js:2:17),    at requestValidation (G:\Programming\projects\FullStack\MERN Blog\server\src\middlewarers\requestValidationMiddleware.js:10:17),    at Layer.handle [as handle_request] (G:\Programming\projects\FullStack\MERN Blog\server\node_modules\express\lib\router\layer.js:95:5),    at next (G:\Programming\projects\FullStack\MERN Blog\server\node_modules\express\lib\router\route.js:144:13),    at middleware (G:\Programming\projects\FullStack\MERN Blog\server\node_modules\express-validator\src\middlewares\check.js:16:13),    at process.processTicksAndRejections (node:internal/process/task_queues:95:5)
2024-02-29 23:41:14 info: {"method":"GET","url":"/api/v1/articles/65e09e14f45368b1020ed7e7","status":400,"content_length":"90","response_time":10.414}
2024-02-29 23:41:46 info: 🚀 App listening on the port 5000
2024-02-29 23:41:48 error: Error: Bad Request,    at badRequest (G:\Programming\projects\FullStack\MERN Blog\server\src\utils\error.js:2:17),    at requestValidation (G:\Programming\projects\FullStack\MERN Blog\server\src\middlewarers\requestValidationMiddleware.js:10:17),    at Layer.handle [as handle_request] (G:\Programming\projects\FullStack\MERN Blog\server\node_modules\express\lib\router\layer.js:95:5),    at next (G:\Programming\projects\FullStack\MERN Blog\server\node_modules\express\lib\router\route.js:144:13),    at middleware (G:\Programming\projects\FullStack\MERN Blog\server\node_modules\express-validator\src\middlewares\check.js:16:13),    at process.processTicksAndRejections (node:internal/process/task_queues:95:5)
2024-02-29 23:41:48 info: {"method":"GET","url":"/api/v1/articles/65e09e14f45368b1020ed7e","status":400,"content_length":"124","response_time":19.124}
2024-02-29 23:41:51 error: Error: Bad Request,    at badRequest (G:\Programming\projects\FullStack\MERN Blog\server\src\utils\error.js:2:17),    at requestValidation (G:\Programming\projects\FullStack\MERN Blog\server\src\middlewarers\requestValidationMiddleware.js:10:17),    at Layer.handle [as handle_request] (G:\Programming\projects\FullStack\MERN Blog\server\node_modules\express\lib\router\layer.js:95:5),    at next (G:\Programming\projects\FullStack\MERN Blog\server\node_modules\express\lib\router\route.js:144:13),    at middleware (G:\Programming\projects\FullStack\MERN Blog\server\node_modules\express-validator\src\middlewares\check.js:16:13),    at process.processTicksAndRejections (node:internal/process/task_queues:95:5)
2024-02-29 23:41:51 info: {"method":"GET","url":"/api/v1/articles/65e09e14f45368b1020ed7e","status":400,"content_length":"124","response_time":9.496}
2024-02-29 23:41:59 info: {"method":"GET","url":"/api/v1/articles/65e09e14f45368b1020ed7e7","status":200,"content_length":"666","response_time":442.732}
2024-02-29 23:42:35 info: 🚀 App listening on the port 5000
2024-02-29 23:42:38 error: Error: Bad Request,    at badRequest (G:\Programming\projects\FullStack\MERN Blog\server\src\utils\error.js:2:17),    at requestValidation (G:\Programming\projects\FullStack\MERN Blog\server\src\middlewarers\requestValidationMiddleware.js:10:17),    at Layer.handle [as handle_request] (G:\Programming\projects\FullStack\MERN Blog\server\node_modules\express\lib\router\layer.js:95:5),    at next (G:\Programming\projects\FullStack\MERN Blog\server\node_modules\express\lib\router\route.js:144:13),    at middleware (G:\Programming\projects\FullStack\MERN Blog\server\node_modules\express-validator\src\middlewares\check.js:16:13),    at process.processTicksAndRejections (node:internal/process/task_queues:95:5)
2024-02-29 23:42:38 info: {"method":"GET","url":"/api/v1/articles/%3Cp%3Ebsbj%3C%2Fp%3E","status":400,"content_length":"124","response_time":92.058}
2024-02-29 23:43:13 info: 🚀 App listening on the port 5000
2024-02-29 23:43:16 error: Error: Bad Request,    at badRequest (G:\Programming\projects\FullStack\MERN Blog\server\src\utils\error.js:2:17),    at requestValidation (G:\Programming\projects\FullStack\MERN Blog\server\src\middlewarers\requestValidationMiddleware.js:10:17),    at Layer.handle [as handle_request] (G:\Programming\projects\FullStack\MERN Blog\server\node_modules\express\lib\router\layer.js:95:5),    at next (G:\Programming\projects\FullStack\MERN Blog\server\node_modules\express\lib\router\route.js:144:13),    at middleware (G:\Programming\projects\FullStack\MERN Blog\server\node_modules\express-validator\src\middlewares\check.js:16:13),    at process.processTicksAndRejections (node:internal/process/task_queues:95:5)
2024-02-29 23:43:16 info: {"method":"GET","url":"/api/v1/articles/%3Cp%3Ebsbj%3C%2Fp%3E","status":400,"content_length":"124","response_time":24.415}
2024-02-29 23:43:49 info: {"method":"GET","url":"/api/v1/articles/65e09e14f45368b1020ed7e7","status":304,"response_time":460.9}
