2024-03-08 09:45:02 info: 🚀 App listening on the port 5000
2024-03-08 09:48:03 info: {"method":"OPTIONS","url":"/api/v1/web/?page=1","status":204,"content_length":"0","response_time":12.854}
2024-03-08 09:48:03 info: {"method":"OPTIONS","url":"/api/v1/web/?page=1","status":204,"content_length":"0","response_time":0.499}
2024-03-08 09:48:04 info: {"method":"GET","url":"/api/v1/web/?page=1","status":304,"response_time":1160.473}
2024-03-08 09:48:04 info: {"method":"GET","url":"/api/v1/web/?page=1","status":304,"response_time":422.148}
2024-03-08 10:06:30 info: {"method":"OPTIONS","url":"/api/v1/web/?page=1","status":204,"content_length":"0","response_time":3.393}
2024-03-08 10:06:30 info: {"method":"OPTIONS","url":"/api/v1/web/?page=1","status":204,"content_length":"0","response_time":0.407}
2024-03-08 10:06:31 info: {"method":"GET","url":"/api/v1/web/?page=1","status":304,"response_time":892.97}
2024-03-08 10:06:31 info: {"method":"GET","url":"/api/v1/web/?page=1","status":304,"response_time":447.399}
2024-03-08 10:07:08 info: {"method":"OPTIONS","url":"/api/v1/web/?page=1","status":204,"content_length":"0","response_time":0.616}
2024-03-08 10:07:08 info: {"method":"OPTIONS","url":"/api/v1/web/?page=1","status":204,"content_length":"0","response_time":0.163}
2024-03-08 10:07:09 info: {"method":"GET","url":"/api/v1/web/?page=1","status":304,"response_time":1087.872}
2024-03-08 10:07:09 info: {"method":"GET","url":"/api/v1/web/?page=1","status":304,"response_time":772.089}
2024-03-08 10:07:14 info: {"method":"GET","url":"/api/v1/web/?page=1","status":304,"response_time":1172.479}
2024-03-08 10:07:15 info: {"method":"GET","url":"/api/v1/web/?page=1","status":304,"response_time":1251.352}
2024-03-08 15:23:21 info: 🚀 App listening on the port 5000
2024-03-08 15:25:51 info: {"method":"OPTIONS","url":"/api/v1/web/?page=1","status":204,"content_length":"0","response_time":22.911}
2024-03-08 15:25:51 info: {"method":"OPTIONS","url":"/api/v1/web/?page=1","status":204,"content_length":"0","response_time":0.576}
2024-03-08 15:25:51 info: {"method":"GET","url":"/api/v1/web/?page=1","status":304,"response_time":493.047}
2024-03-08 15:25:51 info: {"method":"GET","url":"/api/v1/web/?page=1","status":304,"response_time":288.148}
2024-03-08 15:31:10 info: {"method":"OPTIONS","url":"/api/v1/web/?page=1","status":204,"content_length":"0","response_time":7.057}
2024-03-08 15:31:10 info: {"method":"OPTIONS","url":"/api/v1/web/?page=1","status":204,"content_length":"0","response_time":0.213}
2024-03-08 15:31:10 info: {"method":"GET","url":"/api/v1/web/?page=1","status":304,"response_time":355.69}
2024-03-08 15:31:11 info: {"method":"GET","url":"/api/v1/web/?page=1","status":304,"response_time":331.179}
2024-03-08 15:36:11 info: {"method":"OPTIONS","url":"/api/v1/web/?page=1","status":204,"content_length":"0","response_time":2.543}
2024-03-08 15:36:11 info: {"method":"OPTIONS","url":"/api/v1/web/?page=1","status":204,"content_length":"0","response_time":0.2}
2024-03-08 15:36:11 info: {"method":"GET","url":"/api/v1/web/?page=1","status":304,"response_time":351.321}
2024-03-08 15:36:12 info: {"method":"GET","url":"/api/v1/web/?page=1","status":304,"response_time":281.928}
2024-03-08 15:40:38 info: {"method":"OPTIONS","url":"/api/v1/web/?page=1","status":204,"content_length":"0","response_time":0.573}
2024-03-08 15:40:38 info: {"method":"GET","url":"/api/v1/web/?page=1","status":304,"response_time":324.42}
2024-03-08 15:40:45 info: {"method":"OPTIONS","url":"/api/v1/web/?page=1","status":204,"content_length":"0","response_time":0.22}
2024-03-08 15:40:45 info: {"method":"GET","url":"/api/v1/web/?page=1","status":304,"response_time":294.811}
2024-03-08 15:43:13 info: {"method":"OPTIONS","url":"/api/v1/posts/bookmark-post","status":204,"content_length":"0","response_time":0.345}
2024-03-08 15:43:14 info: {"method":"POST","url":"/api/v1/posts/bookmark-post","status":404,"content_length":166,"response_time":730.188}
2024-03-08 15:44:19 info: {"method":"OPTIONS","url":"/api/v1/web/?page=1","status":204,"content_length":"0","response_time":13.065}
2024-03-08 15:44:19 info: {"method":"OPTIONS","url":"/api/v1/web/?page=1","status":204,"content_length":"0","response_time":0.316}
2024-03-08 15:44:20 info: {"method":"GET","url":"/api/v1/web/?page=1","status":304,"response_time":278.062}
2024-03-08 15:44:20 info: {"method":"GET","url":"/api/v1/web/?page=1","status":304,"response_time":281.108}
2024-03-08 15:44:34 info: {"method":"OPTIONS","url":"/api/v1/web/?page=1","status":204,"content_length":"0","response_time":0.768}
2024-03-08 15:44:34 info: {"method":"GET","url":"/api/v1/web/?page=1","status":304,"response_time":278.807}
2024-03-08 15:44:39 info: {"method":"OPTIONS","url":"/api/v1/web/?page=1","status":204,"content_length":"0","response_time":0.354}
2024-03-08 15:44:39 info: {"method":"GET","url":"/api/v1/web/?page=1","status":304,"response_time":274.892}
2024-03-08 15:44:45 info: {"method":"OPTIONS","url":"/api/v1/web/?page=1","status":204,"content_length":"0","response_time":0.329}
2024-03-08 15:44:45 info: {"method":"GET","url":"/api/v1/web/?page=1","status":304,"response_time":271.872}
2024-03-08 15:44:53 info: {"method":"OPTIONS","url":"/api/v1/web/?page=1","status":204,"content_length":"0","response_time":0.691}
2024-03-08 15:44:53 info: {"method":"GET","url":"/api/v1/web/?page=1","status":304,"response_time":283.268}
2024-03-08 15:57:39 info: {"method":"OPTIONS","url":"/api/v1/web/?page=1","status":204,"content_length":"0","response_time":5.73}
2024-03-08 15:57:40 info: {"method":"GET","url":"/api/v1/web/?page=1","status":304,"response_time":398.264}
2024-03-08 15:58:13 info: {"method":"OPTIONS","url":"/api/v1/web/?page=1","status":204,"content_length":"0","response_time":0.43}
2024-03-08 15:58:13 info: {"method":"OPTIONS","url":"/api/v1/web/?page=1","status":204,"content_length":"0","response_time":0.29}
2024-03-08 15:58:14 info: {"method":"GET","url":"/api/v1/web/?page=1","status":304,"response_time":286.801}
2024-03-08 15:58:14 info: {"method":"GET","url":"/api/v1/web/?page=1","status":304,"response_time":277.582}
2024-03-08 15:58:23 info: {"method":"OPTIONS","url":"/api/v1/web/?page=1","status":204,"content_length":"0","response_time":0.444}
2024-03-08 15:58:23 info: {"method":"OPTIONS","url":"/api/v1/web/?page=1","status":204,"content_length":"0","response_time":0.324}
2024-03-08 15:58:23 info: {"method":"GET","url":"/api/v1/web/?page=1","status":304,"response_time":295.539}
2024-03-08 15:58:24 info: {"method":"GET","url":"/api/v1/web/?page=1","status":304,"response_time":285.327}
2024-03-08 16:00:11 info: {"method":"OPTIONS","url":"/api/v1/web/?page=1","status":204,"content_length":"0","response_time":7.87}
2024-03-08 16:00:12 info: {"method":"GET","url":"/api/v1/web/?page=1","status":304,"response_time":417.846}
2024-03-08 16:00:31 info: {"method":"OPTIONS","url":"/api/v1/web/?page=1","status":204,"content_length":"0","response_time":0.344}
2024-03-08 16:00:31 info: {"method":"GET","url":"/api/v1/web/?page=1","status":304,"response_time":284.488}
2024-03-08 16:00:32 info: {"method":"GET","url":"/api/v1/web/?page=1","status":304,"response_time":390.336}
2024-03-08 16:01:13 info: {"method":"OPTIONS","url":"/api/v1/articles/?page=1","status":204,"content_length":"0","response_time":0.374}
2024-03-08 16:01:14 info: {"method":"GET","url":"/api/v1/articles/?page=1","status":200,"content_length":"874","response_time":632.704}
2024-03-08 16:01:19 info: {"method":"OPTIONS","url":"/api/v1/articles/?page=1","status":204,"content_length":"0","response_time":5.788}
2024-03-08 16:01:19 info: {"method":"OPTIONS","url":"/api/v1/articles/?page=1","status":204,"content_length":"0","response_time":0.836}
2024-03-08 16:01:19 info: {"method":"GET","url":"/api/v1/articles/?page=1","status":304,"response_time":188.005}
2024-03-08 16:01:20 info: {"method":"GET","url":"/api/v1/articles/?page=1","status":304,"response_time":193.567}
2024-03-08 16:02:08 info: {"method":"OPTIONS","url":"/api/v1/articles/?page=1","status":204,"content_length":"0","response_time":0.333}
2024-03-08 16:02:08 info: {"method":"GET","url":"/api/v1/articles/?page=1","status":304,"response_time":182.566}
2024-03-08 16:03:36 info: 🚀 App listening on the port 5000
2024-03-08 16:03:46 info: {"method":"OPTIONS","url":"/api/v1/articles/?page=1","status":204,"content_length":"0","response_time":6.643}
2024-03-08 16:03:46 info: {"method":"OPTIONS","url":"/api/v1/articles/?page=1","status":204,"content_length":"0","response_time":0.36}
2024-03-08 16:03:46 info: {"method":"GET","url":"/api/v1/articles/?page=1","status":200,"content_length":"865","response_time":214.793}
2024-03-08 16:03:47 info: {"method":"GET","url":"/api/v1/articles/?page=1","status":304,"response_time":191.522}
2024-03-08 16:04:43 info: {"method":"OPTIONS","url":"/api/v1/articles/?page=1","status":204,"content_length":"0","response_time":0.544}
2024-03-08 16:04:44 info: {"method":"GET","url":"/api/v1/articles/?page=1","status":304,"response_time":189.243}
2024-03-08 16:05:10 info: {"method":"OPTIONS","url":"/api/v1/articles/?page=1","status":204,"content_length":"0","response_time":0.685}
2024-03-08 16:05:10 info: {"method":"GET","url":"/api/v1/articles/?page=1","status":304,"response_time":181.41}
2024-03-08 16:06:49 info: {"method":"OPTIONS","url":"/api/v1/articles/?page=1","status":204,"content_length":"0","response_time":2.315}
2024-03-08 16:06:49 info: {"method":"GET","url":"/api/v1/articles/?page=1","status":304,"response_time":245.883}
2024-03-08 16:09:40 info: {"method":"OPTIONS","url":"/api/v1/articles/?page=1","status":204,"content_length":"0","response_time":3.113}
2024-03-08 16:09:40 info: {"method":"OPTIONS","url":"/api/v1/articles/?page=1","status":204,"content_length":"0","response_time":0.311}
2024-03-08 16:09:40 info: {"method":"GET","url":"/api/v1/articles/?page=1","status":304,"response_time":204.77}
2024-03-08 16:09:40 info: {"method":"GET","url":"/api/v1/articles/?page=1","status":304,"response_time":180.417}
2024-03-08 16:10:00 info: {"method":"OPTIONS","url":"/api/v1/articles/?page=1","status":204,"content_length":"0","response_time":0.353}
2024-03-08 16:10:00 info: {"method":"GET","url":"/api/v1/articles/?page=1","status":304,"response_time":183.406}
2024-03-08 16:10:01 info: {"method":"GET","url":"/api/v1/articles/?page=1","status":304,"response_time":177.109}
2024-03-08 16:10:56 info: {"method":"OPTIONS","url":"/api/v1/articles/?page=1","status":204,"content_length":"0","response_time":0.299}
2024-03-08 16:10:56 info: {"method":"GET","url":"/api/v1/articles/?page=1","status":null,"response_time":null}
2024-03-08 16:11:01 info: {"method":"GET","url":"/api/v1/articles/?page=1","status":200,"content_length":"865","response_time":176.953}
2024-03-08 16:11:01 info: {"method":"GET","url":"/api/v1/articles/?page=1","status":304,"response_time":217.876}
2024-03-08 16:11:34 info: {"method":"OPTIONS","url":"/api/v1/articles/?page=1","status":204,"content_length":"0","response_time":0.384}
2024-03-08 16:11:34 info: {"method":"GET","url":"/api/v1/articles/?page=1","status":304,"response_time":178.852}
2024-03-08 16:11:37 info: {"method":"GET","url":"/api/v1/articles/?page=1","status":304,"response_time":177.916}
2024-03-08 16:12:09 info: {"method":"OPTIONS","url":"/api/v1/articles/?page=1","status":204,"content_length":"0","response_time":0.466}
2024-03-08 16:12:09 info: {"method":"OPTIONS","url":"/api/v1/articles/?page=1","status":204,"content_length":"0","response_time":0.605}
2024-03-08 16:12:09 info: {"method":"GET","url":"/api/v1/articles/?page=1","status":304,"response_time":177.234}
2024-03-08 16:12:10 info: {"method":"GET","url":"/api/v1/articles/?page=1","status":304,"response_time":178.067}
2024-03-08 16:12:31 info: {"method":"OPTIONS","url":"/api/v1/articles/?page=1","status":204,"content_length":"0","response_time":0.326}
2024-03-08 16:12:31 info: {"method":"OPTIONS","url":"/api/v1/articles/?page=1","status":204,"content_length":"0","response_time":0.275}
2024-03-08 16:12:31 info: {"method":"GET","url":"/api/v1/articles/?page=1","status":304,"response_time":179.198}
2024-03-08 16:12:31 info: {"method":"GET","url":"/api/v1/articles/?page=1","status":304,"response_time":175.696}
2024-03-08 16:13:02 info: {"method":"OPTIONS","url":"/api/v1/articles/?page=1","status":204,"content_length":"0","response_time":0.345}
2024-03-08 16:13:02 info: {"method":"GET","url":"/api/v1/articles/?page=1","status":304,"response_time":183.639}
2024-03-08 16:13:02 info: {"method":"GET","url":"/api/v1/articles/?page=1","status":304,"response_time":175.219}
2024-03-08 16:18:47 info: {"method":"OPTIONS","url":"/api/v1/articles/?page=1","status":204,"content_length":"0","response_time":3.171}
2024-03-08 16:18:47 info: {"method":"OPTIONS","url":"/api/v1/articles/?page=1","status":204,"content_length":"0","response_time":0.3}
2024-03-08 16:18:48 info: {"method":"GET","url":"/api/v1/articles/?page=1","status":304,"response_time":209.812}
2024-03-08 16:18:48 info: {"method":"GET","url":"/api/v1/articles/?page=1","status":304,"response_time":176.848}
2024-03-08 16:22:34 info: 🚀 App listening on the port 5000
2024-03-08 16:22:46 info: {"method":"OPTIONS","url":"/api/v1/articles/?page=1","status":204,"content_length":"0","response_time":3.453}
2024-03-08 16:22:46 info: {"method":"OPTIONS","url":"/api/v1/articles/?page=1","status":204,"content_length":"0","response_time":0.556}
2024-03-08 16:22:46 info: {"method":"GET","url":"/api/v1/articles/?page=1","status":200,"response_time":289.351}
2024-03-08 16:22:46 info: {"method":"GET","url":"/api/v1/articles/?page=1","status":304,"response_time":179.336}
2024-03-08 16:23:22 info: {"method":"OPTIONS","url":"/api/v1/articles/?page=1","status":204,"content_length":"0","response_time":1.159}
2024-03-08 16:23:22 info: {"method":"OPTIONS","url":"/api/v1/articles/?page=1","status":204,"content_length":"0","response_time":0.343}
2024-03-08 16:23:22 info: {"method":"GET","url":"/api/v1/articles/?page=1","status":304,"response_time":191.789}
2024-03-08 16:23:22 info: {"method":"GET","url":"/api/v1/articles/?page=1","status":304,"response_time":188.216}
2024-03-08 16:25:17 info: {"method":"OPTIONS","url":"/api/v1/articles/?page=1","status":204,"content_length":"0","response_time":3.274}
2024-03-08 16:25:17 info: {"method":"OPTIONS","url":"/api/v1/articles/?page=1","status":204,"content_length":"0","response_time":0.815}
2024-03-08 16:25:17 info: {"method":"GET","url":"/api/v1/articles/?page=1","status":304,"response_time":355.477}
2024-03-08 16:25:17 info: {"method":"GET","url":"/api/v1/articles/?page=1","status":304,"response_time":175.969}
2024-03-08 16:27:39 info: {"method":"OPTIONS","url":"/api/v1/articles/?page=1","status":204,"content_length":"0","response_time":0.468}
2024-03-08 16:27:39 info: {"method":"GET","url":"/api/v1/articles/?page=1","status":304,"response_time":176.159}
2024-03-08 16:27:40 info: {"method":"GET","url":"/api/v1/articles/?page=1","status":304,"response_time":181.851}
2024-03-08 16:28:01 info: {"method":"OPTIONS","url":"/api/v1/articles/?page=1","status":204,"content_length":"0","response_time":0.369}
2024-03-08 16:28:01 info: {"method":"GET","url":"/api/v1/articles/?page=1","status":304,"response_time":176.408}
2024-03-08 16:28:02 info: {"method":"GET","url":"/api/v1/articles/?page=1","status":304,"response_time":176.793}
2024-03-08 16:28:20 info: {"method":"OPTIONS","url":"/api/v1/articles/?page=1","status":204,"content_length":"0","response_time":0.359}
2024-03-08 16:28:20 info: {"method":"OPTIONS","url":"/api/v1/articles/?page=1","status":204,"content_length":"0","response_time":0.516}
2024-03-08 16:28:20 info: {"method":"GET","url":"/api/v1/articles/?page=1","status":304,"response_time":173.976}
2024-03-08 16:28:20 info: {"method":"GET","url":"/api/v1/articles/?page=1","status":304,"response_time":174.62}
2024-03-08 16:28:30 info: {"method":"OPTIONS","url":"/api/v1/articles/?page=1","status":204,"content_length":"0","response_time":0.308}
2024-03-08 16:28:30 info: {"method":"GET","url":"/api/v1/articles/?page=1","status":304,"response_time":176.315}
2024-03-08 16:28:48 info: {"method":"OPTIONS","url":"/api/v1/articles/?page=1","status":204,"content_length":"0","response_time":0.443}
2024-03-08 16:28:48 info: {"method":"GET","url":"/api/v1/articles/?page=1","status":304,"response_time":193.872}
2024-03-08 16:29:06 info: {"method":"OPTIONS","url":"/api/v1/articles/?page=1","status":204,"content_length":"0","response_time":0.209}
2024-03-08 16:29:06 info: {"method":"OPTIONS","url":"/api/v1/articles/?page=1","status":204,"content_length":"0","response_time":0.245}
2024-03-08 16:29:06 info: {"method":"GET","url":"/api/v1/articles/?page=1","status":304,"response_time":265.261}
2024-03-08 16:29:07 info: {"method":"GET","url":"/api/v1/articles/?page=1","status":304,"response_time":174.406}
2024-03-08 16:31:07 info: {"method":"OPTIONS","url":"/api/v1/articles/?page=1&limit=15","status":204,"content_length":"0","response_time":0.229}
2024-03-08 16:31:07 info: {"method":"GET","url":"/api/v1/articles/?page=1&limit=15","status":200,"response_time":181.602}
2024-03-08 16:31:23 info: {"method":"OPTIONS","url":"/api/v1/articles/?page=1&limit=1","status":204,"content_length":"0","response_time":1.92}
2024-03-08 16:31:24 info: {"method":"GET","url":"/api/v1/articles/?page=1&limit=1","status":200,"content_length":"656","response_time":178.062}
2024-03-08 16:31:40 info: {"method":"OPTIONS","url":"/api/v1/articles/?page=1&limit=1","status":204,"content_length":"0","response_time":0.363}
2024-03-08 16:31:40 info: {"method":"GET","url":"/api/v1/articles/?page=1&limit=1","status":304,"response_time":174.348}
2024-03-08 16:31:40 info: {"method":"GET","url":"/api/v1/articles/?page=1&limit=1","status":304,"response_time":175.677}
2024-03-08 16:32:10 info: {"method":"OPTIONS","url":"/api/v1/articles/?page=1&limit=1","status":204,"content_length":"0","response_time":0.234}
2024-03-08 16:32:10 info: {"method":"GET","url":"/api/v1/articles/?page=1&limit=1","status":304,"response_time":174.162}
2024-03-08 16:33:48 info: {"method":"OPTIONS","url":"/api/v1/articles/?page=1&limit=1","status":204,"content_length":"0","response_time":0.709}
2024-03-08 16:33:48 info: {"method":"GET","url":"/api/v1/articles/?page=1&limit=1","status":304,"response_time":614.007}
2024-03-08 16:33:49 info: {"method":"GET","url":"/api/v1/articles/?page=1&limit=1","status":304,"response_time":186.499}
2024-03-08 16:33:49 info: {"method":"GET","url":"/api/v1/articles/?page=1&limit=1","status":304,"response_time":171.789}
2024-03-08 16:33:49 info: {"method":"GET","url":"/api/v1/articles/?page=1&limit=1","status":304,"response_time":191.402}
2024-03-08 16:33:49 info: {"method":"GET","url":"/api/v1/articles/?page=1&limit=1","status":304,"response_time":174.059}
2024-03-08 16:33:49 info: {"method":"GET","url":"/api/v1/articles/?page=1&limit=1","status":304,"response_time":173.518}
2024-03-08 16:34:11 info: {"method":"OPTIONS","url":"/api/v1/articles/?page=1&limit=1","status":204,"content_length":"0","response_time":0.457}
2024-03-08 16:34:11 info: {"method":"OPTIONS","url":"/api/v1/articles/?page=1&limit=1","status":204,"content_length":"0","response_time":0.244}
2024-03-08 16:34:11 info: {"method":"GET","url":"/api/v1/articles/?page=1&limit=1","status":304,"response_time":176.882}
2024-03-08 16:34:12 info: {"method":"GET","url":"/api/v1/articles/?page=1&limit=1","status":304,"response_time":172.787}
2024-03-08 16:35:10 info: {"method":"OPTIONS","url":"/api/v1/articles/?page=1&limit=1","status":204,"content_length":"0","response_time":0.296}
2024-03-08 16:35:10 info: {"method":"GET","url":"/api/v1/articles/?page=1&limit=1","status":304,"response_time":190.957}
2024-03-08 16:35:19 info: {"method":"OPTIONS","url":"/api/v1/articles/?page=1&limit=1","status":204,"content_length":"0","response_time":0.351}
2024-03-08 16:35:19 info: {"method":"OPTIONS","url":"/api/v1/articles/?page=1&limit=1","status":204,"content_length":"0","response_time":0.287}
2024-03-08 16:35:19 info: {"method":"GET","url":"/api/v1/articles/?page=1&limit=1","status":304,"response_time":176.805}
2024-03-08 16:35:19 info: {"method":"GET","url":"/api/v1/articles/?page=1&limit=1","status":304,"response_time":171.885}
2024-03-08 16:35:30 info: {"method":"OPTIONS","url":"/api/v1/articles/?page=1&limit=1","status":204,"content_length":"0","response_time":0.167}
2024-03-08 16:35:30 info: {"method":"GET","url":"/api/v1/articles/?page=1&limit=1","status":304,"response_time":175.566}
2024-03-08 16:36:03 info: {"method":"OPTIONS","url":"/api/v1/articles/?page=1&limit=1","status":204,"content_length":"0","response_time":0.354}
2024-03-08 16:36:03 info: {"method":"GET","url":"/api/v1/articles/?page=1&limit=1","status":304,"response_time":175.609}
2024-03-08 16:36:16 info: {"method":"OPTIONS","url":"/api/v1/articles/?page=1&limit=1","status":204,"content_length":"0","response_time":0.293}
2024-03-08 16:36:16 info: {"method":"GET","url":"/api/v1/articles/?page=1&limit=1","status":304,"response_time":172.699}
2024-03-08 16:36:17 info: {"method":"GET","url":"/api/v1/articles/?page=1&limit=1","status":304,"response_time":179.655}
2024-03-08 16:36:46 info: {"method":"OPTIONS","url":"/api/v1/articles/?page=1&limit=15","status":204,"content_length":"0","response_time":0.627}
2024-03-08 16:36:46 info: {"method":"OPTIONS","url":"/api/v1/articles/?page=1&limit=15","status":204,"content_length":"0","response_time":0.309}
2024-03-08 16:36:46 info: {"method":"GET","url":"/api/v1/articles/?page=1&limit=15","status":304,"response_time":179.059}
2024-03-08 16:36:46 info: {"method":"GET","url":"/api/v1/articles/?page=1&limit=15","status":304,"response_time":174.635}
2024-03-08 16:36:59 info: {"method":"OPTIONS","url":"/api/v1/articles/?page=1&limit=15","status":204,"content_length":"0","response_time":0.307}
2024-03-08 16:36:59 info: {"method":"OPTIONS","url":"/api/v1/articles/?page=1&limit=15","status":204,"content_length":"0","response_time":0.241}
2024-03-08 16:36:59 info: {"method":"GET","url":"/api/v1/articles/?page=1&limit=15","status":304,"response_time":174.144}
2024-03-08 16:36:59 info: {"method":"GET","url":"/api/v1/articles/?page=1&limit=15","status":304,"response_time":172.523}
2024-03-08 16:37:02 info: {"method":"GET","url":"/api/v1/articles/?page=1&limit=15","status":304,"response_time":183.222}
2024-03-08 20:22:25 info: 🚀 App listening on the port 5000
2024-03-08 20:23:12 info: {"method":"OPTIONS","url":"/api/v1/articles/?page=1&limit=15","status":204,"content_length":"0","response_time":3.828}
2024-03-08 20:23:12 info: {"method":"OPTIONS","url":"/api/v1/articles/?page=1&limit=15","status":204,"content_length":"0","response_time":0.526}
2024-03-08 20:23:13 info: {"method":"GET","url":"/api/v1/articles/?page=1&limit=15","status":304,"response_time":598.356}
2024-03-08 20:23:13 info: {"method":"GET","url":"/api/v1/articles/?page=1&limit=15","status":304,"response_time":216.015}
2024-03-08 20:44:41 info: {"method":"OPTIONS","url":"/api/v1/articles/?page=1&limit=15","status":204,"content_length":"0","response_time":5.438}
2024-03-08 20:44:41 info: {"method":"OPTIONS","url":"/api/v1/articles/?page=1&limit=15","status":204,"content_length":"0","response_time":1.545}
2024-03-08 20:44:41 info: {"method":"GET","url":"/api/v1/articles/?page=1&limit=15","status":304,"response_time":284.42}
2024-03-08 20:44:41 info: {"method":"GET","url":"/api/v1/articles/?page=1&limit=15","status":304,"response_time":205.91}
