2024-02-28 00:00:12 info: {"method":"POST","url":"/api/v1/auth/login","status":200,"content_length":"528","response_time":1262.274}
2024-02-28 00:02:44 info: 🚀 App listening on the port 5000
2024-02-28 00:04:02 info: 🚀 App listening on the port 5000
2024-02-28 00:04:04 error: Error: Authentication Failed,    at authenticationError (G:\Programming\projects\FullStack\MERN Blog\server\src\utils\error.js:9:17),    at exports.isAuthenticated (G:\Programming\projects\FullStack\MERN Blog\server\src\middlewarers\authMiddleware.js:36:17),    at process.processTicksAndRejections (node:internal/process/task_queues:95:5)
2024-02-28 00:04:04 info: {"method":"POST","url":"/api/v1/articles","status":401,"content_length":"62","response_time":496.294}
2024-02-28 00:04:28 info: 🚀 App listening on the port 5000
2024-02-28 00:04:54 info: 🚀 App listening on the port 5000
2024-02-28 00:05:03 error: Error: Authentication Failed,    at authenticationError (G:\Programming\projects\FullStack\MERN Blog\server\src\utils\error.js:9:17),    at exports.isAuthenticated (G:\Programming\projects\FullStack\MERN Blog\server\src\middlewarers\authMiddleware.js:37:17),    at process.processTicksAndRejections (node:internal/process/task_queues:95:5)
2024-02-28 00:05:03 info: {"method":"POST","url":"/api/v1/articles","status":401,"content_length":"62","response_time":431.408}
2024-02-28 00:06:21 info: 🚀 App listening on the port 5000
2024-02-28 00:06:26 error: Error: Bad Request,    at badRequest (G:\Programming\projects\FullStack\MERN Blog\server\src\utils\error.js:2:17),    at requestValidation (G:\Programming\projects\FullStack\MERN Blog\server\src\middlewarers\requestValidationMiddleware.js:9:17),    at Layer.handle [as handle_request] (G:\Programming\projects\FullStack\MERN Blog\server\node_modules\express\lib\router\layer.js:95:5),    at next (G:\Programming\projects\FullStack\MERN Blog\server\node_modules\express\lib\router\route.js:144:13),    at middleware (G:\Programming\projects\FullStack\MERN Blog\server\node_modules\express-validator\src\middlewares\check.js:16:13),    at process.processTicksAndRejections (node:internal/process/task_queues:95:5)
2024-02-28 00:06:26 info: {"method":"POST","url":"/api/v1/articles","status":400,"content_length":"100","response_time":497.076}
2024-02-28 00:06:50 error: Error: Bad Request,    at badRequest (G:\Programming\projects\FullStack\MERN Blog\server\src\utils\error.js:2:17),    at requestValidation (G:\Programming\projects\FullStack\MERN Blog\server\src\middlewarers\requestValidationMiddleware.js:9:17),    at Layer.handle [as handle_request] (G:\Programming\projects\FullStack\MERN Blog\server\node_modules\express\lib\router\layer.js:95:5),    at next (G:\Programming\projects\FullStack\MERN Blog\server\node_modules\express\lib\router\route.js:144:13),    at middleware (G:\Programming\projects\FullStack\MERN Blog\server\node_modules\express-validator\src\middlewares\check.js:16:13),    at process.processTicksAndRejections (node:internal/process/task_queues:95:5)
2024-02-28 00:06:50 info: {"method":"POST","url":"/api/v1/articles","status":400,"content_length":"100","response_time":456.144}
2024-02-28 00:09:20 info: 🚀 App listening on the port 5000
2024-02-28 00:09:24 error: Error: Bad Request,    at badRequest (G:\Programming\projects\FullStack\MERN Blog\server\src\utils\error.js:2:17),    at requestValidation (G:\Programming\projects\FullStack\MERN Blog\server\src\middlewarers\requestValidationMiddleware.js:9:17),    at Layer.handle [as handle_request] (G:\Programming\projects\FullStack\MERN Blog\server\node_modules\express\lib\router\layer.js:95:5),    at next (G:\Programming\projects\FullStack\MERN Blog\server\node_modules\express\lib\router\route.js:144:13),    at middleware (G:\Programming\projects\FullStack\MERN Blog\server\node_modules\express-validator\src\middlewares\check.js:16:13),    at process.processTicksAndRejections (node:internal/process/task_queues:95:5)
2024-02-28 00:09:24 info: {"method":"POST","url":"/api/v1/articles","status":400,"content_length":"100","response_time":496.242}
2024-02-28 00:11:55 info: 🚀 App listening on the port 5000
2024-02-28 00:12:12 info: {"method":"POST","url":"/api/v1/auth/login","status":200,"content_length":"528","response_time":1238.027}
2024-02-28 00:12:45 error: Error: Bad Request,    at badRequest (G:\Programming\projects\FullStack\MERN Blog\server\src\utils\error.js:2:17),    at requestValidation (G:\Programming\projects\FullStack\MERN Blog\server\src\middlewarers\requestValidationMiddleware.js:9:17),    at Layer.handle [as handle_request] (G:\Programming\projects\FullStack\MERN Blog\server\node_modules\express\lib\router\layer.js:95:5),    at next (G:\Programming\projects\FullStack\MERN Blog\server\node_modules\express\lib\router\route.js:144:13),    at middleware (G:\Programming\projects\FullStack\MERN Blog\server\node_modules\express-validator\src\middlewares\check.js:16:13),    at process.processTicksAndRejections (node:internal/process/task_queues:95:5)
2024-02-28 00:12:45 info: {"method":"POST","url":"/api/v1/articles","status":400,"content_length":"100","response_time":475.572}
