2024-02-21 11:21:12 info: 🚀 App listening on the port 5000
2024-02-21 11:21:20 info: {"method":"OPTIONS","url":"/api/v1/auth/send-otp","status":204,"content_length":"0","response_time":2.618}
2024-02-21 11:21:20 error: EmailService.sendMail is not a function
2024-02-21 11:21:20 info: {"method":"POST","url":"/api/v1/auth/send-otp","status":500,"content_length":"69","response_time":226.968}
2024-02-21 11:22:23 info: 🚀 App listening on the port 5000
2024-02-21 11:22:48 info: {"method":"OPTIONS","url":"/api/v1/auth/send-otp","status":204,"content_length":"0","response_time":3.168}
2024-02-21 11:22:49 error: TypeError: EmailService.sendMail is not a function,    at AuthService.sendOtp (G:\Programming\projects\FullStack\MERN Blog\server\src\service\AuthService.js:10:24),    at G:\Programming\projects\FullStack\MERN Blog\server\src\controllers\auth.js:13:36,    at G:\Programming\projects\FullStack\MERN Blog\server\src\middlewarers\catchAsyncErrors.js:7:19,    at Layer.handle [as handle_request] (G:\Programming\projects\FullStack\MERN Blog\server\node_modules\express\lib\router\layer.js:95:5),    at next (G:\Programming\projects\FullStack\MERN Blog\server\node_modules\express\lib\router\route.js:144:13),    at Route.dispatch (G:\Programming\projects\FullStack\MERN Blog\server\node_modules\express\lib\router\route.js:114:3),    at Layer.handle [as handle_request] (G:\Programming\projects\FullStack\MERN Blog\server\node_modules\express\lib\router\layer.js:95:5),    at G:\Programming\projects\FullStack\MERN Blog\server\node_modules\express\lib\router\index.js:284:15,    at Function.process_params (G:\Programming\projects\FullStack\MERN Blog\server\node_modules\express\lib\router\index.js:346:12),    at next (G:\Programming\projects\FullStack\MERN Blog\server\node_modules\express\lib\router\index.js:280:10)
2024-02-21 11:22:49 info: {"method":"POST","url":"/api/v1/auth/send-otp","status":500,"content_length":"69","response_time":221.111}
2024-02-21 11:24:59 info: 🚀 App listening on the port 5000
2024-02-21 11:25:22 info: 🚀 App listening on the port 5000
2024-02-21 11:25:39 info: {"method":"OPTIONS","url":"/api/v1/auth/send-otp","status":204,"content_length":"0","response_time":3.503}
2024-02-21 11:25:40 error: TypeError: EmailService.sendMail is not a function,    at AuthService.sendOtp (G:\Programming\projects\FullStack\MERN Blog\server\src\service\AuthService.js:10:24),    at G:\Programming\projects\FullStack\MERN Blog\server\src\controllers\auth.js:13:36,    at G:\Programming\projects\FullStack\MERN Blog\server\src\middlewarers\catchAsyncErrors.js:7:19,    at Layer.handle [as handle_request] (G:\Programming\projects\FullStack\MERN Blog\server\node_modules\express\lib\router\layer.js:95:5),    at next (G:\Programming\projects\FullStack\MERN Blog\server\node_modules\express\lib\router\route.js:144:13),    at Route.dispatch (G:\Programming\projects\FullStack\MERN Blog\server\node_modules\express\lib\router\route.js:114:3),    at Layer.handle [as handle_request] (G:\Programming\projects\FullStack\MERN Blog\server\node_modules\express\lib\router\layer.js:95:5),    at G:\Programming\projects\FullStack\MERN Blog\server\node_modules\express\lib\router\index.js:284:15,    at Function.process_params (G:\Programming\projects\FullStack\MERN Blog\server\node_modules\express\lib\router\index.js:346:12),    at next (G:\Programming\projects\FullStack\MERN Blog\server\node_modules\express\lib\router\index.js:280:10)
2024-02-21 11:25:40 info: {"method":"POST","url":"/api/v1/auth/send-otp","status":500,"content_length":"69","response_time":218.747}
2024-02-21 11:26:05 info: 🚀 App listening on the port 5000
2024-02-21 11:26:11 info: {"method":"OPTIONS","url":"/api/v1/auth/send-otp","status":204,"content_length":"0","response_time":4.228}
2024-02-21 11:26:12 error: ReferenceError: serverError is not defined,    at EmailService.sendEmail (G:\Programming\projects\FullStack\MERN Blog\server\src\service\EmailService.js:28:7),    at AuthService.sendOtp (G:\Programming\projects\FullStack\MERN Blog\server\src\service\AuthService.js:10:24),    at G:\Programming\projects\FullStack\MERN Blog\server\src\controllers\auth.js:13:36,    at G:\Programming\projects\FullStack\MERN Blog\server\src\middlewarers\catchAsyncErrors.js:7:19,    at Layer.handle [as handle_request] (G:\Programming\projects\FullStack\MERN Blog\server\node_modules\express\lib\router\layer.js:95:5),    at next (G:\Programming\projects\FullStack\MERN Blog\server\node_modules\express\lib\router\route.js:144:13),    at Route.dispatch (G:\Programming\projects\FullStack\MERN Blog\server\node_modules\express\lib\router\route.js:114:3),    at Layer.handle [as handle_request] (G:\Programming\projects\FullStack\MERN Blog\server\node_modules\express\lib\router\layer.js:95:5),    at G:\Programming\projects\FullStack\MERN Blog\server\node_modules\express\lib\router\index.js:284:15,    at Function.process_params (G:\Programming\projects\FullStack\MERN Blog\server\node_modules\express\lib\router\index.js:346:12)
2024-02-21 11:26:12 info: {"method":"POST","url":"/api/v1/auth/send-otp","status":500,"content_length":"56","response_time":109.734}
2024-02-21 11:26:43 info: 🚀 App listening on the port 5000
2024-02-21 11:26:44 info: {"method":"OPTIONS","url":"/api/v1/auth/send-otp","status":204,"content_length":"0","response_time":3.614}
2024-02-21 11:26:44 error: TypeError: serverError is not a constructor,    at EmailService.sendEmail (G:\Programming\projects\FullStack\MERN Blog\server\src\service\EmailService.js:28:13),    at AuthService.sendOtp (G:\Programming\projects\FullStack\MERN Blog\server\src\service\AuthService.js:10:24),    at G:\Programming\projects\FullStack\MERN Blog\server\src\controllers\auth.js:13:36,    at G:\Programming\projects\FullStack\MERN Blog\server\src\middlewarers\catchAsyncErrors.js:7:19,    at Layer.handle [as handle_request] (G:\Programming\projects\FullStack\MERN Blog\server\node_modules\express\lib\router\layer.js:95:5),    at next (G:\Programming\projects\FullStack\MERN Blog\server\node_modules\express\lib\router\route.js:144:13),    at Route.dispatch (G:\Programming\projects\FullStack\MERN Blog\server\node_modules\express\lib\router\route.js:114:3),    at Layer.handle [as handle_request] (G:\Programming\projects\FullStack\MERN Blog\server\node_modules\express\lib\router\layer.js:95:5),    at G:\Programming\projects\FullStack\MERN Blog\server\node_modules\express\lib\router\index.js:284:15,    at Function.process_params (G:\Programming\projects\FullStack\MERN Blog\server\node_modules\express\lib\router\index.js:346:12)
2024-02-21 11:26:44 info: {"method":"POST","url":"/api/v1/auth/send-otp","status":500,"content_length":"62","response_time":85.817}
2024-02-21 11:27:22 info: 🚀 App listening on the port 5000
2024-02-21 11:27:36 info: {"method":"OPTIONS","url":"/api/v1/auth/send-otp","status":204,"content_length":"0","response_time":3.961}
2024-02-21 11:27:36 error: TypeError: serverError is not a constructor,    at EmailService.sendEmail (G:\Programming\projects\FullStack\MERN Blog\server\src\service\EmailService.js:28:13),    at AuthService.sendOtp (G:\Programming\projects\FullStack\MERN Blog\server\src\service\AuthService.js:10:24),    at G:\Programming\projects\FullStack\MERN Blog\server\src\controllers\auth.js:13:36,    at G:\Programming\projects\FullStack\MERN Blog\server\src\middlewarers\catchAsyncErrors.js:7:19,    at Layer.handle [as handle_request] (G:\Programming\projects\FullStack\MERN Blog\server\node_modules\express\lib\router\layer.js:95:5),    at next (G:\Programming\projects\FullStack\MERN Blog\server\node_modules\express\lib\router\route.js:144:13),    at Route.dispatch (G:\Programming\projects\FullStack\MERN Blog\server\node_modules\express\lib\router\route.js:114:3),    at Layer.handle [as handle_request] (G:\Programming\projects\FullStack\MERN Blog\server\node_modules\express\lib\router\layer.js:95:5),    at G:\Programming\projects\FullStack\MERN Blog\server\node_modules\express\lib\router\index.js:284:15,    at Function.process_params (G:\Programming\projects\FullStack\MERN Blog\server\node_modules\express\lib\router\index.js:346:12)
2024-02-21 11:27:36 info: {"method":"POST","url":"/api/v1/auth/send-otp","status":500,"content_length":"62","response_time":155.764}
2024-02-21 11:29:04 info: 🚀 App listening on the port 5000
2024-02-21 11:29:16 info: 🚀 App listening on the port 5000
2024-02-21 11:29:28 info: 🚀 App listening on the port 5000
2024-02-21 11:29:35 info: 🚀 App listening on the port 5000
2024-02-21 11:29:58 info: 🚀 App listening on the port 5000
2024-02-21 11:30:30 info: 🚀 App listening on the port 5000
2024-02-21 11:30:56 info: 🚀 App listening on the port 5000
2024-02-21 11:31:44 info: 🚀 App listening on the port 5000
2024-02-21 11:31:56 info: 🚀 App listening on the port 5000
2024-02-21 11:33:04 info: 🚀 App listening on the port 5000
2024-02-21 11:33:26 info: 🚀 App listening on the port 5000
2024-02-21 11:34:00 info: 🚀 App listening on the port 5000
2024-02-21 11:36:33 info: 🚀 App listening on the port 5000
2024-02-21 11:36:45 info: 🚀 App listening on the port 5000
2024-02-21 11:37:18 info: {"method":"OPTIONS","url":"/api/v1/auth/send-otp","status":204,"content_length":"0","response_time":5.371}
2024-02-21 11:37:18 error: Error: Internal Server Error,    at serverError (G:\Programming\projects\FullStack\MERN Blog\server\src\utils\error.js:26:17),    at EmailService.sendEmail (G:\Programming\projects\FullStack\MERN Blog\server\src\service\EmailService.js:20:13),    at AuthService.sendOtp (G:\Programming\projects\FullStack\MERN Blog\server\src\service\AuthService.js:10:24),    at G:\Programming\projects\FullStack\MERN Blog\server\src\controllers\auth.js:13:36,    at G:\Programming\projects\FullStack\MERN Blog\server\src\middlewarers\catchAsyncErrors.js:7:19,    at Layer.handle [as handle_request] (G:\Programming\projects\FullStack\MERN Blog\server\node_modules\express\lib\router\layer.js:95:5),    at next (G:\Programming\projects\FullStack\MERN Blog\server\node_modules\express\lib\router\route.js:144:13),    at Route.dispatch (G:\Programming\projects\FullStack\MERN Blog\server\node_modules\express\lib\router\route.js:114:3),    at Layer.handle [as handle_request] (G:\Programming\projects\FullStack\MERN Blog\server\node_modules\express\lib\router\layer.js:95:5),    at G:\Programming\projects\FullStack\MERN Blog\server\node_modules\express\lib\router\index.js:284:15
2024-02-21 11:37:18 info: {"method":"POST","url":"/api/v1/auth/send-otp","status":500,"content_length":"51","response_time":150.897}
2024-02-21 11:56:51 info: 🚀 App listening on the port 5000
2024-02-21 12:15:09 info: {"method":"OPTIONS","url":"/api/v1/auth/send-otp","status":204,"content_length":"0","response_time":6.936}
2024-02-21 12:15:10 error: Error: Internal Server Error,    at serverError (G:\Programming\projects\FullStack\MERN Blog\server\src\utils\error.js:26:17),    at EmailService.sendEmail (G:\Programming\projects\FullStack\MERN Blog\server\src\service\EmailService.js:20:13),    at AuthService.sendOtp (G:\Programming\projects\FullStack\MERN Blog\server\src\service\AuthService.js:10:24),    at G:\Programming\projects\FullStack\MERN Blog\server\src\controllers\auth.js:13:36,    at G:\Programming\projects\FullStack\MERN Blog\server\src\middlewarers\catchAsyncErrors.js:7:19,    at Layer.handle [as handle_request] (G:\Programming\projects\FullStack\MERN Blog\server\node_modules\express\lib\router\layer.js:95:5),    at next (G:\Programming\projects\FullStack\MERN Blog\server\node_modules\express\lib\router\route.js:144:13),    at Route.dispatch (G:\Programming\projects\FullStack\MERN Blog\server\node_modules\express\lib\router\route.js:114:3),    at Layer.handle [as handle_request] (G:\Programming\projects\FullStack\MERN Blog\server\node_modules\express\lib\router\layer.js:95:5),    at G:\Programming\projects\FullStack\MERN Blog\server\node_modules\express\lib\router\index.js:284:15
2024-02-21 12:15:10 info: {"method":"POST","url":"/api/v1/auth/send-otp","status":500,"content_length":"51","response_time":796.265}
2024-02-21 12:16:53 info: 🚀 App listening on the port 5000
2024-02-21 12:18:01 info: 🚀 App listening on the port 5000
2024-02-21 12:18:40 info: 🚀 App listening on the port 5000
2024-02-21 12:18:52 info: 🚀 App listening on the port 5000
2024-02-21 12:18:57 info: 🚀 App listening on the port 5000
2024-02-21 12:19:13 info: 🚀 App listening on the port 5000
2024-02-21 12:20:52 info: 🚀 App listening on the port 5000
2024-02-21 12:21:00 info: {"method":"OPTIONS","url":"/api/v1/auth/send-otp","status":204,"content_length":"0","response_time":2.892}
2024-02-21 12:21:00 error: Error: Internal Server Error,    at serverError (G:\Programming\projects\FullStack\MERN Blog\server\src\utils\error.js:26:17),    at EmailService.sendEmail (G:\Programming\projects\FullStack\MERN Blog\server\src\service\EmailService.js:20:13),    at AuthService.sendOtp (G:\Programming\projects\FullStack\MERN Blog\server\src\service\AuthService.js:10:24),    at G:\Programming\projects\FullStack\MERN Blog\server\src\controllers\auth.js:13:36,    at G:\Programming\projects\FullStack\MERN Blog\server\src\middlewarers\catchAsyncErrors.js:7:19,    at Layer.handle [as handle_request] (G:\Programming\projects\FullStack\MERN Blog\server\node_modules\express\lib\router\layer.js:95:5),    at next (G:\Programming\projects\FullStack\MERN Blog\server\node_modules\express\lib\router\route.js:144:13),    at Route.dispatch (G:\Programming\projects\FullStack\MERN Blog\server\node_modules\express\lib\router\route.js:114:3),    at Layer.handle [as handle_request] (G:\Programming\projects\FullStack\MERN Blog\server\node_modules\express\lib\router\layer.js:95:5),    at G:\Programming\projects\FullStack\MERN Blog\server\node_modules\express\lib\router\index.js:284:15
2024-02-21 12:21:00 info: {"method":"POST","url":"/api/v1/auth/send-otp","status":500,"content_length":"51","response_time":201.023}
2024-02-21 12:21:18 info: 🚀 App listening on the port 5000
2024-02-21 12:22:15 info: 🚀 App listening on the port 5000
2024-02-21 12:22:18 info: {"method":"OPTIONS","url":"/api/v1/auth/send-otp","status":204,"content_length":"0","response_time":3.547}
2024-02-21 12:22:18 error: Error: Internal Server Error,    at serverError (G:\Programming\projects\FullStack\MERN Blog\server\src\utils\error.js:26:17),    at EmailService.sendEmail (G:\Programming\projects\FullStack\MERN Blog\server\src\service\EmailService.js:20:13),    at AuthService.sendOtp (G:\Programming\projects\FullStack\MERN Blog\server\src\service\AuthService.js:10:24),    at G:\Programming\projects\FullStack\MERN Blog\server\src\controllers\auth.js:13:36,    at G:\Programming\projects\FullStack\MERN Blog\server\src\middlewarers\catchAsyncErrors.js:7:19,    at Layer.handle [as handle_request] (G:\Programming\projects\FullStack\MERN Blog\server\node_modules\express\lib\router\layer.js:95:5),    at next (G:\Programming\projects\FullStack\MERN Blog\server\node_modules\express\lib\router\route.js:144:13),    at Route.dispatch (G:\Programming\projects\FullStack\MERN Blog\server\node_modules\express\lib\router\route.js:114:3),    at Layer.handle [as handle_request] (G:\Programming\projects\FullStack\MERN Blog\server\node_modules\express\lib\router\layer.js:95:5),    at G:\Programming\projects\FullStack\MERN Blog\server\node_modules\express\lib\router\index.js:284:15
2024-02-21 12:22:18 info: {"method":"POST","url":"/api/v1/auth/send-otp","status":500,"content_length":"51","response_time":208.262}
2024-02-21 12:22:43 info: 🚀 App listening on the port 5000
2024-02-21 12:22:58 info: 🚀 App listening on the port 5000
2024-02-21 12:23:01 info: {"method":"OPTIONS","url":"/api/v1/auth/send-otp","status":204,"content_length":"0","response_time":3.556}
2024-02-21 12:23:01 error: Error: Internal Server Error,    at serverError (G:\Programming\projects\FullStack\MERN Blog\server\src\utils\error.js:26:17),    at EmailService.sendEmail (G:\Programming\projects\FullStack\MERN Blog\server\src\service\EmailService.js:20:13),    at AuthService.sendOtp (G:\Programming\projects\FullStack\MERN Blog\server\src\service\AuthService.js:10:24),    at G:\Programming\projects\FullStack\MERN Blog\server\src\controllers\auth.js:13:36,    at G:\Programming\projects\FullStack\MERN Blog\server\src\middlewarers\catchAsyncErrors.js:7:19,    at Layer.handle [as handle_request] (G:\Programming\projects\FullStack\MERN Blog\server\node_modules\express\lib\router\layer.js:95:5),    at next (G:\Programming\projects\FullStack\MERN Blog\server\node_modules\express\lib\router\route.js:144:13),    at Route.dispatch (G:\Programming\projects\FullStack\MERN Blog\server\node_modules\express\lib\router\route.js:114:3),    at Layer.handle [as handle_request] (G:\Programming\projects\FullStack\MERN Blog\server\node_modules\express\lib\router\layer.js:95:5),    at G:\Programming\projects\FullStack\MERN Blog\server\node_modules\express\lib\router\index.js:284:15
2024-02-21 12:23:01 info: {"method":"POST","url":"/api/v1/auth/send-otp","status":500,"content_length":"51","response_time":70.945}
2024-02-21 12:23:16 info: 🚀 App listening on the port 5000
2024-02-21 12:23:18 info: {"method":"OPTIONS","url":"/api/v1/auth/send-otp","status":204,"content_length":"0","response_time":4.203}
2024-02-21 12:23:18 error: Error: Internal Server Error,    at serverError (G:\Programming\projects\FullStack\MERN Blog\server\src\utils\error.js:26:17),    at EmailService.sendEmail (G:\Programming\projects\FullStack\MERN Blog\server\src\service\EmailService.js:20:13),    at AuthService.sendOtp (G:\Programming\projects\FullStack\MERN Blog\server\src\service\AuthService.js:10:24),    at G:\Programming\projects\FullStack\MERN Blog\server\src\controllers\auth.js:13:36,    at G:\Programming\projects\FullStack\MERN Blog\server\src\middlewarers\catchAsyncErrors.js:7:19,    at Layer.handle [as handle_request] (G:\Programming\projects\FullStack\MERN Blog\server\node_modules\express\lib\router\layer.js:95:5),    at next (G:\Programming\projects\FullStack\MERN Blog\server\node_modules\express\lib\router\route.js:144:13),    at Route.dispatch (G:\Programming\projects\FullStack\MERN Blog\server\node_modules\express\lib\router\route.js:114:3),    at Layer.handle [as handle_request] (G:\Programming\projects\FullStack\MERN Blog\server\node_modules\express\lib\router\layer.js:95:5),    at G:\Programming\projects\FullStack\MERN Blog\server\node_modules\express\lib\router\index.js:284:15
2024-02-21 12:23:18 info: {"method":"POST","url":"/api/v1/auth/send-otp","status":500,"content_length":"51","response_time":48.171}
2024-02-21 12:24:39 info: 🚀 App listening on the port 5000
2024-02-21 12:24:43 info: {"method":"OPTIONS","url":"/api/v1/auth/send-otp","status":204,"content_length":"0","response_time":3.406}
2024-02-21 12:24:46 info: {"method":"POST","url":"/api/v1/auth/send-otp","status":200,"content_length":"186","response_time":2931.18}
2024-02-21 12:30:30 info: 🚀 App listening on the port 5000
2024-02-21 12:30:46 info: 🚀 App listening on the port 5000
2024-02-21 12:31:03 info: 🚀 App listening on the port 5000
2024-02-21 12:31:14 info: 🚀 App listening on the port 5000
2024-02-21 12:31:38 info: 🚀 App listening on the port 5000
2024-02-21 12:31:47 info: 🚀 App listening on the port 5000
2024-02-21 12:31:53 info: {"method":"OPTIONS","url":"/api/v1/auth/send-otp","status":204,"content_length":"0","response_time":3.023}
2024-02-21 12:31:53 error: Error: Internal Server Error,    at serverError (G:\Programming\projects\FullStack\MERN Blog\server\src\utils\error.js:26:17),    at EmailService.sendEmail (G:\Programming\projects\FullStack\MERN Blog\server\src\service\EmailService.js:20:13),    at AuthService.sendOtp (G:\Programming\projects\FullStack\MERN Blog\server\src\service\AuthService.js:10:24),    at G:\Programming\projects\FullStack\MERN Blog\server\src\controllers\auth.js:13:36,    at G:\Programming\projects\FullStack\MERN Blog\server\src\middlewarers\catchAsyncErrors.js:7:19,    at Layer.handle [as handle_request] (G:\Programming\projects\FullStack\MERN Blog\server\node_modules\express\lib\router\layer.js:95:5),    at next (G:\Programming\projects\FullStack\MERN Blog\server\node_modules\express\lib\router\route.js:144:13),    at Route.dispatch (G:\Programming\projects\FullStack\MERN Blog\server\node_modules\express\lib\router\route.js:114:3),    at Layer.handle [as handle_request] (G:\Programming\projects\FullStack\MERN Blog\server\node_modules\express\lib\router\layer.js:95:5),    at G:\Programming\projects\FullStack\MERN Blog\server\node_modules\express\lib\router\index.js:284:15
2024-02-21 12:31:53 info: {"method":"POST","url":"/api/v1/auth/send-otp","status":500,"content_length":"51","response_time":178.519}
2024-02-21 12:34:26 info: 🚀 App listening on the port 5000
2024-02-21 12:34:30 info: {"method":"OPTIONS","url":"/api/v1/auth/send-otp","status":204,"content_length":"0","response_time":3.535}
2024-02-21 12:34:30 error: Error: Internal Server Error,    at serverError (G:\Programming\projects\FullStack\MERN Blog\server\src\utils\error.js:26:17),    at EmailService.sendEmail (G:\Programming\projects\FullStack\MERN Blog\server\src\service\EmailService.js:20:13),    at AuthService.sendOtp (G:\Programming\projects\FullStack\MERN Blog\server\src\service\AuthService.js:10:24),    at G:\Programming\projects\FullStack\MERN Blog\server\src\controllers\auth.js:13:36,    at G:\Programming\projects\FullStack\MERN Blog\server\src\middlewarers\catchAsyncErrors.js:7:19,    at Layer.handle [as handle_request] (G:\Programming\projects\FullStack\MERN Blog\server\node_modules\express\lib\router\layer.js:95:5),    at next (G:\Programming\projects\FullStack\MERN Blog\server\node_modules\express\lib\router\route.js:144:13),    at Route.dispatch (G:\Programming\projects\FullStack\MERN Blog\server\node_modules\express\lib\router\route.js:114:3),    at Layer.handle [as handle_request] (G:\Programming\projects\FullStack\MERN Blog\server\node_modules\express\lib\router\layer.js:95:5),    at G:\Programming\projects\FullStack\MERN Blog\server\node_modules\express\lib\router\index.js:284:15
2024-02-21 12:34:30 info: {"method":"POST","url":"/api/v1/auth/send-otp","status":500,"content_length":"51","response_time":242.849}
2024-02-21 12:34:53 info: 🚀 App listening on the port 5000
2024-02-21 12:34:56 info: {"method":"OPTIONS","url":"/api/v1/auth/send-otp","status":204,"content_length":"0","response_time":3.197}
2024-02-21 12:34:56 error: Error: Internal Server Error,    at serverError (G:\Programming\projects\FullStack\MERN Blog\server\src\utils\error.js:26:17),    at EmailService.sendEmail (G:\Programming\projects\FullStack\MERN Blog\server\src\service\EmailService.js:20:13),    at AuthService.sendOtp (G:\Programming\projects\FullStack\MERN Blog\server\src\service\AuthService.js:10:24),    at G:\Programming\projects\FullStack\MERN Blog\server\src\controllers\auth.js:13:36,    at G:\Programming\projects\FullStack\MERN Blog\server\src\middlewarers\catchAsyncErrors.js:7:19,    at Layer.handle [as handle_request] (G:\Programming\projects\FullStack\MERN Blog\server\node_modules\express\lib\router\layer.js:95:5),    at next (G:\Programming\projects\FullStack\MERN Blog\server\node_modules\express\lib\router\route.js:144:13),    at Route.dispatch (G:\Programming\projects\FullStack\MERN Blog\server\node_modules\express\lib\router\route.js:114:3),    at Layer.handle [as handle_request] (G:\Programming\projects\FullStack\MERN Blog\server\node_modules\express\lib\router\layer.js:95:5),    at G:\Programming\projects\FullStack\MERN Blog\server\node_modules\express\lib\router\index.js:284:15
2024-02-21 12:34:56 info: {"method":"POST","url":"/api/v1/auth/send-otp","status":500,"content_length":"51","response_time":174.587}
2024-02-21 12:35:22 info: 🚀 App listening on the port 5000
2024-02-21 12:35:33 info: 🚀 App listening on the port 5000
2024-02-21 12:35:46 info: 🚀 App listening on the port 5000
2024-02-21 12:36:00 info: 🚀 App listening on the port 5000
2024-02-21 12:36:23 info: 🚀 App listening on the port 5000
2024-02-21 12:36:34 info: {"method":"OPTIONS","url":"/api/v1/auth/send-otp","status":204,"content_length":"0","response_time":4.433}
2024-02-21 12:36:37 info: {"method":"POST","url":"/api/v1/auth/send-otp","status":200,"content_length":"186","response_time":3169.806}
2024-02-21 12:38:15 info: {"method":"OPTIONS","url":"/api/v1/auth/send-otp","status":204,"content_length":"0","response_time":0.54}
2024-02-21 12:38:17 info: {"method":"POST","url":"/api/v1/auth/send-otp","status":200,"content_length":"191","response_time":2457.161}
2024-02-21 12:39:17 info: 🚀 App listening on the port 5000
2024-02-21 12:39:37 info: 🚀 App listening on the port 5000
2024-02-21 12:39:43 info: 🚀 App listening on the port 5000
2024-02-21 12:40:06 info: 🚀 App listening on the port 5000
2024-02-21 12:45:12 info: 🚀 App listening on the port 5000
