2024-03-21 00:00:20 info: {"method":"GET","url":"/api/v1/articles?page=1","status":200,"response_time":254.256}
2024-03-21 00:00:55 error: Error: Bad Request,    at badRequest (G:\Programming\projects\FullStack\MERN Blog\server\src\utils\error.js:2:17),    at requestValidation (G:\Programming\projects\FullStack\MERN Blog\server\src\middlewarers\requestValidationMiddleware.js:10:17),    at Layer.handle [as handle_request] (G:\Programming\projects\FullStack\MERN Blog\server\node_modules\express\lib\router\layer.js:95:5),    at next (G:\Programming\projects\FullStack\MERN Blog\server\node_modules\express\lib\router\route.js:144:13),    at middleware (G:\Programming\projects\FullStack\MERN Blog\server\node_modules\express-validator\src\middlewares\check.js:16:13),    at processTicksAndRejections (node:internal/process/task_queues:96:5)
2024-03-21 00:00:55 info: {"method":"GET","url":"/api/v1/articles/%2265f5e6625bc16402f19e798c","status":400,"content_length":"124","response_time":429.745}
2024-03-21 00:01:08 info: {"method":"GET","url":"/api/v1/articles/65f5e6625bc16402f19e798c","status":200,"response_time":548.809}
2024-03-21 00:01:53 info: {"method":"GET","url":"/api/v1/articles?page=2&limit=10&search=","status":304,"response_time":230.677}
2024-03-21 00:08:48 info: {"method":"GET","url":"/api/v1/articles/65f5e6625bc16402f19e798c","status":304,"response_time":381.644}
2024-03-21 00:09:03 info: {"method":"GET","url":"/api/v1/articles?page=1&limit=10&search=","status":304,"response_time":230.345}
2024-03-21 00:09:07 info: {"method":"GET","url":"/api/v1/articles/65f5e6625bc16402f19e798c","status":304,"response_time":253.538}
2024-03-21 00:09:52 info: {"method":"GET","url":"/api/v1/articles/65f5e6625bc16402f19e798c","status":304,"response_time":258.422}
2024-03-21 00:10:04 info: {"method":"GET","url":"/api/v1/articles?page=1&limit=10&search=","status":304,"response_time":593.499}
2024-03-21 00:10:06 info: {"method":"GET","url":"/api/v1/articles/65f5e6625bc16402f19e798c","status":304,"response_time":297.941}
2024-03-21 00:10:09 info: {"method":"GET","url":"/api/v1/articles?page=1&limit=10&search=","status":304,"response_time":237.874}
2024-03-21 00:10:10 info: {"method":"GET","url":"/api/v1/articles/65f5e6625bc16402f19e798c","status":304,"response_time":244.246}
2024-03-21 00:10:19 info: {"method":"GET","url":"/api/v1/articles?page=1&limit=10&search=","status":304,"response_time":239.729}
2024-03-21 00:10:27 info: {"method":"GET","url":"/api/v1/articles/65f5e6625bc16402f19e798c","status":304,"response_time":1236.436}
2024-03-21 00:10:44 error: Error: Bad Request,    at badRequest (G:\Programming\projects\FullStack\MERN Blog\server\src\utils\error.js:2:17),    at requestValidation (G:\Programming\projects\FullStack\MERN Blog\server\src\middlewarers\requestValidationMiddleware.js:10:17),    at Layer.handle [as handle_request] (G:\Programming\projects\FullStack\MERN Blog\server\node_modules\express\lib\router\layer.js:95:5),    at next (G:\Programming\projects\FullStack\MERN Blog\server\node_modules\express\lib\router\route.js:144:13),    at middleware (G:\Programming\projects\FullStack\MERN Blog\server\node_modules\express-validator\src\middlewares\check.js:16:13),    at runMicrotasks (<anonymous>),    at processTicksAndRejections (node:internal/process/task_queues:96:5)
2024-03-21 00:10:44 info: {"method":"GET","url":"/api/v1/articles/65f5e6625bc16402f19e798c1","status":400,"content_length":"124","response_time":126.935}
2024-03-21 00:24:01 error: Error: Bad Request,    at badRequest (G:\Programming\projects\FullStack\MERN Blog\server\src\utils\error.js:2:17),    at requestValidation (G:\Programming\projects\FullStack\MERN Blog\server\src\middlewarers\requestValidationMiddleware.js:10:17),    at Layer.handle [as handle_request] (G:\Programming\projects\FullStack\MERN Blog\server\node_modules\express\lib\router\layer.js:95:5),    at next (G:\Programming\projects\FullStack\MERN Blog\server\node_modules\express\lib\router\route.js:144:13),    at middleware (G:\Programming\projects\FullStack\MERN Blog\server\node_modules\express-validator\src\middlewares\check.js:16:13),    at runMicrotasks (<anonymous>),    at processTicksAndRejections (node:internal/process/task_queues:96:5)
2024-03-21 00:24:01 info: {"method":"GET","url":"/api/v1/articles/65f5e6625bc16402f19e798c1","status":400,"content_length":"124","response_time":13.612}
2024-03-21 00:24:46 error: Error: Bad Request,    at badRequest (G:\Programming\projects\FullStack\MERN Blog\server\src\utils\error.js:2:17),    at requestValidation (G:\Programming\projects\FullStack\MERN Blog\server\src\middlewarers\requestValidationMiddleware.js:10:17),    at Layer.handle [as handle_request] (G:\Programming\projects\FullStack\MERN Blog\server\node_modules\express\lib\router\layer.js:95:5),    at next (G:\Programming\projects\FullStack\MERN Blog\server\node_modules\express\lib\router\route.js:144:13),    at middleware (G:\Programming\projects\FullStack\MERN Blog\server\node_modules\express-validator\src\middlewares\check.js:16:13),    at runMicrotasks (<anonymous>),    at processTicksAndRejections (node:internal/process/task_queues:96:5)
2024-03-21 00:24:46 info: {"method":"GET","url":"/api/v1/articles/65f5e6625bc16402f19e798c1","status":400,"content_length":"124","response_time":7.434}
2024-03-21 00:25:03 error: Error: Bad Request,    at badRequest (G:\Programming\projects\FullStack\MERN Blog\server\src\utils\error.js:2:17),    at requestValidation (G:\Programming\projects\FullStack\MERN Blog\server\src\middlewarers\requestValidationMiddleware.js:10:17),    at Layer.handle [as handle_request] (G:\Programming\projects\FullStack\MERN Blog\server\node_modules\express\lib\router\layer.js:95:5),    at next (G:\Programming\projects\FullStack\MERN Blog\server\node_modules\express\lib\router\route.js:144:13),    at middleware (G:\Programming\projects\FullStack\MERN Blog\server\node_modules\express-validator\src\middlewares\check.js:16:13),    at runMicrotasks (<anonymous>),    at processTicksAndRejections (node:internal/process/task_queues:96:5)
2024-03-21 00:25:03 info: {"method":"GET","url":"/api/v1/articles/65f5e6625bc16402f19e798c1","status":400,"content_length":"124","response_time":9.125}
2024-03-21 00:26:32 info: {"method":"GET","url":"/api/v1/articles?page=1&limit=10&search=","status":304,"response_time":360.304}
2024-03-21 00:26:38 info: {"method":"GET","url":"/api/v1/articles/65f5e7d1262d138d69abf9c8","status":200,"response_time":311.739}
2024-03-21 00:27:15 info: {"method":"GET","url":"/api/v1/articles/65f5e7d1262d138d69abf9c8","status":304,"response_time":589.511}
2024-03-21 00:28:01 info: {"method":"GET","url":"/api/v1/articles/65f5e7d1262d138d69abf9c8","status":304,"response_time":369.634}
2024-03-21 00:30:06 info: {"method":"GET","url":"/api/v1/articles/65f5e7d1262d138d69abf9c8","status":304,"response_time":366.81}
2024-03-21 00:30:27 info: {"method":"GET","url":"/api/v1/articles/65f5e7d1262d138d69abf9c8","status":304,"response_time":230.483}
2024-03-21 00:30:30 info: {"method":"GET","url":"/api/v1/articles/65f5e7d1262d138d69abf9c8","status":304,"response_time":237.125}
2024-03-21 00:31:12 info: {"method":"GET","url":"/api/v1/articles/65f5e7d1262d138d69abf9c8","status":304,"response_time":237.101}
2024-03-21 00:31:51 info: {"method":"GET","url":"/api/v1/articles/65f5e7d1262d138d69abf9c8","status":304,"response_time":238.779}
2024-03-21 00:32:34 info: {"method":"GET","url":"/api/v1/articles/65f5e7d1262d138d69abf9c8","status":304,"response_time":236.554}
2024-03-21 00:33:11 info: {"method":"GET","url":"/api/v1/articles/65f5e7d1262d138d69abf9c8","status":304,"response_time":561.367}
2024-03-21 00:35:21 info: {"method":"GET","url":"/api/v1/articles/65f5e7d1262d138d69abf9c8","status":304,"response_time":250.041}
2024-03-21 00:36:58 info: {"method":"GET","url":"/api/v1/articles/65f5e7d1262d138d69abf9c8","status":304,"response_time":261.206}
2024-03-21 00:37:01 info: {"method":"GET","url":"/api/v1/articles/65f5e7d1262d138d69abf9c8","status":304,"response_time":266.673}
2024-03-21 00:37:20 info: {"method":"GET","url":"/api/v1/articles/65f5e7d1262d138d69abf9c8","status":304,"response_time":255.103}
2024-03-21 00:40:54 info: {"method":"GET","url":"/api/v1/articles/65f5e7d1262d138d69abf9c8","status":304,"response_time":326.458}
2024-03-21 00:43:15 info: {"method":"GET","url":"/api/v1/articles/65f5e7d1262d138d69abf9c8","status":304,"response_time":242.322}
2024-03-21 00:43:15 info: {"method":"GET","url":"/api/v1/articles/65f5e7d1262d138d69abf9c8","status":304,"response_time":242.972}
2024-03-21 00:43:25 info: {"method":"GET","url":"/api/v1/articles/65f5e7d1262d138d69abf9c8","status":304,"response_time":240.44}
2024-03-21 00:44:12 info: {"method":"GET","url":"/api/v1/articles/65f5e7d1262d138d69abf9c8","status":304,"response_time":243.435}
2024-03-21 00:44:18 info: {"method":"GET","url":"/api/v1/articles/65f5e7d1262d138d69abf9c8","status":304,"response_time":237.627}
2024-03-21 00:44:22 info: {"method":"GET","url":"/api/v1/articles/65f5e7d1262d138d69abf9c8","status":304,"response_time":248.501}
2024-03-21 00:45:21 info: {"method":"GET","url":"/api/v1/articles/65f5e7d1262d138d69abf9c8","status":304,"response_time":250.928}
2024-03-21 00:47:18 info: {"method":"GET","url":"/api/v1/articles/65f5e7d1262d138d69abf9c8","status":304,"response_time":244.096}
2024-03-21 00:47:38 info: {"method":"GET","url":"/api/v1/articles/65f5e7d1262d138d69abf9c8","status":304,"response_time":238.837}
2024-03-21 00:48:41 info: {"method":"GET","url":"/api/v1/articles/65f5e7d1262d138d69abf9c8","status":304,"response_time":256.844}
2024-03-21 00:50:06 info: {"method":"GET","url":"/api/v1/articles/65f5e7d1262d138d69abf9c8","status":304,"response_time":346.183}
2024-03-21 00:50:58 info: {"method":"GET","url":"/api/v1/articles/65f5e7d1262d138d69abf9c8","status":304,"response_time":243.739}
2024-03-21 00:54:05 info: {"method":"GET","url":"/api/v1/articles/65f5e7d1262d138d69abf9c8","status":304,"response_time":430.62}
2024-03-21 00:54:31 info: {"method":"GET","url":"/api/v1/articles/65f5e7d1262d138d69abf9c8","status":304,"response_time":253.438}
2024-03-21 00:55:11 info: {"method":"GET","url":"/api/v1/articles?page=1&limit=10&search=","status":304,"response_time":583.619}
2024-03-21 00:55:14 info: {"method":"GET","url":"/api/v1/articles/65f5e7d1262d138d69abf9c8","status":304,"response_time":251.034}
2024-03-21 00:55:17 info: {"method":"GET","url":"/api/v1/articles?page=1&limit=10&search=","status":304,"response_time":239.688}
2024-03-21 00:55:20 info: {"method":"GET","url":"/api/v1/articles/65e09e14f45368b1020ed7e7","status":200,"content_length":"666","response_time":251.323}
2024-03-21 00:55:27 info: {"method":"GET","url":"/api/v1/articles?page=1&limit=10&search=","status":304,"response_time":250.319}
2024-03-21 00:55:32 info: {"method":"GET","url":"/api/v1/articles/65f5e813262d138d69abf9cc","status":200,"response_time":244.344}
2024-03-21 00:55:35 info: {"method":"GET","url":"/api/v1/articles?page=1&limit=10&search=","status":304,"response_time":240.683}
2024-03-21 00:55:38 info: {"method":"GET","url":"/api/v1/articles/65f5e7d1262d138d69abf9c8","status":304,"response_time":245.135}
2024-03-21 00:55:47 info: {"method":"GET","url":"/api/v1/articles?page=1&limit=10&search=","status":304,"response_time":244.084}
2024-03-21 00:56:24 info: {"method":"GET","url":"/api/v1/articles?page=2&limit=10&search=","status":304,"response_time":241.53}
2024-03-21 00:56:32 info: {"method":"GET","url":"/api/v1/articles?page=1&limit=10&search=","status":304,"response_time":244.522}
2024-03-21 00:56:34 info: {"method":"GET","url":"/api/v1/articles?page=2&limit=10&search=","status":304,"response_time":247.816}
2024-03-21 00:56:40 info: {"method":"GET","url":"/api/v1/articles?page=1&limit=10&search=","status":304,"response_time":245.596}
2024-03-21 00:56:46 info: {"method":"GET","url":"/api/v1/articles?page=2&limit=10&search=","status":304,"response_time":243.257}
2024-03-21 00:56:52 info: {"method":"GET","url":"/api/v1/articles?page=1&limit=10&search=","status":304,"response_time":237.94}
2024-03-21 00:56:56 info: {"method":"GET","url":"/api/v1/articles/65f5e6625bc16402f19e798c","status":304,"response_time":237.983}
2024-03-21 00:56:59 info: {"method":"GET","url":"/api/v1/articles?page=1&limit=10&search=","status":304,"response_time":266.168}
2024-03-21 00:57:02 info: {"method":"GET","url":"/api/v1/articles/65f5e6625bc16402f19e798c","status":304,"response_time":440.874}
2024-03-21 00:57:04 info: {"method":"GET","url":"/api/v1/articles?page=1&limit=10&search=","status":304,"response_time":239.98}
2024-03-21 00:57:09 info: {"method":"GET","url":"/api/v1/articles?page=1&limit=10&search=","status":304,"response_time":293.024}
2024-03-21 00:57:09 info: {"method":"GET","url":"/api/v1/articles?page=1&limit=10&search=","status":304,"response_time":239.713}
2024-03-21 00:57:10 info: {"method":"GET","url":"/api/v1/articles?page=1&limit=10&search=","status":304,"response_time":238.008}
2024-03-21 00:57:17 info: {"method":"GET","url":"/api/v1/articles/65f5e6625bc16402f19e798c","status":304,"response_time":241.505}
2024-03-21 01:00:23 info: {"method":"OPTIONS","url":"/api/v1/auth/signin","status":204,"content_length":"0","response_time":14.39}
2024-03-21 01:00:24 info: {"method":"POST","url":"/api/v1/auth/signin","status":200,"content_length":"528","response_time":1339.139}
2024-03-21 01:00:25 info: {"method":"OPTIONS","url":"/api/v1/articles?page=1&limit=10&search=","status":204,"content_length":"0","response_time":0.351}
2024-03-21 01:00:25 info: {"method":"GET","url":"/api/v1/articles?page=1&limit=10&search=","status":304,"response_time":384.389}
2024-03-21 01:01:14 info: {"method":"OPTIONS","url":"/api/v1/articles?page=1&limit=10&search=","status":204,"content_length":"0","response_time":0.36}
2024-03-21 01:01:14 info: {"method":"GET","url":"/api/v1/articles?page=1&limit=10&search=","status":304,"response_time":357.302}
2024-03-21 01:02:49 info: {"method":"OPTIONS","url":"/api/v1/articles?page=1&limit=10&search=","status":204,"content_length":"0","response_time":1.681}
2024-03-21 01:02:49 info: {"method":"GET","url":"/api/v1/articles?page=1&limit=10&search=","status":304,"response_time":408.792}
2024-03-21 01:03:00 info: {"method":"OPTIONS","url":"/api/v1/articles/author/self?page=1&limit=10&search=","status":204,"content_length":"0","response_time":0.498}
2024-03-21 01:03:01 info: {"method":"GET","url":"/api/v1/articles/author/self?page=1&limit=10&search=","status":200,"response_time":495.527}
2024-03-21 01:03:23 info: {"method":"OPTIONS","url":"/api/v1/articles?page=1&limit=10&search=","status":204,"content_length":"0","response_time":0.236}
2024-03-21 01:03:23 info: {"method":"GET","url":"/api/v1/articles?page=1&limit=10&search=","status":304,"response_time":359.508}
2024-03-21 01:05:39 info: {"method":"OPTIONS","url":"/api/v1/articles?page=1&limit=10&search=","status":204,"content_length":"0","response_time":31.175}
2024-03-21 01:05:39 info: {"method":"GET","url":"/api/v1/articles?page=1&limit=10&search=","status":304,"response_time":504.104}
2024-03-21 01:05:42 info: {"method":"OPTIONS","url":"/api/v1/articles/author/self?page=1&limit=10&search=","status":204,"content_length":"0","response_time":0.389}
2024-03-21 01:05:42 info: {"method":"GET","url":"/api/v1/articles/author/self?page=1&limit=10&search=","status":304,"response_time":468.472}
2024-03-21 01:05:52 info: {"method":"OPTIONS","url":"/api/v1/articles?page=1&limit=10&search=","status":204,"content_length":"0","response_time":0.456}
2024-03-21 01:05:53 info: {"method":"GET","url":"/api/v1/articles?page=1&limit=10&search=","status":304,"response_time":340.241}
2024-03-21 01:05:58 info: {"method":"OPTIONS","url":"/api/v1/articles?page=1&limit=10&search=","status":204,"content_length":"0","response_time":0.251}
2024-03-21 01:05:59 info: {"method":"GET","url":"/api/v1/articles?page=1&limit=10&search=","status":304,"response_time":354.168}
2024-03-21 01:05:59 info: {"method":"GET","url":"/api/v1/articles?page=1&limit=10&search=","status":304,"response_time":335.667}
2024-03-21 01:06:11 info: {"method":"OPTIONS","url":"/api/v1/articles?page=2&limit=10&search=","status":204,"content_length":"0","response_time":0.562}
2024-03-21 01:06:11 info: {"method":"GET","url":"/api/v1/articles?page=2&limit=10&search=","status":304,"response_time":336.179}
2024-03-21 01:09:13 info: {"method":"OPTIONS","url":"/api/v1/articles?page=3&limit=10&search=","status":204,"content_length":"0","response_time":11.398}
2024-03-21 01:09:14 info: {"method":"GET","url":"/api/v1/articles?page=3&limit=10&search=","status":200,"response_time":517.504}
2024-03-21 01:20:02 info: {"method":"OPTIONS","url":"/api/v1/articles?page=1&limit=10&search=","status":204,"content_length":"0","response_time":2.739}
2024-03-21 01:20:03 info: {"method":"GET","url":"/api/v1/articles?page=1&limit=10&search=","status":304,"response_time":992.193}
2024-03-21 01:20:03 info: {"method":"GET","url":"/api/v1/articles?page=1&limit=10&search=","status":304,"response_time":341.025}
2024-03-21 01:20:15 info: {"method":"OPTIONS","url":"/api/v1/articles?page=2&limit=10&search=","status":204,"content_length":"0","response_time":0.302}
2024-03-21 01:20:16 info: {"method":"GET","url":"/api/v1/articles?page=2&limit=10&search=","status":304,"response_time":346.185}
2024-03-21 01:20:27 info: {"method":"OPTIONS","url":"/api/v1/articles?page=3&limit=10&search=","status":204,"content_length":"0","response_time":0.719}
2024-03-21 01:20:27 info: {"method":"GET","url":"/api/v1/articles?page=3&limit=10&search=","status":304,"response_time":348.035}
2024-03-21 01:20:27 info: {"method":"OPTIONS","url":"/api/v1/articles?page=4&limit=10&search=","status":204,"content_length":"0","response_time":0.242}
2024-03-21 01:20:28 info: {"method":"GET","url":"/api/v1/articles?page=4&limit=10&search=","status":200,"response_time":340.876}
2024-03-21 01:20:56 info: {"method":"OPTIONS","url":"/api/v1/articles?page=1&limit=10&search=","status":204,"content_length":"0","response_time":0.308}
2024-03-21 01:20:56 info: {"method":"GET","url":"/api/v1/articles?page=1&limit=10&search=","status":304,"response_time":339.973}
2024-03-21 01:21:00 info: {"method":"GET","url":"/api/v1/articles?page=1&limit=10&search=","status":304,"response_time":343.994}
2024-03-21 01:21:00 info: {"method":"GET","url":"/api/v1/articles?page=1&limit=10&search=","status":304,"response_time":350.672}
2024-03-21 01:22:25 info: {"method":"OPTIONS","url":"/api/v1/articles/65f5e6625bc16402f19e798c","status":204,"content_length":"0","response_time":0.73}
2024-03-21 01:22:26 info: {"method":"GET","url":"/api/v1/articles/65f5e6625bc16402f19e798c","status":304,"response_time":495.67}
2024-03-21 01:22:32 info: {"method":"OPTIONS","url":"/api/v1/articles?page=1&limit=10&search=","status":204,"content_length":"0","response_time":0.299}
2024-03-21 01:22:33 info: {"method":"GET","url":"/api/v1/articles?page=1&limit=10&search=","status":304,"response_time":357.669}
2024-03-21 01:23:59 info: {"method":"OPTIONS","url":"/api/v1/articles?page=2&limit=10&search=","status":204,"content_length":"0","response_time":0.29}
2024-03-21 01:23:59 info: {"method":"GET","url":"/api/v1/articles?page=2&limit=10&search=","status":304,"response_time":749.57}
2024-03-21 01:24:25 info: {"method":"OPTIONS","url":"/api/v1/articles?page=1&limit=10&search=","status":204,"content_length":"0","response_time":0.332}
2024-03-21 01:24:25 info: {"method":"GET","url":"/api/v1/articles?page=1&limit=10&search=","status":304,"response_time":360.705}
2024-03-21 01:24:26 info: {"method":"GET","url":"/api/v1/articles?page=1&limit=10&search=","status":304,"response_time":358.261}
2024-03-21 01:25:05 info: {"method":"OPTIONS","url":"/api/v1/articles?page=1&limit=10&search=","status":204,"content_length":"0","response_time":0.392}
2024-03-21 01:25:05 info: {"method":"OPTIONS","url":"/api/v1/articles?page=1&limit=10&search=","status":204,"content_length":"0","response_time":0.272}
2024-03-21 01:25:06 info: {"method":"GET","url":"/api/v1/articles?page=1&limit=10&search=","status":304,"response_time":368.439}
2024-03-21 01:25:06 info: {"method":"GET","url":"/api/v1/articles?page=1&limit=10&search=","status":304,"response_time":369.786}
2024-03-21 01:26:30 info: {"method":"OPTIONS","url":"/api/v1/articles?page=1&limit=10&search=","status":204,"content_length":"0","response_time":0.619}
2024-03-21 01:26:31 info: {"method":"GET","url":"/api/v1/articles?page=1&limit=10&search=","status":304,"response_time":734.427}
2024-03-21 01:26:31 info: {"method":"GET","url":"/api/v1/articles?page=1&limit=10&search=","status":304,"response_time":357.118}
2024-03-21 01:26:46 info: {"method":"OPTIONS","url":"/api/v1/articles?page=1&limit=10&search=","status":204,"content_length":"0","response_time":0.225}
2024-03-21 01:26:46 info: {"method":"GET","url":"/api/v1/articles?page=1&limit=10&search=","status":304,"response_time":372.177}
2024-03-21 01:26:47 info: {"method":"GET","url":"/api/v1/articles?page=1&limit=10&search=","status":304,"response_time":357.343}
2024-03-21 01:27:03 info: {"method":"OPTIONS","url":"/api/v1/articles?page=2&limit=10&search=","status":204,"content_length":"0","response_time":0.282}
2024-03-21 01:27:04 info: {"method":"GET","url":"/api/v1/articles?page=2&limit=10&search=","status":304,"response_time":366.887}
2024-03-21 01:28:14 info: {"method":"OPTIONS","url":"/api/v1/articles?page=3&limit=10&search=","status":204,"content_length":"0","response_time":2.233}
2024-03-21 01:28:15 info: {"method":"GET","url":"/api/v1/articles?page=3&limit=10&search=","status":304,"response_time":362.087}
2024-03-21 01:28:18 info: {"method":"OPTIONS","url":"/api/v1/articles?page=1&limit=10&search=","status":204,"content_length":"0","response_time":0.567}
2024-03-21 01:28:19 info: {"method":"GET","url":"/api/v1/articles?page=1&limit=10&search=","status":304,"response_time":739.373}
2024-03-21 01:29:00 info: {"method":"OPTIONS","url":"/api/v1/articles?page=2&limit=10&search=","status":204,"content_length":"0","response_time":0.44}
2024-03-21 01:29:01 info: {"method":"GET","url":"/api/v1/articles?page=2&limit=10&search=","status":304,"response_time":608.279}
2024-03-21 01:29:12 info: {"method":"OPTIONS","url":"/api/v1/articles?page=1&limit=10&search=","status":204,"content_length":"0","response_time":0.31}
2024-03-21 01:29:13 info: {"method":"GET","url":"/api/v1/articles?page=1&limit=10&search=","status":304,"response_time":695.59}
2024-03-21 01:29:25 info: {"method":"OPTIONS","url":"/api/v1/articles/65f5e6625bc16402f19e798c","status":204,"content_length":"0","response_time":0.366}
2024-03-21 01:29:25 info: {"method":"GET","url":"/api/v1/articles/65f5e6625bc16402f19e798c","status":304,"response_time":451.273}
2024-03-21 01:29:31 info: {"method":"OPTIONS","url":"/api/v1/articles?page=1&limit=10&search=","status":204,"content_length":"0","response_time":0.3}
2024-03-21 01:29:31 info: {"method":"GET","url":"/api/v1/articles?page=1&limit=10&search=","status":304,"response_time":365.681}
2024-03-21 01:30:15 info: {"method":"OPTIONS","url":"/api/v1/articles/65f5e6625bc16402f19e798c","status":204,"content_length":"0","response_time":0.302}
2024-03-21 01:30:16 info: {"method":"GET","url":"/api/v1/articles/65f5e6625bc16402f19e798c","status":304,"response_time":691.52}
2024-03-21 01:30:20 info: {"method":"OPTIONS","url":"/api/v1/articles?page=1&limit=10&search=","status":204,"content_length":"0","response_time":1.065}
2024-03-21 01:30:20 info: {"method":"GET","url":"/api/v1/articles?page=1&limit=10&search=","status":304,"response_time":364.186}
2024-03-21 01:30:57 info: {"method":"OPTIONS","url":"/api/v1/articles?page=2&limit=10&search=","status":204,"content_length":"0","response_time":192.228}
2024-03-21 01:30:58 info: {"method":"GET","url":"/api/v1/articles?page=2&limit=10&search=","status":304,"response_time":364.291}
2024-03-21 01:31:03 info: {"method":"OPTIONS","url":"/api/v1/articles?page=1&limit=10&search=","status":204,"content_length":"0","response_time":1.104}
2024-03-21 01:31:03 info: {"method":"GET","url":"/api/v1/articles?page=1&limit=10&search=","status":304,"response_time":509.654}
2024-03-21 01:31:11 info: {"method":"OPTIONS","url":"/api/v1/articles?page=1&limit=10&search=","status":204,"content_length":"0","response_time":0.378}
2024-03-21 01:31:12 info: {"method":"GET","url":"/api/v1/articles?page=1&limit=10&search=","status":304,"response_time":353.71}
2024-03-21 01:31:52 info: {"method":"OPTIONS","url":"/api/v1/articles?page=2&limit=10&search=","status":204,"content_length":"0","response_time":0.26}
2024-03-21 01:31:52 info: {"method":"GET","url":"/api/v1/articles?page=2&limit=10&search=","status":304,"response_time":377.832}
2024-03-21 01:32:15 info: {"method":"OPTIONS","url":"/api/v1/articles?page=1&limit=10&search=","status":204,"content_length":"0","response_time":0.51}
2024-03-21 01:32:15 info: {"method":"GET","url":"/api/v1/articles?page=1&limit=10&search=","status":304,"response_time":358.82}
2024-03-21 01:32:32 info: {"method":"OPTIONS","url":"/api/v1/articles?page=1&limit=10&search=","status":204,"content_length":"0","response_time":0.33}
2024-03-21 01:32:33 info: {"method":"GET","url":"/api/v1/articles?page=1&limit=10&search=","status":304,"response_time":358.966}
2024-03-21 01:33:32 info: {"method":"OPTIONS","url":"/api/v1/articles?page=1&limit=10&search=","status":204,"content_length":"0","response_time":0.332}
2024-03-21 01:33:32 info: {"method":"GET","url":"/api/v1/articles?page=1&limit=10&search=","status":304,"response_time":525.053}
2024-03-21 01:33:52 info: {"method":"OPTIONS","url":"/api/v1/articles?page=2&limit=10&search=","status":204,"content_length":"0","response_time":0.271}
2024-03-21 01:33:52 info: {"method":"GET","url":"/api/v1/articles?page=2&limit=10&search=","status":304,"response_time":393.197}
2024-03-21 01:33:53 info: {"method":"GET","url":"/api/v1/articles?page=2&limit=10&search=","status":304,"response_time":369.204}
2024-03-21 01:33:58 info: {"method":"OPTIONS","url":"/api/v1/articles?page=3&limit=10&search=","status":204,"content_length":"0","response_time":0.556}
2024-03-21 01:33:58 info: {"method":"GET","url":"/api/v1/articles?page=3&limit=10&search=","status":304,"response_time":359.443}
2024-03-21 01:34:02 info: {"method":"OPTIONS","url":"/api/v1/articles?page=4&limit=10&search=","status":204,"content_length":"0","response_time":0.975}
2024-03-21 01:34:02 info: {"method":"GET","url":"/api/v1/articles?page=4&limit=10&search=","status":304,"response_time":423.727}
2024-03-21 01:34:03 info: {"method":"GET","url":"/api/v1/articles?page=4&limit=10&search=","status":304,"response_time":407.747}
2024-03-21 01:34:47 info: {"method":"OPTIONS","url":"/api/v1/articles?page=1&limit=10&search=","status":204,"content_length":"0","response_time":0.329}
2024-03-21 01:34:48 info: {"method":"GET","url":"/api/v1/articles?page=1&limit=10&search=","status":304,"response_time":370.829}
2024-03-21 01:36:21 info: {"method":"OPTIONS","url":"/api/v1/articles?page=1&limit=10&search=","status":204,"content_length":"0","response_time":0.283}
2024-03-21 01:36:21 info: {"method":"GET","url":"/api/v1/articles?page=1&limit=10&search=","status":304,"response_time":355.445}
2024-03-21 01:36:34 info: {"method":"OPTIONS","url":"/api/v1/articles?page=2&limit=10&search=","status":204,"content_length":"0","response_time":0.332}
2024-03-21 01:36:35 info: {"method":"GET","url":"/api/v1/articles?page=2&limit=10&search=","status":304,"response_time":1077.689}
2024-03-21 01:37:23 info: {"method":"OPTIONS","url":"/api/v1/articles?page=3&limit=10&search=","status":204,"content_length":"0","response_time":0.339}
2024-03-21 01:37:24 info: {"method":"GET","url":"/api/v1/articles?page=3&limit=10&search=","status":304,"response_time":362.357}
2024-03-21 01:38:08 info: {"method":"OPTIONS","url":"/api/v1/articles?page=4&limit=10&search=","status":204,"content_length":"0","response_time":0.477}
2024-03-21 01:38:08 info: {"method":"GET","url":"/api/v1/articles?page=4&limit=10&search=","status":304,"response_time":363.404}
2024-03-21 01:38:16 info: {"method":"OPTIONS","url":"/api/v1/articles?page=1&limit=10&search=","status":204,"content_length":"0","response_time":0.87}
2024-03-21 01:38:16 info: {"method":"GET","url":"/api/v1/articles?page=1&limit=10&search=","status":304,"response_time":356.658}
2024-03-21 01:38:22 info: {"method":"OPTIONS","url":"/api/v1/articles?page=2&limit=10&search=","status":204,"content_length":"0","response_time":0.395}
2024-03-21 01:38:23 info: {"method":"GET","url":"/api/v1/articles?page=2&limit=10&search=","status":304,"response_time":362.611}
2024-03-21 01:38:28 info: {"method":"OPTIONS","url":"/api/v1/articles?page=1&limit=10&search=","status":204,"content_length":"0","response_time":0.231}
2024-03-21 01:38:28 info: {"method":"GET","url":"/api/v1/articles?page=1&limit=10&search=","status":304,"response_time":356.688}
2024-03-21 01:39:54 info: {"method":"OPTIONS","url":"/api/v1/articles?page=1&limit=10&search=","status":204,"content_length":"0","response_time":0.296}
2024-03-21 01:39:54 info: {"method":"OPTIONS","url":"/api/v1/articles?page=1&limit=10&search=","status":204,"content_length":"0","response_time":0.808}
2024-03-21 01:39:56 info: {"method":"GET","url":"/api/v1/articles?page=1&limit=10&search=","status":304,"response_time":1440.597}
2024-03-21 01:39:56 info: {"method":"OPTIONS","url":"/api/v1/articles?page=2&limit=10&search=","status":204,"content_length":"0","response_time":0.225}
2024-03-21 01:39:56 info: {"method":"GET","url":"/api/v1/articles?page=1&limit=10&search=","status":304,"response_time":454.411}
2024-03-21 01:39:56 info: {"method":"GET","url":"/api/v1/articles?page=2&limit=10&search=","status":304,"response_time":430.017}
2024-03-21 01:39:56 info: {"method":"OPTIONS","url":"/api/v1/articles?page=3&limit=10&search=","status":204,"content_length":"0","response_time":0.234}
2024-03-21 01:39:57 info: {"method":"GET","url":"/api/v1/articles?page=3&limit=10&search=","status":304,"response_time":482.497}
2024-03-21 01:39:57 info: {"method":"OPTIONS","url":"/api/v1/articles?page=4&limit=10&search=","status":204,"content_length":"0","response_time":0.287}
2024-03-21 01:39:58 info: {"method":"GET","url":"/api/v1/articles?page=4&limit=10&search=","status":304,"response_time":1046.117}
2024-03-21 01:40:52 info: {"method":"OPTIONS","url":"/api/v1/articles?page=1&limit=10&search=","status":204,"content_length":"0","response_time":0.598}
2024-03-21 01:40:53 info: {"method":"GET","url":"/api/v1/articles?page=1&limit=10&search=","status":304,"response_time":373.831}
2024-03-21 01:40:53 info: {"method":"OPTIONS","url":"/api/v1/articles?page=2&limit=10&search=","status":204,"content_length":"0","response_time":0.352}
2024-03-21 01:40:53 info: {"method":"GET","url":"/api/v1/articles?page=2&limit=10&search=","status":304,"response_time":382.056}
2024-03-21 01:40:53 info: {"method":"OPTIONS","url":"/api/v1/articles?page=3&limit=10&search=","status":204,"content_length":"0","response_time":0.332}
2024-03-21 01:40:54 info: {"method":"GET","url":"/api/v1/articles?page=3&limit=10&search=","status":304,"response_time":355.611}
2024-03-21 01:40:54 info: {"method":"OPTIONS","url":"/api/v1/articles?page=4&limit=10&search=","status":204,"content_length":"0","response_time":0.265}
2024-03-21 01:40:54 info: {"method":"GET","url":"/api/v1/articles?page=4&limit=10&search=","status":304,"response_time":369.456}
2024-03-21 01:41:02 info: {"method":"OPTIONS","url":"/api/v1/articles?page=1&limit=10&search=","status":204,"content_length":"0","response_time":0.339}
2024-03-21 01:41:02 info: {"method":"GET","url":"/api/v1/articles?page=1&limit=10&search=","status":304,"response_time":358.109}
2024-03-21 01:41:44 info: {"method":"OPTIONS","url":"/api/v1/articles?page=1&limit=10&search=","status":204,"content_length":"0","response_time":0.567}
2024-03-21 01:41:44 info: {"method":"GET","url":"/api/v1/articles?page=1&limit=10&search=","status":304,"response_time":353.515}
2024-03-21 01:42:31 info: {"method":"OPTIONS","url":"/api/v1/articles?page=1&limit=10&search=","status":204,"content_length":"0","response_time":0.285}
2024-03-21 01:42:31 info: {"method":"GET","url":"/api/v1/articles?page=1&limit=10&search=","status":304,"response_time":352.132}
2024-03-21 01:42:45 info: {"method":"OPTIONS","url":"/api/v1/articles?page=2&limit=10&search=","status":204,"content_length":"0","response_time":0.248}
2024-03-21 01:42:45 info: {"method":"GET","url":"/api/v1/articles?page=2&limit=10&search=","status":304,"response_time":408.97}
2024-03-21 01:42:54 info: {"method":"OPTIONS","url":"/api/v1/articles?page=3&limit=10&search=","status":204,"content_length":"0","response_time":0.274}
2024-03-21 01:42:55 info: {"method":"GET","url":"/api/v1/articles?page=3&limit=10&search=","status":304,"response_time":373.288}
2024-03-21 01:43:09 info: {"method":"OPTIONS","url":"/api/v1/articles?page=4&limit=10&search=","status":204,"content_length":"0","response_time":0.32}
2024-03-21 01:43:10 info: {"method":"GET","url":"/api/v1/articles?page=4&limit=10&search=","status":304,"response_time":803.509}
2024-03-21 01:43:11 info: {"method":"GET","url":"/api/v1/articles?page=4&limit=10&search=","status":304,"response_time":1312.242}
2024-03-21 01:43:59 info: {"method":"OPTIONS","url":"/api/v1/articles/65f608f372747c4c94399e94","status":204,"content_length":"0","response_time":0.327}
2024-03-21 01:44:00 info: {"method":"GET","url":"/api/v1/articles/65f608f372747c4c94399e94","status":200,"content_length":"647","response_time":451.222}
2024-03-21 01:44:16 info: {"method":"OPTIONS","url":"/api/v1/articles?page=1&limit=10&search=","status":204,"content_length":"0","response_time":0.867}
2024-03-21 01:44:16 info: {"method":"GET","url":"/api/v1/articles?page=1&limit=10&search=","status":304,"response_time":474.238}
2024-03-21 01:44:30 info: {"method":"OPTIONS","url":"/api/v1/articles?page=1&limit=10&search=","status":204,"content_length":"0","response_time":0.273}
2024-03-21 01:44:30 info: {"method":"GET","url":"/api/v1/articles?page=1&limit=10&search=","status":304,"response_time":361.178}
2024-03-21 01:52:35 info: {"method":"OPTIONS","url":"/api/v1/articles?page=1&limit=10&search=","status":204,"content_length":"0","response_time":0.645}
2024-03-21 01:52:35 info: {"method":"GET","url":"/api/v1/articles?page=1&limit=10&search=","status":304,"response_time":364.82}
2024-03-21 01:52:43 info: {"method":"OPTIONS","url":"/api/v1/articles?page=1&limit=10&search=","status":204,"content_length":"0","response_time":0.254}
2024-03-21 01:52:43 info: {"method":"GET","url":"/api/v1/articles?page=1&limit=10&search=","status":304,"response_time":382.699}
2024-03-21 01:52:49 info: {"method":"OPTIONS","url":"/api/v1/articles/65e09e2bfe6bdee14b470a27","status":204,"content_length":"0","response_time":0.264}
2024-03-21 01:52:50 info: {"method":"GET","url":"/api/v1/articles/65e09e2bfe6bdee14b470a27","status":200,"content_length":"666","response_time":441.44}
2024-03-21 01:52:56 info: {"method":"OPTIONS","url":"/api/v1/articles?page=1&limit=10&search=","status":204,"content_length":"0","response_time":1.688}
2024-03-21 01:52:56 info: {"method":"GET","url":"/api/v1/articles?page=1&limit=10&search=","status":304,"response_time":353}
2024-03-21 01:52:59 info: {"method":"OPTIONS","url":"/api/v1/articles/65f5e7d1262d138d69abf9c8","status":204,"content_length":"0","response_time":0.765}
2024-03-21 01:52:59 info: {"method":"GET","url":"/api/v1/articles/65f5e7d1262d138d69abf9c8","status":304,"response_time":382.672}
2024-03-21 01:53:05 info: {"method":"OPTIONS","url":"/api/v1/articles?page=1&limit=10&search=","status":204,"content_length":"0","response_time":0.457}
2024-03-21 01:53:06 info: {"method":"GET","url":"/api/v1/articles?page=1&limit=10&search=","status":304,"response_time":350.667}
2024-03-21 01:53:08 info: {"method":"OPTIONS","url":"/api/v1/articles/65f5e6625bc16402f19e798c","status":204,"content_length":"0","response_time":0.562}
2024-03-21 01:53:08 info: {"method":"GET","url":"/api/v1/articles/65f5e6625bc16402f19e798c","status":304,"response_time":369.426}
2024-03-21 01:53:10 info: {"method":"GET","url":"/api/v1/articles?page=1&limit=10&search=","status":304,"response_time":371.695}
2024-03-21 01:53:13 info: {"method":"OPTIONS","url":"/api/v1/articles?page=2&limit=10&search=","status":204,"content_length":"0","response_time":0.588}
2024-03-21 01:53:13 info: {"method":"GET","url":"/api/v1/articles?page=2&limit=10&search=","status":304,"response_time":362.872}
2024-03-21 01:53:14 info: {"method":"GET","url":"/api/v1/articles?page=2&limit=10&search=","status":304,"response_time":373.703}
2024-03-21 01:53:14 info: {"method":"OPTIONS","url":"/api/v1/articles?page=3&limit=10&search=","status":204,"content_length":"0","response_time":0.132}
2024-03-21 01:53:14 info: {"method":"GET","url":"/api/v1/articles?page=3&limit=10&search=","status":304,"response_time":361.159}
2024-03-21 01:53:15 info: {"method":"GET","url":"/api/v1/articles?page=3&limit=10&search=","status":304,"response_time":374.419}
2024-03-21 01:53:15 info: {"method":"OPTIONS","url":"/api/v1/articles?page=4&limit=10&search=","status":204,"content_length":"0","response_time":0.15}
2024-03-21 01:53:15 info: {"method":"GET","url":"/api/v1/articles?page=4&limit=10&search=","status":304,"response_time":358.388}
2024-03-21 01:53:15 info: {"method":"GET","url":"/api/v1/articles?page=4&limit=10&search=","status":304,"response_time":353.762}
2024-03-21 01:53:21 info: {"method":"OPTIONS","url":"/api/v1/articles?page=1&limit=10&search=","status":204,"content_length":"0","response_time":0.212}
2024-03-21 01:53:21 info: {"method":"GET","url":"/api/v1/articles?page=1&limit=10&search=","status":304,"response_time":375.203}
2024-03-21 01:53:26 info: {"method":"OPTIONS","url":"/api/v1/articles?page=2&limit=10&search=","status":204,"content_length":"0","response_time":0.346}
2024-03-21 01:53:27 info: {"method":"GET","url":"/api/v1/articles?page=2&limit=10&search=","status":304,"response_time":360.241}
2024-03-21 01:53:33 info: {"method":"OPTIONS","url":"/api/v1/articles?page=3&limit=10&search=","status":204,"content_length":"0","response_time":0.44}
2024-03-21 01:53:34 info: {"method":"GET","url":"/api/v1/articles?page=3&limit=10&search=","status":304,"response_time":357.892}
2024-03-21 01:53:41 info: {"method":"OPTIONS","url":"/api/v1/articles?page=4&limit=10&search=","status":204,"content_length":"0","response_time":0.339}
2024-03-21 01:53:42 info: {"method":"GET","url":"/api/v1/articles?page=4&limit=10&search=","status":304,"response_time":360.231}
2024-03-21 01:53:49 info: {"method":"OPTIONS","url":"/api/v1/articles?page=1&limit=10&search=","status":204,"content_length":"0","response_time":0.264}
2024-03-21 01:53:49 info: {"method":"GET","url":"/api/v1/articles?page=1&limit=10&search=","status":304,"response_time":369.938}
