2024-03-02 21:00:47 info: 🚀 App listening on the port 5000
2024-03-02 21:55:18 info: 🚀 App listening on the port 5000
2024-03-02 21:55:58 info: 🚀 App listening on the port 5000
2024-03-02 21:56:54 info: 🚀 App listening on the port 5000
2024-03-02 21:57:06 error: Error: Authentication Failed,    at authenticationError (G:\Programming\projects\FullStack\MERN Blog\server\src\utils\error.js:9:17),    at exports.isAuthenticated (G:\Programming\projects\FullStack\MERN Blog\server\src\middlewarers\authMiddleware.js:36:17),    at Layer.handle [as handle_request] (G:\Programming\projects\FullStack\MERN Blog\server\node_modules\express\lib\router\layer.js:95:5),    at next (G:\Programming\projects\FullStack\MERN Blog\server\node_modules\express\lib\router\route.js:144:13),    at Route.dispatch (G:\Programming\projects\FullStack\MERN Blog\server\node_modules\express\lib\router\route.js:114:3),    at Layer.handle [as handle_request] (G:\Programming\projects\FullStack\MERN Blog\server\node_modules\express\lib\router\layer.js:95:5),    at G:\Programming\projects\FullStack\MERN Blog\server\node_modules\express\lib\router\index.js:284:15,    at Function.process_params (G:\Programming\projects\FullStack\MERN Blog\server\node_modules\express\lib\router\index.js:346:12),    at next (G:\Programming\projects\FullStack\MERN Blog\server\node_modules\express\lib\router\index.js:280:10),    at Function.handle (G:\Programming\projects\FullStack\MERN Blog\server\node_modules\express\lib\router\index.js:175:3)
2024-03-02 21:57:06 info: {"method":"GET","url":"/api/v1/users/self/profile","status":401,"content_length":"62","response_time":39.114}
2024-03-02 21:57:55 info: {"method":"POST","url":"/api/v1/auth/login","status":200,"content_length":"528","response_time":1895.972}
2024-03-02 21:58:13 error: Error: Authentication Failed,    at authenticationError (G:\Programming\projects\FullStack\MERN Blog\server\src\utils\error.js:9:17),    at exports.isAuthenticated (G:\Programming\projects\FullStack\MERN Blog\server\src\middlewarers\authMiddleware.js:36:17),    at Layer.handle [as handle_request] (G:\Programming\projects\FullStack\MERN Blog\server\node_modules\express\lib\router\layer.js:95:5),    at next (G:\Programming\projects\FullStack\MERN Blog\server\node_modules\express\lib\router\route.js:144:13),    at Route.dispatch (G:\Programming\projects\FullStack\MERN Blog\server\node_modules\express\lib\router\route.js:114:3),    at Layer.handle [as handle_request] (G:\Programming\projects\FullStack\MERN Blog\server\node_modules\express\lib\router\layer.js:95:5),    at G:\Programming\projects\FullStack\MERN Blog\server\node_modules\express\lib\router\index.js:284:15,    at Function.process_params (G:\Programming\projects\FullStack\MERN Blog\server\node_modules\express\lib\router\index.js:346:12),    at next (G:\Programming\projects\FullStack\MERN Blog\server\node_modules\express\lib\router\index.js:280:10),    at Function.handle (G:\Programming\projects\FullStack\MERN Blog\server\node_modules\express\lib\router\index.js:175:3)
2024-03-02 21:58:13 info: {"method":"GET","url":"/api/v1/users/self/profile","status":401,"content_length":"62","response_time":4.26}
2024-03-02 21:58:50 info: 🚀 App listening on the port 5000
2024-03-02 21:59:08 info: {"method":"GET","url":"/api/v1/users/self/profile","status":200,"content_length":"326","response_time":586.757}
2024-03-02 21:59:32 error: StrictPopulateError: Cannot populate path `articles` because it is not in your schema. Set the `strictPopulate` option to false to override.,    at getModelsMapForPopulate (G:\Programming\projects\FullStack\MERN Blog\server\node_modules\mongoose\lib\helpers\populate\getModelsMapForPopulate.js:48:12),    at populate (G:\Programming\projects\FullStack\MERN Blog\server\node_modules\mongoose\lib\model.js:4825:21),    at _populate (G:\Programming\projects\FullStack\MERN Blog\server\node_modules\mongoose\lib\model.js:4785:5),    at G:\Programming\projects\FullStack\MERN Blog\server\node_modules\mongoose\lib\model.js:4762:5,    at promiseOrCallback (G:\Programming\projects\FullStack\MERN Blog\server\node_modules\mongoose\lib\helpers\promiseOrCallback.js:11:14),    at Mongoose._promiseOrCallback (G:\Programming\projects\FullStack\MERN Blog\server\node_modules\mongoose\lib\index.js:1290:10),    at Model.populate (G:\Programming\projects\FullStack\MERN Blog\server\node_modules\mongoose\lib\model.js:4760:23),    at G:\Programming\projects\FullStack\MERN Blog\server\node_modules\mongoose\lib\query.js:2516:11,    at G:\Programming\projects\FullStack\MERN Blog\server\node_modules\mongoose\lib\query.js:3327:21,    at process.processTicksAndRejections (node:internal/process/task_queues:77:11)
2024-03-02 21:59:32 info: {"method":"GET","url":"/api/v1/users/refath","status":500,"content_length":"62","response_time":211.106}
2024-03-02 22:00:19 info: 🚀 App listening on the port 5000
2024-03-02 22:00:27 error: StrictPopulateError: Cannot populate path `posts` because it is not in your schema. Set the `strictPopulate` option to false to override.,    at getModelsMapForPopulate (G:\Programming\projects\FullStack\MERN Blog\server\node_modules\mongoose\lib\helpers\populate\getModelsMapForPopulate.js:48:12),    at populate (G:\Programming\projects\FullStack\MERN Blog\server\node_modules\mongoose\lib\model.js:4825:21),    at _populate (G:\Programming\projects\FullStack\MERN Blog\server\node_modules\mongoose\lib\model.js:4785:5),    at G:\Programming\projects\FullStack\MERN Blog\server\node_modules\mongoose\lib\model.js:4762:5,    at promiseOrCallback (G:\Programming\projects\FullStack\MERN Blog\server\node_modules\mongoose\lib\helpers\promiseOrCallback.js:11:14),    at Mongoose._promiseOrCallback (G:\Programming\projects\FullStack\MERN Blog\server\node_modules\mongoose\lib\index.js:1290:10),    at Model.populate (G:\Programming\projects\FullStack\MERN Blog\server\node_modules\mongoose\lib\model.js:4760:23),    at G:\Programming\projects\FullStack\MERN Blog\server\node_modules\mongoose\lib\query.js:2516:11,    at G:\Programming\projects\FullStack\MERN Blog\server\node_modules\mongoose\lib\query.js:3327:21,    at process.processTicksAndRejections (node:internal/process/task_queues:77:11)
2024-03-02 22:00:27 info: {"method":"GET","url":"/api/v1/users/refath","status":500,"content_length":"62","response_time":236.796}
2024-03-02 22:23:13 info: 🚀 App listening on the port 5000
2024-03-02 22:24:10 info: 🚀 App listening on the port 5000
2024-03-02 22:24:21 info: {"method":"GET","url":"/api/v1/users/refath","status":200,"response_time":226.176}
2024-03-02 22:25:27 info: 🚀 App listening on the port 5000
2024-03-02 22:37:30 info: 🚀 App listening on the port 5000
2024-03-02 22:37:55 info: 🚀 App listening on the port 5000
2024-03-02 22:39:38 info: 🚀 App listening on the port 5000
2024-03-02 22:39:45 error: MongoServerError: $set specification stage must be an object, got array,    at Connection.onMessage (G:\Programming\projects\FullStack\MERN Blog\server\node_modules\mongodb\lib\cmap\connection.js:231:30),    at MessageStream.<anonymous> (G:\Programming\projects\FullStack\MERN Blog\server\node_modules\mongodb\lib\cmap\connection.js:61:60),    at MessageStream.emit (node:events:518:28),    at processIncomingData (G:\Programming\projects\FullStack\MERN Blog\server\node_modules\mongodb\lib\cmap\message_stream.js:125:16),    at MessageStream._write (G:\Programming\projects\FullStack\MERN Blog\server\node_modules\mongodb\lib\cmap\message_stream.js:33:9),    at writeOrBuffer (node:internal/streams/writable:564:12),    at _write (node:internal/streams/writable:493:10),    at Writable.write (node:internal/streams/writable:502:10),    at TLSSocket.ondata (node:internal/streams/readable:1007:22),    at TLSSocket.emit (node:events:518:28)
2024-03-02 22:39:45 info: {"method":"GET","url":"/api/v1/users/refath","status":500,"content_length":"62","response_time":231.648}
2024-03-02 22:42:25 info: 🚀 App listening on the port 5000
2024-03-02 22:42:26 info: {"method":"GET","url":"/api/v1/users/refath","status":200,"content_length":"330","response_time":320.049}
2024-03-02 22:42:51 info: 🚀 App listening on the port 5000
2024-03-02 22:42:57 info: {"method":"GET","url":"/api/v1/users/refath","status":304,"response_time":222.706}
2024-03-02 22:43:22 info: 🚀 App listening on the port 5000
2024-03-02 22:43:25 info: {"method":"GET","url":"/api/v1/users/refath","status":200,"response_time":165.512}
2024-03-02 22:43:57 info: 🚀 App listening on the port 5000
2024-03-02 22:44:00 error: Error: Resource not found,    at notFound (G:\Programming\projects\FullStack\MERN Blog\server\src\utils\error.js:15:17),    at UserService.findByUsername (G:\Programming\projects\FullStack\MERN Blog\server\src\service\UserService.js:22:13),    at process.processTicksAndRejections (node:internal/process/task_queues:95:5),    at async G:\Programming\projects\FullStack\MERN Blog\server\src\controllers\user.js:22:19
2024-03-02 22:44:00 info: {"method":"GET","url":"/api/v1/users/refath","status":404,"content_length":"59","response_time":10.106}
2024-03-02 22:44:14 info: 🚀 App listening on the port 5000
2024-03-02 22:44:22 info: 🚀 App listening on the port 5000
2024-03-02 22:44:25 info: {"method":"GET","url":"/api/v1/users/refath","status":200,"response_time":214.797}
2024-03-02 22:54:24 info: 🚀 App listening on the port 5000
2024-03-02 22:54:31 info: {"method":"GET","url":"/api/v1/users/refath","status":200,"response_time":211.395}
2024-03-02 22:57:35 info: 🚀 App listening on the port 5000
2024-03-02 22:57:45 info: {"method":"GET","url":"/api/v1/users/refath","status":200,"response_time":209.707}
2024-03-02 22:58:10 info: {"method":"GET","url":"/api/v1/users/sadia","status":200,"content_length":"213","response_time":182.515}
2024-03-02 22:58:27 info: {"method":"GET","url":"/api/v1/users/sadi","status":200,"content_length":"70","response_time":183.576}
2024-03-02 22:59:01 info: 🚀 App listening on the port 5000
2024-03-02 22:59:26 info: {"method":"GET","url":"/api/v1/users/sadi","status":304,"response_time":314.736}
2024-03-02 22:59:54 info: 🚀 App listening on the port 5000
2024-03-02 23:00:04 info: 🚀 App listening on the port 5000
2024-03-02 23:00:07 error: Error: Resource not found,    at notFound (G:\Programming\projects\FullStack\MERN Blog\server\src\utils\error.js:15:17),    at UserService.findByUsername (G:\Programming\projects\FullStack\MERN Blog\server\src\service\UserService.js:22:13),    at process.processTicksAndRejections (node:internal/process/task_queues:95:5),    at async G:\Programming\projects\FullStack\MERN Blog\server\src\controllers\user.js:22:19
2024-03-02 23:00:07 info: {"method":"GET","url":"/api/v1/users/sadi","status":404,"content_length":"59","response_time":208.422}
2024-03-02 23:00:17 info: {"method":"GET","url":"/api/v1/users/refath","status":304,"response_time":189.483}
2024-03-02 23:00:50 info: 🚀 App listening on the port 5000
