2024-03-01 10:16:36 info: 🚀 App listening on the port 5000
2024-03-01 10:21:20 info: 🚀 App listening on the port 5000
2024-03-01 10:21:37 info: 🚀 App listening on the port 5000
2024-03-01 10:22:04 info: 🚀 App listening on the port 5000
2024-03-01 10:37:44 info: 🚀 App listening on the port 5000
2024-03-01 10:38:03 info: 🚀 App listening on the port 5000
2024-03-01 10:39:11 info: 🚀 App listening on the port 5000
2024-03-01 10:39:22 info: 🚀 App listening on the port 5000
2024-03-01 10:39:48 info: 🚀 App listening on the port 5000
2024-03-01 10:40:58 info: 🚀 App listening on the port 5000
2024-03-01 10:41:07 info: 🚀 App listening on the port 5000
2024-03-01 10:41:31 info: 🚀 App listening on the port 5000
2024-03-01 10:41:41 info: 🚀 App listening on the port 5000
2024-03-01 10:42:57 info: 🚀 App listening on the port 5000
2024-03-01 10:43:58 info: 🚀 App listening on the port 5000
2024-03-01 10:44:09 info: 🚀 App listening on the port 5000
2024-03-01 10:44:19 info: 🚀 App listening on the port 5000
2024-03-01 10:44:26 info: 🚀 App listening on the port 5000
2024-03-01 10:44:45 info: 🚀 App listening on the port 5000
2024-03-01 10:45:06 info: 🚀 App listening on the port 5000
2024-03-01 10:47:22 info: 🚀 App listening on the port 5000
2024-03-01 10:48:14 info: 🚀 App listening on the port 5000
2024-03-01 10:48:28 info: 🚀 App listening on the port 5000
2024-03-01 10:48:56 info: 🚀 App listening on the port 5000
2024-03-01 10:49:43 info: 🚀 App listening on the port 5000
2024-03-01 10:49:58 info: 🚀 App listening on the port 5000
2024-03-01 10:50:13 info: 🚀 App listening on the port 5000
2024-03-01 10:51:07 info: 🚀 App listening on the port 5000
2024-03-01 10:52:01 info: 🚀 App listening on the port 5000
2024-03-01 10:52:46 info: 🚀 App listening on the port 5000
2024-03-01 10:54:29 info: 🚀 App listening on the port 5000
2024-03-01 10:54:52 info: 🚀 App listening on the port 5000
2024-03-01 10:55:00 info: 🚀 App listening on the port 5000
2024-03-01 10:55:04 info: 🚀 App listening on the port 5000
2024-03-01 10:55:10 info: 🚀 App listening on the port 5000
2024-03-01 10:56:53 info: 🚀 App listening on the port 5000
2024-03-01 10:57:25 info: {"method":"GET","url":"/api/v1/articles?page=1&limit=10&sort_type=dsc","status":304,"response_time":419.409}
2024-03-01 11:00:23 error: Error: Authentication Failed,    at authenticationError (G:\Programming\projects\FullStack\MERN Blog\server\src\utils\error.js:9:17),    at exports.isAuthenticated (G:\Programming\projects\FullStack\MERN Blog\server\src\middlewarers\authMiddleware.js:36:17),    at Layer.handle [as handle_request] (G:\Programming\projects\FullStack\MERN Blog\server\node_modules\express\lib\router\layer.js:95:5),    at next (G:\Programming\projects\FullStack\MERN Blog\server\node_modules\express\lib\router\route.js:144:13),    at Route.dispatch (G:\Programming\projects\FullStack\MERN Blog\server\node_modules\express\lib\router\route.js:114:3),    at Layer.handle [as handle_request] (G:\Programming\projects\FullStack\MERN Blog\server\node_modules\express\lib\router\layer.js:95:5),    at G:\Programming\projects\FullStack\MERN Blog\server\node_modules\express\lib\router\index.js:284:15,    at param (G:\Programming\projects\FullStack\MERN Blog\server\node_modules\express\lib\router\index.js:365:14),    at param (G:\Programming\projects\FullStack\MERN Blog\server\node_modules\express\lib\router\index.js:376:14),    at Function.process_params (G:\Programming\projects\FullStack\MERN Blog\server\node_modules\express\lib\router\index.js:421:3)
2024-03-01 11:00:23 info: {"method":"DELETE","url":"/api/v1/articles/65e09d9254a397fa153f8321","status":401,"content_length":"62","response_time":33.945}
2024-03-01 11:00:27 error: Error: Authentication Failed,    at authenticationError (G:\Programming\projects\FullStack\MERN Blog\server\src\utils\error.js:9:17),    at exports.isAuthenticated (G:\Programming\projects\FullStack\MERN Blog\server\src\middlewarers\authMiddleware.js:36:17),    at Layer.handle [as handle_request] (G:\Programming\projects\FullStack\MERN Blog\server\node_modules\express\lib\router\layer.js:95:5),    at next (G:\Programming\projects\FullStack\MERN Blog\server\node_modules\express\lib\router\route.js:144:13),    at Route.dispatch (G:\Programming\projects\FullStack\MERN Blog\server\node_modules\express\lib\router\route.js:114:3),    at Layer.handle [as handle_request] (G:\Programming\projects\FullStack\MERN Blog\server\node_modules\express\lib\router\layer.js:95:5),    at G:\Programming\projects\FullStack\MERN Blog\server\node_modules\express\lib\router\index.js:284:15,    at param (G:\Programming\projects\FullStack\MERN Blog\server\node_modules\express\lib\router\index.js:365:14),    at param (G:\Programming\projects\FullStack\MERN Blog\server\node_modules\express\lib\router\index.js:376:14),    at Function.process_params (G:\Programming\projects\FullStack\MERN Blog\server\node_modules\express\lib\router\index.js:421:3)
2024-03-01 11:00:27 info: {"method":"DELETE","url":"/api/v1/articles/65e09d9254a397fa153f8321","status":401,"content_length":"62","response_time":2.668}
2024-03-01 11:01:08 info: {"method":"POST","url":"/api/v1/auth/login","status":200,"content_length":"528","response_time":1329.486}
2024-03-01 11:01:31 error: Error: Authentication Failed,    at authenticationError (G:\Programming\projects\FullStack\MERN Blog\server\src\utils\error.js:9:17),    at exports.isAuthenticated (G:\Programming\projects\FullStack\MERN Blog\server\src\middlewarers\authMiddleware.js:36:17),    at Layer.handle [as handle_request] (G:\Programming\projects\FullStack\MERN Blog\server\node_modules\express\lib\router\layer.js:95:5),    at next (G:\Programming\projects\FullStack\MERN Blog\server\node_modules\express\lib\router\route.js:144:13),    at Route.dispatch (G:\Programming\projects\FullStack\MERN Blog\server\node_modules\express\lib\router\route.js:114:3),    at Layer.handle [as handle_request] (G:\Programming\projects\FullStack\MERN Blog\server\node_modules\express\lib\router\layer.js:95:5),    at G:\Programming\projects\FullStack\MERN Blog\server\node_modules\express\lib\router\index.js:284:15,    at param (G:\Programming\projects\FullStack\MERN Blog\server\node_modules\express\lib\router\index.js:365:14),    at param (G:\Programming\projects\FullStack\MERN Blog\server\node_modules\express\lib\router\index.js:376:14),    at Function.process_params (G:\Programming\projects\FullStack\MERN Blog\server\node_modules\express\lib\router\index.js:421:3)
2024-03-01 11:01:31 info: {"method":"DELETE","url":"/api/v1/articles/65e09d9254a397fa153f8321","status":401,"content_length":"62","response_time":5.299}
2024-03-01 11:01:34 error: Error: Authentication Failed,    at authenticationError (G:\Programming\projects\FullStack\MERN Blog\server\src\utils\error.js:9:17),    at exports.isAuthenticated (G:\Programming\projects\FullStack\MERN Blog\server\src\middlewarers\authMiddleware.js:36:17),    at Layer.handle [as handle_request] (G:\Programming\projects\FullStack\MERN Blog\server\node_modules\express\lib\router\layer.js:95:5),    at next (G:\Programming\projects\FullStack\MERN Blog\server\node_modules\express\lib\router\route.js:144:13),    at Route.dispatch (G:\Programming\projects\FullStack\MERN Blog\server\node_modules\express\lib\router\route.js:114:3),    at Layer.handle [as handle_request] (G:\Programming\projects\FullStack\MERN Blog\server\node_modules\express\lib\router\layer.js:95:5),    at G:\Programming\projects\FullStack\MERN Blog\server\node_modules\express\lib\router\index.js:284:15,    at param (G:\Programming\projects\FullStack\MERN Blog\server\node_modules\express\lib\router\index.js:365:14),    at param (G:\Programming\projects\FullStack\MERN Blog\server\node_modules\express\lib\router\index.js:376:14),    at Function.process_params (G:\Programming\projects\FullStack\MERN Blog\server\node_modules\express\lib\router\index.js:421:3)
2024-03-01 11:01:34 info: {"method":"DELETE","url":"/api/v1/articles/65e09d9254a397fa153f8321","status":401,"content_length":"62","response_time":3.89}
2024-03-01 11:03:21 info: 🚀 App listening on the port 5000
2024-03-01 11:03:22 error: Error: Authentication Failed,    at authenticationError (G:\Programming\projects\FullStack\MERN Blog\server\src\utils\error.js:9:17),    at exports.isAuthenticated (G:\Programming\projects\FullStack\MERN Blog\server\src\middlewarers\authMiddleware.js:36:17),    at Layer.handle [as handle_request] (G:\Programming\projects\FullStack\MERN Blog\server\node_modules\express\lib\router\layer.js:95:5),    at next (G:\Programming\projects\FullStack\MERN Blog\server\node_modules\express\lib\router\route.js:144:13),    at Route.dispatch (G:\Programming\projects\FullStack\MERN Blog\server\node_modules\express\lib\router\route.js:114:3),    at Layer.handle [as handle_request] (G:\Programming\projects\FullStack\MERN Blog\server\node_modules\express\lib\router\layer.js:95:5),    at G:\Programming\projects\FullStack\MERN Blog\server\node_modules\express\lib\router\index.js:284:15,    at param (G:\Programming\projects\FullStack\MERN Blog\server\node_modules\express\lib\router\index.js:365:14),    at param (G:\Programming\projects\FullStack\MERN Blog\server\node_modules\express\lib\router\index.js:376:14),    at Function.process_params (G:\Programming\projects\FullStack\MERN Blog\server\node_modules\express\lib\router\index.js:421:3)
2024-03-01 11:03:23 info: {"method":"DELETE","url":"/api/v1/articles/65e09d9254a397fa153f8321","status":401,"content_length":"62","response_time":28.359}
2024-03-01 11:05:08 info: 🚀 App listening on the port 5000
2024-03-01 11:05:12 error: Error: Authentication Failed,    at authenticationError (G:\Programming\projects\FullStack\MERN Blog\server\src\utils\error.js:9:17),    at exports.isAuthenticated (G:\Programming\projects\FullStack\MERN Blog\server\src\middlewarers\authMiddleware.js:36:17),    at Layer.handle [as handle_request] (G:\Programming\projects\FullStack\MERN Blog\server\node_modules\express\lib\router\layer.js:95:5),    at next (G:\Programming\projects\FullStack\MERN Blog\server\node_modules\express\lib\router\route.js:144:13),    at Route.dispatch (G:\Programming\projects\FullStack\MERN Blog\server\node_modules\express\lib\router\route.js:114:3),    at Layer.handle [as handle_request] (G:\Programming\projects\FullStack\MERN Blog\server\node_modules\express\lib\router\layer.js:95:5),    at G:\Programming\projects\FullStack\MERN Blog\server\node_modules\express\lib\router\index.js:284:15,    at param (G:\Programming\projects\FullStack\MERN Blog\server\node_modules\express\lib\router\index.js:365:14),    at param (G:\Programming\projects\FullStack\MERN Blog\server\node_modules\express\lib\router\index.js:376:14),    at Function.process_params (G:\Programming\projects\FullStack\MERN Blog\server\node_modules\express\lib\router\index.js:421:3)
2024-03-01 11:05:12 info: {"method":"DELETE","url":"/api/v1/articles/65e09d9254a397fa153f8321","status":401,"content_length":"62","response_time":14.692}
2024-03-01 11:06:48 info: 🚀 App listening on the port 5000
2024-03-01 11:06:50 info: {"method":"GET","url":"/api/v1/articles?page=1&limit=10&sort_type=dsc","status":304,"response_time":432.003}
2024-03-01 11:07:37 info: {"method":"POST","url":"/api/v1/auth/login","status":200,"content_length":"528","response_time":1365.697}
2024-03-01 11:07:53 error: Error: Resource not found with this 65e09d9254a397fa153f8321,    at notFound (G:\Programming\projects\FullStack\MERN Blog\server\src\utils\error.js:15:17),    at ArticleService.deleteById (G:\Programming\projects\FullStack\MERN Blog\server\src\service\ArticleService.js:51:13),    at process.processTicksAndRejections (node:internal/process/task_queues:95:5),    at async G:\Programming\projects\FullStack\MERN Blog\server\src\controllers\article.js:56:17
2024-03-01 11:07:53 info: {"method":"DELETE","url":"/api/v1/articles/65e09d9254a397fa153f8321","status":404,"content_length":"94","response_time":604.866}
2024-03-01 11:08:11 error: Error: Bad Request,    at badRequest (G:\Programming\projects\FullStack\MERN Blog\server\src\utils\error.js:2:17),    at requestValidation (G:\Programming\projects\FullStack\MERN Blog\server\src\middlewarers\requestValidationMiddleware.js:10:17),    at Layer.handle [as handle_request] (G:\Programming\projects\FullStack\MERN Blog\server\node_modules\express\lib\router\layer.js:95:5),    at next (G:\Programming\projects\FullStack\MERN Blog\server\node_modules\express\lib\router\route.js:144:13),    at middleware (G:\Programming\projects\FullStack\MERN Blog\server\node_modules\express-validator\src\middlewares\check.js:16:13),    at process.processTicksAndRejections (node:internal/process/task_queues:95:5)
2024-03-01 11:08:11 info: {"method":"DELETE","url":"/api/v1/articles/65e09d9254a397fa153f832","status":400,"content_length":"124","response_time":391.063}
2024-03-01 11:08:38 info: {"method":"DELETE","url":"/api/v1/articles/65e09d9254a397fa153f832b","status":200,"content_length":"110","response_time":2375.05}
2024-03-01 11:09:06 info: 🚀 App listening on the port 5000
2024-03-01 21:10:26 info: 🚀 App listening on the port 5000
2024-03-01 21:16:38 info: 🚀 App listening on the port 5000
2024-03-01 22:27:55 info: 🚀 App listening on the port 5000
2024-03-01 22:34:59 info: 🚀 App listening on the port 5000
2024-03-01 22:35:08 info: 🚀 App listening on the port 5000
2024-03-01 22:35:49 info: 🚀 App listening on the port 5000
2024-03-01 22:35:58 info: 🚀 App listening on the port 5000
2024-03-01 22:36:11 info: 🚀 App listening on the port 5000
2024-03-01 22:36:22 info: 🚀 App listening on the port 5000
2024-03-01 22:36:34 info: 🚀 App listening on the port 5000
2024-03-01 22:37:54 info: 🚀 App listening on the port 5000
2024-03-01 22:38:19 info: 🚀 App listening on the port 5000
2024-03-01 22:38:45 info: 🚀 App listening on the port 5000
2024-03-01 22:39:03 info: 🚀 App listening on the port 5000
2024-03-01 22:39:15 info: 🚀 App listening on the port 5000
2024-03-01 22:39:42 info: 🚀 App listening on the port 5000
2024-03-01 22:39:50 info: 🚀 App listening on the port 5000
2024-03-01 22:40:23 info: 🚀 App listening on the port 5000
2024-03-01 22:40:52 info: 🚀 App listening on the port 5000
2024-03-01 22:41:05 info: 🚀 App listening on the port 5000
2024-03-01 22:41:46 info: 🚀 App listening on the port 5000
2024-03-01 22:42:15 info: {"method":"POST","url":"/api/v1/auth/login","status":200,"content_length":"528","response_time":2359.77}
2024-03-01 22:42:33 error: Error: Bad Request,    at badRequest (G:\Programming\projects\FullStack\MERN Blog\server\src\utils\error.js:2:17),    at requestValidation (G:\Programming\projects\FullStack\MERN Blog\server\src\middlewarers\requestValidationMiddleware.js:10:17),    at Layer.handle [as handle_request] (G:\Programming\projects\FullStack\MERN Blog\server\node_modules\express\lib\router\layer.js:95:5),    at next (G:\Programming\projects\FullStack\MERN Blog\server\node_modules\express\lib\router\route.js:144:13),    at middleware (G:\Programming\projects\FullStack\MERN Blog\server\node_modules\express-validator\src\middlewares\check.js:16:13),    at process.processTicksAndRejections (node:internal/process/task_queues:95:5)
2024-03-01 22:42:33 info: {"method":"GET","url":"/api/v1/articles/self?page=1&limit=10&sort_type=dsc","status":400,"content_length":"124","response_time":10.516}
2024-03-01 22:42:55 error: Error: Bad Request,    at badRequest (G:\Programming\projects\FullStack\MERN Blog\server\src\utils\error.js:2:17),    at requestValidation (G:\Programming\projects\FullStack\MERN Blog\server\src\middlewarers\requestValidationMiddleware.js:10:17),    at Layer.handle [as handle_request] (G:\Programming\projects\FullStack\MERN Blog\server\node_modules\express\lib\router\layer.js:95:5),    at next (G:\Programming\projects\FullStack\MERN Blog\server\node_modules\express\lib\router\route.js:144:13),    at middleware (G:\Programming\projects\FullStack\MERN Blog\server\node_modules\express-validator\src\middlewares\check.js:16:13),    at process.processTicksAndRejections (node:internal/process/task_queues:95:5)
2024-03-01 22:42:55 info: {"method":"GET","url":"/api/v1/articles/self?page=1&limit=10&sort_type=dsc","status":400,"content_length":"124","response_time":5.109}
2024-03-01 22:51:16 info: 🚀 App listening on the port 5000
2024-03-01 22:51:31 error: Error: Authentication Failed,    at authenticationError (G:\Programming\projects\FullStack\MERN Blog\server\src\utils\error.js:9:17),    at exports.isAuthenticated (G:\Programming\projects\FullStack\MERN Blog\server\src\middlewarers\authMiddleware.js:36:17),    at Layer.handle [as handle_request] (G:\Programming\projects\FullStack\MERN Blog\server\node_modules\express\lib\router\layer.js:95:5),    at next (G:\Programming\projects\FullStack\MERN Blog\server\node_modules\express\lib\router\route.js:144:13),    at Route.dispatch (G:\Programming\projects\FullStack\MERN Blog\server\node_modules\express\lib\router\route.js:114:3),    at Layer.handle [as handle_request] (G:\Programming\projects\FullStack\MERN Blog\server\node_modules\express\lib\router\layer.js:95:5),    at G:\Programming\projects\FullStack\MERN Blog\server\node_modules\express\lib\router\index.js:284:15,    at Function.process_params (G:\Programming\projects\FullStack\MERN Blog\server\node_modules\express\lib\router\index.js:346:12),    at next (G:\Programming\projects\FullStack\MERN Blog\server\node_modules\express\lib\router\index.js:280:10),    at Function.handle (G:\Programming\projects\FullStack\MERN Blog\server\node_modules\express\lib\router\index.js:175:3)
2024-03-01 22:51:31 info: {"method":"GET","url":"/api/v1/articles/author/self?page=1&limit=10&sort_type=dsc","status":401,"content_length":"62","response_time":12.697}
2024-03-01 22:51:49 info: {"method":"GET","url":"/api/v1/articles/author/self?page=1&limit=10&sort_type=dsc","status":200,"content_length":"652","response_time":1007.595}
2024-03-01 22:52:27 error: TypeError: Cannot read properties of undefined (reading 'path'),    at AuthService.signup (G:\Programming\projects\FullStack\MERN Blog\server\src\service\AuthService.js:34:64),    at G:\Programming\projects\FullStack\MERN Blog\server\src\controllers\auth.js:24:33,    at G:\Programming\projects\FullStack\MERN Blog\server\src\middlewarers\catchAsyncErrors.js:7:19,    at Layer.handle [as handle_request] (G:\Programming\projects\FullStack\MERN Blog\server\node_modules\express\lib\router\layer.js:95:5),    at next (G:\Programming\projects\FullStack\MERN Blog\server\node_modules\express\lib\router\route.js:144:13),    at requestValidation (G:\Programming\projects\FullStack\MERN Blog\server\src\middlewarers\requestValidationMiddleware.js:13:3),    at Layer.handle [as handle_request] (G:\Programming\projects\FullStack\MERN Blog\server\node_modules\express\lib\router\layer.js:95:5),    at next (G:\Programming\projects\FullStack\MERN Blog\server\node_modules\express\lib\router\route.js:144:13),    at middleware (G:\Programming\projects\FullStack\MERN Blog\server\node_modules\express-validator\src\middlewares\check.js:16:13),    at process.processTicksAndRejections (node:internal/process/task_queues:95:5)
2024-03-01 22:52:27 info: {"method":"POST","url":"/api/v1/auth/signup","status":500,"content_length":"80","response_time":837.561}
2024-03-01 22:56:04 info: 🚀 App listening on the port 5000
2024-03-01 22:57:09 error: TypeError: Cannot read properties of undefined (reading 'path'),    at AuthService.signup (G:\Programming\projects\FullStack\MERN Blog\server\src\service\AuthService.js:34:64),    at G:\Programming\projects\FullStack\MERN Blog\server\src\controllers\auth.js:24:33,    at G:\Programming\projects\FullStack\MERN Blog\server\src\middlewarers\catchAsyncErrors.js:7:19,    at Layer.handle [as handle_request] (G:\Programming\projects\FullStack\MERN Blog\server\node_modules\express\lib\router\layer.js:95:5),    at next (G:\Programming\projects\FullStack\MERN Blog\server\node_modules\express\lib\router\route.js:144:13),    at requestValidation (G:\Programming\projects\FullStack\MERN Blog\server\src\middlewarers\requestValidationMiddleware.js:13:3),    at Layer.handle [as handle_request] (G:\Programming\projects\FullStack\MERN Blog\server\node_modules\express\lib\router\layer.js:95:5),    at next (G:\Programming\projects\FullStack\MERN Blog\server\node_modules\express\lib\router\route.js:144:13),    at middleware (G:\Programming\projects\FullStack\MERN Blog\server\node_modules\express-validator\src\middlewares\check.js:16:13),    at process.processTicksAndRejections (node:internal/process/task_queues:95:5)
2024-03-01 22:57:09 info: {"method":"POST","url":"/api/v1/auth/signup","status":500,"content_length":"62","response_time":1521.013}
2024-03-01 22:59:20 info: 🚀 App listening on the port 5000
2024-03-01 22:59:31 info: 🚀 App listening on the port 5000
2024-03-01 22:59:49 error: TypeError: Cannot read properties of null (reading 'public_id'),    at AuthService.signup (G:\Programming\projects\FullStack\MERN Blog\server\src\service\AuthService.js:47:33),    at async G:\Programming\projects\FullStack\MERN Blog\server\src\controllers\auth.js:24:15
2024-03-01 22:59:49 info: {"method":"POST","url":"/api/v1/auth/signup","status":500,"content_length":"62","response_time":1191.592}
2024-03-01 23:00:49 info: 🚀 App listening on the port 5000
2024-03-01 23:00:59 info: {"method":"POST","url":"/api/v1/auth/signup","status":200,"content_length":"356","response_time":1892.525}
2024-03-01 23:01:39 info: {"method":"GET","url":"/api/v1/articles/author/self?page=1&limit=10&sort_type=dsc","status":200,"content_length":"73","response_time":1776.495}
2024-03-01 23:20:44 info: 🚀 App listening on the port 5000
2024-03-01 23:21:23 info: 🚀 App listening on the port 5000
2024-03-01 23:21:36 info: 🚀 App listening on the port 5000
2024-03-01 23:22:09 info: 🚀 App listening on the port 5000
2024-03-01 23:22:19 info: 🚀 App listening on the port 5000
2024-03-01 23:22:44 info: 🚀 App listening on the port 5000
2024-03-01 23:23:08 info: 🚀 App listening on the port 5000
2024-03-01 23:23:31 info: 🚀 App listening on the port 5000
2024-03-01 23:23:53 info: 🚀 App listening on the port 5000
2024-03-01 23:27:43 info: 🚀 App listening on the port 5000
2024-03-01 23:28:14 info: 🚀 App listening on the port 5000
2024-03-01 23:28:31 info: 🚀 App listening on the port 5000
2024-03-01 23:28:44 info: 🚀 App listening on the port 5000
2024-03-01 23:29:22 info: 🚀 App listening on the port 5000
2024-03-01 23:29:38 info: 🚀 App listening on the port 5000
2024-03-01 23:31:44 info: 🚀 App listening on the port 5000
2024-03-01 23:32:00 info: 🚀 App listening on the port 5000
2024-03-01 23:32:08 info: 🚀 App listening on the port 5000
2024-03-01 23:32:16 info: 🚀 App listening on the port 5000
2024-03-01 23:33:14 info: 🚀 App listening on the port 5000
2024-03-01 23:36:35 info: 🚀 App listening on the port 5000
2024-03-01 23:39:30 info: 🚀 App listening on the port 5000
2024-03-01 23:40:38 info: 🚀 App listening on the port 5000
2024-03-01 23:40:57 info: 🚀 App listening on the port 5000
2024-03-01 23:42:47 info: 🚀 App listening on the port 5000
2024-03-01 23:42:58 info: 🚀 App listening on the port 5000
2024-03-01 23:43:11 info: 🚀 App listening on the port 5000
2024-03-01 23:43:27 info: 🚀 App listening on the port 5000
2024-03-01 23:44:48 info: 🚀 App listening on the port 5000
2024-03-01 23:45:24 info: 🚀 App listening on the port 5000
2024-03-01 23:47:54 info: 🚀 App listening on the port 5000
2024-03-01 23:48:24 info: 🚀 App listening on the port 5000
2024-03-01 23:49:43 info: 🚀 App listening on the port 5000
2024-03-01 23:50:17 info: 🚀 App listening on the port 5000
2024-03-01 23:50:28 info: 🚀 App listening on the port 5000
