2024-03-07 08:02:45 info: 🚀 App listening on the port 5000
2024-03-07 08:08:49 info: 🚀 App listening on the port 5000
2024-03-07 08:15:31 info: 🚀 App listening on the port 5000
2024-03-07 08:17:09 info: 🚀 App listening on the port 5000
2024-03-07 08:17:29 info: {"method":"GET","url":"/api/v1/articles?search=search&page=1&limit=10","status":200,"response_time":263.481}
2024-03-07 08:17:51 info: 🚀 App listening on the port 5000
2024-03-07 08:17:57 info: {"method":"GET","url":"/api/v1/articles?search=search&page=1&limit=10","status":304,"response_time":230.357}
2024-03-07 08:18:21 info: 🚀 App listening on the port 5000
2024-03-07 08:18:26 info: 🚀 App listening on the port 5000
2024-03-07 08:18:36 info: 🚀 App listening on the port 5000
2024-03-07 08:18:56 info: 🚀 App listening on the port 5000
2024-03-07 08:19:28 info: 🚀 App listening on the port 5000
2024-03-07 08:19:35 info: 🚀 App listening on the port 5000
2024-03-07 08:20:07 info: 🚀 App listening on the port 5000
2024-03-07 08:30:04 info: 🚀 App listening on the port 5000
2024-03-07 08:30:23 info: 🚀 App listening on the port 5000
2024-03-07 08:58:42 info: 🚀 App listening on the port 5000
2024-03-07 08:59:17 info: 🚀 App listening on the port 5000
2024-03-07 09:00:20 info: 🚀 App listening on the port 5000
2024-03-07 09:01:06 info: 🚀 App listening on the port 5000
2024-03-07 09:01:30 info: 🚀 App listening on the port 5000
2024-03-07 09:06:06 error: ReferenceError: query is not defined,    at G:\Programming\projects\FullStack\MERN Blog\server\src\controllers\article.js:30:65,    at G:\Programming\projects\FullStack\MERN Blog\server\src\middlewarers\catchAsyncErrors.js:7:19,    at Layer.handle [as handle_request] (G:\Programming\projects\FullStack\MERN Blog\server\node_modules\express\lib\router\layer.js:95:5),    at next (G:\Programming\projects\FullStack\MERN Blog\server\node_modules\express\lib\router\route.js:144:13),    at Route.dispatch (G:\Programming\projects\FullStack\MERN Blog\server\node_modules\express\lib\router\route.js:114:3),    at Layer.handle [as handle_request] (G:\Programming\projects\FullStack\MERN Blog\server\node_modules\express\lib\router\layer.js:95:5),    at G:\Programming\projects\FullStack\MERN Blog\server\node_modules\express\lib\router\index.js:284:15,    at Function.process_params (G:\Programming\projects\FullStack\MERN Blog\server\node_modules\express\lib\router\index.js:346:12),    at next (G:\Programming\projects\FullStack\MERN Blog\server\node_modules\express\lib\router\index.js:280:10),    at Function.handle (G:\Programming\projects\FullStack\MERN Blog\server\node_modules\express\lib\router\index.js:175:3)
2024-03-07 09:06:06 info: {"method":"GET","url":"/api/v1/articles?search=search&page=1&limit=10","status":500,"content_length":"62","response_time":42.813}
2024-03-07 09:06:55 info: 🚀 App listening on the port 5000
2024-03-07 09:07:08 info: {"method":"GET","url":"/api/v1/articles?search=search&page=1&limit=10","status":200,"content_length":"56","response_time":17.729}
2024-03-07 09:07:40 info: 🚀 App listening on the port 5000
2024-03-07 09:08:05 info: 🚀 App listening on the port 5000
2024-03-07 09:08:23 info: 🚀 App listening on the port 5000
2024-03-07 09:08:26 info: {"method":"GET","url":"/api/v1/articles?search=search&page=1&limit=10","status":304,"response_time":24.172}
2024-03-07 09:09:55 info: 🚀 App listening on the port 5000
2024-03-07 09:10:11 info: {"method":"GET","url":"/api/v1/articles?page=1","status":200,"content_length":"56","response_time":11.446}
2024-03-07 09:10:47 info: 🚀 App listening on the port 5000
2024-03-07 09:10:52 error: Error: Aggregate has empty pipeline,    at G:\Programming\projects\FullStack\MERN Blog\server\node_modules\mongoose\lib\aggregate.js:1040:19,    at G:\Programming\projects\FullStack\MERN Blog\server\node_modules\kareem\index.js:51:7,    at processTicksAndRejections (node:internal/process/task_queues:78:11)
2024-03-07 09:10:52 info: {"method":"GET","url":"/api/v1/articles?page=1","status":500,"content_length":"62","response_time":17.854}
2024-03-07 09:11:08 info: 🚀 App listening on the port 5000
2024-03-07 09:11:08 error: Error: Aggregate has empty pipeline,    at G:\Programming\projects\FullStack\MERN Blog\server\node_modules\mongoose\lib\aggregate.js:1040:19,    at G:\Programming\projects\FullStack\MERN Blog\server\node_modules\kareem\index.js:51:7,    at processTicksAndRejections (node:internal/process/task_queues:78:11)
2024-03-07 09:11:08 info: {"method":"GET","url":"/api/v1/articles?page=1","status":500,"content_length":"62","response_time":9.433}
2024-03-07 09:11:25 info: 🚀 App listening on the port 5000
2024-03-07 09:11:28 error: Error: Aggregate has empty pipeline,    at G:\Programming\projects\FullStack\MERN Blog\server\node_modules\mongoose\lib\aggregate.js:1040:19,    at G:\Programming\projects\FullStack\MERN Blog\server\node_modules\kareem\index.js:51:7,    at processTicksAndRejections (node:internal/process/task_queues:78:11)
2024-03-07 09:11:28 info: {"method":"GET","url":"/api/v1/articles?page=1","status":500,"content_length":"62","response_time":26.884}
2024-03-07 09:14:36 info: 🚀 App listening on the port 5000
2024-03-07 09:14:55 info: 🚀 App listening on the port 5000
2024-03-07 09:15:07 info: 🚀 App listening on the port 5000
2024-03-07 09:15:40 info: 🚀 App listening on the port 5000
2024-03-07 09:15:49 info: 🚀 App listening on the port 5000
2024-03-07 09:16:11 info: 🚀 App listening on the port 5000
2024-03-07 09:16:28 info: 🚀 App listening on the port 5000
2024-03-07 09:20:20 info: 🚀 App listening on the port 5000
2024-03-07 09:20:39 info: 🚀 App listening on the port 5000
2024-03-07 09:20:56 info: 🚀 App listening on the port 5000
2024-03-07 09:21:24 info: 🚀 App listening on the port 5000
2024-03-07 09:21:37 info: 🚀 App listening on the port 5000
2024-03-07 09:21:49 info: 🚀 App listening on the port 5000
2024-03-07 09:21:59 info: 🚀 App listening on the port 5000
2024-03-07 09:22:09 info: 🚀 App listening on the port 5000
2024-03-07 09:22:23 info: 🚀 App listening on the port 5000
2024-03-07 09:22:36 info: 🚀 App listening on the port 5000
2024-03-07 09:22:43 info: 🚀 App listening on the port 5000
2024-03-07 09:23:08 info: 🚀 App listening on the port 5000
2024-03-07 09:23:24 info: {"method":"GET","url":"/api/v1/articles?page=1","status":200,"content_length":"379","response_time":95.075}
2024-03-07 09:25:03 info: 🚀 App listening on the port 5000
2024-03-07 09:25:08 info: 🚀 App listening on the port 5000
2024-03-07 09:25:29 info: 🚀 App listening on the port 5000
2024-03-07 09:25:38 info: {"method":"GET","url":"/api/v1/articles?page=1","status":200,"content_length":"805","response_time":120.579}
2024-03-07 09:26:48 info: 🚀 App listening on the port 5000
2024-03-07 09:26:56 error: MongoServerError: invalid argument to $limit stage: Expected a number in: $limit: "1",    at Connection.onMessage (G:\Programming\projects\FullStack\MERN Blog\server\node_modules\mongodb\lib\cmap\connection.js:231:30),    at MessageStream.<anonymous> (G:\Programming\projects\FullStack\MERN Blog\server\node_modules\mongodb\lib\cmap\connection.js:61:60),    at MessageStream.emit (node:events:513:28),    at processIncomingData (G:\Programming\projects\FullStack\MERN Blog\server\node_modules\mongodb\lib\cmap\message_stream.js:125:16),    at MessageStream._write (G:\Programming\projects\FullStack\MERN Blog\server\node_modules\mongodb\lib\cmap\message_stream.js:33:9),    at writeOrBuffer (node:internal/streams/writable:391:12),    at _write (node:internal/streams/writable:332:10),    at MessageStream.Writable.write (node:internal/streams/writable:336:10),    at TLSSocket.ondata (node:internal/streams/readable:754:22),    at TLSSocket.emit (node:events:513:28)
2024-03-07 09:26:56 info: {"method":"GET","url":"/api/v1/articles?page=1&limit=1","status":500,"content_length":"62","response_time":112.628}
2024-03-07 09:28:29 info: 🚀 App listening on the port 5000
2024-03-07 09:28:43 info: 🚀 App listening on the port 5000
2024-03-07 09:28:46 info: {"method":"GET","url":"/api/v1/articles?page=1&limit=1","status":200,"content_length":"430","response_time":113.987}
2024-03-07 09:28:55 info: {"method":"GET","url":"/api/v1/articles?page=1&limit=10","status":200,"content_length":"805","response_time":93.105}
2024-03-07 09:29:33 info: 🚀 App listening on the port 5000
2024-03-07 09:29:50 info: 🚀 App listening on the port 5000
2024-03-07 09:30:05 info: 🚀 App listening on the port 5000
2024-03-07 09:30:05 error: MongoServerError: the $sort key specification must be an object,    at Connection.onMessage (G:\Programming\projects\FullStack\MERN Blog\server\node_modules\mongodb\lib\cmap\connection.js:231:30),    at MessageStream.<anonymous> (G:\Programming\projects\FullStack\MERN Blog\server\node_modules\mongodb\lib\cmap\connection.js:61:60),    at MessageStream.emit (node:events:513:28),    at processIncomingData (G:\Programming\projects\FullStack\MERN Blog\server\node_modules\mongodb\lib\cmap\message_stream.js:125:16),    at MessageStream._write (G:\Programming\projects\FullStack\MERN Blog\server\node_modules\mongodb\lib\cmap\message_stream.js:33:9),    at writeOrBuffer (node:internal/streams/writable:391:12),    at _write (node:internal/streams/writable:332:10),    at MessageStream.Writable.write (node:internal/streams/writable:336:10),    at TLSSocket.ondata (node:internal/streams/readable:754:22),    at TLSSocket.emit (node:events:513:28)
2024-03-07 09:30:06 info: {"method":"GET","url":"/api/v1/articles?page=1&limit=10","status":500,"content_length":"62","response_time":119.719}
2024-03-07 09:37:37 info: 🚀 App listening on the port 5000
2024-03-07 09:37:42 info: 🚀 App listening on the port 5000
2024-03-07 09:37:44 error: TypeError: Cannot read properties of undefined (reading 'sortType'),    at ArticleRepository.findAll (G:\Programming\projects\FullStack\MERN Blog\server\src\repository\articleRepository.js:69:39),    at ArticleService.getAll (G:\Programming\projects\FullStack\MERN Blog\server\src\service\ArticleService.js:52:44),    at G:\Programming\projects\FullStack\MERN Blog\server\src\controllers\article.js:31:37,    at G:\Programming\projects\FullStack\MERN Blog\server\src\middlewarers\catchAsyncErrors.js:7:19,    at Layer.handle [as handle_request] (G:\Programming\projects\FullStack\MERN Blog\server\node_modules\express\lib\router\layer.js:95:5),    at next (G:\Programming\projects\FullStack\MERN Blog\server\node_modules\express\lib\router\route.js:144:13),    at Route.dispatch (G:\Programming\projects\FullStack\MERN Blog\server\node_modules\express\lib\router\route.js:114:3),    at Layer.handle [as handle_request] (G:\Programming\projects\FullStack\MERN Blog\server\node_modules\express\lib\router\layer.js:95:5),    at G:\Programming\projects\FullStack\MERN Blog\server\node_modules\express\lib\router\index.js:284:15,    at Function.process_params (G:\Programming\projects\FullStack\MERN Blog\server\node_modules\express\lib\router\index.js:346:12)
2024-03-07 09:37:44 info: {"method":"GET","url":"/api/v1/articles?page=1&limit=10","status":500,"content_length":"62","response_time":44.232}
2024-03-07 09:38:02 info: 🚀 App listening on the port 5000
2024-03-07 09:38:04 error: MongoServerError: Illegal key in $sort specification: updateAt: "-1",    at Connection.onMessage (G:\Programming\projects\FullStack\MERN Blog\server\node_modules\mongodb\lib\cmap\connection.js:231:30),    at MessageStream.<anonymous> (G:\Programming\projects\FullStack\MERN Blog\server\node_modules\mongodb\lib\cmap\connection.js:61:60),    at MessageStream.emit (node:events:513:28),    at processIncomingData (G:\Programming\projects\FullStack\MERN Blog\server\node_modules\mongodb\lib\cmap\message_stream.js:125:16),    at MessageStream._write (G:\Programming\projects\FullStack\MERN Blog\server\node_modules\mongodb\lib\cmap\message_stream.js:33:9),    at writeOrBuffer (node:internal/streams/writable:391:12),    at _write (node:internal/streams/writable:332:10),    at MessageStream.Writable.write (node:internal/streams/writable:336:10),    at TLSSocket.ondata (node:internal/streams/readable:754:22),    at TLSSocket.emit (node:events:513:28)
2024-03-07 09:38:04 info: {"method":"GET","url":"/api/v1/articles?page=1&limit=10","status":500,"content_length":"62","response_time":101.762}
2024-03-07 09:38:41 info: 🚀 App listening on the port 5000
2024-03-07 09:38:57 error: MongoServerError: Illegal key in $sort specification: updatedAt: "-1",    at Connection.onMessage (G:\Programming\projects\FullStack\MERN Blog\server\node_modules\mongodb\lib\cmap\connection.js:231:30),    at MessageStream.<anonymous> (G:\Programming\projects\FullStack\MERN Blog\server\node_modules\mongodb\lib\cmap\connection.js:61:60),    at MessageStream.emit (node:events:513:28),    at processIncomingData (G:\Programming\projects\FullStack\MERN Blog\server\node_modules\mongodb\lib\cmap\message_stream.js:125:16),    at MessageStream._write (G:\Programming\projects\FullStack\MERN Blog\server\node_modules\mongodb\lib\cmap\message_stream.js:33:9),    at writeOrBuffer (node:internal/streams/writable:391:12),    at _write (node:internal/streams/writable:332:10),    at MessageStream.Writable.write (node:internal/streams/writable:336:10),    at TLSSocket.ondata (node:internal/streams/readable:754:22),    at TLSSocket.emit (node:events:513:28)
2024-03-07 09:38:57 info: {"method":"GET","url":"/api/v1/articles?page=1&limit=10","status":500,"content_length":"62","response_time":117.077}
2024-03-07 09:39:15 info: 🚀 App listening on the port 5000
2024-03-07 09:39:17 info: {"method":"GET","url":"/api/v1/articles?page=1&limit=10","status":200,"content_length":"805","response_time":118.308}
2024-03-07 09:40:07 info: 🚀 App listening on the port 5000
2024-03-07 09:42:28 info: 🚀 App listening on the port 5000
2024-03-07 09:42:52 info: 🚀 App listening on the port 5000
2024-03-07 09:42:57 info: 🚀 App listening on the port 5000
2024-03-07 09:43:04 info: 🚀 App listening on the port 5000
2024-03-07 09:44:04 info: 🚀 App listening on the port 5000
2024-03-07 09:44:36 info: 🚀 App listening on the port 5000
2024-03-07 09:44:46 info: 🚀 App listening on the port 5000
2024-03-07 09:44:48 info: {"method":"GET","url":"/api/v1/articles?page=1&limit=10","status":200,"content_length":"832","response_time":201.291}
2024-03-07 09:45:34 info: {"method":"GET","url":"/api/v1/articles?page=1&limit=1","status":200,"content_length":"461","response_time":195.125}
2024-03-07 09:47:16 info: 🚀 App listening on the port 5000
2024-03-07 09:47:30 info: {"method":"GET","url":"/api/v1/articles?page=1&limit=10","status":200,"content_length":"832","response_time":195.235}
2024-03-07 09:47:38 info: {"method":"GET","url":"/api/v1/articles?page=1&limit=1","status":200,"content_length":"461","response_time":181.984}
2024-03-07 09:49:14 info: 🚀 App listening on the port 5000
2024-03-07 09:49:16 info: {"method":"GET","url":"/api/v1/articles?page=1&limit=1","status":200,"content_length":"439","response_time":123.494}
2024-03-07 09:49:32 info: {"method":"GET","url":"/api/v1/articles?page=1&limit=10","status":200,"content_length":"810","response_time":93.749}
2024-03-07 09:49:49 info: 🚀 App listening on the port 5000
2024-03-07 09:49:51 info: {"method":"GET","url":"/api/v1/articles?page=1&limit=10","status":200,"content_length":"832","response_time":182.418}
2024-03-07 09:50:05 info: 🚀 App listening on the port 5000
2024-03-07 09:50:07 info: {"method":"GET","url":"/api/v1/articles?page=1&limit=10","status":200,"content_length":"810","response_time":104.769}
2024-03-07 09:50:15 info: 🚀 App listening on the port 5000
2024-03-07 09:50:38 info: 🚀 App listening on the port 5000
2024-03-07 09:50:41 info: {"method":"GET","url":"/api/v1/articles?page=1&limit=10","status":200,"content_length":"830","response_time":167.578}
2024-03-07 09:51:07 info: 🚀 App listening on the port 5000
2024-03-07 09:51:08 info: {"method":"GET","url":"/api/v1/articles?page=1&limit=10","status":200,"content_length":"820","response_time":176.873}
2024-03-07 09:51:39 info: 🚀 App listening on the port 5000
2024-03-07 09:51:54 info: 🚀 App listening on the port 5000
2024-03-07 09:52:16 info: 🚀 App listening on the port 5000
2024-03-07 09:52:22 info: 🚀 App listening on the port 5000
2024-03-07 09:52:28 info: 🚀 App listening on the port 5000
2024-03-07 09:52:32 info: 🚀 App listening on the port 5000
2024-03-07 09:52:36 error: ReferenceError: getPagination is not defined,    at ArticleService.getAll (G:\Programming\projects\FullStack\MERN Blog\server\src\service\ArticleService.js:60:22),    at processTicksAndRejections (node:internal/process/task_queues:96:5),    at async G:\Programming\projects\FullStack\MERN Blog\server\src\controllers\article.js:31:16
2024-03-07 09:52:36 info: {"method":"GET","url":"/api/v1/articles?page=1&limit=10","status":500,"content_length":"62","response_time":218.934}
2024-03-07 09:52:48 info: 🚀 App listening on the port 5000
2024-03-07 09:52:53 info: 🚀 App listening on the port 5000
2024-03-07 09:52:57 info: {"method":"GET","url":"/api/v1/articles?page=1&limit=10","status":200,"content_length":"874","response_time":227.558}
2024-03-07 09:53:38 info: 🚀 App listening on the port 5000
2024-03-07 09:53:53 info: 🚀 App listening on the port 5000
2024-03-07 09:54:04 info: 🚀 App listening on the port 5000
2024-03-07 09:54:06 info: {"method":"GET","url":"/api/v1/articles?page=1&limit=10","status":304,"response_time":184.758}
2024-03-07 09:54:33 info: 🚀 App listening on the port 5000
2024-03-07 09:54:35 info: {"method":"GET","url":"/api/v1/articles?page=1&limit=10","status":304,"response_time":219.547}
2024-03-07 09:55:22 info: 🚀 App listening on the port 5000
2024-03-07 09:55:26 info: 🚀 App listening on the port 5000
2024-03-07 09:55:31 info: 🚀 App listening on the port 5000
2024-03-07 09:55:34 info: {"method":"GET","url":"/api/v1/articles?page=1&limit=10","status":200,"content_length":"878","response_time":165.686}
2024-03-07 09:56:22 info: 🚀 App listening on the port 5000
2024-03-07 09:56:24 info: {"method":"GET","url":"/api/v1/articles?page=1&limit=10","status":304,"response_time":183.466}
2024-03-07 09:56:53 info: 🚀 App listening on the port 5000
2024-03-07 09:57:05 info: 🚀 App listening on the port 5000
2024-03-07 09:57:17 info: 🚀 App listening on the port 5000
2024-03-07 09:57:31 info: 🚀 App listening on the port 5000
2024-03-07 09:57:39 info: 🚀 App listening on the port 5000
2024-03-07 09:57:44 info: {"method":"GET","url":"/api/v1/articles?page=1&limit=1","status":200,"content_length":"512","response_time":192.95}
2024-03-07 09:58:11 info: 🚀 App listening on the port 5000
2024-03-07 09:58:14 info: {"method":"GET","url":"/api/v1/articles?page=1&limit=1","status":200,"content_length":"511","response_time":185.6}
2024-03-07 10:01:34 info: 🚀 App listening on the port 5000
